[2026-02-02T18:19:16.666+0000] {local_task_job_runner.py:120} INFO - ::group::Pre task execution logs
[2026-02-02T18:19:16.693+0000] {taskinstance.py:2076} INFO - Dependencies all met for dep_context=non-requeueable deps ti=<TaskInstance: weather_data_transformation.transform_weather_data manual__2026-02-02T18:19:08.720700+00:00 [queued]>
[2026-02-02T18:19:16.700+0000] {taskinstance.py:2076} INFO - Dependencies all met for dep_context=requeueable deps ti=<TaskInstance: weather_data_transformation.transform_weather_data manual__2026-02-02T18:19:08.720700+00:00 [queued]>
[2026-02-02T18:19:16.701+0000] {taskinstance.py:2306} INFO - Starting attempt 1 of 2
[2026-02-02T18:19:16.713+0000] {taskinstance.py:2330} INFO - Executing <Task(PythonOperator): transform_weather_data> on 2026-02-02 18:19:08.720700+00:00
[2026-02-02T18:19:16.725+0000] {standard_task_runner.py:90} INFO - Running: ['***', 'tasks', 'run', 'weather_data_transformation', 'transform_weather_data', 'manual__2026-02-02T18:19:08.720700+00:00', '--job-id', '3', '--raw', '--subdir', 'DAGS_FOLDER/temperature_analysis.py', '--cfg-path', '/tmp/tmpb63dh27f']
[2026-02-02T18:19:16.728+0000] {standard_task_runner.py:91} INFO - Job 3: Subtask transform_weather_data
[2026-02-02T18:19:16.728+0000] {logging_mixin.py:188} WARNING - /home/***/.local/lib/python3.12/site-packages/***/task/task_runner/standard_task_runner.py:62 DeprecationWarning: This process (pid=65) is multi-threaded, use of fork() may lead to deadlocks in the child.
[2026-02-02T18:19:16.729+0000] {standard_task_runner.py:64} INFO - Started process 82 to run task
[2026-02-02T18:19:16.794+0000] {task_command.py:426} INFO - Running <TaskInstance: weather_data_transformation.transform_weather_data manual__2026-02-02T18:19:08.720700+00:00 [running]> on host ab444b18e7de
[2026-02-02T18:19:16.871+0000] {taskinstance.py:2648} INFO - Exporting env vars: AIRFLOW_CTX_DAG_OWNER='student_name' AIRFLOW_CTX_DAG_ID='weather_data_transformation' AIRFLOW_CTX_TASK_ID='transform_weather_data' AIRFLOW_CTX_EXECUTION_DATE='2026-02-02T18:19:08.720700+00:00' AIRFLOW_CTX_TRY_NUMBER='1' AIRFLOW_CTX_DAG_RUN_ID='manual__2026-02-02T18:19:08.720700+00:00'
[2026-02-02T18:19:16.873+0000] {taskinstance.py:430} INFO - ::endgroup::
[2026-02-02T18:19:17.071+0000] {taskinstance.py:441} INFO - ::group::Post task execution logs
[2026-02-02T18:19:17.072+0000] {taskinstance.py:2905} ERROR - Task failed with exception
Traceback (most recent call last):
  File "/home/airflow/.local/lib/python3.12/site-packages/pandas/core/indexes/base.py", line 3791, in get_loc
    return self._engine.get_loc(casted_key)
           ^^^^^^^^^^^^^^^^^^^^^^^^^^^^^^^^
  File "index.pyx", line 152, in pandas._libs.index.IndexEngine.get_loc
  File "index.pyx", line 181, in pandas._libs.index.IndexEngine.get_loc
  File "pandas/_libs/hashtable_class_helper.pxi", line 7080, in pandas._libs.hashtable.PyObjectHashTable.get_item
  File "pandas/_libs/hashtable_class_helper.pxi", line 7088, in pandas._libs.hashtable.PyObjectHashTable.get_item
KeyError: 'temperature'

The above exception was the direct cause of the following exception:

Traceback (most recent call last):
  File "/home/airflow/.local/lib/python3.12/site-packages/airflow/models/taskinstance.py", line 465, in _execute_task
    result = _execute_callable(context=context, **execute_callable_kwargs)
             ^^^^^^^^^^^^^^^^^^^^^^^^^^^^^^^^^^^^^^^^^^^^^^^^^^^^^^^^^^^^^
  File "/home/airflow/.local/lib/python3.12/site-packages/airflow/models/taskinstance.py", line 432, in _execute_callable
    return execute_callable(context=context, **execute_callable_kwargs)
           ^^^^^^^^^^^^^^^^^^^^^^^^^^^^^^^^^^^^^^^^^^^^^^^^^^^^^^^^^^^^
  File "/home/airflow/.local/lib/python3.12/site-packages/airflow/models/baseoperator.py", line 401, in wrapper
    return func(self, *args, **kwargs)
           ^^^^^^^^^^^^^^^^^^^^^^^^^^^
  File "/home/airflow/.local/lib/python3.12/site-packages/airflow/operators/python.py", line 235, in execute
    return_value = self.execute_callable()
                   ^^^^^^^^^^^^^^^^^^^^^^^
  File "/home/airflow/.local/lib/python3.12/site-packages/airflow/operators/python.py", line 252, in execute_callable
    return self.python_callable(*self.op_args, **self.op_kwargs)
           ^^^^^^^^^^^^^^^^^^^^^^^^^^^^^^^^^^^^^^^^^^^^^^^^^^^^^
  File "/opt/airflow/dags/temperature_analysis.py", line 25, in transform_weather_data
    lower_bound = df['temperature'].quantile(0.05)
                  ~~^^^^^^^^^^^^^^^
  File "/home/airflow/.local/lib/python3.12/site-packages/pandas/core/frame.py", line 3893, in __getitem__
    indexer = self.columns.get_loc(key)
              ^^^^^^^^^^^^^^^^^^^^^^^^^
  File "/home/airflow/.local/lib/python3.12/site-packages/pandas/core/indexes/base.py", line 3798, in get_loc
    raise KeyError(key) from err
KeyError: 'temperature'
[2026-02-02T18:19:17.087+0000] {taskinstance.py:1206} INFO - Marking task as UP_FOR_RETRY. dag_id=weather_data_transformation, task_id=transform_weather_data, run_id=manual__2026-02-02T18:19:08.720700+00:00, execution_date=20260202T181908, start_date=20260202T181916, end_date=20260202T181917
[2026-02-02T18:19:17.097+0000] {standard_task_runner.py:110} ERROR - Failed to execute job 3 for task transform_weather_data ('temperature'; 82)
[2026-02-02T18:19:17.145+0000] {local_task_job_runner.py:243} INFO - Task exited with return code 1
[2026-02-02T18:19:17.169+0000] {taskinstance.py:3503} INFO - 0 downstream tasks scheduled from follow-on schedule check
[2026-02-02T18:19:17.171+0000] {local_task_job_runner.py:222} INFO - ::endgroup::
