[2026-01-27T09:00:15.691+0000] {processor.py:161} INFO - Started process (PID=285) to work on /opt/airflow/dags/json_pipeline.py
[2026-01-27T09:00:15.692+0000] {processor.py:830} INFO - Processing file /opt/airflow/dags/json_pipeline.py for tasks to queue
[2026-01-27T09:00:15.693+0000] {logging_mixin.py:188} INFO - [2026-01-27T09:00:15.693+0000] {dagbag.py:545} INFO - Filling up the DagBag from /opt/airflow/dags/json_pipeline.py
[2026-01-27T09:00:15.724+0000] {processor.py:840} INFO - DAG(s) 'json_pipeline' retrieved from /opt/airflow/dags/json_pipeline.py
[2026-01-27T09:00:15.824+0000] {logging_mixin.py:188} INFO - [2026-01-27T09:00:15.824+0000] {override.py:1858} INFO - Created Permission View: can read on DAG:json_pipeline
[2026-01-27T09:00:15.831+0000] {logging_mixin.py:188} INFO - [2026-01-27T09:00:15.831+0000] {override.py:1858} INFO - Created Permission View: can delete on DAG:json_pipeline
[2026-01-27T09:00:15.836+0000] {logging_mixin.py:188} INFO - [2026-01-27T09:00:15.836+0000] {override.py:1858} INFO - Created Permission View: can edit on DAG:json_pipeline
[2026-01-27T09:00:15.837+0000] {logging_mixin.py:188} INFO - [2026-01-27T09:00:15.837+0000] {dag.py:3089} INFO - Sync 1 DAGs
[2026-01-27T09:00:15.856+0000] {logging_mixin.py:188} INFO - [2026-01-27T09:00:15.856+0000] {dag.py:3111} INFO - Creating ORM DAG for json_pipeline
[2026-01-27T09:00:15.857+0000] {logging_mixin.py:188} INFO - [2026-01-27T09:00:15.857+0000] {dag.py:3947} INFO - Setting next_dagrun for json_pipeline to None, run_after=None
[2026-01-27T09:00:15.875+0000] {processor.py:183} INFO - Processing /opt/airflow/dags/json_pipeline.py took 0.190 seconds
[2026-01-27T09:00:24.024+0000] {processor.py:161} INFO - Started process (PID=34) to work on /opt/airflow/dags/json_pipeline.py
[2026-01-27T09:00:24.025+0000] {processor.py:830} INFO - Processing file /opt/airflow/dags/json_pipeline.py for tasks to queue
[2026-01-27T09:00:24.030+0000] {logging_mixin.py:188} INFO - [2026-01-27T09:00:24.029+0000] {dagbag.py:545} INFO - Filling up the DagBag from /opt/airflow/dags/json_pipeline.py
[2026-01-27T09:00:24.052+0000] {processor.py:840} INFO - DAG(s) 'json_pipeline' retrieved from /opt/airflow/dags/json_pipeline.py
[2026-01-27T09:00:24.085+0000] {logging_mixin.py:188} INFO - [2026-01-27T09:00:24.085+0000] {dag.py:3089} INFO - Sync 1 DAGs
[2026-01-27T09:00:24.098+0000] {logging_mixin.py:188} INFO - [2026-01-27T09:00:24.098+0000] {dag.py:3947} INFO - Setting next_dagrun for json_pipeline to None, run_after=None
[2026-01-27T09:00:24.117+0000] {processor.py:183} INFO - Processing /opt/airflow/dags/json_pipeline.py took 0.096 seconds
[2026-01-27T09:00:54.290+0000] {processor.py:161} INFO - Started process (PID=36) to work on /opt/airflow/dags/json_pipeline.py
[2026-01-27T09:00:54.291+0000] {processor.py:830} INFO - Processing file /opt/airflow/dags/json_pipeline.py for tasks to queue
[2026-01-27T09:00:54.292+0000] {logging_mixin.py:188} INFO - [2026-01-27T09:00:54.292+0000] {dagbag.py:545} INFO - Filling up the DagBag from /opt/airflow/dags/json_pipeline.py
[2026-01-27T09:00:54.307+0000] {processor.py:840} INFO - DAG(s) 'json_pipeline' retrieved from /opt/airflow/dags/json_pipeline.py
[2026-01-27T09:00:54.334+0000] {logging_mixin.py:188} INFO - [2026-01-27T09:00:54.333+0000] {dag.py:3089} INFO - Sync 1 DAGs
[2026-01-27T09:00:54.347+0000] {logging_mixin.py:188} INFO - [2026-01-27T09:00:54.347+0000] {dag.py:3947} INFO - Setting next_dagrun for json_pipeline to None, run_after=None
[2026-01-27T09:00:54.361+0000] {processor.py:183} INFO - Processing /opt/airflow/dags/json_pipeline.py took 0.075 seconds
[2026-01-27T09:01:24.517+0000] {processor.py:161} INFO - Started process (PID=38) to work on /opt/airflow/dags/json_pipeline.py
[2026-01-27T09:01:24.518+0000] {processor.py:830} INFO - Processing file /opt/airflow/dags/json_pipeline.py for tasks to queue
[2026-01-27T09:01:24.519+0000] {logging_mixin.py:188} INFO - [2026-01-27T09:01:24.519+0000] {dagbag.py:545} INFO - Filling up the DagBag from /opt/airflow/dags/json_pipeline.py
[2026-01-27T09:01:24.536+0000] {processor.py:840} INFO - DAG(s) 'json_pipeline' retrieved from /opt/airflow/dags/json_pipeline.py
[2026-01-27T09:01:24.562+0000] {logging_mixin.py:188} INFO - [2026-01-27T09:01:24.562+0000] {dag.py:3089} INFO - Sync 1 DAGs
[2026-01-27T09:01:24.573+0000] {logging_mixin.py:188} INFO - [2026-01-27T09:01:24.573+0000] {dag.py:3947} INFO - Setting next_dagrun for json_pipeline to None, run_after=None
[2026-01-27T09:01:24.589+0000] {processor.py:183} INFO - Processing /opt/airflow/dags/json_pipeline.py took 0.077 seconds
[2026-01-27T09:01:54.767+0000] {processor.py:161} INFO - Started process (PID=40) to work on /opt/airflow/dags/json_pipeline.py
[2026-01-27T09:01:54.768+0000] {processor.py:830} INFO - Processing file /opt/airflow/dags/json_pipeline.py for tasks to queue
[2026-01-27T09:01:54.772+0000] {logging_mixin.py:188} INFO - [2026-01-27T09:01:54.771+0000] {dagbag.py:545} INFO - Filling up the DagBag from /opt/airflow/dags/json_pipeline.py
[2026-01-27T09:01:54.792+0000] {processor.py:840} INFO - DAG(s) 'json_pipeline' retrieved from /opt/airflow/dags/json_pipeline.py
[2026-01-27T09:01:54.820+0000] {logging_mixin.py:188} INFO - [2026-01-27T09:01:54.819+0000] {dag.py:3089} INFO - Sync 1 DAGs
[2026-01-27T09:01:54.833+0000] {logging_mixin.py:188} INFO - [2026-01-27T09:01:54.833+0000] {dag.py:3947} INFO - Setting next_dagrun for json_pipeline to None, run_after=None
[2026-01-27T09:01:54.856+0000] {processor.py:183} INFO - Processing /opt/airflow/dags/json_pipeline.py took 0.095 seconds
[2026-01-27T09:02:25.100+0000] {processor.py:161} INFO - Started process (PID=76) to work on /opt/airflow/dags/json_pipeline.py
[2026-01-27T09:02:25.101+0000] {processor.py:830} INFO - Processing file /opt/airflow/dags/json_pipeline.py for tasks to queue
[2026-01-27T09:02:25.103+0000] {logging_mixin.py:188} INFO - [2026-01-27T09:02:25.103+0000] {dagbag.py:545} INFO - Filling up the DagBag from /opt/airflow/dags/json_pipeline.py
[2026-01-27T09:02:25.123+0000] {processor.py:840} INFO - DAG(s) 'json_pipeline' retrieved from /opt/airflow/dags/json_pipeline.py
[2026-01-27T09:02:25.147+0000] {logging_mixin.py:188} INFO - [2026-01-27T09:02:25.147+0000] {dag.py:3089} INFO - Sync 1 DAGs
[2026-01-27T09:02:25.159+0000] {logging_mixin.py:188} INFO - [2026-01-27T09:02:25.159+0000] {dag.py:3947} INFO - Setting next_dagrun for json_pipeline to None, run_after=None
[2026-01-27T09:02:25.176+0000] {processor.py:183} INFO - Processing /opt/airflow/dags/json_pipeline.py took 0.082 seconds
[2026-01-27T09:02:55.411+0000] {processor.py:161} INFO - Started process (PID=78) to work on /opt/airflow/dags/json_pipeline.py
[2026-01-27T09:02:55.412+0000] {processor.py:830} INFO - Processing file /opt/airflow/dags/json_pipeline.py for tasks to queue
[2026-01-27T09:02:55.414+0000] {logging_mixin.py:188} INFO - [2026-01-27T09:02:55.414+0000] {dagbag.py:545} INFO - Filling up the DagBag from /opt/airflow/dags/json_pipeline.py
[2026-01-27T09:02:55.433+0000] {processor.py:840} INFO - DAG(s) 'json_pipeline' retrieved from /opt/airflow/dags/json_pipeline.py
[2026-01-27T09:02:55.461+0000] {logging_mixin.py:188} INFO - [2026-01-27T09:02:55.461+0000] {dag.py:3089} INFO - Sync 1 DAGs
[2026-01-27T09:02:55.476+0000] {logging_mixin.py:188} INFO - [2026-01-27T09:02:55.475+0000] {dag.py:3947} INFO - Setting next_dagrun for json_pipeline to None, run_after=None
[2026-01-27T09:02:55.495+0000] {processor.py:183} INFO - Processing /opt/airflow/dags/json_pipeline.py took 0.089 seconds
[2026-01-27T09:03:25.634+0000] {processor.py:161} INFO - Started process (PID=80) to work on /opt/airflow/dags/json_pipeline.py
[2026-01-27T09:03:25.635+0000] {processor.py:830} INFO - Processing file /opt/airflow/dags/json_pipeline.py for tasks to queue
[2026-01-27T09:03:25.637+0000] {logging_mixin.py:188} INFO - [2026-01-27T09:03:25.637+0000] {dagbag.py:545} INFO - Filling up the DagBag from /opt/airflow/dags/json_pipeline.py
[2026-01-27T09:03:25.654+0000] {processor.py:840} INFO - DAG(s) 'json_pipeline' retrieved from /opt/airflow/dags/json_pipeline.py
[2026-01-27T09:03:25.684+0000] {logging_mixin.py:188} INFO - [2026-01-27T09:03:25.684+0000] {dag.py:3089} INFO - Sync 1 DAGs
[2026-01-27T09:03:25.709+0000] {logging_mixin.py:188} INFO - [2026-01-27T09:03:25.709+0000] {dag.py:3947} INFO - Setting next_dagrun for json_pipeline to None, run_after=None
[2026-01-27T09:03:25.750+0000] {processor.py:183} INFO - Processing /opt/airflow/dags/json_pipeline.py took 0.122 seconds
[2026-01-27T09:03:55.995+0000] {processor.py:161} INFO - Started process (PID=82) to work on /opt/airflow/dags/json_pipeline.py
[2026-01-27T09:03:55.996+0000] {processor.py:830} INFO - Processing file /opt/airflow/dags/json_pipeline.py for tasks to queue
[2026-01-27T09:03:55.999+0000] {logging_mixin.py:188} INFO - [2026-01-27T09:03:55.998+0000] {dagbag.py:545} INFO - Filling up the DagBag from /opt/airflow/dags/json_pipeline.py
[2026-01-27T09:03:56.021+0000] {processor.py:840} INFO - DAG(s) 'json_pipeline' retrieved from /opt/airflow/dags/json_pipeline.py
[2026-01-27T09:03:56.091+0000] {logging_mixin.py:188} INFO - [2026-01-27T09:03:56.091+0000] {dag.py:3089} INFO - Sync 1 DAGs
[2026-01-27T09:03:56.113+0000] {logging_mixin.py:188} INFO - [2026-01-27T09:03:56.112+0000] {dag.py:3947} INFO - Setting next_dagrun for json_pipeline to None, run_after=None
[2026-01-27T09:03:56.143+0000] {processor.py:183} INFO - Processing /opt/airflow/dags/json_pipeline.py took 0.154 seconds
[2026-01-27T09:04:26.412+0000] {processor.py:161} INFO - Started process (PID=84) to work on /opt/airflow/dags/json_pipeline.py
[2026-01-27T09:04:26.413+0000] {processor.py:830} INFO - Processing file /opt/airflow/dags/json_pipeline.py for tasks to queue
[2026-01-27T09:04:26.416+0000] {logging_mixin.py:188} INFO - [2026-01-27T09:04:26.415+0000] {dagbag.py:545} INFO - Filling up the DagBag from /opt/airflow/dags/json_pipeline.py
[2026-01-27T09:04:26.440+0000] {processor.py:840} INFO - DAG(s) 'json_pipeline' retrieved from /opt/airflow/dags/json_pipeline.py
[2026-01-27T09:04:26.472+0000] {logging_mixin.py:188} INFO - [2026-01-27T09:04:26.472+0000] {dag.py:3089} INFO - Sync 1 DAGs
[2026-01-27T09:04:26.485+0000] {logging_mixin.py:188} INFO - [2026-01-27T09:04:26.484+0000] {dag.py:3947} INFO - Setting next_dagrun for json_pipeline to None, run_after=None
[2026-01-27T09:04:26.506+0000] {processor.py:183} INFO - Processing /opt/airflow/dags/json_pipeline.py took 0.105 seconds
[2026-01-27T09:04:56.622+0000] {processor.py:161} INFO - Started process (PID=120) to work on /opt/airflow/dags/json_pipeline.py
[2026-01-27T09:04:56.623+0000] {processor.py:830} INFO - Processing file /opt/airflow/dags/json_pipeline.py for tasks to queue
[2026-01-27T09:04:56.625+0000] {logging_mixin.py:188} INFO - [2026-01-27T09:04:56.625+0000] {dagbag.py:545} INFO - Filling up the DagBag from /opt/airflow/dags/json_pipeline.py
[2026-01-27T09:04:56.644+0000] {processor.py:840} INFO - DAG(s) 'json_pipeline' retrieved from /opt/airflow/dags/json_pipeline.py
[2026-01-27T09:04:56.672+0000] {logging_mixin.py:188} INFO - [2026-01-27T09:04:56.672+0000] {dag.py:3089} INFO - Sync 1 DAGs
[2026-01-27T09:04:56.683+0000] {logging_mixin.py:188} INFO - [2026-01-27T09:04:56.683+0000] {dag.py:3947} INFO - Setting next_dagrun for json_pipeline to None, run_after=None
[2026-01-27T09:04:56.698+0000] {processor.py:183} INFO - Processing /opt/airflow/dags/json_pipeline.py took 0.082 seconds
[2026-01-27T09:05:26.983+0000] {processor.py:161} INFO - Started process (PID=122) to work on /opt/airflow/dags/json_pipeline.py
[2026-01-27T09:05:26.984+0000] {processor.py:830} INFO - Processing file /opt/airflow/dags/json_pipeline.py for tasks to queue
[2026-01-27T09:05:26.989+0000] {logging_mixin.py:188} INFO - [2026-01-27T09:05:26.987+0000] {dagbag.py:545} INFO - Filling up the DagBag from /opt/airflow/dags/json_pipeline.py
[2026-01-27T09:05:27.012+0000] {processor.py:840} INFO - DAG(s) 'json_pipeline' retrieved from /opt/airflow/dags/json_pipeline.py
[2026-01-27T09:05:27.043+0000] {logging_mixin.py:188} INFO - [2026-01-27T09:05:27.043+0000] {dag.py:3089} INFO - Sync 1 DAGs
[2026-01-27T09:05:27.058+0000] {logging_mixin.py:188} INFO - [2026-01-27T09:05:27.057+0000] {dag.py:3947} INFO - Setting next_dagrun for json_pipeline to None, run_after=None
[2026-01-27T09:05:27.076+0000] {processor.py:183} INFO - Processing /opt/airflow/dags/json_pipeline.py took 0.099 seconds
[2026-01-27T09:05:57.218+0000] {processor.py:161} INFO - Started process (PID=124) to work on /opt/airflow/dags/json_pipeline.py
[2026-01-27T09:05:57.219+0000] {processor.py:830} INFO - Processing file /opt/airflow/dags/json_pipeline.py for tasks to queue
[2026-01-27T09:05:57.220+0000] {logging_mixin.py:188} INFO - [2026-01-27T09:05:57.220+0000] {dagbag.py:545} INFO - Filling up the DagBag from /opt/airflow/dags/json_pipeline.py
[2026-01-27T09:05:57.237+0000] {processor.py:840} INFO - DAG(s) 'json_pipeline' retrieved from /opt/airflow/dags/json_pipeline.py
[2026-01-27T09:05:57.265+0000] {logging_mixin.py:188} INFO - [2026-01-27T09:05:57.265+0000] {dag.py:3089} INFO - Sync 1 DAGs
[2026-01-27T09:05:57.278+0000] {logging_mixin.py:188} INFO - [2026-01-27T09:05:57.277+0000] {dag.py:3947} INFO - Setting next_dagrun for json_pipeline to None, run_after=None
[2026-01-27T09:05:57.295+0000] {processor.py:183} INFO - Processing /opt/airflow/dags/json_pipeline.py took 0.082 seconds
[2026-01-27T09:06:27.499+0000] {processor.py:161} INFO - Started process (PID=126) to work on /opt/airflow/dags/json_pipeline.py
[2026-01-27T09:06:27.500+0000] {processor.py:830} INFO - Processing file /opt/airflow/dags/json_pipeline.py for tasks to queue
[2026-01-27T09:06:27.502+0000] {logging_mixin.py:188} INFO - [2026-01-27T09:06:27.502+0000] {dagbag.py:545} INFO - Filling up the DagBag from /opt/airflow/dags/json_pipeline.py
[2026-01-27T09:06:27.522+0000] {processor.py:840} INFO - DAG(s) 'json_pipeline' retrieved from /opt/airflow/dags/json_pipeline.py
[2026-01-27T09:06:27.553+0000] {logging_mixin.py:188} INFO - [2026-01-27T09:06:27.552+0000] {dag.py:3089} INFO - Sync 1 DAGs
[2026-01-27T09:06:27.566+0000] {logging_mixin.py:188} INFO - [2026-01-27T09:06:27.566+0000] {dag.py:3947} INFO - Setting next_dagrun for json_pipeline to None, run_after=None
[2026-01-27T09:06:27.585+0000] {processor.py:183} INFO - Processing /opt/airflow/dags/json_pipeline.py took 0.091 seconds
[2026-01-27T09:06:57.824+0000] {processor.py:161} INFO - Started process (PID=162) to work on /opt/airflow/dags/json_pipeline.py
[2026-01-27T09:06:57.825+0000] {processor.py:830} INFO - Processing file /opt/airflow/dags/json_pipeline.py for tasks to queue
[2026-01-27T09:06:57.827+0000] {logging_mixin.py:188} INFO - [2026-01-27T09:06:57.827+0000] {dagbag.py:545} INFO - Filling up the DagBag from /opt/airflow/dags/json_pipeline.py
[2026-01-27T09:06:57.844+0000] {processor.py:840} INFO - DAG(s) 'json_pipeline' retrieved from /opt/airflow/dags/json_pipeline.py
[2026-01-27T09:06:57.870+0000] {logging_mixin.py:188} INFO - [2026-01-27T09:06:57.870+0000] {dag.py:3089} INFO - Sync 1 DAGs
[2026-01-27T09:06:57.882+0000] {logging_mixin.py:188} INFO - [2026-01-27T09:06:57.882+0000] {dag.py:3947} INFO - Setting next_dagrun for json_pipeline to None, run_after=None
[2026-01-27T09:06:57.898+0000] {processor.py:183} INFO - Processing /opt/airflow/dags/json_pipeline.py took 0.079 seconds
[2026-01-27T09:07:28.065+0000] {processor.py:161} INFO - Started process (PID=164) to work on /opt/airflow/dags/json_pipeline.py
[2026-01-27T09:07:28.066+0000] {processor.py:830} INFO - Processing file /opt/airflow/dags/json_pipeline.py for tasks to queue
[2026-01-27T09:07:28.068+0000] {logging_mixin.py:188} INFO - [2026-01-27T09:07:28.068+0000] {dagbag.py:545} INFO - Filling up the DagBag from /opt/airflow/dags/json_pipeline.py
[2026-01-27T09:07:28.086+0000] {processor.py:840} INFO - DAG(s) 'json_pipeline' retrieved from /opt/airflow/dags/json_pipeline.py
[2026-01-27T09:07:28.116+0000] {logging_mixin.py:188} INFO - [2026-01-27T09:07:28.116+0000] {dag.py:3089} INFO - Sync 1 DAGs
[2026-01-27T09:07:28.128+0000] {logging_mixin.py:188} INFO - [2026-01-27T09:07:28.127+0000] {dag.py:3947} INFO - Setting next_dagrun for json_pipeline to None, run_after=None
[2026-01-27T09:07:28.143+0000] {processor.py:183} INFO - Processing /opt/airflow/dags/json_pipeline.py took 0.083 seconds
[2026-01-27T09:07:58.384+0000] {processor.py:161} INFO - Started process (PID=166) to work on /opt/airflow/dags/json_pipeline.py
[2026-01-27T09:07:58.385+0000] {processor.py:830} INFO - Processing file /opt/airflow/dags/json_pipeline.py for tasks to queue
[2026-01-27T09:07:58.387+0000] {logging_mixin.py:188} INFO - [2026-01-27T09:07:58.386+0000] {dagbag.py:545} INFO - Filling up the DagBag from /opt/airflow/dags/json_pipeline.py
[2026-01-27T09:07:58.402+0000] {processor.py:840} INFO - DAG(s) 'json_pipeline' retrieved from /opt/airflow/dags/json_pipeline.py
[2026-01-27T09:07:58.427+0000] {logging_mixin.py:188} INFO - [2026-01-27T09:07:58.427+0000] {dag.py:3089} INFO - Sync 1 DAGs
[2026-01-27T09:07:58.439+0000] {logging_mixin.py:188} INFO - [2026-01-27T09:07:58.439+0000] {dag.py:3947} INFO - Setting next_dagrun for json_pipeline to None, run_after=None
[2026-01-27T09:07:58.457+0000] {processor.py:183} INFO - Processing /opt/airflow/dags/json_pipeline.py took 0.078 seconds
[2026-01-27T09:08:28.615+0000] {processor.py:161} INFO - Started process (PID=168) to work on /opt/airflow/dags/json_pipeline.py
[2026-01-27T09:08:28.616+0000] {processor.py:830} INFO - Processing file /opt/airflow/dags/json_pipeline.py for tasks to queue
[2026-01-27T09:08:28.618+0000] {logging_mixin.py:188} INFO - [2026-01-27T09:08:28.618+0000] {dagbag.py:545} INFO - Filling up the DagBag from /opt/airflow/dags/json_pipeline.py
[2026-01-27T09:08:28.635+0000] {processor.py:840} INFO - DAG(s) 'json_pipeline' retrieved from /opt/airflow/dags/json_pipeline.py
[2026-01-27T09:08:28.661+0000] {logging_mixin.py:188} INFO - [2026-01-27T09:08:28.661+0000] {dag.py:3089} INFO - Sync 1 DAGs
[2026-01-27T09:08:28.673+0000] {logging_mixin.py:188} INFO - [2026-01-27T09:08:28.673+0000] {dag.py:3947} INFO - Setting next_dagrun for json_pipeline to None, run_after=None
[2026-01-27T09:08:28.691+0000] {processor.py:183} INFO - Processing /opt/airflow/dags/json_pipeline.py took 0.083 seconds
[2026-01-27T09:08:58.855+0000] {processor.py:161} INFO - Started process (PID=170) to work on /opt/airflow/dags/json_pipeline.py
[2026-01-27T09:08:58.856+0000] {processor.py:830} INFO - Processing file /opt/airflow/dags/json_pipeline.py for tasks to queue
[2026-01-27T09:08:58.858+0000] {logging_mixin.py:188} INFO - [2026-01-27T09:08:58.857+0000] {dagbag.py:545} INFO - Filling up the DagBag from /opt/airflow/dags/json_pipeline.py
[2026-01-27T09:08:58.874+0000] {processor.py:840} INFO - DAG(s) 'json_pipeline' retrieved from /opt/airflow/dags/json_pipeline.py
[2026-01-27T09:08:58.900+0000] {logging_mixin.py:188} INFO - [2026-01-27T09:08:58.899+0000] {dag.py:3089} INFO - Sync 1 DAGs
[2026-01-27T09:08:58.911+0000] {logging_mixin.py:188} INFO - [2026-01-27T09:08:58.911+0000] {dag.py:3947} INFO - Setting next_dagrun for json_pipeline to None, run_after=None
[2026-01-27T09:08:58.928+0000] {processor.py:183} INFO - Processing /opt/airflow/dags/json_pipeline.py took 0.077 seconds
[2026-01-27T09:09:29.094+0000] {processor.py:161} INFO - Started process (PID=172) to work on /opt/airflow/dags/json_pipeline.py
[2026-01-27T09:09:29.095+0000] {processor.py:830} INFO - Processing file /opt/airflow/dags/json_pipeline.py for tasks to queue
[2026-01-27T09:09:29.097+0000] {logging_mixin.py:188} INFO - [2026-01-27T09:09:29.097+0000] {dagbag.py:545} INFO - Filling up the DagBag from /opt/airflow/dags/json_pipeline.py
[2026-01-27T09:09:29.114+0000] {processor.py:840} INFO - DAG(s) 'json_pipeline' retrieved from /opt/airflow/dags/json_pipeline.py
[2026-01-27T09:09:29.139+0000] {logging_mixin.py:188} INFO - [2026-01-27T09:09:29.139+0000] {dag.py:3089} INFO - Sync 1 DAGs
[2026-01-27T09:09:29.150+0000] {logging_mixin.py:188} INFO - [2026-01-27T09:09:29.150+0000] {dag.py:3947} INFO - Setting next_dagrun for json_pipeline to None, run_after=None
[2026-01-27T09:09:29.167+0000] {processor.py:183} INFO - Processing /opt/airflow/dags/json_pipeline.py took 0.077 seconds
[2026-01-27T09:09:59.324+0000] {processor.py:161} INFO - Started process (PID=174) to work on /opt/airflow/dags/json_pipeline.py
[2026-01-27T09:09:59.324+0000] {processor.py:830} INFO - Processing file /opt/airflow/dags/json_pipeline.py for tasks to queue
[2026-01-27T09:09:59.326+0000] {logging_mixin.py:188} INFO - [2026-01-27T09:09:59.326+0000] {dagbag.py:545} INFO - Filling up the DagBag from /opt/airflow/dags/json_pipeline.py
[2026-01-27T09:09:59.345+0000] {processor.py:840} INFO - DAG(s) 'json_pipeline' retrieved from /opt/airflow/dags/json_pipeline.py
[2026-01-27T09:09:59.373+0000] {logging_mixin.py:188} INFO - [2026-01-27T09:09:59.373+0000] {dag.py:3089} INFO - Sync 1 DAGs
[2026-01-27T09:09:59.386+0000] {logging_mixin.py:188} INFO - [2026-01-27T09:09:59.385+0000] {dag.py:3947} INFO - Setting next_dagrun for json_pipeline to None, run_after=None
[2026-01-27T09:09:59.403+0000] {processor.py:183} INFO - Processing /opt/airflow/dags/json_pipeline.py took 0.085 seconds
[2026-01-27T09:10:29.617+0000] {processor.py:161} INFO - Started process (PID=176) to work on /opt/airflow/dags/json_pipeline.py
[2026-01-27T09:10:29.618+0000] {processor.py:830} INFO - Processing file /opt/airflow/dags/json_pipeline.py for tasks to queue
[2026-01-27T09:10:29.620+0000] {logging_mixin.py:188} INFO - [2026-01-27T09:10:29.620+0000] {dagbag.py:545} INFO - Filling up the DagBag from /opt/airflow/dags/json_pipeline.py
[2026-01-27T09:10:29.637+0000] {processor.py:840} INFO - DAG(s) 'json_pipeline' retrieved from /opt/airflow/dags/json_pipeline.py
[2026-01-27T09:10:29.665+0000] {logging_mixin.py:188} INFO - [2026-01-27T09:10:29.665+0000] {dag.py:3089} INFO - Sync 1 DAGs
[2026-01-27T09:10:29.677+0000] {logging_mixin.py:188} INFO - [2026-01-27T09:10:29.677+0000] {dag.py:3947} INFO - Setting next_dagrun for json_pipeline to None, run_after=None
[2026-01-27T09:10:29.695+0000] {processor.py:183} INFO - Processing /opt/airflow/dags/json_pipeline.py took 0.083 seconds
[2026-01-27T09:10:59.837+0000] {processor.py:161} INFO - Started process (PID=178) to work on /opt/airflow/dags/json_pipeline.py
[2026-01-27T09:10:59.837+0000] {processor.py:830} INFO - Processing file /opt/airflow/dags/json_pipeline.py for tasks to queue
[2026-01-27T09:10:59.839+0000] {logging_mixin.py:188} INFO - [2026-01-27T09:10:59.839+0000] {dagbag.py:545} INFO - Filling up the DagBag from /opt/airflow/dags/json_pipeline.py
[2026-01-27T09:10:59.854+0000] {processor.py:840} INFO - DAG(s) 'json_pipeline' retrieved from /opt/airflow/dags/json_pipeline.py
[2026-01-27T09:10:59.883+0000] {logging_mixin.py:188} INFO - [2026-01-27T09:10:59.882+0000] {dag.py:3089} INFO - Sync 1 DAGs
[2026-01-27T09:10:59.895+0000] {logging_mixin.py:188} INFO - [2026-01-27T09:10:59.895+0000] {dag.py:3947} INFO - Setting next_dagrun for json_pipeline to None, run_after=None
[2026-01-27T09:10:59.912+0000] {processor.py:183} INFO - Processing /opt/airflow/dags/json_pipeline.py took 0.080 seconds
[2026-01-27T09:11:30.149+0000] {processor.py:161} INFO - Started process (PID=180) to work on /opt/airflow/dags/json_pipeline.py
[2026-01-27T09:11:30.150+0000] {processor.py:830} INFO - Processing file /opt/airflow/dags/json_pipeline.py for tasks to queue
[2026-01-27T09:11:30.151+0000] {logging_mixin.py:188} INFO - [2026-01-27T09:11:30.151+0000] {dagbag.py:545} INFO - Filling up the DagBag from /opt/airflow/dags/json_pipeline.py
[2026-01-27T09:11:30.169+0000] {processor.py:840} INFO - DAG(s) 'json_pipeline' retrieved from /opt/airflow/dags/json_pipeline.py
[2026-01-27T09:11:30.194+0000] {logging_mixin.py:188} INFO - [2026-01-27T09:11:30.194+0000] {dag.py:3089} INFO - Sync 1 DAGs
[2026-01-27T09:11:30.207+0000] {logging_mixin.py:188} INFO - [2026-01-27T09:11:30.206+0000] {dag.py:3947} INFO - Setting next_dagrun for json_pipeline to None, run_after=None
[2026-01-27T09:11:30.224+0000] {processor.py:183} INFO - Processing /opt/airflow/dags/json_pipeline.py took 0.080 seconds
[2026-01-27T09:12:00.454+0000] {processor.py:161} INFO - Started process (PID=182) to work on /opt/airflow/dags/json_pipeline.py
[2026-01-27T09:12:00.455+0000] {processor.py:830} INFO - Processing file /opt/airflow/dags/json_pipeline.py for tasks to queue
[2026-01-27T09:12:00.456+0000] {logging_mixin.py:188} INFO - [2026-01-27T09:12:00.456+0000] {dagbag.py:545} INFO - Filling up the DagBag from /opt/airflow/dags/json_pipeline.py
[2026-01-27T09:12:00.473+0000] {processor.py:840} INFO - DAG(s) 'json_pipeline' retrieved from /opt/airflow/dags/json_pipeline.py
[2026-01-27T09:12:00.498+0000] {logging_mixin.py:188} INFO - [2026-01-27T09:12:00.498+0000] {dag.py:3089} INFO - Sync 1 DAGs
[2026-01-27T09:12:00.508+0000] {logging_mixin.py:188} INFO - [2026-01-27T09:12:00.508+0000] {dag.py:3947} INFO - Setting next_dagrun for json_pipeline to None, run_after=None
[2026-01-27T09:12:00.525+0000] {processor.py:183} INFO - Processing /opt/airflow/dags/json_pipeline.py took 0.076 seconds
[2026-01-27T09:12:30.698+0000] {processor.py:161} INFO - Started process (PID=184) to work on /opt/airflow/dags/json_pipeline.py
[2026-01-27T09:12:30.699+0000] {processor.py:830} INFO - Processing file /opt/airflow/dags/json_pipeline.py for tasks to queue
[2026-01-27T09:12:30.701+0000] {logging_mixin.py:188} INFO - [2026-01-27T09:12:30.700+0000] {dagbag.py:545} INFO - Filling up the DagBag from /opt/airflow/dags/json_pipeline.py
[2026-01-27T09:12:30.720+0000] {processor.py:840} INFO - DAG(s) 'json_pipeline' retrieved from /opt/airflow/dags/json_pipeline.py
[2026-01-27T09:12:30.748+0000] {logging_mixin.py:188} INFO - [2026-01-27T09:12:30.748+0000] {dag.py:3089} INFO - Sync 1 DAGs
[2026-01-27T09:12:30.760+0000] {logging_mixin.py:188} INFO - [2026-01-27T09:12:30.760+0000] {dag.py:3947} INFO - Setting next_dagrun for json_pipeline to None, run_after=None
[2026-01-27T09:12:30.779+0000] {processor.py:183} INFO - Processing /opt/airflow/dags/json_pipeline.py took 0.089 seconds
[2026-01-27T09:13:01.027+0000] {processor.py:161} INFO - Started process (PID=186) to work on /opt/airflow/dags/json_pipeline.py
[2026-01-27T09:13:01.028+0000] {processor.py:830} INFO - Processing file /opt/airflow/dags/json_pipeline.py for tasks to queue
[2026-01-27T09:13:01.031+0000] {logging_mixin.py:188} INFO - [2026-01-27T09:13:01.030+0000] {dagbag.py:545} INFO - Filling up the DagBag from /opt/airflow/dags/json_pipeline.py
[2026-01-27T09:13:01.060+0000] {processor.py:840} INFO - DAG(s) 'json_pipeline' retrieved from /opt/airflow/dags/json_pipeline.py
[2026-01-27T09:13:01.095+0000] {logging_mixin.py:188} INFO - [2026-01-27T09:13:01.095+0000] {dag.py:3089} INFO - Sync 1 DAGs
[2026-01-27T09:13:01.110+0000] {logging_mixin.py:188} INFO - [2026-01-27T09:13:01.109+0000] {dag.py:3947} INFO - Setting next_dagrun for json_pipeline to None, run_after=None
[2026-01-27T09:13:01.135+0000] {processor.py:183} INFO - Processing /opt/airflow/dags/json_pipeline.py took 0.115 seconds
[2026-01-27T09:13:31.374+0000] {processor.py:161} INFO - Started process (PID=188) to work on /opt/airflow/dags/json_pipeline.py
[2026-01-27T09:13:31.375+0000] {processor.py:830} INFO - Processing file /opt/airflow/dags/json_pipeline.py for tasks to queue
[2026-01-27T09:13:31.378+0000] {logging_mixin.py:188} INFO - [2026-01-27T09:13:31.378+0000] {dagbag.py:545} INFO - Filling up the DagBag from /opt/airflow/dags/json_pipeline.py
[2026-01-27T09:13:31.394+0000] {processor.py:840} INFO - DAG(s) 'json_pipeline' retrieved from /opt/airflow/dags/json_pipeline.py
[2026-01-27T09:13:31.421+0000] {logging_mixin.py:188} INFO - [2026-01-27T09:13:31.421+0000] {dag.py:3089} INFO - Sync 1 DAGs
[2026-01-27T09:13:31.433+0000] {logging_mixin.py:188} INFO - [2026-01-27T09:13:31.433+0000] {dag.py:3947} INFO - Setting next_dagrun for json_pipeline to None, run_after=None
[2026-01-27T09:13:31.449+0000] {processor.py:183} INFO - Processing /opt/airflow/dags/json_pipeline.py took 0.080 seconds
[2026-01-27T09:14:01.605+0000] {processor.py:161} INFO - Started process (PID=190) to work on /opt/airflow/dags/json_pipeline.py
[2026-01-27T09:14:01.606+0000] {processor.py:830} INFO - Processing file /opt/airflow/dags/json_pipeline.py for tasks to queue
[2026-01-27T09:14:01.608+0000] {logging_mixin.py:188} INFO - [2026-01-27T09:14:01.608+0000] {dagbag.py:545} INFO - Filling up the DagBag from /opt/airflow/dags/json_pipeline.py
[2026-01-27T09:14:01.626+0000] {processor.py:840} INFO - DAG(s) 'json_pipeline' retrieved from /opt/airflow/dags/json_pipeline.py
[2026-01-27T09:14:01.659+0000] {logging_mixin.py:188} INFO - [2026-01-27T09:14:01.659+0000] {dag.py:3089} INFO - Sync 1 DAGs
[2026-01-27T09:14:01.676+0000] {logging_mixin.py:188} INFO - [2026-01-27T09:14:01.676+0000] {dag.py:3947} INFO - Setting next_dagrun for json_pipeline to None, run_after=None
[2026-01-27T09:14:01.707+0000] {processor.py:183} INFO - Processing /opt/airflow/dags/json_pipeline.py took 0.106 seconds
[2026-01-27T09:14:31.869+0000] {processor.py:161} INFO - Started process (PID=192) to work on /opt/airflow/dags/json_pipeline.py
[2026-01-27T09:14:31.870+0000] {processor.py:830} INFO - Processing file /opt/airflow/dags/json_pipeline.py for tasks to queue
[2026-01-27T09:14:31.872+0000] {logging_mixin.py:188} INFO - [2026-01-27T09:14:31.872+0000] {dagbag.py:545} INFO - Filling up the DagBag from /opt/airflow/dags/json_pipeline.py
[2026-01-27T09:14:31.889+0000] {processor.py:840} INFO - DAG(s) 'json_pipeline' retrieved from /opt/airflow/dags/json_pipeline.py
[2026-01-27T09:14:31.921+0000] {logging_mixin.py:188} INFO - [2026-01-27T09:14:31.921+0000] {dag.py:3089} INFO - Sync 1 DAGs
[2026-01-27T09:14:31.937+0000] {logging_mixin.py:188} INFO - [2026-01-27T09:14:31.936+0000] {dag.py:3947} INFO - Setting next_dagrun for json_pipeline to None, run_after=None
[2026-01-27T09:14:31.958+0000] {processor.py:183} INFO - Processing /opt/airflow/dags/json_pipeline.py took 0.095 seconds
[2026-01-27T09:15:02.131+0000] {processor.py:161} INFO - Started process (PID=194) to work on /opt/airflow/dags/json_pipeline.py
[2026-01-27T09:15:02.132+0000] {processor.py:830} INFO - Processing file /opt/airflow/dags/json_pipeline.py for tasks to queue
[2026-01-27T09:15:02.133+0000] {logging_mixin.py:188} INFO - [2026-01-27T09:15:02.133+0000] {dagbag.py:545} INFO - Filling up the DagBag from /opt/airflow/dags/json_pipeline.py
[2026-01-27T09:15:02.152+0000] {processor.py:840} INFO - DAG(s) 'json_pipeline' retrieved from /opt/airflow/dags/json_pipeline.py
[2026-01-27T09:15:02.182+0000] {logging_mixin.py:188} INFO - [2026-01-27T09:15:02.182+0000] {dag.py:3089} INFO - Sync 1 DAGs
[2026-01-27T09:15:02.198+0000] {logging_mixin.py:188} INFO - [2026-01-27T09:15:02.197+0000] {dag.py:3947} INFO - Setting next_dagrun for json_pipeline to None, run_after=None
[2026-01-27T09:15:02.222+0000] {processor.py:183} INFO - Processing /opt/airflow/dags/json_pipeline.py took 0.097 seconds
[2026-01-27T09:15:32.420+0000] {processor.py:161} INFO - Started process (PID=196) to work on /opt/airflow/dags/json_pipeline.py
[2026-01-27T09:15:32.421+0000] {processor.py:830} INFO - Processing file /opt/airflow/dags/json_pipeline.py for tasks to queue
[2026-01-27T09:15:32.422+0000] {logging_mixin.py:188} INFO - [2026-01-27T09:15:32.422+0000] {dagbag.py:545} INFO - Filling up the DagBag from /opt/airflow/dags/json_pipeline.py
[2026-01-27T09:15:32.439+0000] {processor.py:840} INFO - DAG(s) 'json_pipeline' retrieved from /opt/airflow/dags/json_pipeline.py
[2026-01-27T09:15:32.471+0000] {logging_mixin.py:188} INFO - [2026-01-27T09:15:32.471+0000] {dag.py:3089} INFO - Sync 1 DAGs
[2026-01-27T09:15:32.483+0000] {logging_mixin.py:188} INFO - [2026-01-27T09:15:32.483+0000] {dag.py:3947} INFO - Setting next_dagrun for json_pipeline to None, run_after=None
[2026-01-27T09:15:32.500+0000] {processor.py:183} INFO - Processing /opt/airflow/dags/json_pipeline.py took 0.085 seconds
[2026-01-27T09:16:02.640+0000] {processor.py:161} INFO - Started process (PID=198) to work on /opt/airflow/dags/json_pipeline.py
[2026-01-27T09:16:02.641+0000] {processor.py:830} INFO - Processing file /opt/airflow/dags/json_pipeline.py for tasks to queue
[2026-01-27T09:16:02.643+0000] {logging_mixin.py:188} INFO - [2026-01-27T09:16:02.642+0000] {dagbag.py:545} INFO - Filling up the DagBag from /opt/airflow/dags/json_pipeline.py
[2026-01-27T09:16:02.662+0000] {processor.py:840} INFO - DAG(s) 'json_pipeline' retrieved from /opt/airflow/dags/json_pipeline.py
[2026-01-27T09:16:02.690+0000] {logging_mixin.py:188} INFO - [2026-01-27T09:16:02.690+0000] {dag.py:3089} INFO - Sync 1 DAGs
[2026-01-27T09:16:02.702+0000] {logging_mixin.py:188} INFO - [2026-01-27T09:16:02.702+0000] {dag.py:3947} INFO - Setting next_dagrun for json_pipeline to None, run_after=None
[2026-01-27T09:16:02.720+0000] {processor.py:183} INFO - Processing /opt/airflow/dags/json_pipeline.py took 0.085 seconds
[2026-01-27T09:16:32.951+0000] {processor.py:161} INFO - Started process (PID=200) to work on /opt/airflow/dags/json_pipeline.py
[2026-01-27T09:16:32.951+0000] {processor.py:830} INFO - Processing file /opt/airflow/dags/json_pipeline.py for tasks to queue
[2026-01-27T09:16:32.953+0000] {logging_mixin.py:188} INFO - [2026-01-27T09:16:32.953+0000] {dagbag.py:545} INFO - Filling up the DagBag from /opt/airflow/dags/json_pipeline.py
[2026-01-27T09:16:32.972+0000] {processor.py:840} INFO - DAG(s) 'json_pipeline' retrieved from /opt/airflow/dags/json_pipeline.py
[2026-01-27T09:16:33.000+0000] {logging_mixin.py:188} INFO - [2026-01-27T09:16:33.000+0000] {dag.py:3089} INFO - Sync 1 DAGs
[2026-01-27T09:16:33.012+0000] {logging_mixin.py:188} INFO - [2026-01-27T09:16:33.012+0000] {dag.py:3947} INFO - Setting next_dagrun for json_pipeline to None, run_after=None
[2026-01-27T09:16:33.029+0000] {processor.py:183} INFO - Processing /opt/airflow/dags/json_pipeline.py took 0.084 seconds
[2026-01-27T09:17:03.172+0000] {processor.py:161} INFO - Started process (PID=202) to work on /opt/airflow/dags/json_pipeline.py
[2026-01-27T09:17:03.173+0000] {processor.py:830} INFO - Processing file /opt/airflow/dags/json_pipeline.py for tasks to queue
[2026-01-27T09:17:03.174+0000] {logging_mixin.py:188} INFO - [2026-01-27T09:17:03.174+0000] {dagbag.py:545} INFO - Filling up the DagBag from /opt/airflow/dags/json_pipeline.py
[2026-01-27T09:17:03.192+0000] {processor.py:840} INFO - DAG(s) 'json_pipeline' retrieved from /opt/airflow/dags/json_pipeline.py
[2026-01-27T09:17:03.221+0000] {logging_mixin.py:188} INFO - [2026-01-27T09:17:03.221+0000] {dag.py:3089} INFO - Sync 1 DAGs
[2026-01-27T09:17:03.232+0000] {logging_mixin.py:188} INFO - [2026-01-27T09:17:03.232+0000] {dag.py:3947} INFO - Setting next_dagrun for json_pipeline to None, run_after=None
[2026-01-27T09:17:03.250+0000] {processor.py:183} INFO - Processing /opt/airflow/dags/json_pipeline.py took 0.083 seconds
[2026-01-27T09:17:33.443+0000] {processor.py:161} INFO - Started process (PID=204) to work on /opt/airflow/dags/json_pipeline.py
[2026-01-27T09:17:33.444+0000] {processor.py:830} INFO - Processing file /opt/airflow/dags/json_pipeline.py for tasks to queue
[2026-01-27T09:17:33.446+0000] {logging_mixin.py:188} INFO - [2026-01-27T09:17:33.446+0000] {dagbag.py:545} INFO - Filling up the DagBag from /opt/airflow/dags/json_pipeline.py
[2026-01-27T09:17:33.467+0000] {processor.py:840} INFO - DAG(s) 'json_pipeline' retrieved from /opt/airflow/dags/json_pipeline.py
[2026-01-27T09:17:33.501+0000] {logging_mixin.py:188} INFO - [2026-01-27T09:17:33.500+0000] {dag.py:3089} INFO - Sync 1 DAGs
[2026-01-27T09:17:33.515+0000] {logging_mixin.py:188} INFO - [2026-01-27T09:17:33.514+0000] {dag.py:3947} INFO - Setting next_dagrun for json_pipeline to None, run_after=None
[2026-01-27T09:17:33.539+0000] {processor.py:183} INFO - Processing /opt/airflow/dags/json_pipeline.py took 0.102 seconds
[2026-01-27T09:18:03.788+0000] {processor.py:161} INFO - Started process (PID=206) to work on /opt/airflow/dags/json_pipeline.py
[2026-01-27T09:18:03.788+0000] {processor.py:830} INFO - Processing file /opt/airflow/dags/json_pipeline.py for tasks to queue
[2026-01-27T09:18:03.790+0000] {logging_mixin.py:188} INFO - [2026-01-27T09:18:03.790+0000] {dagbag.py:545} INFO - Filling up the DagBag from /opt/airflow/dags/json_pipeline.py
[2026-01-27T09:18:03.811+0000] {processor.py:840} INFO - DAG(s) 'json_pipeline' retrieved from /opt/airflow/dags/json_pipeline.py
[2026-01-27T09:18:03.839+0000] {logging_mixin.py:188} INFO - [2026-01-27T09:18:03.839+0000] {dag.py:3089} INFO - Sync 1 DAGs
[2026-01-27T09:18:03.853+0000] {logging_mixin.py:188} INFO - [2026-01-27T09:18:03.853+0000] {dag.py:3947} INFO - Setting next_dagrun for json_pipeline to None, run_after=None
[2026-01-27T09:18:03.876+0000] {processor.py:183} INFO - Processing /opt/airflow/dags/json_pipeline.py took 0.093 seconds
[2026-01-27T09:18:34.117+0000] {processor.py:161} INFO - Started process (PID=208) to work on /opt/airflow/dags/json_pipeline.py
[2026-01-27T09:18:34.118+0000] {processor.py:830} INFO - Processing file /opt/airflow/dags/json_pipeline.py for tasks to queue
[2026-01-27T09:18:34.120+0000] {logging_mixin.py:188} INFO - [2026-01-27T09:18:34.120+0000] {dagbag.py:545} INFO - Filling up the DagBag from /opt/airflow/dags/json_pipeline.py
[2026-01-27T09:18:34.135+0000] {processor.py:840} INFO - DAG(s) 'json_pipeline' retrieved from /opt/airflow/dags/json_pipeline.py
[2026-01-27T09:18:34.161+0000] {logging_mixin.py:188} INFO - [2026-01-27T09:18:34.161+0000] {dag.py:3089} INFO - Sync 1 DAGs
[2026-01-27T09:18:34.173+0000] {logging_mixin.py:188} INFO - [2026-01-27T09:18:34.173+0000] {dag.py:3947} INFO - Setting next_dagrun for json_pipeline to None, run_after=None
[2026-01-27T09:18:34.188+0000] {processor.py:183} INFO - Processing /opt/airflow/dags/json_pipeline.py took 0.078 seconds
[2026-01-27T09:19:04.345+0000] {processor.py:161} INFO - Started process (PID=210) to work on /opt/airflow/dags/json_pipeline.py
[2026-01-27T09:19:04.346+0000] {processor.py:830} INFO - Processing file /opt/airflow/dags/json_pipeline.py for tasks to queue
[2026-01-27T09:19:04.347+0000] {logging_mixin.py:188} INFO - [2026-01-27T09:19:04.347+0000] {dagbag.py:545} INFO - Filling up the DagBag from /opt/airflow/dags/json_pipeline.py
[2026-01-27T09:19:04.365+0000] {processor.py:840} INFO - DAG(s) 'json_pipeline' retrieved from /opt/airflow/dags/json_pipeline.py
[2026-01-27T09:19:04.390+0000] {logging_mixin.py:188} INFO - [2026-01-27T09:19:04.390+0000] {dag.py:3089} INFO - Sync 1 DAGs
[2026-01-27T09:19:04.402+0000] {logging_mixin.py:188} INFO - [2026-01-27T09:19:04.401+0000] {dag.py:3947} INFO - Setting next_dagrun for json_pipeline to None, run_after=None
[2026-01-27T09:19:04.425+0000] {processor.py:183} INFO - Processing /opt/airflow/dags/json_pipeline.py took 0.084 seconds
[2026-01-27T09:19:34.595+0000] {processor.py:161} INFO - Started process (PID=212) to work on /opt/airflow/dags/json_pipeline.py
[2026-01-27T09:19:34.596+0000] {processor.py:830} INFO - Processing file /opt/airflow/dags/json_pipeline.py for tasks to queue
[2026-01-27T09:19:34.598+0000] {logging_mixin.py:188} INFO - [2026-01-27T09:19:34.597+0000] {dagbag.py:545} INFO - Filling up the DagBag from /opt/airflow/dags/json_pipeline.py
[2026-01-27T09:19:34.615+0000] {processor.py:840} INFO - DAG(s) 'json_pipeline' retrieved from /opt/airflow/dags/json_pipeline.py
[2026-01-27T09:19:34.640+0000] {logging_mixin.py:188} INFO - [2026-01-27T09:19:34.640+0000] {dag.py:3089} INFO - Sync 1 DAGs
[2026-01-27T09:19:34.654+0000] {logging_mixin.py:188} INFO - [2026-01-27T09:19:34.654+0000] {dag.py:3947} INFO - Setting next_dagrun for json_pipeline to None, run_after=None
[2026-01-27T09:19:34.673+0000] {processor.py:183} INFO - Processing /opt/airflow/dags/json_pipeline.py took 0.083 seconds
[2026-01-27T09:20:04.826+0000] {processor.py:161} INFO - Started process (PID=214) to work on /opt/airflow/dags/json_pipeline.py
[2026-01-27T09:20:04.826+0000] {processor.py:830} INFO - Processing file /opt/airflow/dags/json_pipeline.py for tasks to queue
[2026-01-27T09:20:04.828+0000] {logging_mixin.py:188} INFO - [2026-01-27T09:20:04.828+0000] {dagbag.py:545} INFO - Filling up the DagBag from /opt/airflow/dags/json_pipeline.py
[2026-01-27T09:20:04.845+0000] {processor.py:840} INFO - DAG(s) 'json_pipeline' retrieved from /opt/airflow/dags/json_pipeline.py
[2026-01-27T09:20:04.868+0000] {logging_mixin.py:188} INFO - [2026-01-27T09:20:04.868+0000] {dag.py:3089} INFO - Sync 1 DAGs
[2026-01-27T09:20:04.877+0000] {logging_mixin.py:188} INFO - [2026-01-27T09:20:04.877+0000] {dag.py:3947} INFO - Setting next_dagrun for json_pipeline to None, run_after=None
[2026-01-27T09:20:04.892+0000] {processor.py:183} INFO - Processing /opt/airflow/dags/json_pipeline.py took 0.071 seconds
