[2026-01-27T09:00:15.682+0000] {processor.py:161} INFO - Started process (PID=284) to work on /opt/airflow/dags/xml_pipeline.py
[2026-01-27T09:00:15.683+0000] {processor.py:830} INFO - Processing file /opt/airflow/dags/xml_pipeline.py for tasks to queue
[2026-01-27T09:00:15.684+0000] {logging_mixin.py:188} INFO - [2026-01-27T09:00:15.683+0000] {dagbag.py:545} INFO - Filling up the DagBag from /opt/airflow/dags/xml_pipeline.py
[2026-01-27T09:00:15.713+0000] {processor.py:840} INFO - DAG(s) 'xml_pipeline' retrieved from /opt/airflow/dags/xml_pipeline.py
[2026-01-27T09:00:15.821+0000] {logging_mixin.py:188} INFO - [2026-01-27T09:00:15.821+0000] {override.py:1858} INFO - Created Permission View: can read on DAG:xml_pipeline
[2026-01-27T09:00:15.828+0000] {logging_mixin.py:188} INFO - [2026-01-27T09:00:15.828+0000] {override.py:1858} INFO - Created Permission View: can delete on DAG:xml_pipeline
[2026-01-27T09:00:15.833+0000] {logging_mixin.py:188} INFO - [2026-01-27T09:00:15.832+0000] {override.py:1858} INFO - Created Permission View: can edit on DAG:xml_pipeline
[2026-01-27T09:00:15.833+0000] {logging_mixin.py:188} INFO - [2026-01-27T09:00:15.833+0000] {dag.py:3089} INFO - Sync 1 DAGs
[2026-01-27T09:00:15.849+0000] {logging_mixin.py:188} INFO - [2026-01-27T09:00:15.849+0000] {dag.py:3111} INFO - Creating ORM DAG for xml_pipeline
[2026-01-27T09:00:15.850+0000] {logging_mixin.py:188} INFO - [2026-01-27T09:00:15.850+0000] {dag.py:3947} INFO - Setting next_dagrun for xml_pipeline to None, run_after=None
[2026-01-27T09:00:15.872+0000] {processor.py:183} INFO - Processing /opt/airflow/dags/xml_pipeline.py took 0.197 seconds
[2026-01-27T09:00:24.017+0000] {processor.py:161} INFO - Started process (PID=33) to work on /opt/airflow/dags/xml_pipeline.py
[2026-01-27T09:00:24.018+0000] {processor.py:830} INFO - Processing file /opt/airflow/dags/xml_pipeline.py for tasks to queue
[2026-01-27T09:00:24.021+0000] {logging_mixin.py:188} INFO - [2026-01-27T09:00:24.020+0000] {dagbag.py:545} INFO - Filling up the DagBag from /opt/airflow/dags/xml_pipeline.py
[2026-01-27T09:00:24.040+0000] {processor.py:840} INFO - DAG(s) 'xml_pipeline' retrieved from /opt/airflow/dags/xml_pipeline.py
[2026-01-27T09:00:24.080+0000] {logging_mixin.py:188} INFO - [2026-01-27T09:00:24.080+0000] {dag.py:3089} INFO - Sync 1 DAGs
[2026-01-27T09:00:24.094+0000] {logging_mixin.py:188} INFO - [2026-01-27T09:00:24.094+0000] {dag.py:3947} INFO - Setting next_dagrun for xml_pipeline to None, run_after=None
[2026-01-27T09:00:24.112+0000] {processor.py:183} INFO - Processing /opt/airflow/dags/xml_pipeline.py took 0.100 seconds
[2026-01-27T09:00:54.283+0000] {processor.py:161} INFO - Started process (PID=35) to work on /opt/airflow/dags/xml_pipeline.py
[2026-01-27T09:00:54.284+0000] {processor.py:830} INFO - Processing file /opt/airflow/dags/xml_pipeline.py for tasks to queue
[2026-01-27T09:00:54.286+0000] {logging_mixin.py:188} INFO - [2026-01-27T09:00:54.285+0000] {dagbag.py:545} INFO - Filling up the DagBag from /opt/airflow/dags/xml_pipeline.py
[2026-01-27T09:00:54.301+0000] {processor.py:840} INFO - DAG(s) 'xml_pipeline' retrieved from /opt/airflow/dags/xml_pipeline.py
[2026-01-27T09:00:54.330+0000] {logging_mixin.py:188} INFO - [2026-01-27T09:00:54.330+0000] {dag.py:3089} INFO - Sync 1 DAGs
[2026-01-27T09:00:54.343+0000] {logging_mixin.py:188} INFO - [2026-01-27T09:00:54.343+0000] {dag.py:3947} INFO - Setting next_dagrun for xml_pipeline to None, run_after=None
[2026-01-27T09:00:54.359+0000] {processor.py:183} INFO - Processing /opt/airflow/dags/xml_pipeline.py took 0.082 seconds
[2026-01-27T09:01:24.510+0000] {processor.py:161} INFO - Started process (PID=37) to work on /opt/airflow/dags/xml_pipeline.py
[2026-01-27T09:01:24.510+0000] {processor.py:830} INFO - Processing file /opt/airflow/dags/xml_pipeline.py for tasks to queue
[2026-01-27T09:01:24.512+0000] {logging_mixin.py:188} INFO - [2026-01-27T09:01:24.512+0000] {dagbag.py:545} INFO - Filling up the DagBag from /opt/airflow/dags/xml_pipeline.py
[2026-01-27T09:01:24.528+0000] {processor.py:840} INFO - DAG(s) 'xml_pipeline' retrieved from /opt/airflow/dags/xml_pipeline.py
[2026-01-27T09:01:24.555+0000] {logging_mixin.py:188} INFO - [2026-01-27T09:01:24.554+0000] {dag.py:3089} INFO - Sync 1 DAGs
[2026-01-27T09:01:24.568+0000] {logging_mixin.py:188} INFO - [2026-01-27T09:01:24.567+0000] {dag.py:3947} INFO - Setting next_dagrun for xml_pipeline to None, run_after=None
[2026-01-27T09:01:24.586+0000] {processor.py:183} INFO - Processing /opt/airflow/dags/xml_pipeline.py took 0.082 seconds
[2026-01-27T09:01:54.757+0000] {processor.py:161} INFO - Started process (PID=39) to work on /opt/airflow/dags/xml_pipeline.py
[2026-01-27T09:01:54.758+0000] {processor.py:830} INFO - Processing file /opt/airflow/dags/xml_pipeline.py for tasks to queue
[2026-01-27T09:01:54.761+0000] {logging_mixin.py:188} INFO - [2026-01-27T09:01:54.760+0000] {dagbag.py:545} INFO - Filling up the DagBag from /opt/airflow/dags/xml_pipeline.py
[2026-01-27T09:01:54.781+0000] {processor.py:840} INFO - DAG(s) 'xml_pipeline' retrieved from /opt/airflow/dags/xml_pipeline.py
[2026-01-27T09:01:54.811+0000] {logging_mixin.py:188} INFO - [2026-01-27T09:01:54.810+0000] {dag.py:3089} INFO - Sync 1 DAGs
[2026-01-27T09:01:54.824+0000] {logging_mixin.py:188} INFO - [2026-01-27T09:01:54.823+0000] {dag.py:3947} INFO - Setting next_dagrun for xml_pipeline to None, run_after=None
[2026-01-27T09:01:54.848+0000] {processor.py:183} INFO - Processing /opt/airflow/dags/xml_pipeline.py took 0.099 seconds
[2026-01-27T09:02:25.091+0000] {processor.py:161} INFO - Started process (PID=75) to work on /opt/airflow/dags/xml_pipeline.py
[2026-01-27T09:02:25.092+0000] {processor.py:830} INFO - Processing file /opt/airflow/dags/xml_pipeline.py for tasks to queue
[2026-01-27T09:02:25.094+0000] {logging_mixin.py:188} INFO - [2026-01-27T09:02:25.094+0000] {dagbag.py:545} INFO - Filling up the DagBag from /opt/airflow/dags/xml_pipeline.py
[2026-01-27T09:02:25.112+0000] {processor.py:840} INFO - DAG(s) 'xml_pipeline' retrieved from /opt/airflow/dags/xml_pipeline.py
[2026-01-27T09:02:25.140+0000] {logging_mixin.py:188} INFO - [2026-01-27T09:02:25.140+0000] {dag.py:3089} INFO - Sync 1 DAGs
[2026-01-27T09:02:25.151+0000] {logging_mixin.py:188} INFO - [2026-01-27T09:02:25.150+0000] {dag.py:3947} INFO - Setting next_dagrun for xml_pipeline to None, run_after=None
[2026-01-27T09:02:25.168+0000] {processor.py:183} INFO - Processing /opt/airflow/dags/xml_pipeline.py took 0.085 seconds
[2026-01-27T09:02:55.404+0000] {processor.py:161} INFO - Started process (PID=77) to work on /opt/airflow/dags/xml_pipeline.py
[2026-01-27T09:02:55.405+0000] {processor.py:830} INFO - Processing file /opt/airflow/dags/xml_pipeline.py for tasks to queue
[2026-01-27T09:02:55.407+0000] {logging_mixin.py:188} INFO - [2026-01-27T09:02:55.407+0000] {dagbag.py:545} INFO - Filling up the DagBag from /opt/airflow/dags/xml_pipeline.py
[2026-01-27T09:02:55.426+0000] {processor.py:840} INFO - DAG(s) 'xml_pipeline' retrieved from /opt/airflow/dags/xml_pipeline.py
[2026-01-27T09:02:55.457+0000] {logging_mixin.py:188} INFO - [2026-01-27T09:02:55.457+0000] {dag.py:3089} INFO - Sync 1 DAGs
[2026-01-27T09:02:55.471+0000] {logging_mixin.py:188} INFO - [2026-01-27T09:02:55.471+0000] {dag.py:3947} INFO - Setting next_dagrun for xml_pipeline to None, run_after=None
[2026-01-27T09:02:55.494+0000] {processor.py:183} INFO - Processing /opt/airflow/dags/xml_pipeline.py took 0.097 seconds
[2026-01-27T09:03:25.627+0000] {processor.py:161} INFO - Started process (PID=79) to work on /opt/airflow/dags/xml_pipeline.py
[2026-01-27T09:03:25.628+0000] {processor.py:830} INFO - Processing file /opt/airflow/dags/xml_pipeline.py for tasks to queue
[2026-01-27T09:03:25.631+0000] {logging_mixin.py:188} INFO - [2026-01-27T09:03:25.630+0000] {dagbag.py:545} INFO - Filling up the DagBag from /opt/airflow/dags/xml_pipeline.py
[2026-01-27T09:03:25.649+0000] {processor.py:840} INFO - DAG(s) 'xml_pipeline' retrieved from /opt/airflow/dags/xml_pipeline.py
[2026-01-27T09:03:25.680+0000] {logging_mixin.py:188} INFO - [2026-01-27T09:03:25.680+0000] {dag.py:3089} INFO - Sync 1 DAGs
[2026-01-27T09:03:25.699+0000] {logging_mixin.py:188} INFO - [2026-01-27T09:03:25.699+0000] {dag.py:3947} INFO - Setting next_dagrun for xml_pipeline to None, run_after=None
[2026-01-27T09:03:25.741+0000] {processor.py:183} INFO - Processing /opt/airflow/dags/xml_pipeline.py took 0.119 seconds
[2026-01-27T09:03:55.986+0000] {processor.py:161} INFO - Started process (PID=81) to work on /opt/airflow/dags/xml_pipeline.py
[2026-01-27T09:03:55.987+0000] {processor.py:830} INFO - Processing file /opt/airflow/dags/xml_pipeline.py for tasks to queue
[2026-01-27T09:03:55.989+0000] {logging_mixin.py:188} INFO - [2026-01-27T09:03:55.989+0000] {dagbag.py:545} INFO - Filling up the DagBag from /opt/airflow/dags/xml_pipeline.py
[2026-01-27T09:03:56.011+0000] {processor.py:840} INFO - DAG(s) 'xml_pipeline' retrieved from /opt/airflow/dags/xml_pipeline.py
[2026-01-27T09:03:56.076+0000] {logging_mixin.py:188} INFO - [2026-01-27T09:03:56.076+0000] {dag.py:3089} INFO - Sync 1 DAGs
[2026-01-27T09:03:56.104+0000] {logging_mixin.py:188} INFO - [2026-01-27T09:03:56.103+0000] {dag.py:3947} INFO - Setting next_dagrun for xml_pipeline to None, run_after=None
[2026-01-27T09:03:56.130+0000] {processor.py:183} INFO - Processing /opt/airflow/dags/xml_pipeline.py took 0.151 seconds
[2026-01-27T09:04:26.397+0000] {processor.py:161} INFO - Started process (PID=83) to work on /opt/airflow/dags/xml_pipeline.py
[2026-01-27T09:04:26.399+0000] {processor.py:830} INFO - Processing file /opt/airflow/dags/xml_pipeline.py for tasks to queue
[2026-01-27T09:04:26.403+0000] {logging_mixin.py:188} INFO - [2026-01-27T09:04:26.402+0000] {dagbag.py:545} INFO - Filling up the DagBag from /opt/airflow/dags/xml_pipeline.py
[2026-01-27T09:04:26.431+0000] {processor.py:840} INFO - DAG(s) 'xml_pipeline' retrieved from /opt/airflow/dags/xml_pipeline.py
[2026-01-27T09:04:26.468+0000] {logging_mixin.py:188} INFO - [2026-01-27T09:04:26.468+0000] {dag.py:3089} INFO - Sync 1 DAGs
[2026-01-27T09:04:26.483+0000] {logging_mixin.py:188} INFO - [2026-01-27T09:04:26.482+0000] {dag.py:3947} INFO - Setting next_dagrun for xml_pipeline to None, run_after=None
[2026-01-27T09:04:26.506+0000] {processor.py:183} INFO - Processing /opt/airflow/dags/xml_pipeline.py took 0.125 seconds
[2026-01-27T09:04:56.614+0000] {processor.py:161} INFO - Started process (PID=119) to work on /opt/airflow/dags/xml_pipeline.py
[2026-01-27T09:04:56.615+0000] {processor.py:830} INFO - Processing file /opt/airflow/dags/xml_pipeline.py for tasks to queue
[2026-01-27T09:04:56.617+0000] {logging_mixin.py:188} INFO - [2026-01-27T09:04:56.617+0000] {dagbag.py:545} INFO - Filling up the DagBag from /opt/airflow/dags/xml_pipeline.py
[2026-01-27T09:04:56.639+0000] {processor.py:840} INFO - DAG(s) 'xml_pipeline' retrieved from /opt/airflow/dags/xml_pipeline.py
[2026-01-27T09:04:56.669+0000] {logging_mixin.py:188} INFO - [2026-01-27T09:04:56.669+0000] {dag.py:3089} INFO - Sync 1 DAGs
[2026-01-27T09:04:56.682+0000] {logging_mixin.py:188} INFO - [2026-01-27T09:04:56.682+0000] {dag.py:3947} INFO - Setting next_dagrun for xml_pipeline to None, run_after=None
[2026-01-27T09:04:56.698+0000] {processor.py:183} INFO - Processing /opt/airflow/dags/xml_pipeline.py took 0.090 seconds
[2026-01-27T09:05:26.972+0000] {processor.py:161} INFO - Started process (PID=121) to work on /opt/airflow/dags/xml_pipeline.py
[2026-01-27T09:05:26.973+0000] {processor.py:830} INFO - Processing file /opt/airflow/dags/xml_pipeline.py for tasks to queue
[2026-01-27T09:05:26.976+0000] {logging_mixin.py:188} INFO - [2026-01-27T09:05:26.976+0000] {dagbag.py:545} INFO - Filling up the DagBag from /opt/airflow/dags/xml_pipeline.py
[2026-01-27T09:05:27.004+0000] {processor.py:840} INFO - DAG(s) 'xml_pipeline' retrieved from /opt/airflow/dags/xml_pipeline.py
[2026-01-27T09:05:27.037+0000] {logging_mixin.py:188} INFO - [2026-01-27T09:05:27.037+0000] {dag.py:3089} INFO - Sync 1 DAGs
[2026-01-27T09:05:27.050+0000] {logging_mixin.py:188} INFO - [2026-01-27T09:05:27.050+0000] {dag.py:3947} INFO - Setting next_dagrun for xml_pipeline to None, run_after=None
[2026-01-27T09:05:27.072+0000] {processor.py:183} INFO - Processing /opt/airflow/dags/xml_pipeline.py took 0.106 seconds
[2026-01-27T09:05:57.210+0000] {processor.py:161} INFO - Started process (PID=123) to work on /opt/airflow/dags/xml_pipeline.py
[2026-01-27T09:05:57.211+0000] {processor.py:830} INFO - Processing file /opt/airflow/dags/xml_pipeline.py for tasks to queue
[2026-01-27T09:05:57.213+0000] {logging_mixin.py:188} INFO - [2026-01-27T09:05:57.212+0000] {dagbag.py:545} INFO - Filling up the DagBag from /opt/airflow/dags/xml_pipeline.py
[2026-01-27T09:05:57.230+0000] {processor.py:840} INFO - DAG(s) 'xml_pipeline' retrieved from /opt/airflow/dags/xml_pipeline.py
[2026-01-27T09:05:57.261+0000] {logging_mixin.py:188} INFO - [2026-01-27T09:05:57.261+0000] {dag.py:3089} INFO - Sync 1 DAGs
[2026-01-27T09:05:57.273+0000] {logging_mixin.py:188} INFO - [2026-01-27T09:05:57.273+0000] {dag.py:3947} INFO - Setting next_dagrun for xml_pipeline to None, run_after=None
[2026-01-27T09:05:57.291+0000] {processor.py:183} INFO - Processing /opt/airflow/dags/xml_pipeline.py took 0.086 seconds
[2026-01-27T09:06:27.490+0000] {processor.py:161} INFO - Started process (PID=125) to work on /opt/airflow/dags/xml_pipeline.py
[2026-01-27T09:06:27.491+0000] {processor.py:830} INFO - Processing file /opt/airflow/dags/xml_pipeline.py for tasks to queue
[2026-01-27T09:06:27.493+0000] {logging_mixin.py:188} INFO - [2026-01-27T09:06:27.493+0000] {dagbag.py:545} INFO - Filling up the DagBag from /opt/airflow/dags/xml_pipeline.py
[2026-01-27T09:06:27.513+0000] {processor.py:840} INFO - DAG(s) 'xml_pipeline' retrieved from /opt/airflow/dags/xml_pipeline.py
[2026-01-27T09:06:27.544+0000] {logging_mixin.py:188} INFO - [2026-01-27T09:06:27.544+0000] {dag.py:3089} INFO - Sync 1 DAGs
[2026-01-27T09:06:27.558+0000] {logging_mixin.py:188} INFO - [2026-01-27T09:06:27.557+0000] {dag.py:3947} INFO - Setting next_dagrun for xml_pipeline to None, run_after=None
[2026-01-27T09:06:27.579+0000] {processor.py:183} INFO - Processing /opt/airflow/dags/xml_pipeline.py took 0.095 seconds
[2026-01-27T09:06:57.815+0000] {processor.py:161} INFO - Started process (PID=161) to work on /opt/airflow/dags/xml_pipeline.py
[2026-01-27T09:06:57.816+0000] {processor.py:830} INFO - Processing file /opt/airflow/dags/xml_pipeline.py for tasks to queue
[2026-01-27T09:06:57.818+0000] {logging_mixin.py:188} INFO - [2026-01-27T09:06:57.818+0000] {dagbag.py:545} INFO - Filling up the DagBag from /opt/airflow/dags/xml_pipeline.py
[2026-01-27T09:06:57.835+0000] {processor.py:840} INFO - DAG(s) 'xml_pipeline' retrieved from /opt/airflow/dags/xml_pipeline.py
[2026-01-27T09:06:57.865+0000] {logging_mixin.py:188} INFO - [2026-01-27T09:06:57.865+0000] {dag.py:3089} INFO - Sync 1 DAGs
[2026-01-27T09:06:57.877+0000] {logging_mixin.py:188} INFO - [2026-01-27T09:06:57.877+0000] {dag.py:3947} INFO - Setting next_dagrun for xml_pipeline to None, run_after=None
[2026-01-27T09:06:57.896+0000] {processor.py:183} INFO - Processing /opt/airflow/dags/xml_pipeline.py took 0.091 seconds
[2026-01-27T09:07:28.056+0000] {processor.py:161} INFO - Started process (PID=163) to work on /opt/airflow/dags/xml_pipeline.py
[2026-01-27T09:07:28.057+0000] {processor.py:830} INFO - Processing file /opt/airflow/dags/xml_pipeline.py for tasks to queue
[2026-01-27T09:07:28.059+0000] {logging_mixin.py:188} INFO - [2026-01-27T09:07:28.059+0000] {dagbag.py:545} INFO - Filling up the DagBag from /opt/airflow/dags/xml_pipeline.py
[2026-01-27T09:07:28.076+0000] {processor.py:840} INFO - DAG(s) 'xml_pipeline' retrieved from /opt/airflow/dags/xml_pipeline.py
[2026-01-27T09:07:28.107+0000] {logging_mixin.py:188} INFO - [2026-01-27T09:07:28.107+0000] {dag.py:3089} INFO - Sync 1 DAGs
[2026-01-27T09:07:28.119+0000] {logging_mixin.py:188} INFO - [2026-01-27T09:07:28.118+0000] {dag.py:3947} INFO - Setting next_dagrun for xml_pipeline to None, run_after=None
[2026-01-27T09:07:28.135+0000] {processor.py:183} INFO - Processing /opt/airflow/dags/xml_pipeline.py took 0.085 seconds
[2026-01-27T09:07:58.377+0000] {processor.py:161} INFO - Started process (PID=165) to work on /opt/airflow/dags/xml_pipeline.py
[2026-01-27T09:07:58.378+0000] {processor.py:830} INFO - Processing file /opt/airflow/dags/xml_pipeline.py for tasks to queue
[2026-01-27T09:07:58.379+0000] {logging_mixin.py:188} INFO - [2026-01-27T09:07:58.379+0000] {dagbag.py:545} INFO - Filling up the DagBag from /opt/airflow/dags/xml_pipeline.py
[2026-01-27T09:07:58.395+0000] {processor.py:840} INFO - DAG(s) 'xml_pipeline' retrieved from /opt/airflow/dags/xml_pipeline.py
[2026-01-27T09:07:58.424+0000] {logging_mixin.py:188} INFO - [2026-01-27T09:07:58.424+0000] {dag.py:3089} INFO - Sync 1 DAGs
[2026-01-27T09:07:58.439+0000] {logging_mixin.py:188} INFO - [2026-01-27T09:07:58.439+0000] {dag.py:3947} INFO - Setting next_dagrun for xml_pipeline to None, run_after=None
[2026-01-27T09:07:58.456+0000] {processor.py:183} INFO - Processing /opt/airflow/dags/xml_pipeline.py took 0.085 seconds
[2026-01-27T09:08:28.607+0000] {processor.py:161} INFO - Started process (PID=167) to work on /opt/airflow/dags/xml_pipeline.py
[2026-01-27T09:08:28.608+0000] {processor.py:830} INFO - Processing file /opt/airflow/dags/xml_pipeline.py for tasks to queue
[2026-01-27T09:08:28.610+0000] {logging_mixin.py:188} INFO - [2026-01-27T09:08:28.610+0000] {dagbag.py:545} INFO - Filling up the DagBag from /opt/airflow/dags/xml_pipeline.py
[2026-01-27T09:08:28.628+0000] {processor.py:840} INFO - DAG(s) 'xml_pipeline' retrieved from /opt/airflow/dags/xml_pipeline.py
[2026-01-27T09:08:28.657+0000] {logging_mixin.py:188} INFO - [2026-01-27T09:08:28.657+0000] {dag.py:3089} INFO - Sync 1 DAGs
[2026-01-27T09:08:28.672+0000] {logging_mixin.py:188} INFO - [2026-01-27T09:08:28.671+0000] {dag.py:3947} INFO - Setting next_dagrun for xml_pipeline to None, run_after=None
[2026-01-27T09:08:28.691+0000] {processor.py:183} INFO - Processing /opt/airflow/dags/xml_pipeline.py took 0.092 seconds
[2026-01-27T09:08:58.848+0000] {processor.py:161} INFO - Started process (PID=169) to work on /opt/airflow/dags/xml_pipeline.py
[2026-01-27T09:08:58.849+0000] {processor.py:830} INFO - Processing file /opt/airflow/dags/xml_pipeline.py for tasks to queue
[2026-01-27T09:08:58.851+0000] {logging_mixin.py:188} INFO - [2026-01-27T09:08:58.851+0000] {dagbag.py:545} INFO - Filling up the DagBag from /opt/airflow/dags/xml_pipeline.py
[2026-01-27T09:08:58.867+0000] {processor.py:840} INFO - DAG(s) 'xml_pipeline' retrieved from /opt/airflow/dags/xml_pipeline.py
[2026-01-27T09:08:58.895+0000] {logging_mixin.py:188} INFO - [2026-01-27T09:08:58.895+0000] {dag.py:3089} INFO - Sync 1 DAGs
[2026-01-27T09:08:58.907+0000] {logging_mixin.py:188} INFO - [2026-01-27T09:08:58.907+0000] {dag.py:3947} INFO - Setting next_dagrun for xml_pipeline to None, run_after=None
[2026-01-27T09:08:58.925+0000] {processor.py:183} INFO - Processing /opt/airflow/dags/xml_pipeline.py took 0.083 seconds
[2026-01-27T09:09:29.088+0000] {processor.py:161} INFO - Started process (PID=171) to work on /opt/airflow/dags/xml_pipeline.py
[2026-01-27T09:09:29.088+0000] {processor.py:830} INFO - Processing file /opt/airflow/dags/xml_pipeline.py for tasks to queue
[2026-01-27T09:09:29.090+0000] {logging_mixin.py:188} INFO - [2026-01-27T09:09:29.090+0000] {dagbag.py:545} INFO - Filling up the DagBag from /opt/airflow/dags/xml_pipeline.py
[2026-01-27T09:09:29.107+0000] {processor.py:840} INFO - DAG(s) 'xml_pipeline' retrieved from /opt/airflow/dags/xml_pipeline.py
[2026-01-27T09:09:29.137+0000] {logging_mixin.py:188} INFO - [2026-01-27T09:09:29.136+0000] {dag.py:3089} INFO - Sync 1 DAGs
[2026-01-27T09:09:29.149+0000] {logging_mixin.py:188} INFO - [2026-01-27T09:09:29.149+0000] {dag.py:3947} INFO - Setting next_dagrun for xml_pipeline to None, run_after=None
[2026-01-27T09:09:29.166+0000] {processor.py:183} INFO - Processing /opt/airflow/dags/xml_pipeline.py took 0.084 seconds
[2026-01-27T09:09:59.316+0000] {processor.py:161} INFO - Started process (PID=173) to work on /opt/airflow/dags/xml_pipeline.py
[2026-01-27T09:09:59.317+0000] {processor.py:830} INFO - Processing file /opt/airflow/dags/xml_pipeline.py for tasks to queue
[2026-01-27T09:09:59.318+0000] {logging_mixin.py:188} INFO - [2026-01-27T09:09:59.318+0000] {dagbag.py:545} INFO - Filling up the DagBag from /opt/airflow/dags/xml_pipeline.py
[2026-01-27T09:09:59.334+0000] {processor.py:840} INFO - DAG(s) 'xml_pipeline' retrieved from /opt/airflow/dags/xml_pipeline.py
[2026-01-27T09:09:59.366+0000] {logging_mixin.py:188} INFO - [2026-01-27T09:09:59.365+0000] {dag.py:3089} INFO - Sync 1 DAGs
[2026-01-27T09:09:59.379+0000] {logging_mixin.py:188} INFO - [2026-01-27T09:09:59.379+0000] {dag.py:3947} INFO - Setting next_dagrun for xml_pipeline to None, run_after=None
[2026-01-27T09:09:59.398+0000] {processor.py:183} INFO - Processing /opt/airflow/dags/xml_pipeline.py took 0.088 seconds
[2026-01-27T09:10:29.608+0000] {processor.py:161} INFO - Started process (PID=175) to work on /opt/airflow/dags/xml_pipeline.py
[2026-01-27T09:10:29.609+0000] {processor.py:830} INFO - Processing file /opt/airflow/dags/xml_pipeline.py for tasks to queue
[2026-01-27T09:10:29.611+0000] {logging_mixin.py:188} INFO - [2026-01-27T09:10:29.611+0000] {dagbag.py:545} INFO - Filling up the DagBag from /opt/airflow/dags/xml_pipeline.py
[2026-01-27T09:10:29.630+0000] {processor.py:840} INFO - DAG(s) 'xml_pipeline' retrieved from /opt/airflow/dags/xml_pipeline.py
[2026-01-27T09:10:29.659+0000] {logging_mixin.py:188} INFO - [2026-01-27T09:10:29.659+0000] {dag.py:3089} INFO - Sync 1 DAGs
[2026-01-27T09:10:29.673+0000] {logging_mixin.py:188} INFO - [2026-01-27T09:10:29.673+0000] {dag.py:3947} INFO - Setting next_dagrun for xml_pipeline to None, run_after=None
[2026-01-27T09:10:29.691+0000] {processor.py:183} INFO - Processing /opt/airflow/dags/xml_pipeline.py took 0.089 seconds
[2026-01-27T09:10:59.828+0000] {processor.py:161} INFO - Started process (PID=177) to work on /opt/airflow/dags/xml_pipeline.py
[2026-01-27T09:10:59.829+0000] {processor.py:830} INFO - Processing file /opt/airflow/dags/xml_pipeline.py for tasks to queue
[2026-01-27T09:10:59.831+0000] {logging_mixin.py:188} INFO - [2026-01-27T09:10:59.831+0000] {dagbag.py:545} INFO - Filling up the DagBag from /opt/airflow/dags/xml_pipeline.py
[2026-01-27T09:10:59.847+0000] {processor.py:840} INFO - DAG(s) 'xml_pipeline' retrieved from /opt/airflow/dags/xml_pipeline.py
[2026-01-27T09:10:59.875+0000] {logging_mixin.py:188} INFO - [2026-01-27T09:10:59.874+0000] {dag.py:3089} INFO - Sync 1 DAGs
[2026-01-27T09:10:59.887+0000] {logging_mixin.py:188} INFO - [2026-01-27T09:10:59.887+0000] {dag.py:3947} INFO - Setting next_dagrun for xml_pipeline to None, run_after=None
[2026-01-27T09:10:59.906+0000] {processor.py:183} INFO - Processing /opt/airflow/dags/xml_pipeline.py took 0.082 seconds
[2026-01-27T09:11:30.139+0000] {processor.py:161} INFO - Started process (PID=179) to work on /opt/airflow/dags/xml_pipeline.py
[2026-01-27T09:11:30.140+0000] {processor.py:830} INFO - Processing file /opt/airflow/dags/xml_pipeline.py for tasks to queue
[2026-01-27T09:11:30.142+0000] {logging_mixin.py:188} INFO - [2026-01-27T09:11:30.141+0000] {dagbag.py:545} INFO - Filling up the DagBag from /opt/airflow/dags/xml_pipeline.py
[2026-01-27T09:11:30.157+0000] {processor.py:840} INFO - DAG(s) 'xml_pipeline' retrieved from /opt/airflow/dags/xml_pipeline.py
[2026-01-27T09:11:30.184+0000] {logging_mixin.py:188} INFO - [2026-01-27T09:11:30.184+0000] {dag.py:3089} INFO - Sync 1 DAGs
[2026-01-27T09:11:30.195+0000] {logging_mixin.py:188} INFO - [2026-01-27T09:11:30.195+0000] {dag.py:3947} INFO - Setting next_dagrun for xml_pipeline to None, run_after=None
[2026-01-27T09:11:30.212+0000] {processor.py:183} INFO - Processing /opt/airflow/dags/xml_pipeline.py took 0.078 seconds
[2026-01-27T09:12:00.446+0000] {processor.py:161} INFO - Started process (PID=181) to work on /opt/airflow/dags/xml_pipeline.py
[2026-01-27T09:12:00.447+0000] {processor.py:830} INFO - Processing file /opt/airflow/dags/xml_pipeline.py for tasks to queue
[2026-01-27T09:12:00.449+0000] {logging_mixin.py:188} INFO - [2026-01-27T09:12:00.448+0000] {dagbag.py:545} INFO - Filling up the DagBag from /opt/airflow/dags/xml_pipeline.py
[2026-01-27T09:12:00.467+0000] {processor.py:840} INFO - DAG(s) 'xml_pipeline' retrieved from /opt/airflow/dags/xml_pipeline.py
[2026-01-27T09:12:00.495+0000] {logging_mixin.py:188} INFO - [2026-01-27T09:12:00.495+0000] {dag.py:3089} INFO - Sync 1 DAGs
[2026-01-27T09:12:00.507+0000] {logging_mixin.py:188} INFO - [2026-01-27T09:12:00.507+0000] {dag.py:3947} INFO - Setting next_dagrun for xml_pipeline to None, run_after=None
[2026-01-27T09:12:00.524+0000] {processor.py:183} INFO - Processing /opt/airflow/dags/xml_pipeline.py took 0.084 seconds
[2026-01-27T09:12:30.687+0000] {processor.py:161} INFO - Started process (PID=183) to work on /opt/airflow/dags/xml_pipeline.py
[2026-01-27T09:12:30.688+0000] {processor.py:830} INFO - Processing file /opt/airflow/dags/xml_pipeline.py for tasks to queue
[2026-01-27T09:12:30.689+0000] {logging_mixin.py:188} INFO - [2026-01-27T09:12:30.689+0000] {dagbag.py:545} INFO - Filling up the DagBag from /opt/airflow/dags/xml_pipeline.py
[2026-01-27T09:12:30.709+0000] {processor.py:840} INFO - DAG(s) 'xml_pipeline' retrieved from /opt/airflow/dags/xml_pipeline.py
[2026-01-27T09:12:30.739+0000] {logging_mixin.py:188} INFO - [2026-01-27T09:12:30.738+0000] {dag.py:3089} INFO - Sync 1 DAGs
[2026-01-27T09:12:30.750+0000] {logging_mixin.py:188} INFO - [2026-01-27T09:12:30.750+0000] {dag.py:3947} INFO - Setting next_dagrun for xml_pipeline to None, run_after=None
[2026-01-27T09:12:30.772+0000] {processor.py:183} INFO - Processing /opt/airflow/dags/xml_pipeline.py took 0.091 seconds
[2026-01-27T09:13:01.016+0000] {processor.py:161} INFO - Started process (PID=185) to work on /opt/airflow/dags/xml_pipeline.py
[2026-01-27T09:13:01.016+0000] {processor.py:830} INFO - Processing file /opt/airflow/dags/xml_pipeline.py for tasks to queue
[2026-01-27T09:13:01.018+0000] {logging_mixin.py:188} INFO - [2026-01-27T09:13:01.018+0000] {dagbag.py:545} INFO - Filling up the DagBag from /opt/airflow/dags/xml_pipeline.py
[2026-01-27T09:13:01.047+0000] {processor.py:840} INFO - DAG(s) 'xml_pipeline' retrieved from /opt/airflow/dags/xml_pipeline.py
[2026-01-27T09:13:01.084+0000] {logging_mixin.py:188} INFO - [2026-01-27T09:13:01.083+0000] {dag.py:3089} INFO - Sync 1 DAGs
[2026-01-27T09:13:01.099+0000] {logging_mixin.py:188} INFO - [2026-01-27T09:13:01.099+0000] {dag.py:3947} INFO - Setting next_dagrun for xml_pipeline to None, run_after=None
[2026-01-27T09:13:01.122+0000] {processor.py:183} INFO - Processing /opt/airflow/dags/xml_pipeline.py took 0.113 seconds
[2026-01-27T09:13:31.365+0000] {processor.py:161} INFO - Started process (PID=187) to work on /opt/airflow/dags/xml_pipeline.py
[2026-01-27T09:13:31.366+0000] {processor.py:830} INFO - Processing file /opt/airflow/dags/xml_pipeline.py for tasks to queue
[2026-01-27T09:13:31.368+0000] {logging_mixin.py:188} INFO - [2026-01-27T09:13:31.368+0000] {dagbag.py:545} INFO - Filling up the DagBag from /opt/airflow/dags/xml_pipeline.py
[2026-01-27T09:13:31.386+0000] {processor.py:840} INFO - DAG(s) 'xml_pipeline' retrieved from /opt/airflow/dags/xml_pipeline.py
[2026-01-27T09:13:31.416+0000] {logging_mixin.py:188} INFO - [2026-01-27T09:13:31.415+0000] {dag.py:3089} INFO - Sync 1 DAGs
[2026-01-27T09:13:31.428+0000] {logging_mixin.py:188} INFO - [2026-01-27T09:13:31.428+0000] {dag.py:3947} INFO - Setting next_dagrun for xml_pipeline to None, run_after=None
[2026-01-27T09:13:31.444+0000] {processor.py:183} INFO - Processing /opt/airflow/dags/xml_pipeline.py took 0.084 seconds
[2026-01-27T09:14:01.600+0000] {processor.py:161} INFO - Started process (PID=189) to work on /opt/airflow/dags/xml_pipeline.py
[2026-01-27T09:14:01.601+0000] {processor.py:830} INFO - Processing file /opt/airflow/dags/xml_pipeline.py for tasks to queue
[2026-01-27T09:14:01.603+0000] {logging_mixin.py:188} INFO - [2026-01-27T09:14:01.603+0000] {dagbag.py:545} INFO - Filling up the DagBag from /opt/airflow/dags/xml_pipeline.py
[2026-01-27T09:14:01.624+0000] {processor.py:840} INFO - DAG(s) 'xml_pipeline' retrieved from /opt/airflow/dags/xml_pipeline.py
[2026-01-27T09:14:01.659+0000] {logging_mixin.py:188} INFO - [2026-01-27T09:14:01.659+0000] {dag.py:3089} INFO - Sync 1 DAGs
[2026-01-27T09:14:01.676+0000] {logging_mixin.py:188} INFO - [2026-01-27T09:14:01.676+0000] {dag.py:3947} INFO - Setting next_dagrun for xml_pipeline to None, run_after=None
[2026-01-27T09:14:01.707+0000] {processor.py:183} INFO - Processing /opt/airflow/dags/xml_pipeline.py took 0.114 seconds
[2026-01-27T09:14:31.862+0000] {processor.py:161} INFO - Started process (PID=191) to work on /opt/airflow/dags/xml_pipeline.py
[2026-01-27T09:14:31.863+0000] {processor.py:830} INFO - Processing file /opt/airflow/dags/xml_pipeline.py for tasks to queue
[2026-01-27T09:14:31.866+0000] {logging_mixin.py:188} INFO - [2026-01-27T09:14:31.866+0000] {dagbag.py:545} INFO - Filling up the DagBag from /opt/airflow/dags/xml_pipeline.py
[2026-01-27T09:14:31.885+0000] {processor.py:840} INFO - DAG(s) 'xml_pipeline' retrieved from /opt/airflow/dags/xml_pipeline.py
[2026-01-27T09:14:31.921+0000] {logging_mixin.py:188} INFO - [2026-01-27T09:14:31.921+0000] {dag.py:3089} INFO - Sync 1 DAGs
[2026-01-27T09:14:31.937+0000] {logging_mixin.py:188} INFO - [2026-01-27T09:14:31.936+0000] {dag.py:3947} INFO - Setting next_dagrun for xml_pipeline to None, run_after=None
[2026-01-27T09:14:31.958+0000] {processor.py:183} INFO - Processing /opt/airflow/dags/xml_pipeline.py took 0.102 seconds
[2026-01-27T09:15:02.123+0000] {processor.py:161} INFO - Started process (PID=193) to work on /opt/airflow/dags/xml_pipeline.py
[2026-01-27T09:15:02.124+0000] {processor.py:830} INFO - Processing file /opt/airflow/dags/xml_pipeline.py for tasks to queue
[2026-01-27T09:15:02.127+0000] {logging_mixin.py:188} INFO - [2026-01-27T09:15:02.126+0000] {dagbag.py:545} INFO - Filling up the DagBag from /opt/airflow/dags/xml_pipeline.py
[2026-01-27T09:15:02.148+0000] {processor.py:840} INFO - DAG(s) 'xml_pipeline' retrieved from /opt/airflow/dags/xml_pipeline.py
[2026-01-27T09:15:02.182+0000] {logging_mixin.py:188} INFO - [2026-01-27T09:15:02.182+0000] {dag.py:3089} INFO - Sync 1 DAGs
[2026-01-27T09:15:02.198+0000] {logging_mixin.py:188} INFO - [2026-01-27T09:15:02.197+0000] {dag.py:3947} INFO - Setting next_dagrun for xml_pipeline to None, run_after=None
[2026-01-27T09:15:02.222+0000] {processor.py:183} INFO - Processing /opt/airflow/dags/xml_pipeline.py took 0.107 seconds
[2026-01-27T09:15:32.413+0000] {processor.py:161} INFO - Started process (PID=195) to work on /opt/airflow/dags/xml_pipeline.py
[2026-01-27T09:15:32.414+0000] {processor.py:830} INFO - Processing file /opt/airflow/dags/xml_pipeline.py for tasks to queue
[2026-01-27T09:15:32.416+0000] {logging_mixin.py:188} INFO - [2026-01-27T09:15:32.415+0000] {dagbag.py:545} INFO - Filling up the DagBag from /opt/airflow/dags/xml_pipeline.py
[2026-01-27T09:15:32.432+0000] {processor.py:840} INFO - DAG(s) 'xml_pipeline' retrieved from /opt/airflow/dags/xml_pipeline.py
[2026-01-27T09:15:32.468+0000] {logging_mixin.py:188} INFO - [2026-01-27T09:15:32.468+0000] {dag.py:3089} INFO - Sync 1 DAGs
[2026-01-27T09:15:32.481+0000] {logging_mixin.py:188} INFO - [2026-01-27T09:15:32.481+0000] {dag.py:3947} INFO - Setting next_dagrun for xml_pipeline to None, run_after=None
[2026-01-27T09:15:32.499+0000] {processor.py:183} INFO - Processing /opt/airflow/dags/xml_pipeline.py took 0.092 seconds
[2026-01-27T09:16:02.630+0000] {processor.py:161} INFO - Started process (PID=197) to work on /opt/airflow/dags/xml_pipeline.py
[2026-01-27T09:16:02.631+0000] {processor.py:830} INFO - Processing file /opt/airflow/dags/xml_pipeline.py for tasks to queue
[2026-01-27T09:16:02.633+0000] {logging_mixin.py:188} INFO - [2026-01-27T09:16:02.633+0000] {dagbag.py:545} INFO - Filling up the DagBag from /opt/airflow/dags/xml_pipeline.py
[2026-01-27T09:16:02.651+0000] {processor.py:840} INFO - DAG(s) 'xml_pipeline' retrieved from /opt/airflow/dags/xml_pipeline.py
[2026-01-27T09:16:02.680+0000] {logging_mixin.py:188} INFO - [2026-01-27T09:16:02.680+0000] {dag.py:3089} INFO - Sync 1 DAGs
[2026-01-27T09:16:02.692+0000] {logging_mixin.py:188} INFO - [2026-01-27T09:16:02.692+0000] {dag.py:3947} INFO - Setting next_dagrun for xml_pipeline to None, run_after=None
[2026-01-27T09:16:02.711+0000] {processor.py:183} INFO - Processing /opt/airflow/dags/xml_pipeline.py took 0.086 seconds
[2026-01-27T09:16:32.942+0000] {processor.py:161} INFO - Started process (PID=199) to work on /opt/airflow/dags/xml_pipeline.py
[2026-01-27T09:16:32.943+0000] {processor.py:830} INFO - Processing file /opt/airflow/dags/xml_pipeline.py for tasks to queue
[2026-01-27T09:16:32.945+0000] {logging_mixin.py:188} INFO - [2026-01-27T09:16:32.945+0000] {dagbag.py:545} INFO - Filling up the DagBag from /opt/airflow/dags/xml_pipeline.py
[2026-01-27T09:16:32.964+0000] {processor.py:840} INFO - DAG(s) 'xml_pipeline' retrieved from /opt/airflow/dags/xml_pipeline.py
[2026-01-27T09:16:32.993+0000] {logging_mixin.py:188} INFO - [2026-01-27T09:16:32.993+0000] {dag.py:3089} INFO - Sync 1 DAGs
[2026-01-27T09:16:33.007+0000] {logging_mixin.py:188} INFO - [2026-01-27T09:16:33.006+0000] {dag.py:3947} INFO - Setting next_dagrun for xml_pipeline to None, run_after=None
[2026-01-27T09:16:33.025+0000] {processor.py:183} INFO - Processing /opt/airflow/dags/xml_pipeline.py took 0.089 seconds
[2026-01-27T09:17:03.163+0000] {processor.py:161} INFO - Started process (PID=201) to work on /opt/airflow/dags/xml_pipeline.py
[2026-01-27T09:17:03.164+0000] {processor.py:830} INFO - Processing file /opt/airflow/dags/xml_pipeline.py for tasks to queue
[2026-01-27T09:17:03.166+0000] {logging_mixin.py:188} INFO - [2026-01-27T09:17:03.166+0000] {dagbag.py:545} INFO - Filling up the DagBag from /opt/airflow/dags/xml_pipeline.py
[2026-01-27T09:17:03.184+0000] {processor.py:840} INFO - DAG(s) 'xml_pipeline' retrieved from /opt/airflow/dags/xml_pipeline.py
[2026-01-27T09:17:03.215+0000] {logging_mixin.py:188} INFO - [2026-01-27T09:17:03.215+0000] {dag.py:3089} INFO - Sync 1 DAGs
[2026-01-27T09:17:03.228+0000] {logging_mixin.py:188} INFO - [2026-01-27T09:17:03.228+0000] {dag.py:3947} INFO - Setting next_dagrun for xml_pipeline to None, run_after=None
[2026-01-27T09:17:03.246+0000] {processor.py:183} INFO - Processing /opt/airflow/dags/xml_pipeline.py took 0.089 seconds
[2026-01-27T09:17:33.430+0000] {processor.py:161} INFO - Started process (PID=203) to work on /opt/airflow/dags/xml_pipeline.py
[2026-01-27T09:17:33.431+0000] {processor.py:830} INFO - Processing file /opt/airflow/dags/xml_pipeline.py for tasks to queue
[2026-01-27T09:17:33.436+0000] {logging_mixin.py:188} INFO - [2026-01-27T09:17:33.435+0000] {dagbag.py:545} INFO - Filling up the DagBag from /opt/airflow/dags/xml_pipeline.py
[2026-01-27T09:17:33.456+0000] {processor.py:840} INFO - DAG(s) 'xml_pipeline' retrieved from /opt/airflow/dags/xml_pipeline.py
[2026-01-27T09:17:33.491+0000] {logging_mixin.py:188} INFO - [2026-01-27T09:17:33.490+0000] {dag.py:3089} INFO - Sync 1 DAGs
[2026-01-27T09:17:33.506+0000] {logging_mixin.py:188} INFO - [2026-01-27T09:17:33.506+0000] {dag.py:3947} INFO - Setting next_dagrun for xml_pipeline to None, run_after=None
[2026-01-27T09:17:33.530+0000] {processor.py:183} INFO - Processing /opt/airflow/dags/xml_pipeline.py took 0.107 seconds
[2026-01-27T09:18:03.778+0000] {processor.py:161} INFO - Started process (PID=205) to work on /opt/airflow/dags/xml_pipeline.py
[2026-01-27T09:18:03.779+0000] {processor.py:830} INFO - Processing file /opt/airflow/dags/xml_pipeline.py for tasks to queue
[2026-01-27T09:18:03.782+0000] {logging_mixin.py:188} INFO - [2026-01-27T09:18:03.781+0000] {dagbag.py:545} INFO - Filling up the DagBag from /opt/airflow/dags/xml_pipeline.py
[2026-01-27T09:18:03.801+0000] {processor.py:840} INFO - DAG(s) 'xml_pipeline' retrieved from /opt/airflow/dags/xml_pipeline.py
[2026-01-27T09:18:03.829+0000] {logging_mixin.py:188} INFO - [2026-01-27T09:18:03.828+0000] {dag.py:3089} INFO - Sync 1 DAGs
[2026-01-27T09:18:03.842+0000] {logging_mixin.py:188} INFO - [2026-01-27T09:18:03.842+0000] {dag.py:3947} INFO - Setting next_dagrun for xml_pipeline to None, run_after=None
[2026-01-27T09:18:03.864+0000] {processor.py:183} INFO - Processing /opt/airflow/dags/xml_pipeline.py took 0.094 seconds
[2026-01-27T09:18:34.106+0000] {processor.py:161} INFO - Started process (PID=207) to work on /opt/airflow/dags/xml_pipeline.py
[2026-01-27T09:18:34.108+0000] {processor.py:830} INFO - Processing file /opt/airflow/dags/xml_pipeline.py for tasks to queue
[2026-01-27T09:18:34.110+0000] {logging_mixin.py:188} INFO - [2026-01-27T09:18:34.110+0000] {dagbag.py:545} INFO - Filling up the DagBag from /opt/airflow/dags/xml_pipeline.py
[2026-01-27T09:18:34.128+0000] {processor.py:840} INFO - DAG(s) 'xml_pipeline' retrieved from /opt/airflow/dags/xml_pipeline.py
[2026-01-27T09:18:34.155+0000] {logging_mixin.py:188} INFO - [2026-01-27T09:18:34.155+0000] {dag.py:3089} INFO - Sync 1 DAGs
[2026-01-27T09:18:34.168+0000] {logging_mixin.py:188} INFO - [2026-01-27T09:18:34.168+0000] {dag.py:3947} INFO - Setting next_dagrun for xml_pipeline to None, run_after=None
[2026-01-27T09:18:34.185+0000] {processor.py:183} INFO - Processing /opt/airflow/dags/xml_pipeline.py took 0.086 seconds
[2026-01-27T09:19:04.339+0000] {processor.py:161} INFO - Started process (PID=209) to work on /opt/airflow/dags/xml_pipeline.py
[2026-01-27T09:19:04.340+0000] {processor.py:830} INFO - Processing file /opt/airflow/dags/xml_pipeline.py for tasks to queue
[2026-01-27T09:19:04.342+0000] {logging_mixin.py:188} INFO - [2026-01-27T09:19:04.342+0000] {dagbag.py:545} INFO - Filling up the DagBag from /opt/airflow/dags/xml_pipeline.py
[2026-01-27T09:19:04.360+0000] {processor.py:840} INFO - DAG(s) 'xml_pipeline' retrieved from /opt/airflow/dags/xml_pipeline.py
[2026-01-27T09:19:04.389+0000] {logging_mixin.py:188} INFO - [2026-01-27T09:19:04.389+0000] {dag.py:3089} INFO - Sync 1 DAGs
[2026-01-27T09:19:04.402+0000] {logging_mixin.py:188} INFO - [2026-01-27T09:19:04.401+0000] {dag.py:3947} INFO - Setting next_dagrun for xml_pipeline to None, run_after=None
[2026-01-27T09:19:04.425+0000] {processor.py:183} INFO - Processing /opt/airflow/dags/xml_pipeline.py took 0.091 seconds
[2026-01-27T09:19:34.586+0000] {processor.py:161} INFO - Started process (PID=211) to work on /opt/airflow/dags/xml_pipeline.py
[2026-01-27T09:19:34.587+0000] {processor.py:830} INFO - Processing file /opt/airflow/dags/xml_pipeline.py for tasks to queue
[2026-01-27T09:19:34.588+0000] {logging_mixin.py:188} INFO - [2026-01-27T09:19:34.588+0000] {dagbag.py:545} INFO - Filling up the DagBag from /opt/airflow/dags/xml_pipeline.py
[2026-01-27T09:19:34.607+0000] {processor.py:840} INFO - DAG(s) 'xml_pipeline' retrieved from /opt/airflow/dags/xml_pipeline.py
[2026-01-27T09:19:34.635+0000] {logging_mixin.py:188} INFO - [2026-01-27T09:19:34.635+0000] {dag.py:3089} INFO - Sync 1 DAGs
[2026-01-27T09:19:34.649+0000] {logging_mixin.py:188} INFO - [2026-01-27T09:19:34.649+0000] {dag.py:3947} INFO - Setting next_dagrun for xml_pipeline to None, run_after=None
[2026-01-27T09:19:34.669+0000] {processor.py:183} INFO - Processing /opt/airflow/dags/xml_pipeline.py took 0.089 seconds
[2026-01-27T09:20:04.819+0000] {processor.py:161} INFO - Started process (PID=213) to work on /opt/airflow/dags/xml_pipeline.py
[2026-01-27T09:20:04.820+0000] {processor.py:830} INFO - Processing file /opt/airflow/dags/xml_pipeline.py for tasks to queue
[2026-01-27T09:20:04.822+0000] {logging_mixin.py:188} INFO - [2026-01-27T09:20:04.821+0000] {dagbag.py:545} INFO - Filling up the DagBag from /opt/airflow/dags/xml_pipeline.py
[2026-01-27T09:20:04.838+0000] {processor.py:840} INFO - DAG(s) 'xml_pipeline' retrieved from /opt/airflow/dags/xml_pipeline.py
[2026-01-27T09:20:04.863+0000] {logging_mixin.py:188} INFO - [2026-01-27T09:20:04.863+0000] {dag.py:3089} INFO - Sync 1 DAGs
[2026-01-27T09:20:04.874+0000] {logging_mixin.py:188} INFO - [2026-01-27T09:20:04.874+0000] {dag.py:3947} INFO - Setting next_dagrun for xml_pipeline to None, run_after=None
[2026-01-27T09:20:04.889+0000] {processor.py:183} INFO - Processing /opt/airflow/dags/xml_pipeline.py took 0.075 seconds
