[2026-02-10T00:00:07.764+0000] {processor.py:161} INFO - Started process (PID=166) to work on /opt/airflow/dags/temperature_etl.py
[2026-02-10T00:00:07.765+0000] {processor.py:830} INFO - Processing file /opt/airflow/dags/temperature_etl.py for tasks to queue
[2026-02-10T00:00:07.767+0000] {logging_mixin.py:188} INFO - [2026-02-10T00:00:07.766+0000] {dagbag.py:545} INFO - Filling up the DagBag from /opt/airflow/dags/temperature_etl.py
[2026-02-10T00:00:08.038+0000] {processor.py:840} INFO - DAG(s) 'temperature_etl_to_postgres' retrieved from /opt/airflow/dags/temperature_etl.py
[2026-02-10T00:00:08.068+0000] {logging_mixin.py:188} INFO - [2026-02-10T00:00:08.067+0000] {dag.py:3089} INFO - Sync 1 DAGs
[2026-02-10T00:00:08.085+0000] {logging_mixin.py:188} INFO - [2026-02-10T00:00:08.084+0000] {dag.py:3947} INFO - Setting next_dagrun for temperature_etl_to_postgres to None, run_after=None
[2026-02-10T00:00:08.102+0000] {processor.py:183} INFO - Processing /opt/airflow/dags/temperature_etl.py took 0.344 seconds
[2026-02-10T00:00:38.551+0000] {processor.py:161} INFO - Started process (PID=172) to work on /opt/airflow/dags/temperature_etl.py
[2026-02-10T00:00:38.552+0000] {processor.py:830} INFO - Processing file /opt/airflow/dags/temperature_etl.py for tasks to queue
[2026-02-10T00:00:38.555+0000] {logging_mixin.py:188} INFO - [2026-02-10T00:00:38.554+0000] {dagbag.py:545} INFO - Filling up the DagBag from /opt/airflow/dags/temperature_etl.py
[2026-02-10T00:00:38.841+0000] {processor.py:840} INFO - DAG(s) 'temperature_etl_to_postgres' retrieved from /opt/airflow/dags/temperature_etl.py
[2026-02-10T00:00:38.872+0000] {logging_mixin.py:188} INFO - [2026-02-10T00:00:38.871+0000] {dag.py:3089} INFO - Sync 1 DAGs
[2026-02-10T00:00:38.889+0000] {logging_mixin.py:188} INFO - [2026-02-10T00:00:38.889+0000] {dag.py:3947} INFO - Setting next_dagrun for temperature_etl_to_postgres to None, run_after=None
[2026-02-10T00:00:38.906+0000] {processor.py:183} INFO - Processing /opt/airflow/dags/temperature_etl.py took 0.363 seconds
[2026-02-10T00:01:09.545+0000] {processor.py:161} INFO - Started process (PID=178) to work on /opt/airflow/dags/temperature_etl.py
[2026-02-10T00:01:09.547+0000] {processor.py:830} INFO - Processing file /opt/airflow/dags/temperature_etl.py for tasks to queue
[2026-02-10T00:01:09.549+0000] {logging_mixin.py:188} INFO - [2026-02-10T00:01:09.548+0000] {dagbag.py:545} INFO - Filling up the DagBag from /opt/airflow/dags/temperature_etl.py
[2026-02-10T00:01:09.802+0000] {processor.py:840} INFO - DAG(s) 'temperature_etl_to_postgres' retrieved from /opt/airflow/dags/temperature_etl.py
[2026-02-10T00:01:09.825+0000] {logging_mixin.py:188} INFO - [2026-02-10T00:01:09.825+0000] {dag.py:3089} INFO - Sync 1 DAGs
[2026-02-10T00:01:09.993+0000] {logging_mixin.py:188} INFO - [2026-02-10T00:01:09.993+0000] {dag.py:3947} INFO - Setting next_dagrun for temperature_etl_to_postgres to None, run_after=None
[2026-02-10T00:01:10.013+0000] {processor.py:183} INFO - Processing /opt/airflow/dags/temperature_etl.py took 0.473 seconds
[2026-02-10T00:01:40.325+0000] {processor.py:161} INFO - Started process (PID=184) to work on /opt/airflow/dags/temperature_etl.py
[2026-02-10T00:01:40.326+0000] {processor.py:830} INFO - Processing file /opt/airflow/dags/temperature_etl.py for tasks to queue
[2026-02-10T00:01:40.329+0000] {logging_mixin.py:188} INFO - [2026-02-10T00:01:40.328+0000] {dagbag.py:545} INFO - Filling up the DagBag from /opt/airflow/dags/temperature_etl.py
[2026-02-10T00:01:40.555+0000] {processor.py:840} INFO - DAG(s) 'temperature_etl_to_postgres' retrieved from /opt/airflow/dags/temperature_etl.py
[2026-02-10T00:01:40.582+0000] {logging_mixin.py:188} INFO - [2026-02-10T00:01:40.581+0000] {dag.py:3089} INFO - Sync 1 DAGs
[2026-02-10T00:01:40.601+0000] {logging_mixin.py:188} INFO - [2026-02-10T00:01:40.601+0000] {dag.py:3947} INFO - Setting next_dagrun for temperature_etl_to_postgres to None, run_after=None
[2026-02-10T00:01:40.625+0000] {processor.py:183} INFO - Processing /opt/airflow/dags/temperature_etl.py took 0.306 seconds
[2026-02-10T00:02:10.942+0000] {processor.py:161} INFO - Started process (PID=188) to work on /opt/airflow/dags/temperature_etl.py
[2026-02-10T00:02:10.944+0000] {processor.py:830} INFO - Processing file /opt/airflow/dags/temperature_etl.py for tasks to queue
[2026-02-10T00:02:10.946+0000] {logging_mixin.py:188} INFO - [2026-02-10T00:02:10.945+0000] {dagbag.py:545} INFO - Filling up the DagBag from /opt/airflow/dags/temperature_etl.py
[2026-02-10T00:02:11.215+0000] {processor.py:840} INFO - DAG(s) 'temperature_etl_to_postgres' retrieved from /opt/airflow/dags/temperature_etl.py
[2026-02-10T00:02:11.238+0000] {logging_mixin.py:188} INFO - [2026-02-10T00:02:11.238+0000] {dag.py:3089} INFO - Sync 1 DAGs
[2026-02-10T00:02:11.254+0000] {logging_mixin.py:188} INFO - [2026-02-10T00:02:11.253+0000] {dag.py:3947} INFO - Setting next_dagrun for temperature_etl_to_postgres to None, run_after=None
[2026-02-10T00:02:11.268+0000] {processor.py:183} INFO - Processing /opt/airflow/dags/temperature_etl.py took 0.332 seconds
[2026-02-10T00:02:41.390+0000] {processor.py:161} INFO - Started process (PID=190) to work on /opt/airflow/dags/temperature_etl.py
[2026-02-10T00:02:41.391+0000] {processor.py:830} INFO - Processing file /opt/airflow/dags/temperature_etl.py for tasks to queue
[2026-02-10T00:02:41.393+0000] {logging_mixin.py:188} INFO - [2026-02-10T00:02:41.392+0000] {dagbag.py:545} INFO - Filling up the DagBag from /opt/airflow/dags/temperature_etl.py
[2026-02-10T00:02:41.681+0000] {processor.py:840} INFO - DAG(s) 'temperature_etl_to_postgres' retrieved from /opt/airflow/dags/temperature_etl.py
[2026-02-10T00:02:41.703+0000] {logging_mixin.py:188} INFO - [2026-02-10T00:02:41.702+0000] {dag.py:3089} INFO - Sync 1 DAGs
[2026-02-10T00:02:41.726+0000] {logging_mixin.py:188} INFO - [2026-02-10T00:02:41.726+0000] {dag.py:3947} INFO - Setting next_dagrun for temperature_etl_to_postgres to None, run_after=None
[2026-02-10T00:02:41.747+0000] {processor.py:183} INFO - Processing /opt/airflow/dags/temperature_etl.py took 0.365 seconds
[2026-02-10T00:03:11.960+0000] {processor.py:161} INFO - Started process (PID=192) to work on /opt/airflow/dags/temperature_etl.py
[2026-02-10T00:03:11.961+0000] {processor.py:830} INFO - Processing file /opt/airflow/dags/temperature_etl.py for tasks to queue
[2026-02-10T00:03:11.962+0000] {logging_mixin.py:188} INFO - [2026-02-10T00:03:11.962+0000] {dagbag.py:545} INFO - Filling up the DagBag from /opt/airflow/dags/temperature_etl.py
[2026-02-10T00:03:12.245+0000] {processor.py:840} INFO - DAG(s) 'temperature_etl_to_postgres' retrieved from /opt/airflow/dags/temperature_etl.py
[2026-02-10T00:03:12.279+0000] {logging_mixin.py:188} INFO - [2026-02-10T00:03:12.278+0000] {dag.py:3089} INFO - Sync 1 DAGs
[2026-02-10T00:03:12.303+0000] {logging_mixin.py:188} INFO - [2026-02-10T00:03:12.303+0000] {dag.py:3947} INFO - Setting next_dagrun for temperature_etl_to_postgres to None, run_after=None
[2026-02-10T00:03:12.322+0000] {processor.py:183} INFO - Processing /opt/airflow/dags/temperature_etl.py took 0.369 seconds
[2026-02-10T00:03:42.535+0000] {processor.py:161} INFO - Started process (PID=194) to work on /opt/airflow/dags/temperature_etl.py
[2026-02-10T00:03:42.536+0000] {processor.py:830} INFO - Processing file /opt/airflow/dags/temperature_etl.py for tasks to queue
[2026-02-10T00:03:42.537+0000] {logging_mixin.py:188} INFO - [2026-02-10T00:03:42.536+0000] {dagbag.py:545} INFO - Filling up the DagBag from /opt/airflow/dags/temperature_etl.py
[2026-02-10T00:03:42.780+0000] {processor.py:840} INFO - DAG(s) 'temperature_etl_to_postgres' retrieved from /opt/airflow/dags/temperature_etl.py
[2026-02-10T00:03:42.805+0000] {logging_mixin.py:188} INFO - [2026-02-10T00:03:42.805+0000] {dag.py:3089} INFO - Sync 1 DAGs
[2026-02-10T00:03:42.990+0000] {logging_mixin.py:188} INFO - [2026-02-10T00:03:42.990+0000] {dag.py:3947} INFO - Setting next_dagrun for temperature_etl_to_postgres to None, run_after=None
[2026-02-10T00:03:43.003+0000] {processor.py:183} INFO - Processing /opt/airflow/dags/temperature_etl.py took 0.475 seconds
[2026-02-10T00:04:13.231+0000] {processor.py:161} INFO - Started process (PID=196) to work on /opt/airflow/dags/temperature_etl.py
[2026-02-10T00:04:13.232+0000] {processor.py:830} INFO - Processing file /opt/airflow/dags/temperature_etl.py for tasks to queue
[2026-02-10T00:04:13.233+0000] {logging_mixin.py:188} INFO - [2026-02-10T00:04:13.233+0000] {dagbag.py:545} INFO - Filling up the DagBag from /opt/airflow/dags/temperature_etl.py
[2026-02-10T00:04:13.491+0000] {processor.py:840} INFO - DAG(s) 'temperature_etl_to_postgres' retrieved from /opt/airflow/dags/temperature_etl.py
[2026-02-10T00:04:13.523+0000] {logging_mixin.py:188} INFO - [2026-02-10T00:04:13.522+0000] {dag.py:3089} INFO - Sync 1 DAGs
[2026-02-10T00:04:13.542+0000] {logging_mixin.py:188} INFO - [2026-02-10T00:04:13.541+0000] {dag.py:3947} INFO - Setting next_dagrun for temperature_etl_to_postgres to None, run_after=None
[2026-02-10T00:04:13.560+0000] {processor.py:183} INFO - Processing /opt/airflow/dags/temperature_etl.py took 0.334 seconds
[2026-02-10T00:04:43.777+0000] {processor.py:161} INFO - Started process (PID=198) to work on /opt/airflow/dags/temperature_etl.py
[2026-02-10T00:04:43.778+0000] {processor.py:830} INFO - Processing file /opt/airflow/dags/temperature_etl.py for tasks to queue
[2026-02-10T00:04:43.779+0000] {logging_mixin.py:188} INFO - [2026-02-10T00:04:43.779+0000] {dagbag.py:545} INFO - Filling up the DagBag from /opt/airflow/dags/temperature_etl.py
[2026-02-10T00:04:44.094+0000] {processor.py:840} INFO - DAG(s) 'temperature_etl_to_postgres' retrieved from /opt/airflow/dags/temperature_etl.py
[2026-02-10T00:04:44.127+0000] {logging_mixin.py:188} INFO - [2026-02-10T00:04:44.126+0000] {dag.py:3089} INFO - Sync 1 DAGs
[2026-02-10T00:04:44.150+0000] {logging_mixin.py:188} INFO - [2026-02-10T00:04:44.150+0000] {dag.py:3947} INFO - Setting next_dagrun for temperature_etl_to_postgres to None, run_after=None
[2026-02-10T00:04:44.173+0000] {processor.py:183} INFO - Processing /opt/airflow/dags/temperature_etl.py took 0.403 seconds
[2026-02-10T00:05:14.387+0000] {processor.py:161} INFO - Started process (PID=200) to work on /opt/airflow/dags/temperature_etl.py
[2026-02-10T00:05:14.388+0000] {processor.py:830} INFO - Processing file /opt/airflow/dags/temperature_etl.py for tasks to queue
[2026-02-10T00:05:14.389+0000] {logging_mixin.py:188} INFO - [2026-02-10T00:05:14.389+0000] {dagbag.py:545} INFO - Filling up the DagBag from /opt/airflow/dags/temperature_etl.py
[2026-02-10T00:05:14.684+0000] {processor.py:840} INFO - DAG(s) 'temperature_etl_to_postgres' retrieved from /opt/airflow/dags/temperature_etl.py
[2026-02-10T00:05:14.712+0000] {logging_mixin.py:188} INFO - [2026-02-10T00:05:14.711+0000] {dag.py:3089} INFO - Sync 1 DAGs
[2026-02-10T00:05:14.731+0000] {logging_mixin.py:188} INFO - [2026-02-10T00:05:14.731+0000] {dag.py:3947} INFO - Setting next_dagrun for temperature_etl_to_postgres to None, run_after=None
[2026-02-10T00:05:14.750+0000] {processor.py:183} INFO - Processing /opt/airflow/dags/temperature_etl.py took 0.369 seconds
[2026-02-10T00:05:44.969+0000] {processor.py:161} INFO - Started process (PID=202) to work on /opt/airflow/dags/temperature_etl.py
[2026-02-10T00:05:44.970+0000] {processor.py:830} INFO - Processing file /opt/airflow/dags/temperature_etl.py for tasks to queue
[2026-02-10T00:05:44.971+0000] {logging_mixin.py:188} INFO - [2026-02-10T00:05:44.971+0000] {dagbag.py:545} INFO - Filling up the DagBag from /opt/airflow/dags/temperature_etl.py
[2026-02-10T00:05:45.228+0000] {processor.py:840} INFO - DAG(s) 'temperature_etl_to_postgres' retrieved from /opt/airflow/dags/temperature_etl.py
[2026-02-10T00:05:45.253+0000] {logging_mixin.py:188} INFO - [2026-02-10T00:05:45.253+0000] {dag.py:3089} INFO - Sync 1 DAGs
[2026-02-10T00:05:45.270+0000] {logging_mixin.py:188} INFO - [2026-02-10T00:05:45.269+0000] {dag.py:3947} INFO - Setting next_dagrun for temperature_etl_to_postgres to None, run_after=None
[2026-02-10T00:05:45.285+0000] {processor.py:183} INFO - Processing /opt/airflow/dags/temperature_etl.py took 0.324 seconds
[2026-02-10T00:06:15.512+0000] {processor.py:161} INFO - Started process (PID=204) to work on /opt/airflow/dags/temperature_etl.py
[2026-02-10T00:06:15.514+0000] {processor.py:830} INFO - Processing file /opt/airflow/dags/temperature_etl.py for tasks to queue
[2026-02-10T00:06:15.516+0000] {logging_mixin.py:188} INFO - [2026-02-10T00:06:15.515+0000] {dagbag.py:545} INFO - Filling up the DagBag from /opt/airflow/dags/temperature_etl.py
[2026-02-10T00:06:15.785+0000] {processor.py:840} INFO - DAG(s) 'temperature_etl_to_postgres' retrieved from /opt/airflow/dags/temperature_etl.py
[2026-02-10T00:06:15.811+0000] {logging_mixin.py:188} INFO - [2026-02-10T00:06:15.810+0000] {dag.py:3089} INFO - Sync 1 DAGs
[2026-02-10T00:06:15.830+0000] {logging_mixin.py:188} INFO - [2026-02-10T00:06:15.830+0000] {dag.py:3947} INFO - Setting next_dagrun for temperature_etl_to_postgres to None, run_after=None
[2026-02-10T00:06:15.846+0000] {processor.py:183} INFO - Processing /opt/airflow/dags/temperature_etl.py took 0.340 seconds
[2026-02-10T00:06:46.050+0000] {processor.py:161} INFO - Started process (PID=206) to work on /opt/airflow/dags/temperature_etl.py
[2026-02-10T00:06:46.051+0000] {processor.py:830} INFO - Processing file /opt/airflow/dags/temperature_etl.py for tasks to queue
[2026-02-10T00:06:46.052+0000] {logging_mixin.py:188} INFO - [2026-02-10T00:06:46.051+0000] {dagbag.py:545} INFO - Filling up the DagBag from /opt/airflow/dags/temperature_etl.py
[2026-02-10T00:06:46.316+0000] {processor.py:840} INFO - DAG(s) 'temperature_etl_to_postgres' retrieved from /opt/airflow/dags/temperature_etl.py
[2026-02-10T00:06:46.343+0000] {logging_mixin.py:188} INFO - [2026-02-10T00:06:46.343+0000] {dag.py:3089} INFO - Sync 1 DAGs
[2026-02-10T00:06:46.530+0000] {logging_mixin.py:188} INFO - [2026-02-10T00:06:46.530+0000] {dag.py:3947} INFO - Setting next_dagrun for temperature_etl_to_postgres to None, run_after=None
[2026-02-10T00:06:46.545+0000] {processor.py:183} INFO - Processing /opt/airflow/dags/temperature_etl.py took 0.500 seconds
[2026-02-10T00:07:16.779+0000] {processor.py:161} INFO - Started process (PID=210) to work on /opt/airflow/dags/temperature_etl.py
[2026-02-10T00:07:16.780+0000] {processor.py:830} INFO - Processing file /opt/airflow/dags/temperature_etl.py for tasks to queue
[2026-02-10T00:07:16.781+0000] {logging_mixin.py:188} INFO - [2026-02-10T00:07:16.780+0000] {dagbag.py:545} INFO - Filling up the DagBag from /opt/airflow/dags/temperature_etl.py
[2026-02-10T00:07:17.036+0000] {processor.py:840} INFO - DAG(s) 'temperature_etl_to_postgres' retrieved from /opt/airflow/dags/temperature_etl.py
[2026-02-10T00:07:17.063+0000] {logging_mixin.py:188} INFO - [2026-02-10T00:07:17.062+0000] {dag.py:3089} INFO - Sync 1 DAGs
[2026-02-10T00:07:17.078+0000] {logging_mixin.py:188} INFO - [2026-02-10T00:07:17.078+0000] {dag.py:3947} INFO - Setting next_dagrun for temperature_etl_to_postgres to None, run_after=None
[2026-02-10T00:07:17.095+0000] {processor.py:183} INFO - Processing /opt/airflow/dags/temperature_etl.py took 0.322 seconds
[2026-02-10T00:07:47.575+0000] {processor.py:161} INFO - Started process (PID=216) to work on /opt/airflow/dags/temperature_etl.py
[2026-02-10T00:07:47.577+0000] {processor.py:830} INFO - Processing file /opt/airflow/dags/temperature_etl.py for tasks to queue
[2026-02-10T00:07:47.578+0000] {logging_mixin.py:188} INFO - [2026-02-10T00:07:47.577+0000] {dagbag.py:545} INFO - Filling up the DagBag from /opt/airflow/dags/temperature_etl.py
[2026-02-10T00:07:47.817+0000] {processor.py:840} INFO - DAG(s) 'temperature_etl_to_postgres' retrieved from /opt/airflow/dags/temperature_etl.py
[2026-02-10T00:07:47.851+0000] {logging_mixin.py:188} INFO - [2026-02-10T00:07:47.850+0000] {dag.py:3089} INFO - Sync 1 DAGs
[2026-02-10T00:07:47.866+0000] {logging_mixin.py:188} INFO - [2026-02-10T00:07:47.866+0000] {dag.py:3947} INFO - Setting next_dagrun for temperature_etl_to_postgres to None, run_after=None
[2026-02-10T00:07:47.882+0000] {processor.py:183} INFO - Processing /opt/airflow/dags/temperature_etl.py took 0.313 seconds
[2026-02-10T00:08:18.117+0000] {processor.py:161} INFO - Started process (PID=292) to work on /opt/airflow/dags/temperature_etl.py
[2026-02-10T00:08:18.118+0000] {processor.py:830} INFO - Processing file /opt/airflow/dags/temperature_etl.py for tasks to queue
[2026-02-10T00:08:18.119+0000] {logging_mixin.py:188} INFO - [2026-02-10T00:08:18.118+0000] {dagbag.py:545} INFO - Filling up the DagBag from /opt/airflow/dags/temperature_etl.py
[2026-02-10T00:08:18.360+0000] {processor.py:840} INFO - DAG(s) 'temperature_etl_to_postgres' retrieved from /opt/airflow/dags/temperature_etl.py
[2026-02-10T00:08:18.380+0000] {logging_mixin.py:188} INFO - [2026-02-10T00:08:18.379+0000] {dag.py:3089} INFO - Sync 1 DAGs
[2026-02-10T00:08:18.395+0000] {logging_mixin.py:188} INFO - [2026-02-10T00:08:18.395+0000] {dag.py:3947} INFO - Setting next_dagrun for temperature_etl_to_postgres to None, run_after=None
[2026-02-10T00:08:18.410+0000] {processor.py:183} INFO - Processing /opt/airflow/dags/temperature_etl.py took 0.299 seconds
[2026-02-10T00:08:48.638+0000] {processor.py:161} INFO - Started process (PID=314) to work on /opt/airflow/dags/temperature_etl.py
[2026-02-10T00:08:48.639+0000] {processor.py:830} INFO - Processing file /opt/airflow/dags/temperature_etl.py for tasks to queue
[2026-02-10T00:08:48.640+0000] {logging_mixin.py:188} INFO - [2026-02-10T00:08:48.640+0000] {dagbag.py:545} INFO - Filling up the DagBag from /opt/airflow/dags/temperature_etl.py
[2026-02-10T00:08:48.873+0000] {processor.py:840} INFO - DAG(s) 'temperature_etl_to_postgres' retrieved from /opt/airflow/dags/temperature_etl.py
[2026-02-10T00:08:48.903+0000] {logging_mixin.py:188} INFO - [2026-02-10T00:08:48.902+0000] {dag.py:3089} INFO - Sync 1 DAGs
[2026-02-10T00:08:48.922+0000] {logging_mixin.py:188} INFO - [2026-02-10T00:08:48.921+0000] {dag.py:3947} INFO - Setting next_dagrun for temperature_etl_to_postgres to None, run_after=None
[2026-02-10T00:08:48.938+0000] {processor.py:183} INFO - Processing /opt/airflow/dags/temperature_etl.py took 0.305 seconds
[2026-02-10T00:09:19.184+0000] {processor.py:161} INFO - Started process (PID=318) to work on /opt/airflow/dags/temperature_etl.py
[2026-02-10T00:09:19.185+0000] {processor.py:830} INFO - Processing file /opt/airflow/dags/temperature_etl.py for tasks to queue
[2026-02-10T00:09:19.186+0000] {logging_mixin.py:188} INFO - [2026-02-10T00:09:19.186+0000] {dagbag.py:545} INFO - Filling up the DagBag from /opt/airflow/dags/temperature_etl.py
[2026-02-10T00:09:19.441+0000] {processor.py:840} INFO - DAG(s) 'temperature_etl_to_postgres' retrieved from /opt/airflow/dags/temperature_etl.py
[2026-02-10T00:09:19.464+0000] {logging_mixin.py:188} INFO - [2026-02-10T00:09:19.464+0000] {dag.py:3089} INFO - Sync 1 DAGs
[2026-02-10T00:09:19.634+0000] {logging_mixin.py:188} INFO - [2026-02-10T00:09:19.634+0000] {dag.py:3947} INFO - Setting next_dagrun for temperature_etl_to_postgres to None, run_after=None
[2026-02-10T00:09:19.650+0000] {processor.py:183} INFO - Processing /opt/airflow/dags/temperature_etl.py took 0.474 seconds
[2026-02-10T00:09:50.281+0000] {processor.py:161} INFO - Started process (PID=324) to work on /opt/airflow/dags/temperature_etl.py
[2026-02-10T00:09:50.282+0000] {processor.py:830} INFO - Processing file /opt/airflow/dags/temperature_etl.py for tasks to queue
[2026-02-10T00:09:50.283+0000] {logging_mixin.py:188} INFO - [2026-02-10T00:09:50.283+0000] {dagbag.py:545} INFO - Filling up the DagBag from /opt/airflow/dags/temperature_etl.py
[2026-02-10T00:09:50.584+0000] {processor.py:840} INFO - DAG(s) 'temperature_etl_to_postgres' retrieved from /opt/airflow/dags/temperature_etl.py
[2026-02-10T00:09:50.610+0000] {logging_mixin.py:188} INFO - [2026-02-10T00:09:50.609+0000] {dag.py:3089} INFO - Sync 1 DAGs
[2026-02-10T00:09:50.626+0000] {logging_mixin.py:188} INFO - [2026-02-10T00:09:50.626+0000] {dag.py:3947} INFO - Setting next_dagrun for temperature_etl_to_postgres to None, run_after=None
[2026-02-10T00:09:50.642+0000] {processor.py:183} INFO - Processing /opt/airflow/dags/temperature_etl.py took 0.368 seconds
[2026-02-10T00:10:20.890+0000] {processor.py:161} INFO - Started process (PID=364) to work on /opt/airflow/dags/temperature_etl.py
[2026-02-10T00:10:20.891+0000] {processor.py:830} INFO - Processing file /opt/airflow/dags/temperature_etl.py for tasks to queue
[2026-02-10T00:10:20.892+0000] {logging_mixin.py:188} INFO - [2026-02-10T00:10:20.892+0000] {dagbag.py:545} INFO - Filling up the DagBag from /opt/airflow/dags/temperature_etl.py
[2026-02-10T00:10:21.234+0000] {processor.py:840} INFO - DAG(s) 'temperature_etl_to_postgres' retrieved from /opt/airflow/dags/temperature_etl.py
[2026-02-10T00:10:21.260+0000] {logging_mixin.py:188} INFO - [2026-02-10T00:10:21.259+0000] {dag.py:3089} INFO - Sync 1 DAGs
[2026-02-10T00:10:21.277+0000] {logging_mixin.py:188} INFO - [2026-02-10T00:10:21.277+0000] {dag.py:3947} INFO - Setting next_dagrun for temperature_etl_to_postgres to None, run_after=None
[2026-02-10T00:10:21.295+0000] {processor.py:183} INFO - Processing /opt/airflow/dags/temperature_etl.py took 0.411 seconds
[2026-02-10T00:10:51.556+0000] {processor.py:161} INFO - Started process (PID=368) to work on /opt/airflow/dags/temperature_etl.py
[2026-02-10T00:10:51.557+0000] {processor.py:830} INFO - Processing file /opt/airflow/dags/temperature_etl.py for tasks to queue
[2026-02-10T00:10:51.558+0000] {logging_mixin.py:188} INFO - [2026-02-10T00:10:51.557+0000] {dagbag.py:545} INFO - Filling up the DagBag from /opt/airflow/dags/temperature_etl.py
[2026-02-10T00:10:51.818+0000] {processor.py:840} INFO - DAG(s) 'temperature_etl_to_postgres' retrieved from /opt/airflow/dags/temperature_etl.py
[2026-02-10T00:10:51.844+0000] {logging_mixin.py:188} INFO - [2026-02-10T00:10:51.844+0000] {dag.py:3089} INFO - Sync 1 DAGs
[2026-02-10T00:10:51.862+0000] {logging_mixin.py:188} INFO - [2026-02-10T00:10:51.862+0000] {dag.py:3947} INFO - Setting next_dagrun for temperature_etl_to_postgres to None, run_after=None
[2026-02-10T00:10:51.880+0000] {processor.py:183} INFO - Processing /opt/airflow/dags/temperature_etl.py took 0.331 seconds
[2026-02-10T00:11:22.133+0000] {processor.py:161} INFO - Started process (PID=372) to work on /opt/airflow/dags/temperature_etl.py
[2026-02-10T00:11:22.134+0000] {processor.py:830} INFO - Processing file /opt/airflow/dags/temperature_etl.py for tasks to queue
[2026-02-10T00:11:22.135+0000] {logging_mixin.py:188} INFO - [2026-02-10T00:11:22.135+0000] {dagbag.py:545} INFO - Filling up the DagBag from /opt/airflow/dags/temperature_etl.py
[2026-02-10T00:11:22.378+0000] {processor.py:840} INFO - DAG(s) 'temperature_etl_to_postgres' retrieved from /opt/airflow/dags/temperature_etl.py
[2026-02-10T00:11:22.404+0000] {logging_mixin.py:188} INFO - [2026-02-10T00:11:22.403+0000] {dag.py:3089} INFO - Sync 1 DAGs
[2026-02-10T00:11:22.421+0000] {logging_mixin.py:188} INFO - [2026-02-10T00:11:22.421+0000] {dag.py:3947} INFO - Setting next_dagrun for temperature_etl_to_postgres to None, run_after=None
[2026-02-10T00:11:22.437+0000] {processor.py:183} INFO - Processing /opt/airflow/dags/temperature_etl.py took 0.309 seconds
[2026-02-10T00:11:52.690+0000] {processor.py:161} INFO - Started process (PID=376) to work on /opt/airflow/dags/temperature_etl.py
[2026-02-10T00:11:52.691+0000] {processor.py:830} INFO - Processing file /opt/airflow/dags/temperature_etl.py for tasks to queue
[2026-02-10T00:11:52.692+0000] {logging_mixin.py:188} INFO - [2026-02-10T00:11:52.692+0000] {dagbag.py:545} INFO - Filling up the DagBag from /opt/airflow/dags/temperature_etl.py
[2026-02-10T00:11:53.000+0000] {processor.py:840} INFO - DAG(s) 'temperature_etl_to_postgres' retrieved from /opt/airflow/dags/temperature_etl.py
[2026-02-10T00:11:53.031+0000] {logging_mixin.py:188} INFO - [2026-02-10T00:11:53.030+0000] {dag.py:3089} INFO - Sync 1 DAGs
[2026-02-10T00:11:53.222+0000] {logging_mixin.py:188} INFO - [2026-02-10T00:11:53.222+0000] {dag.py:3947} INFO - Setting next_dagrun for temperature_etl_to_postgres to None, run_after=None
[2026-02-10T00:11:53.239+0000] {processor.py:183} INFO - Processing /opt/airflow/dags/temperature_etl.py took 0.555 seconds
[2026-02-10T00:12:23.556+0000] {processor.py:161} INFO - Started process (PID=380) to work on /opt/airflow/dags/temperature_etl.py
[2026-02-10T00:12:23.557+0000] {processor.py:830} INFO - Processing file /opt/airflow/dags/temperature_etl.py for tasks to queue
[2026-02-10T00:12:23.558+0000] {logging_mixin.py:188} INFO - [2026-02-10T00:12:23.558+0000] {dagbag.py:545} INFO - Filling up the DagBag from /opt/airflow/dags/temperature_etl.py
[2026-02-10T00:12:23.833+0000] {processor.py:840} INFO - DAG(s) 'temperature_etl_to_postgres' retrieved from /opt/airflow/dags/temperature_etl.py
[2026-02-10T00:12:23.864+0000] {logging_mixin.py:188} INFO - [2026-02-10T00:12:23.863+0000] {dag.py:3089} INFO - Sync 1 DAGs
[2026-02-10T00:12:23.880+0000] {logging_mixin.py:188} INFO - [2026-02-10T00:12:23.880+0000] {dag.py:3947} INFO - Setting next_dagrun for temperature_etl_to_postgres to None, run_after=None
[2026-02-10T00:12:23.896+0000] {processor.py:183} INFO - Processing /opt/airflow/dags/temperature_etl.py took 0.347 seconds
[2026-02-10T00:12:54.137+0000] {processor.py:161} INFO - Started process (PID=384) to work on /opt/airflow/dags/temperature_etl.py
[2026-02-10T00:12:54.138+0000] {processor.py:830} INFO - Processing file /opt/airflow/dags/temperature_etl.py for tasks to queue
[2026-02-10T00:12:54.139+0000] {logging_mixin.py:188} INFO - [2026-02-10T00:12:54.139+0000] {dagbag.py:545} INFO - Filling up the DagBag from /opt/airflow/dags/temperature_etl.py
[2026-02-10T00:12:54.374+0000] {processor.py:840} INFO - DAG(s) 'temperature_etl_to_postgres' retrieved from /opt/airflow/dags/temperature_etl.py
[2026-02-10T00:12:54.397+0000] {logging_mixin.py:188} INFO - [2026-02-10T00:12:54.396+0000] {dag.py:3089} INFO - Sync 1 DAGs
[2026-02-10T00:12:54.412+0000] {logging_mixin.py:188} INFO - [2026-02-10T00:12:54.412+0000] {dag.py:3947} INFO - Setting next_dagrun for temperature_etl_to_postgres to None, run_after=None
[2026-02-10T00:12:54.431+0000] {processor.py:183} INFO - Processing /opt/airflow/dags/temperature_etl.py took 0.300 seconds
[2026-02-10T00:13:24.682+0000] {processor.py:161} INFO - Started process (PID=424) to work on /opt/airflow/dags/temperature_etl.py
[2026-02-10T00:13:24.684+0000] {processor.py:830} INFO - Processing file /opt/airflow/dags/temperature_etl.py for tasks to queue
[2026-02-10T00:13:24.685+0000] {logging_mixin.py:188} INFO - [2026-02-10T00:13:24.685+0000] {dagbag.py:545} INFO - Filling up the DagBag from /opt/airflow/dags/temperature_etl.py
[2026-02-10T00:13:24.943+0000] {processor.py:840} INFO - DAG(s) 'temperature_etl_to_postgres' retrieved from /opt/airflow/dags/temperature_etl.py
[2026-02-10T00:13:24.972+0000] {logging_mixin.py:188} INFO - [2026-02-10T00:13:24.971+0000] {dag.py:3089} INFO - Sync 1 DAGs
[2026-02-10T00:13:24.993+0000] {logging_mixin.py:188} INFO - [2026-02-10T00:13:24.993+0000] {dag.py:3947} INFO - Setting next_dagrun for temperature_etl_to_postgres to None, run_after=None
[2026-02-10T00:13:25.014+0000] {processor.py:183} INFO - Processing /opt/airflow/dags/temperature_etl.py took 0.337 seconds
[2026-02-10T00:13:55.256+0000] {processor.py:161} INFO - Started process (PID=428) to work on /opt/airflow/dags/temperature_etl.py
[2026-02-10T00:13:55.258+0000] {processor.py:830} INFO - Processing file /opt/airflow/dags/temperature_etl.py for tasks to queue
[2026-02-10T00:13:55.259+0000] {logging_mixin.py:188} INFO - [2026-02-10T00:13:55.258+0000] {dagbag.py:545} INFO - Filling up the DagBag from /opt/airflow/dags/temperature_etl.py
[2026-02-10T00:13:55.477+0000] {processor.py:840} INFO - DAG(s) 'temperature_etl_to_postgres' retrieved from /opt/airflow/dags/temperature_etl.py
[2026-02-10T00:13:55.499+0000] {logging_mixin.py:188} INFO - [2026-02-10T00:13:55.499+0000] {dag.py:3089} INFO - Sync 1 DAGs
[2026-02-10T00:13:55.513+0000] {logging_mixin.py:188} INFO - [2026-02-10T00:13:55.513+0000] {dag.py:3947} INFO - Setting next_dagrun for temperature_etl_to_postgres to None, run_after=None
[2026-02-10T00:13:55.528+0000] {processor.py:183} INFO - Processing /opt/airflow/dags/temperature_etl.py took 0.279 seconds
[2026-02-10T00:14:25.791+0000] {processor.py:161} INFO - Started process (PID=432) to work on /opt/airflow/dags/temperature_etl.py
[2026-02-10T00:14:25.792+0000] {processor.py:830} INFO - Processing file /opt/airflow/dags/temperature_etl.py for tasks to queue
[2026-02-10T00:14:25.794+0000] {logging_mixin.py:188} INFO - [2026-02-10T00:14:25.794+0000] {dagbag.py:545} INFO - Filling up the DagBag from /opt/airflow/dags/temperature_etl.py
[2026-02-10T00:14:26.048+0000] {processor.py:840} INFO - DAG(s) 'temperature_etl_to_postgres' retrieved from /opt/airflow/dags/temperature_etl.py
[2026-02-10T00:14:26.074+0000] {logging_mixin.py:188} INFO - [2026-02-10T00:14:26.073+0000] {dag.py:3089} INFO - Sync 1 DAGs
[2026-02-10T00:14:26.093+0000] {logging_mixin.py:188} INFO - [2026-02-10T00:14:26.093+0000] {dag.py:3947} INFO - Setting next_dagrun for temperature_etl_to_postgres to None, run_after=None
[2026-02-10T00:14:26.298+0000] {processor.py:183} INFO - Processing /opt/airflow/dags/temperature_etl.py took 0.515 seconds
[2026-02-10T00:14:56.551+0000] {processor.py:161} INFO - Started process (PID=436) to work on /opt/airflow/dags/temperature_etl.py
[2026-02-10T00:14:56.552+0000] {processor.py:830} INFO - Processing file /opt/airflow/dags/temperature_etl.py for tasks to queue
[2026-02-10T00:14:56.553+0000] {logging_mixin.py:188} INFO - [2026-02-10T00:14:56.553+0000] {dagbag.py:545} INFO - Filling up the DagBag from /opt/airflow/dags/temperature_etl.py
[2026-02-10T00:14:56.846+0000] {processor.py:840} INFO - DAG(s) 'temperature_etl_to_postgres' retrieved from /opt/airflow/dags/temperature_etl.py
[2026-02-10T00:14:56.873+0000] {logging_mixin.py:188} INFO - [2026-02-10T00:14:56.872+0000] {dag.py:3089} INFO - Sync 1 DAGs
[2026-02-10T00:14:57.065+0000] {logging_mixin.py:188} INFO - [2026-02-10T00:14:57.064+0000] {dag.py:3947} INFO - Setting next_dagrun for temperature_etl_to_postgres to None, run_after=None
[2026-02-10T00:14:57.081+0000] {processor.py:183} INFO - Processing /opt/airflow/dags/temperature_etl.py took 0.535 seconds
[2026-02-10T00:15:27.345+0000] {processor.py:161} INFO - Started process (PID=440) to work on /opt/airflow/dags/temperature_etl.py
[2026-02-10T00:15:27.347+0000] {processor.py:830} INFO - Processing file /opt/airflow/dags/temperature_etl.py for tasks to queue
[2026-02-10T00:15:27.348+0000] {logging_mixin.py:188} INFO - [2026-02-10T00:15:27.347+0000] {dagbag.py:545} INFO - Filling up the DagBag from /opt/airflow/dags/temperature_etl.py
[2026-02-10T00:15:27.615+0000] {processor.py:840} INFO - DAG(s) 'temperature_etl_to_postgres' retrieved from /opt/airflow/dags/temperature_etl.py
[2026-02-10T00:15:27.643+0000] {logging_mixin.py:188} INFO - [2026-02-10T00:15:27.643+0000] {dag.py:3089} INFO - Sync 1 DAGs
[2026-02-10T00:15:27.661+0000] {logging_mixin.py:188} INFO - [2026-02-10T00:15:27.661+0000] {dag.py:3947} INFO - Setting next_dagrun for temperature_etl_to_postgres to None, run_after=None
[2026-02-10T00:15:27.682+0000] {processor.py:183} INFO - Processing /opt/airflow/dags/temperature_etl.py took 0.345 seconds
