[2026-02-10T00:00:30.314+0000] {processor.py:161} INFO - Started process (PID=170) to work on /opt/airflow/dags/temperature_etl_full.py
[2026-02-10T00:00:30.315+0000] {processor.py:830} INFO - Processing file /opt/airflow/dags/temperature_etl_full.py for tasks to queue
[2026-02-10T00:00:30.317+0000] {logging_mixin.py:188} INFO - [2026-02-10T00:00:30.317+0000] {dagbag.py:545} INFO - Filling up the DagBag from /opt/airflow/dags/temperature_etl_full.py
[2026-02-10T00:00:30.595+0000] {processor.py:840} INFO - DAG(s) 'temperature_etl_full_load' retrieved from /opt/airflow/dags/temperature_etl_full.py
[2026-02-10T00:00:30.621+0000] {logging_mixin.py:188} INFO - [2026-02-10T00:00:30.620+0000] {dag.py:3089} INFO - Sync 1 DAGs
[2026-02-10T00:00:30.642+0000] {logging_mixin.py:188} INFO - [2026-02-10T00:00:30.642+0000] {dag.py:3947} INFO - Setting next_dagrun for temperature_etl_full_load to None, run_after=None
[2026-02-10T00:00:30.669+0000] {processor.py:183} INFO - Processing /opt/airflow/dags/temperature_etl_full.py took 0.360 seconds
[2026-02-10T00:01:01.112+0000] {processor.py:161} INFO - Started process (PID=176) to work on /opt/airflow/dags/temperature_etl_full.py
[2026-02-10T00:01:01.114+0000] {processor.py:830} INFO - Processing file /opt/airflow/dags/temperature_etl_full.py for tasks to queue
[2026-02-10T00:01:01.116+0000] {logging_mixin.py:188} INFO - [2026-02-10T00:01:01.115+0000] {dagbag.py:545} INFO - Filling up the DagBag from /opt/airflow/dags/temperature_etl_full.py
[2026-02-10T00:01:01.381+0000] {processor.py:840} INFO - DAG(s) 'temperature_etl_full_load' retrieved from /opt/airflow/dags/temperature_etl_full.py
[2026-02-10T00:01:01.407+0000] {logging_mixin.py:188} INFO - [2026-02-10T00:01:01.407+0000] {dag.py:3089} INFO - Sync 1 DAGs
[2026-02-10T00:01:01.606+0000] {logging_mixin.py:188} INFO - [2026-02-10T00:01:01.606+0000] {dag.py:3947} INFO - Setting next_dagrun for temperature_etl_full_load to None, run_after=None
[2026-02-10T00:01:01.621+0000] {processor.py:183} INFO - Processing /opt/airflow/dags/temperature_etl_full.py took 0.515 seconds
[2026-02-10T00:01:32.244+0000] {processor.py:161} INFO - Started process (PID=182) to work on /opt/airflow/dags/temperature_etl_full.py
[2026-02-10T00:01:32.245+0000] {processor.py:830} INFO - Processing file /opt/airflow/dags/temperature_etl_full.py for tasks to queue
[2026-02-10T00:01:32.248+0000] {logging_mixin.py:188} INFO - [2026-02-10T00:01:32.247+0000] {dagbag.py:545} INFO - Filling up the DagBag from /opt/airflow/dags/temperature_etl_full.py
[2026-02-10T00:01:32.462+0000] {processor.py:840} INFO - DAG(s) 'temperature_etl_full_load' retrieved from /opt/airflow/dags/temperature_etl_full.py
[2026-02-10T00:01:32.493+0000] {logging_mixin.py:188} INFO - [2026-02-10T00:01:32.493+0000] {dag.py:3089} INFO - Sync 1 DAGs
[2026-02-10T00:01:32.511+0000] {logging_mixin.py:188} INFO - [2026-02-10T00:01:32.511+0000] {dag.py:3947} INFO - Setting next_dagrun for temperature_etl_full_load to None, run_after=None
[2026-02-10T00:01:32.526+0000] {processor.py:183} INFO - Processing /opt/airflow/dags/temperature_etl_full.py took 0.287 seconds
