[2026-02-02T18:26:46.342+0000] {local_task_job_runner.py:120} INFO - ::group::Pre task execution logs
[2026-02-02T18:26:46.369+0000] {taskinstance.py:2076} INFO - Dependencies all met for dep_context=non-requeueable deps ti=<TaskInstance: weather_data_transformation.transform_weather_data manual__2026-02-02T18:26:40.875069+00:00 [queued]>
[2026-02-02T18:26:46.380+0000] {taskinstance.py:2076} INFO - Dependencies all met for dep_context=requeueable deps ti=<TaskInstance: weather_data_transformation.transform_weather_data manual__2026-02-02T18:26:40.875069+00:00 [queued]>
[2026-02-02T18:26:46.382+0000] {taskinstance.py:2306} INFO - Starting attempt 1 of 2
[2026-02-02T18:26:46.396+0000] {taskinstance.py:2330} INFO - Executing <Task(PythonOperator): transform_weather_data> on 2026-02-02 18:26:40.875069+00:00
[2026-02-02T18:26:46.427+0000] {logging_mixin.py:188} WARNING - /home/***/.local/lib/python3.12/site-packages/***/task/task_runner/standard_task_runner.py:62 DeprecationWarning: This process (pid=189) is multi-threaded, use of fork() may lead to deadlocks in the child.
[2026-02-02T18:26:46.443+0000] {standard_task_runner.py:64} INFO - Started process 206 to run task
[2026-02-02T18:26:46.435+0000] {standard_task_runner.py:90} INFO - Running: ['***', 'tasks', 'run', 'weather_data_transformation', 'transform_weather_data', 'manual__2026-02-02T18:26:40.875069+00:00', '--job-id', '7', '--raw', '--subdir', 'DAGS_FOLDER/temperature_analysis.py', '--cfg-path', '/tmp/tmp9pxikgv2']
[2026-02-02T18:26:46.446+0000] {standard_task_runner.py:91} INFO - Job 7: Subtask transform_weather_data
[2026-02-02T18:26:46.564+0000] {task_command.py:426} INFO - Running <TaskInstance: weather_data_transformation.transform_weather_data manual__2026-02-02T18:26:40.875069+00:00 [running]> on host ab444b18e7de
[2026-02-02T18:26:46.781+0000] {taskinstance.py:2648} INFO - Exporting env vars: AIRFLOW_CTX_DAG_OWNER='student_name' AIRFLOW_CTX_DAG_ID='weather_data_transformation' AIRFLOW_CTX_TASK_ID='transform_weather_data' AIRFLOW_CTX_EXECUTION_DATE='2026-02-02T18:26:40.875069+00:00' AIRFLOW_CTX_TRY_NUMBER='1' AIRFLOW_CTX_DAG_RUN_ID='manual__2026-02-02T18:26:40.875069+00:00'
[2026-02-02T18:26:46.788+0000] {taskinstance.py:430} INFO - ::endgroup::
[2026-02-02T18:26:47.507+0000] {logging_mixin.py:188} INFO - Трансформация завершена успешно!
[2026-02-02T18:26:47.512+0000] {logging_mixin.py:188} INFO - 5 самых жарких дней:
Empty DataFrame
Columns: [noted_date, temp]
Index: []
[2026-02-02T18:26:47.514+0000] {logging_mixin.py:188} INFO - 
5 самых холодных дней:
Empty DataFrame
Columns: [noted_date, temp]
Index: []
[2026-02-02T18:26:47.514+0000] {python.py:237} INFO - Done. Returned value was: None
[2026-02-02T18:26:47.515+0000] {taskinstance.py:441} INFO - ::group::Post task execution logs
[2026-02-02T18:26:47.530+0000] {taskinstance.py:1206} INFO - Marking task as SUCCESS. dag_id=weather_data_transformation, task_id=transform_weather_data, run_id=manual__2026-02-02T18:26:40.875069+00:00, execution_date=20260202T182640, start_date=20260202T182646, end_date=20260202T182647
[2026-02-02T18:26:47.582+0000] {local_task_job_runner.py:243} INFO - Task exited with return code 0
[2026-02-02T18:26:47.605+0000] {taskinstance.py:3503} INFO - 0 downstream tasks scheduled from follow-on schedule check
[2026-02-02T18:26:47.608+0000] {local_task_job_runner.py:222} INFO - ::endgroup::
