[2026-02-09T23:28:13.444+0000] {manager.py:470} INFO - Processing files using up to 2 processes at a time 
[2026-02-09T23:28:13.446+0000] {manager.py:471} INFO - Process each file at most once every 30 seconds
[2026-02-09T23:28:13.448+0000] {manager.py:472} INFO - Checking for new files in /opt/airflow/dags every 300 seconds
[2026-02-09T23:28:13.448+0000] {manager.py:737} INFO - Searching for files in /opt/airflow/dags
[2026-02-09T23:28:13.452+0000] {manager.py:740} INFO - There are 0 files in /opt/airflow/dags
[2026-02-09T23:30:39.727+0000] {manager.py:452} INFO - Exiting gracefully upon receiving signal 15
[2026-02-09T23:32:12.688+0000] {manager.py:470} INFO - Processing files using up to 2 processes at a time 
[2026-02-09T23:32:12.689+0000] {manager.py:471} INFO - Process each file at most once every 30 seconds
[2026-02-09T23:32:12.690+0000] {manager.py:472} INFO - Checking for new files in /opt/airflow/dags every 300 seconds
[2026-02-09T23:32:12.691+0000] {manager.py:737} INFO - Searching for files in /opt/airflow/dags
[2026-02-09T23:32:12.695+0000] {manager.py:740} INFO - There are 0 files in /opt/airflow/dags
[2026-02-09T23:37:13.146+0000] {manager.py:737} INFO - Searching for files in /opt/airflow/dags
[2026-02-09T23:37:13.181+0000] {manager.py:740} INFO - There are 1 files in /opt/airflow/dags
[2026-02-09T23:37:14.352+0000] {manager.py:878} INFO - 
================================================================================
DAG File Processing Stats

File Path                               PID  Runtime      # DAGs    # Errors  Last Runtime    Last Run
------------------------------------  -----  ---------  --------  ----------  --------------  ----------
/opt/airflow/dags/temperature_etl.py     33  1.02s             0           0
================================================================================
[2026-02-09T23:37:44.441+0000] {manager.py:878} INFO - 
================================================================================
DAG File Processing Stats

File Path                             PID    Runtime      # DAGs    # Errors  Last Runtime    Last Run
------------------------------------  -----  ---------  --------  ----------  --------------  -------------------
/opt/airflow/dags/temperature_etl.py                           1           0  1.95s           2026-02-09T23:37:15
================================================================================
[2026-02-09T23:38:14.662+0000] {manager.py:878} INFO - 
================================================================================
DAG File Processing Stats

File Path                             PID    Runtime      # DAGs    # Errors  Last Runtime    Last Run
------------------------------------  -----  ---------  --------  ----------  --------------  -------------------
/opt/airflow/dags/temperature_etl.py                           1           0  0.38s           2026-02-09T23:37:45
================================================================================
[2026-02-09T23:38:45.170+0000] {manager.py:878} INFO - 
================================================================================
DAG File Processing Stats

File Path                             PID    Runtime      # DAGs    # Errors  Last Runtime    Last Run
------------------------------------  -----  ---------  --------  ----------  --------------  -------------------
/opt/airflow/dags/temperature_etl.py                           1           0  0.34s           2026-02-09T23:38:16
================================================================================
[2026-02-09T23:38:57.582+0000] {manager.py:1128} WARNING - Skipping processing of missing file: /opt/airflow/dags/temperature_etl.py
[2026-02-09T23:42:13.427+0000] {manager.py:737} INFO - Searching for files in /opt/airflow/dags
[2026-02-09T23:42:13.439+0000] {manager.py:740} INFO - There are 1 files in /opt/airflow/dags
[2026-02-09T23:42:16.758+0000] {manager.py:878} INFO - 
================================================================================
DAG File Processing Stats

File Path                             PID    Runtime      # DAGs    # Errors  Last Runtime    Last Run
------------------------------------  -----  ---------  --------  ----------  --------------  -------------------
/opt/airflow/dags/temperature_etl.py                           1           0  0.82s           2026-02-09T23:42:14
================================================================================
[2026-02-09T23:42:46.910+0000] {manager.py:878} INFO - 
================================================================================
DAG File Processing Stats

File Path                             PID    Runtime      # DAGs    # Errors  Last Runtime    Last Run
------------------------------------  -----  ---------  --------  ----------  --------------  -------------------
/opt/airflow/dags/temperature_etl.py                           1           0  0.48s           2026-02-09T23:42:44
================================================================================
[2026-02-09T23:43:17.117+0000] {manager.py:878} INFO - 
================================================================================
DAG File Processing Stats

File Path                             PID    Runtime      # DAGs    # Errors  Last Runtime    Last Run
------------------------------------  -----  ---------  --------  ----------  --------------  -------------------
/opt/airflow/dags/temperature_etl.py                           1           0  0.46s           2026-02-09T23:43:15
================================================================================
[2026-02-09T23:43:47.721+0000] {manager.py:878} INFO - 
================================================================================
DAG File Processing Stats

File Path                             PID    Runtime      # DAGs    # Errors  Last Runtime    Last Run
------------------------------------  -----  ---------  --------  ----------  --------------  -------------------
/opt/airflow/dags/temperature_etl.py                           1           0  0.40s           2026-02-09T23:43:46
================================================================================
[2026-02-09T23:44:18.299+0000] {manager.py:878} INFO - 
================================================================================
DAG File Processing Stats

File Path                             PID    Runtime      # DAGs    # Errors  Last Runtime    Last Run
------------------------------------  -----  ---------  --------  ----------  --------------  -------------------
/opt/airflow/dags/temperature_etl.py                           1           0  0.34s           2026-02-09T23:44:16
================================================================================
[2026-02-09T23:44:48.807+0000] {manager.py:878} INFO - 
================================================================================
DAG File Processing Stats

File Path                             PID    Runtime      # DAGs    # Errors  Last Runtime    Last Run
------------------------------------  -----  ---------  --------  ----------  --------------  -------------------
/opt/airflow/dags/temperature_etl.py                           1           0  0.38s           2026-02-09T23:44:47
================================================================================
[2026-02-09T23:45:18.910+0000] {manager.py:878} INFO - 
================================================================================
DAG File Processing Stats

File Path                             PID    Runtime      # DAGs    # Errors  Last Runtime    Last Run
------------------------------------  -----  ---------  --------  ----------  --------------  -------------------
/opt/airflow/dags/temperature_etl.py                           1           0  1.56s           2026-02-09T23:45:18
================================================================================
[2026-02-09T23:45:49.090+0000] {manager.py:878} INFO - 
================================================================================
DAG File Processing Stats

File Path                               PID  Runtime      # DAGs    # Errors  Last Runtime    Last Run
------------------------------------  -----  ---------  --------  ----------  --------------  -------------------
/opt/airflow/dags/temperature_etl.py    181  0.01s             1           0  1.56s           2026-02-09T23:45:18
================================================================================
[2026-02-09T23:46:19.724+0000] {manager.py:878} INFO - 
================================================================================
DAG File Processing Stats

File Path                               PID  Runtime      # DAGs    # Errors  Last Runtime    Last Run
------------------------------------  -----  ---------  --------  ----------  --------------  -------------------
/opt/airflow/dags/temperature_etl.py    183  0.01s             1           0  0.62s           2026-02-09T23:45:49
================================================================================
[2026-02-09T23:46:50.031+0000] {manager.py:878} INFO - 
================================================================================
DAG File Processing Stats

File Path                             PID    Runtime      # DAGs    # Errors  Last Runtime    Last Run
------------------------------------  -----  ---------  --------  ----------  --------------  -------------------
/opt/airflow/dags/temperature_etl.py                           1           0  0.40s           2026-02-09T23:46:20
================================================================================
[2026-02-09T23:47:13.429+0000] {manager.py:737} INFO - Searching for files in /opt/airflow/dags
[2026-02-09T23:47:13.456+0000] {manager.py:740} INFO - There are 1 files in /opt/airflow/dags
[2026-02-09T23:47:20.513+0000] {manager.py:878} INFO - 
================================================================================
DAG File Processing Stats

File Path                             PID    Runtime      # DAGs    # Errors  Last Runtime    Last Run
------------------------------------  -----  ---------  --------  ----------  --------------  -------------------
/opt/airflow/dags/temperature_etl.py                           1           0  0.35s           2026-02-09T23:46:50
================================================================================
[2026-02-09T23:47:51.007+0000] {manager.py:878} INFO - 
================================================================================
DAG File Processing Stats

File Path                             PID    Runtime      # DAGs    # Errors  Last Runtime    Last Run
------------------------------------  -----  ---------  --------  ----------  --------------  -------------------
/opt/airflow/dags/temperature_etl.py                           1           0  0.41s           2026-02-09T23:47:21
================================================================================
[2026-02-09T23:48:21.012+0000] {manager.py:878} INFO - 
================================================================================
DAG File Processing Stats

File Path                             PID    Runtime      # DAGs    # Errors  Last Runtime    Last Run
------------------------------------  -----  ---------  --------  ----------  --------------  -------------------
/opt/airflow/dags/temperature_etl.py                           1           0  0.45s           2026-02-09T23:47:51
================================================================================
[2026-02-09T23:48:51.736+0000] {manager.py:878} INFO - 
================================================================================
DAG File Processing Stats

File Path                             PID    Runtime      # DAGs    # Errors  Last Runtime    Last Run
------------------------------------  -----  ---------  --------  ----------  --------------  -------------------
/opt/airflow/dags/temperature_etl.py                           1           0  0.94s           2026-02-09T23:48:44
================================================================================
[2026-02-09T23:49:22.084+0000] {manager.py:878} INFO - 
================================================================================
DAG File Processing Stats

File Path                             PID    Runtime      # DAGs    # Errors  Last Runtime    Last Run
------------------------------------  -----  ---------  --------  ----------  --------------  -------------------
/opt/airflow/dags/temperature_etl.py                           1           0  0.48s           2026-02-09T23:49:15
================================================================================
[2026-02-09T23:49:52.092+0000] {manager.py:878} INFO - 
================================================================================
DAG File Processing Stats

File Path                             PID    Runtime      # DAGs    # Errors  Last Runtime    Last Run
------------------------------------  -----  ---------  --------  ----------  --------------  -------------------
/opt/airflow/dags/temperature_etl.py                           1           0  0.52s           2026-02-09T23:49:46
================================================================================
[2026-02-09T23:50:22.727+0000] {manager.py:878} INFO - 
================================================================================
DAG File Processing Stats

File Path                             PID    Runtime      # DAGs    # Errors  Last Runtime    Last Run
------------------------------------  -----  ---------  --------  ----------  --------------  -------------------
/opt/airflow/dags/temperature_etl.py                           1           0  0.58s           2026-02-09T23:50:16
================================================================================
[2026-02-09T23:50:52.980+0000] {manager.py:878} INFO - 
================================================================================
DAG File Processing Stats

File Path                             PID    Runtime      # DAGs    # Errors  Last Runtime    Last Run
------------------------------------  -----  ---------  --------  ----------  --------------  -------------------
/opt/airflow/dags/temperature_etl.py                           1           0  0.38s           2026-02-09T23:50:47
================================================================================
[2026-02-09T23:51:23.093+0000] {manager.py:878} INFO - 
================================================================================
DAG File Processing Stats

File Path                             PID    Runtime      # DAGs    # Errors  Last Runtime    Last Run
------------------------------------  -----  ---------  --------  ----------  --------------  -------------------
/opt/airflow/dags/temperature_etl.py                           1           0  0.65s           2026-02-09T23:51:18
================================================================================
[2026-02-09T23:51:53.596+0000] {manager.py:878} INFO - 
================================================================================
DAG File Processing Stats

File Path                             PID    Runtime      # DAGs    # Errors  Last Runtime    Last Run
------------------------------------  -----  ---------  --------  ----------  --------------  -------------------
/opt/airflow/dags/temperature_etl.py                           1           0  0.56s           2026-02-09T23:51:48
================================================================================
[2026-02-09T23:52:13.708+0000] {manager.py:737} INFO - Searching for files in /opt/airflow/dags
[2026-02-09T23:52:13.778+0000] {manager.py:740} INFO - There are 3 files in /opt/airflow/dags
[2026-02-09T23:52:23.716+0000] {manager.py:878} INFO - 
================================================================================
DAG File Processing Stats

File Path                                         PID    Runtime      # DAGs    # Errors  Last Runtime    Last Run
------------------------------------------------  -----  ---------  --------  ----------  --------------  -------------------
/opt/airflow/dags/temperature_etl_incremental.py                           1           0  0.81s           2026-02-09T23:52:14
/opt/airflow/dags/temperature_etl_full.py                                  1           0  0.81s           2026-02-09T23:52:14
/opt/airflow/dags/temperature_etl.py                                       1           0  0.56s           2026-02-09T23:52:20
================================================================================
[2026-02-09T23:52:53.933+0000] {manager.py:878} INFO - 
================================================================================
DAG File Processing Stats

File Path                                         PID    Runtime      # DAGs    # Errors  Last Runtime    Last Run
------------------------------------------------  -----  ---------  --------  ----------  --------------  -------------------
/opt/airflow/dags/temperature_etl_full.py                                  1           0  0.59s           2026-02-09T23:52:45
/opt/airflow/dags/temperature_etl_incremental.py                           1           0  0.57s           2026-02-09T23:52:45
/opt/airflow/dags/temperature_etl.py                                       1           0  0.43s           2026-02-09T23:52:50
================================================================================
[2026-02-09T23:53:24.114+0000] {manager.py:878} INFO - 
================================================================================
DAG File Processing Stats

File Path                                         PID    Runtime      # DAGs    # Errors  Last Runtime    Last Run
------------------------------------------------  -----  ---------  --------  ----------  --------------  -------------------
/opt/airflow/dags/temperature_etl_incremental.py                           1           0  0.37s           2026-02-09T23:53:16
/opt/airflow/dags/temperature_etl_full.py                                  1           0  0.35s           2026-02-09T23:53:16
/opt/airflow/dags/temperature_etl.py                                       1           0  0.35s           2026-02-09T23:53:21
================================================================================
[2026-02-09T23:53:54.401+0000] {manager.py:878} INFO - 
================================================================================
DAG File Processing Stats

File Path                                         PID    Runtime      # DAGs    # Errors  Last Runtime    Last Run
------------------------------------------------  -----  ---------  --------  ----------  --------------  -------------------
/opt/airflow/dags/temperature_etl.py                                       1           0  0.72s           2026-02-09T23:53:52
/opt/airflow/dags/temperature_etl_incremental.py                           1           0  0.45s           2026-02-09T23:53:46
/opt/airflow/dags/temperature_etl_full.py                                  1           0  0.43s           2026-02-09T23:53:46
================================================================================
[2026-02-09T23:54:24.540+0000] {manager.py:878} INFO - 
================================================================================
DAG File Processing Stats

File Path                                         PID    Runtime      # DAGs    # Errors  Last Runtime    Last Run
------------------------------------------------  -----  ---------  --------  ----------  --------------  -------------------
/opt/airflow/dags/temperature_etl_incremental.py                           1           0  0.53s           2026-02-09T23:54:17
/opt/airflow/dags/temperature_etl_full.py                                  1           0  0.52s           2026-02-09T23:54:17
/opt/airflow/dags/temperature_etl.py                                       1           0  0.47s           2026-02-09T23:54:22
================================================================================
[2026-02-09T23:54:54.731+0000] {manager.py:878} INFO - 
================================================================================
DAG File Processing Stats

File Path                                         PID    Runtime      # DAGs    # Errors  Last Runtime    Last Run
------------------------------------------------  -----  ---------  --------  ----------  --------------  -------------------
/opt/airflow/dags/temperature_etl_full.py                                  1           0  0.59s           2026-02-09T23:54:48
/opt/airflow/dags/temperature_etl_incremental.py                           1           0  0.57s           2026-02-09T23:54:48
/opt/airflow/dags/temperature_etl.py                                       1           0  0.37s           2026-02-09T23:54:53
================================================================================
[2026-02-09T23:55:24.951+0000] {manager.py:878} INFO - 
================================================================================
DAG File Processing Stats

File Path                                         PID    Runtime      # DAGs    # Errors  Last Runtime    Last Run
------------------------------------------------  -----  ---------  --------  ----------  --------------  -------------------
/opt/airflow/dags/temperature_etl.py                                       1           0  0.39s           2026-02-09T23:55:24
/opt/airflow/dags/temperature_etl_incremental.py                           1           0  0.37s           2026-02-09T23:55:18
/opt/airflow/dags/temperature_etl_full.py                                  1           0  0.36s           2026-02-09T23:55:18
================================================================================
[2026-02-09T23:55:55.542+0000] {manager.py:878} INFO - 
================================================================================
DAG File Processing Stats

File Path                                         PID    Runtime      # DAGs    # Errors  Last Runtime    Last Run
------------------------------------------------  -----  ---------  --------  ----------  --------------  -------------------
/opt/airflow/dags/temperature_etl.py                                       1           0  0.39s           2026-02-09T23:55:54
/opt/airflow/dags/temperature_etl_incremental.py                           1           0  0.38s           2026-02-09T23:55:49
/opt/airflow/dags/temperature_etl_full.py                                  1           0  0.37s           2026-02-09T23:55:49
================================================================================
[2026-02-09T23:56:26.126+0000] {manager.py:878} INFO - 
================================================================================
DAG File Processing Stats

File Path                                         PID    Runtime      # DAGs    # Errors  Last Runtime    Last Run
------------------------------------------------  -----  ---------  --------  ----------  --------------  -------------------
/opt/airflow/dags/temperature_etl.py                                       1           0  0.39s           2026-02-09T23:56:25
/opt/airflow/dags/temperature_etl_incremental.py                           1           0  0.37s           2026-02-09T23:56:20
/opt/airflow/dags/temperature_etl_full.py                                  1           0  0.35s           2026-02-09T23:56:20
================================================================================
[2026-02-09T23:56:54.684+0000] {manager.py:452} INFO - Exiting gracefully upon receiving signal 15
[2026-02-09T23:57:02.757+0000] {manager.py:470} INFO - Processing files using up to 2 processes at a time 
[2026-02-09T23:57:02.759+0000] {manager.py:471} INFO - Process each file at most once every 30 seconds
[2026-02-09T23:57:02.760+0000] {manager.py:472} INFO - Checking for new files in /opt/airflow/dags every 300 seconds
[2026-02-09T23:57:02.761+0000] {manager.py:737} INFO - Searching for files in /opt/airflow/dags
[2026-02-09T23:57:02.808+0000] {manager.py:740} INFO - There are 3 files in /opt/airflow/dags
[2026-02-09T23:57:02.930+0000] {manager.py:878} INFO - 
================================================================================
DAG File Processing Stats

File Path                                           PID  Runtime      # DAGs    # Errors  Last Runtime    Last Run
------------------------------------------------  -----  ---------  --------  ----------  --------------  ----------
/opt/airflow/dags/temperature_etl.py                                       0           0
/opt/airflow/dags/temperature_etl_full.py            34  0.05s             0           0
/opt/airflow/dags/temperature_etl_incremental.py     33  0.07s             0           0
================================================================================
[2026-02-09T23:57:33.710+0000] {manager.py:878} INFO - 
================================================================================
DAG File Processing Stats

File Path                                           PID  Runtime      # DAGs    # Errors  Last Runtime    Last Run
------------------------------------------------  -----  ---------  --------  ----------  --------------  -------------------
/opt/airflow/dags/temperature_etl_incremental.py     48  0.01s             1           0  0.50s           2026-02-09T23:57:03
/opt/airflow/dags/temperature_etl.py                                       1           0  0.44s           2026-02-09T23:57:03
/opt/airflow/dags/temperature_etl_full.py                                  0           1  0.08s           2026-02-09T23:57:30
================================================================================
[2026-02-09T23:58:04.051+0000] {manager.py:878} INFO - 
================================================================================
DAG File Processing Stats

File Path                                         PID    Runtime      # DAGs    # Errors  Last Runtime    Last Run
------------------------------------------------  -----  ---------  --------  ----------  --------------  -------------------
/opt/airflow/dags/temperature_etl_full.py                                  1           0  0.36s           2026-02-09T23:57:37
/opt/airflow/dags/temperature_etl.py                                       1           0  0.35s           2026-02-09T23:57:34
/opt/airflow/dags/temperature_etl_incremental.py                           1           0  0.33s           2026-02-09T23:58:03
================================================================================
[2026-02-09T23:58:34.628+0000] {manager.py:878} INFO - 
================================================================================
DAG File Processing Stats

File Path                                         PID    Runtime      # DAGs    # Errors  Last Runtime    Last Run
------------------------------------------------  -----  ---------  --------  ----------  --------------  -------------------
/opt/airflow/dags/temperature_etl_full.py                                  1           0  0.57s           2026-02-09T23:58:08
/opt/airflow/dags/temperature_etl.py                                       1           0  0.42s           2026-02-09T23:58:05
/opt/airflow/dags/temperature_etl_incremental.py                           1           0  0.33s           2026-02-09T23:58:06
================================================================================
[2026-02-09T23:59:05.188+0000] {manager.py:878} INFO - 
================================================================================
DAG File Processing Stats

File Path                                         PID    Runtime      # DAGs    # Errors  Last Runtime    Last Run
------------------------------------------------  -----  ---------  --------  ----------  --------------  -------------------
/opt/airflow/dags/temperature_etl_full.py                                  1           0  0.74s           2026-02-09T23:58:58
/opt/airflow/dags/temperature_etl_incremental.py                           1           0  0.71s           2026-02-09T23:58:48
/opt/airflow/dags/temperature_etl.py                                       1           0  0.40s           2026-02-09T23:58:36
================================================================================
[2026-02-09T23:59:36.002+0000] {manager.py:878} INFO - 
================================================================================
DAG File Processing Stats

File Path                                         PID    Runtime      # DAGs    # Errors  Last Runtime    Last Run
------------------------------------------------  -----  ---------  --------  ----------  --------------  -------------------
/opt/airflow/dags/temperature_etl_full.py                                  1           0  0.37s           2026-02-09T23:59:29
/opt/airflow/dags/temperature_etl.py                                       1           0  0.36s           2026-02-09T23:59:06
/opt/airflow/dags/temperature_etl_incremental.py                           1           0  0.34s           2026-02-09T23:59:18
================================================================================
[2026-02-10T00:00:06.725+0000] {manager.py:878} INFO - 
================================================================================
DAG File Processing Stats

File Path                                         PID    Runtime      # DAGs    # Errors  Last Runtime    Last Run
------------------------------------------------  -----  ---------  --------  ----------  --------------  -------------------
/opt/airflow/dags/temperature_etl_full.py                                  1           0  0.39s           2026-02-09T23:59:59
/opt/airflow/dags/temperature_etl_incremental.py                           1           0  0.37s           2026-02-09T23:59:49
/opt/airflow/dags/temperature_etl.py                                       1           0  0.33s           2026-02-09T23:59:37
================================================================================
[2026-02-10T00:00:36.738+0000] {manager.py:878} INFO - 
================================================================================
DAG File Processing Stats

File Path                                         PID    Runtime      # DAGs    # Errors  Last Runtime    Last Run
------------------------------------------------  -----  ---------  --------  ----------  --------------  -------------------
/opt/airflow/dags/temperature_etl_full.py                                  1           0  0.40s           2026-02-10T00:00:30
/opt/airflow/dags/temperature_etl.py                                       1           0  0.38s           2026-02-10T00:00:08
/opt/airflow/dags/temperature_etl_incremental.py                           1           0  0.33s           2026-02-10T00:00:20
================================================================================
[2026-02-10T00:01:07.494+0000] {manager.py:878} INFO - 
================================================================================
DAG File Processing Stats

File Path                                         PID    Runtime      # DAGs    # Errors  Last Runtime    Last Run
------------------------------------------------  -----  ---------  --------  ----------  --------------  -------------------
/opt/airflow/dags/temperature_etl_full.py                                  1           0  0.55s           2026-02-10T00:01:01
/opt/airflow/dags/temperature_etl_incremental.py                           1           0  0.53s           2026-02-10T00:00:51
/opt/airflow/dags/temperature_etl.py                                       1           0  0.40s           2026-02-10T00:00:38
================================================================================
[2026-02-10T00:01:37.579+0000] {manager.py:878} INFO - 
================================================================================
DAG File Processing Stats

File Path                                         PID    Runtime      # DAGs    # Errors  Last Runtime    Last Run
------------------------------------------------  -----  ---------  --------  ----------  --------------  -------------------
/opt/airflow/dags/temperature_etl.py                                       1           0  0.52s           2026-02-10T00:01:10
/opt/airflow/dags/temperature_etl_incremental.py                           1           0  0.37s           2026-02-10T00:01:22
/opt/airflow/dags/temperature_etl_full.py                                  1           0  0.32s           2026-02-10T00:01:32
================================================================================
[2026-02-10T00:01:56.079+0000] {manager.py:1128} WARNING - Skipping processing of missing file: /opt/airflow/dags/temperature_etl_full.py
[2026-02-10T00:01:56.082+0000] {manager.py:1128} WARNING - Skipping processing of missing file: /opt/airflow/dags/temperature_etl_incremental.py
[2026-02-10T00:02:02.803+0000] {manager.py:737} INFO - Searching for files in /opt/airflow/dags
[2026-02-10T00:02:02.839+0000] {manager.py:740} INFO - There are 1 files in /opt/airflow/dags
[2026-02-10T00:02:07.891+0000] {manager.py:878} INFO - 
================================================================================
DAG File Processing Stats

File Path                             PID    Runtime      # DAGs    # Errors  Last Runtime    Last Run
------------------------------------  -----  ---------  --------  ----------  --------------  -------------------
/opt/airflow/dags/temperature_etl.py                           1           0  0.35s           2026-02-10T00:01:40
================================================================================
[2026-02-10T00:02:38.330+0000] {manager.py:878} INFO - 
================================================================================
DAG File Processing Stats

File Path                             PID    Runtime      # DAGs    # Errors  Last Runtime    Last Run
------------------------------------  -----  ---------  --------  ----------  --------------  -------------------
/opt/airflow/dags/temperature_etl.py                           1           0  0.37s           2026-02-10T00:02:11
================================================================================
[2026-02-10T00:03:08.592+0000] {manager.py:878} INFO - 
================================================================================
DAG File Processing Stats

File Path                             PID    Runtime      # DAGs    # Errors  Last Runtime    Last Run
------------------------------------  -----  ---------  --------  ----------  --------------  -------------------
/opt/airflow/dags/temperature_etl.py                           1           0  0.41s           2026-02-10T00:02:41
================================================================================
[2026-02-10T00:03:39.101+0000] {manager.py:878} INFO - 
================================================================================
DAG File Processing Stats

File Path                             PID    Runtime      # DAGs    # Errors  Last Runtime    Last Run
------------------------------------  -----  ---------  --------  ----------  --------------  -------------------
/opt/airflow/dags/temperature_etl.py                           1           0  0.41s           2026-02-10T00:03:12
================================================================================
[2026-02-10T00:04:09.179+0000] {manager.py:878} INFO - 
================================================================================
DAG File Processing Stats

File Path                             PID    Runtime      # DAGs    # Errors  Last Runtime    Last Run
------------------------------------  -----  ---------  --------  ----------  --------------  -------------------
/opt/airflow/dags/temperature_etl.py                           1           0  0.51s           2026-02-10T00:03:43
================================================================================
[2026-02-10T00:04:39.354+0000] {manager.py:878} INFO - 
================================================================================
DAG File Processing Stats

File Path                             PID    Runtime      # DAGs    # Errors  Last Runtime    Last Run
------------------------------------  -----  ---------  --------  ----------  --------------  -------------------
/opt/airflow/dags/temperature_etl.py                           1           0  0.37s           2026-02-10T00:04:13
================================================================================
[2026-02-10T00:05:09.901+0000] {manager.py:878} INFO - 
================================================================================
DAG File Processing Stats

File Path                             PID    Runtime      # DAGs    # Errors  Last Runtime    Last Run
------------------------------------  -----  ---------  --------  ----------  --------------  -------------------
/opt/airflow/dags/temperature_etl.py                           1           0  0.45s           2026-02-10T00:04:44
================================================================================
[2026-02-10T00:05:39.909+0000] {manager.py:878} INFO - 
================================================================================
DAG File Processing Stats

File Path                             PID    Runtime      # DAGs    # Errors  Last Runtime    Last Run
------------------------------------  -----  ---------  --------  ----------  --------------  -------------------
/opt/airflow/dags/temperature_etl.py                           1           0  0.40s           2026-02-10T00:05:14
================================================================================
[2026-02-10T00:06:10.100+0000] {manager.py:878} INFO - 
================================================================================
DAG File Processing Stats

File Path                             PID    Runtime      # DAGs    # Errors  Last Runtime    Last Run
------------------------------------  -----  ---------  --------  ----------  --------------  -------------------
/opt/airflow/dags/temperature_etl.py                           1           0  0.36s           2026-02-10T00:05:45
================================================================================
[2026-02-10T00:06:40.639+0000] {manager.py:878} INFO - 
================================================================================
DAG File Processing Stats

File Path                             PID    Runtime      # DAGs    # Errors  Last Runtime    Last Run
------------------------------------  -----  ---------  --------  ----------  --------------  -------------------
/opt/airflow/dags/temperature_etl.py                           1           0  0.38s           2026-02-10T00:06:15
================================================================================
[2026-02-10T00:07:03.110+0000] {manager.py:737} INFO - Searching for files in /opt/airflow/dags
[2026-02-10T00:07:03.140+0000] {manager.py:740} INFO - There are 2 files in /opt/airflow/dags
[2026-02-10T00:07:10.705+0000] {manager.py:878} INFO - 
================================================================================
DAG File Processing Stats

File Path                             PID    Runtime      # DAGs    # Errors  Last Runtime    Last Run
------------------------------------  -----  ---------  --------  ----------  --------------  -------------------
/opt/airflow/dags/two_process.py                               1           0  0.66s           2026-02-10T00:07:03
/opt/airflow/dags/temperature_etl.py                           1           0  0.54s           2026-02-10T00:06:46
================================================================================
[2026-02-10T00:07:40.726+0000] {manager.py:878} INFO - 
================================================================================
DAG File Processing Stats

File Path                             PID    Runtime      # DAGs    # Errors  Last Runtime    Last Run
------------------------------------  -----  ---------  --------  ----------  --------------  -------------------
/opt/airflow/dags/two_process.py                               1           0  0.46s           2026-02-10T00:07:36
/opt/airflow/dags/temperature_etl.py                           1           0  0.36s           2026-02-10T00:07:17
================================================================================
[2026-02-10T00:08:11.038+0000] {manager.py:878} INFO - 
================================================================================
DAG File Processing Stats

File Path                             PID    Runtime      # DAGs    # Errors  Last Runtime    Last Run
------------------------------------  -----  ---------  --------  ----------  --------------  -------------------
/opt/airflow/dags/two_process.py                               1           0  0.39s           2026-02-10T00:08:07
/opt/airflow/dags/temperature_etl.py                           1           0  0.35s           2026-02-10T00:07:47
================================================================================
[2026-02-10T00:08:41.568+0000] {manager.py:878} INFO - 
================================================================================
DAG File Processing Stats

File Path                             PID    Runtime      # DAGs    # Errors  Last Runtime    Last Run
------------------------------------  -----  ---------  --------  ----------  --------------  -------------------
/opt/airflow/dags/two_process.py                               1           0  0.40s           2026-02-10T00:08:37
/opt/airflow/dags/temperature_etl.py                           1           0  0.34s           2026-02-10T00:08:18
================================================================================
[2026-02-10T00:09:11.689+0000] {manager.py:878} INFO - 
================================================================================
DAG File Processing Stats

File Path                             PID    Runtime      # DAGs    # Errors  Last Runtime    Last Run
------------------------------------  -----  ---------  --------  ----------  --------------  -------------------
/opt/airflow/dags/two_process.py                               1           0  0.59s           2026-02-10T00:09:08
/opt/airflow/dags/temperature_etl.py                           1           0  0.34s           2026-02-10T00:08:48
================================================================================
[2026-02-10T00:09:41.825+0000] {manager.py:878} INFO - 
================================================================================
DAG File Processing Stats

File Path                             PID    Runtime      # DAGs    # Errors  Last Runtime    Last Run
------------------------------------  -----  ---------  --------  ----------  --------------  -------------------
/opt/airflow/dags/temperature_etl.py                           1           0  0.51s           2026-02-10T00:09:19
/opt/airflow/dags/two_process.py                               1           0  0.38s           2026-02-10T00:09:39
================================================================================
[2026-02-10T00:10:12.062+0000] {manager.py:878} INFO - 
================================================================================
DAG File Processing Stats

File Path                             PID    Runtime      # DAGs    # Errors  Last Runtime    Last Run
------------------------------------  -----  ---------  --------  ----------  --------------  -------------------
/opt/airflow/dags/temperature_etl.py                           1           0  0.41s           2026-02-10T00:09:50
/opt/airflow/dags/two_process.py                               1           0  0.37s           2026-02-10T00:09:51
================================================================================
[2026-02-10T00:10:42.462+0000] {manager.py:878} INFO - 
================================================================================
DAG File Processing Stats

File Path                             PID    Runtime      # DAGs    # Errors  Last Runtime    Last Run
------------------------------------  -----  ---------  --------  ----------  --------------  -------------------
/opt/airflow/dags/temperature_etl.py                           1           0  0.45s           2026-02-10T00:10:21
/opt/airflow/dags/two_process.py                               1           0  0.36s           2026-02-10T00:10:22
================================================================================
[2026-02-10T00:11:13.046+0000] {manager.py:878} INFO - 
================================================================================
DAG File Processing Stats

File Path                             PID    Runtime      # DAGs    # Errors  Last Runtime    Last Run
------------------------------------  -----  ---------  --------  ----------  --------------  -------------------
/opt/airflow/dags/two_process.py                               1           0  0.40s           2026-02-10T00:10:53
/opt/airflow/dags/temperature_etl.py                           1           0  0.36s           2026-02-10T00:10:51
================================================================================
[2026-02-10T00:11:43.592+0000] {manager.py:878} INFO - 
================================================================================
DAG File Processing Stats

File Path                             PID    Runtime      # DAGs    # Errors  Last Runtime    Last Run
------------------------------------  -----  ---------  --------  ----------  --------------  -------------------
/opt/airflow/dags/two_process.py                               1           0  0.60s           2026-02-10T00:11:23
/opt/airflow/dags/temperature_etl.py                           1           0  0.34s           2026-02-10T00:11:22
================================================================================
[2026-02-10T00:12:03.329+0000] {manager.py:737} INFO - Searching for files in /opt/airflow/dags
[2026-02-10T00:12:03.369+0000] {manager.py:740} INFO - There are 2 files in /opt/airflow/dags
[2026-02-10T00:12:13.674+0000] {manager.py:878} INFO - 
================================================================================
DAG File Processing Stats

File Path                             PID    Runtime      # DAGs    # Errors  Last Runtime    Last Run
------------------------------------  -----  ---------  --------  ----------  --------------  -------------------
/opt/airflow/dags/temperature_etl.py                           1           0  0.60s           2026-02-10T00:11:53
/opt/airflow/dags/two_process.py                               1           0  0.49s           2026-02-10T00:11:54
================================================================================
[2026-02-10T00:12:44.040+0000] {manager.py:878} INFO - 
================================================================================
DAG File Processing Stats

File Path                             PID    Runtime      # DAGs    # Errors  Last Runtime    Last Run
------------------------------------  -----  ---------  --------  ----------  --------------  -------------------
/opt/airflow/dags/temperature_etl.py                           1           0  0.38s           2026-02-10T00:12:23
/opt/airflow/dags/two_process.py                               1           0  0.33s           2026-02-10T00:12:25
================================================================================
[2026-02-10T00:13:14.581+0000] {manager.py:878} INFO - 
================================================================================
DAG File Processing Stats

File Path                             PID    Runtime      # DAGs    # Errors  Last Runtime    Last Run
------------------------------------  -----  ---------  --------  ----------  --------------  -------------------
/opt/airflow/dags/two_process.py                               1           0  0.35s           2026-02-10T00:12:55
/opt/airflow/dags/temperature_etl.py                           1           0  0.33s           2026-02-10T00:12:54
================================================================================
[2026-02-10T00:13:45.161+0000] {manager.py:878} INFO - 
================================================================================
DAG File Processing Stats

File Path                             PID    Runtime      # DAGs    # Errors  Last Runtime    Last Run
------------------------------------  -----  ---------  --------  ----------  --------------  -------------------
/opt/airflow/dags/two_process.py                               1           0  0.37s           2026-02-10T00:13:26
/opt/airflow/dags/temperature_etl.py                           1           0  0.37s           2026-02-10T00:13:25
================================================================================
[2026-02-10T00:14:15.690+0000] {manager.py:878} INFO - 
================================================================================
DAG File Processing Stats

File Path                             PID    Runtime      # DAGs    # Errors  Last Runtime    Last Run
------------------------------------  -----  ---------  --------  ----------  --------------  -------------------
/opt/airflow/dags/two_process.py                               1           0  0.39s           2026-02-10T00:13:56
/opt/airflow/dags/temperature_etl.py                           1           0  0.31s           2026-02-10T00:13:55
================================================================================
[2026-02-10T00:14:46.458+0000] {manager.py:878} INFO - 
================================================================================
DAG File Processing Stats

File Path                             PID    Runtime      # DAGs    # Errors  Last Runtime    Last Run
------------------------------------  -----  ---------  --------  ----------  --------------  -------------------
/opt/airflow/dags/temperature_etl.py                           1           0  0.55s           2026-02-10T00:14:26
/opt/airflow/dags/two_process.py                               1           0  0.52s           2026-02-10T00:14:27
================================================================================
[2026-02-10T00:15:17.248+0000] {manager.py:878} INFO - 
================================================================================
DAG File Processing Stats

File Path                             PID    Runtime      # DAGs    # Errors  Last Runtime    Last Run
------------------------------------  -----  ---------  --------  ----------  --------------  -------------------
/opt/airflow/dags/temperature_etl.py                           1           0  0.57s           2026-02-10T00:14:57
/opt/airflow/dags/two_process.py                               1           0  0.55s           2026-02-10T00:14:58
================================================================================
