[2026-01-27T08:55:30.512+0000] {local_task_job_runner.py:120} INFO - ::group::Pre task execution logs
[2026-01-27T08:55:30.540+0000] {taskinstance.py:2076} INFO - Dependencies all met for dep_context=non-requeueable deps ti=<TaskInstance: xml_etl_pipeline.process_xml_data manual__2026-01-27T08:50:16.255566+00:00 [queued]>
[2026-01-27T08:55:30.546+0000] {taskinstance.py:2076} INFO - Dependencies all met for dep_context=requeueable deps ti=<TaskInstance: xml_etl_pipeline.process_xml_data manual__2026-01-27T08:50:16.255566+00:00 [queued]>
[2026-01-27T08:55:30.547+0000] {taskinstance.py:2306} INFO - Starting attempt 2 of 2
[2026-01-27T08:55:30.561+0000] {taskinstance.py:2330} INFO - Executing <Task(PythonOperator): process_xml_data> on 2026-01-27 08:50:16.255566+00:00
[2026-01-27T08:55:30.569+0000] {standard_task_runner.py:64} INFO - Started process 281 to run task
[2026-01-27T08:55:30.571+0000] {standard_task_runner.py:90} INFO - Running: ['***', 'tasks', 'run', 'xml_etl_pipeline', 'process_xml_data', 'manual__2026-01-27T08:50:16.255566+00:00', '--job-id', '13', '--raw', '--subdir', 'DAGS_FOLDER/etl_project/xml_etl_dag.py', '--cfg-path', '/tmp/tmp0ov4lrpj']
[2026-01-27T08:55:30.574+0000] {standard_task_runner.py:91} INFO - Job 13: Subtask process_xml_data
[2026-01-27T08:55:30.635+0000] {task_command.py:426} INFO - Running <TaskInstance: xml_etl_pipeline.process_xml_data manual__2026-01-27T08:50:16.255566+00:00 [running]> on host 61da2ce8f1c7
[2026-01-27T08:55:30.715+0000] {taskinstance.py:2648} INFO - Exporting env vars: AIRFLOW_CTX_DAG_OWNER='***' AIRFLOW_CTX_DAG_ID='xml_etl_pipeline' AIRFLOW_CTX_TASK_ID='process_xml_data' AIRFLOW_CTX_EXECUTION_DATE='2026-01-27T08:50:16.255566+00:00' AIRFLOW_CTX_TRY_NUMBER='2' AIRFLOW_CTX_DAG_RUN_ID='manual__2026-01-27T08:50:16.255566+00:00'
[2026-01-27T08:55:30.716+0000] {taskinstance.py:430} INFO - ::endgroup::
[2026-01-27T08:55:30.886+0000] {base.py:84} INFO - Using connection ID 'postgres_default' for task execution.
[2026-01-27T08:55:34.864+0000] {taskinstance.py:441} INFO - ::group::Post task execution logs
[2026-01-27T08:55:34.865+0000] {taskinstance.py:2905} ERROR - Task failed with exception
Traceback (most recent call last):
  File "/home/airflow/.local/lib/python3.12/site-packages/airflow/models/taskinstance.py", line 465, in _execute_task
    result = _execute_callable(context=context, **execute_callable_kwargs)
             ^^^^^^^^^^^^^^^^^^^^^^^^^^^^^^^^^^^^^^^^^^^^^^^^^^^^^^^^^^^^^
  File "/home/airflow/.local/lib/python3.12/site-packages/airflow/models/taskinstance.py", line 432, in _execute_callable
    return execute_callable(context=context, **execute_callable_kwargs)
           ^^^^^^^^^^^^^^^^^^^^^^^^^^^^^^^^^^^^^^^^^^^^^^^^^^^^^^^^^^^^
  File "/home/airflow/.local/lib/python3.12/site-packages/airflow/models/baseoperator.py", line 401, in wrapper
    return func(self, *args, **kwargs)
           ^^^^^^^^^^^^^^^^^^^^^^^^^^^
  File "/home/airflow/.local/lib/python3.12/site-packages/airflow/operators/python.py", line 235, in execute
    return_value = self.execute_callable()
                   ^^^^^^^^^^^^^^^^^^^^^^^
  File "/home/airflow/.local/lib/python3.12/site-packages/airflow/operators/python.py", line 252, in execute_callable
    return self.python_callable(*self.op_args, **self.op_kwargs)
           ^^^^^^^^^^^^^^^^^^^^^^^^^^^^^^^^^^^^^^^^^^^^^^^^^^^^^
  File "/opt/airflow/dags/etl_project/xml_etl_dag.py", line 26, in process_xml_data
    conn = pg_hook.get_conn()
           ^^^^^^^^^^^^^^^^^^
  File "/home/airflow/.local/lib/python3.12/site-packages/airflow/providers/postgres/hooks/postgres.py", line 175, in get_conn
    self.conn = psycopg2.connect(**conn_args)
                ^^^^^^^^^^^^^^^^^^^^^^^^^^^^^
  File "/home/airflow/.local/lib/python3.12/site-packages/psycopg2/__init__.py", line 122, in connect
    conn = _connect(dsn, connection_factory=connection_factory, **kwasync)
           ^^^^^^^^^^^^^^^^^^^^^^^^^^^^^^^^^^^^^^^^^^^^^^^^^^^^^^^^^^^^^^^
psycopg2.OperationalError: could not translate host name "postgres" to address: Name or service not known

[2026-01-27T08:55:34.884+0000] {taskinstance.py:1206} INFO - Marking task as FAILED. dag_id=xml_etl_pipeline, task_id=process_xml_data, run_id=manual__2026-01-27T08:50:16.255566+00:00, execution_date=20260127T085016, start_date=20260127T085530, end_date=20260127T085534
[2026-01-27T08:55:34.897+0000] {standard_task_runner.py:110} ERROR - Failed to execute job 13 for task process_xml_data (could not translate host name "postgres" to address: Name or service not known
; 281)
[2026-01-27T08:55:34.928+0000] {local_task_job_runner.py:243} INFO - Task exited with return code 1
[2026-01-27T08:55:34.949+0000] {taskinstance.py:3503} INFO - 0 downstream tasks scheduled from follow-on schedule check
[2026-01-27T08:55:34.952+0000] {local_task_job_runner.py:222} INFO - ::endgroup::
