[2026-01-27T08:50:15.767+0000] {local_task_job_runner.py:120} INFO - ::group::Pre task execution logs
[2026-01-27T08:50:15.795+0000] {taskinstance.py:2076} INFO - Dependencies all met for dep_context=non-requeueable deps ti=<TaskInstance: json_etl_pipeline.process_json_data manual__2026-01-27T08:50:12.975730+00:00 [queued]>
[2026-01-27T08:50:15.801+0000] {taskinstance.py:2076} INFO - Dependencies all met for dep_context=requeueable deps ti=<TaskInstance: json_etl_pipeline.process_json_data manual__2026-01-27T08:50:12.975730+00:00 [queued]>
[2026-01-27T08:50:15.802+0000] {taskinstance.py:2306} INFO - Starting attempt 1 of 2
[2026-01-27T08:50:15.811+0000] {taskinstance.py:2330} INFO - Executing <Task(PythonOperator): process_json_data> on 2026-01-27 08:50:12.975730+00:00
[2026-01-27T08:50:15.816+0000] {standard_task_runner.py:64} INFO - Started process 140 to run task
[2026-01-27T08:50:15.819+0000] {standard_task_runner.py:90} INFO - Running: ['***', 'tasks', 'run', 'json_etl_pipeline', 'process_json_data', 'manual__2026-01-27T08:50:12.975730+00:00', '--job-id', '6', '--raw', '--subdir', 'DAGS_FOLDER/etl_project/json_etl_dag.py', '--cfg-path', '/tmp/tmp0en_nf2y']
[2026-01-27T08:50:15.820+0000] {standard_task_runner.py:91} INFO - Job 6: Subtask process_json_data
[2026-01-27T08:50:15.885+0000] {task_command.py:426} INFO - Running <TaskInstance: json_etl_pipeline.process_json_data manual__2026-01-27T08:50:12.975730+00:00 [running]> on host 61da2ce8f1c7
[2026-01-27T08:50:15.961+0000] {taskinstance.py:2648} INFO - Exporting env vars: AIRFLOW_CTX_DAG_OWNER='***' AIRFLOW_CTX_DAG_ID='json_etl_pipeline' AIRFLOW_CTX_TASK_ID='process_json_data' AIRFLOW_CTX_EXECUTION_DATE='2026-01-27T08:50:12.975730+00:00' AIRFLOW_CTX_TRY_NUMBER='1' AIRFLOW_CTX_DAG_RUN_ID='manual__2026-01-27T08:50:12.975730+00:00'
[2026-01-27T08:50:15.963+0000] {taskinstance.py:430} INFO - ::endgroup::
[2026-01-27T08:50:16.153+0000] {base.py:84} INFO - Using connection ID 'postgres_default' for task execution.
[2026-01-27T08:50:20.114+0000] {taskinstance.py:441} INFO - ::group::Post task execution logs
[2026-01-27T08:50:20.115+0000] {taskinstance.py:2905} ERROR - Task failed with exception
Traceback (most recent call last):
  File "/home/airflow/.local/lib/python3.12/site-packages/airflow/models/taskinstance.py", line 465, in _execute_task
    result = _execute_callable(context=context, **execute_callable_kwargs)
             ^^^^^^^^^^^^^^^^^^^^^^^^^^^^^^^^^^^^^^^^^^^^^^^^^^^^^^^^^^^^^
  File "/home/airflow/.local/lib/python3.12/site-packages/airflow/models/taskinstance.py", line 432, in _execute_callable
    return execute_callable(context=context, **execute_callable_kwargs)
           ^^^^^^^^^^^^^^^^^^^^^^^^^^^^^^^^^^^^^^^^^^^^^^^^^^^^^^^^^^^^
  File "/home/airflow/.local/lib/python3.12/site-packages/airflow/models/baseoperator.py", line 401, in wrapper
    return func(self, *args, **kwargs)
           ^^^^^^^^^^^^^^^^^^^^^^^^^^^
  File "/home/airflow/.local/lib/python3.12/site-packages/airflow/operators/python.py", line 235, in execute
    return_value = self.execute_callable()
                   ^^^^^^^^^^^^^^^^^^^^^^^
  File "/home/airflow/.local/lib/python3.12/site-packages/airflow/operators/python.py", line 252, in execute_callable
    return self.python_callable(*self.op_args, **self.op_kwargs)
           ^^^^^^^^^^^^^^^^^^^^^^^^^^^^^^^^^^^^^^^^^^^^^^^^^^^^^
  File "/opt/airflow/dags/etl_project/json_etl_dag.py", line 27, in process_json_data
    conn = pg_hook.get_conn()
           ^^^^^^^^^^^^^^^^^^
  File "/home/airflow/.local/lib/python3.12/site-packages/airflow/providers/postgres/hooks/postgres.py", line 175, in get_conn
    self.conn = psycopg2.connect(**conn_args)
                ^^^^^^^^^^^^^^^^^^^^^^^^^^^^^
  File "/home/airflow/.local/lib/python3.12/site-packages/psycopg2/__init__.py", line 122, in connect
    conn = _connect(dsn, connection_factory=connection_factory, **kwasync)
           ^^^^^^^^^^^^^^^^^^^^^^^^^^^^^^^^^^^^^^^^^^^^^^^^^^^^^^^^^^^^^^^
psycopg2.OperationalError: could not translate host name "postgres" to address: Name or service not known

[2026-01-27T08:50:20.129+0000] {taskinstance.py:1206} INFO - Marking task as UP_FOR_RETRY. dag_id=json_etl_pipeline, task_id=process_json_data, run_id=manual__2026-01-27T08:50:12.975730+00:00, execution_date=20260127T085012, start_date=20260127T085015, end_date=20260127T085020
[2026-01-27T08:50:20.139+0000] {standard_task_runner.py:110} ERROR - Failed to execute job 6 for task process_json_data (could not translate host name "postgres" to address: Name or service not known
; 140)
[2026-01-27T08:50:20.180+0000] {local_task_job_runner.py:243} INFO - Task exited with return code 1
[2026-01-27T08:50:20.196+0000] {taskinstance.py:3503} INFO - 0 downstream tasks scheduled from follow-on schedule check
[2026-01-27T08:50:20.198+0000] {local_task_job_runner.py:222} INFO - ::endgroup::
