[2026-02-02T18:28:51.259+0000] {local_task_job_runner.py:120} INFO - ::group::Pre task execution logs
[2026-02-02T18:28:51.282+0000] {taskinstance.py:2076} INFO - Dependencies all met for dep_context=non-requeueable deps ti=<TaskInstance: weather_data_transformation.transform_weather_data manual__2026-02-02T18:28:42.481398+00:00 [queued]>
[2026-02-02T18:28:51.290+0000] {taskinstance.py:2076} INFO - Dependencies all met for dep_context=requeueable deps ti=<TaskInstance: weather_data_transformation.transform_weather_data manual__2026-02-02T18:28:42.481398+00:00 [queued]>
[2026-02-02T18:28:51.291+0000] {taskinstance.py:2306} INFO - Starting attempt 1 of 2
[2026-02-02T18:28:51.301+0000] {taskinstance.py:2330} INFO - Executing <Task(PythonOperator): transform_weather_data> on 2026-02-02 18:28:42.481398+00:00
[2026-02-02T18:28:51.313+0000] {standard_task_runner.py:90} INFO - Running: ['***', 'tasks', 'run', 'weather_data_transformation', 'transform_weather_data', 'manual__2026-02-02T18:28:42.481398+00:00', '--job-id', '9', '--raw', '--subdir', 'DAGS_FOLDER/weather_transform.py', '--cfg-path', '/tmp/tmpcd_21xy0']
[2026-02-02T18:28:51.314+0000] {logging_mixin.py:188} WARNING - /home/***/.local/lib/python3.12/site-packages/***/task/task_runner/standard_task_runner.py:62 DeprecationWarning: This process (pid=229) is multi-threaded, use of fork() may lead to deadlocks in the child.
[2026-02-02T18:28:51.315+0000] {standard_task_runner.py:91} INFO - Job 9: Subtask transform_weather_data
[2026-02-02T18:28:51.315+0000] {standard_task_runner.py:64} INFO - Started process 246 to run task
[2026-02-02T18:28:51.468+0000] {task_command.py:426} INFO - Running <TaskInstance: weather_data_transformation.transform_weather_data manual__2026-02-02T18:28:42.481398+00:00 [running]> on host ab444b18e7de
[2026-02-02T18:28:51.537+0000] {taskinstance.py:2648} INFO - Exporting env vars: AIRFLOW_CTX_DAG_OWNER='student_name' AIRFLOW_CTX_DAG_ID='weather_data_transformation' AIRFLOW_CTX_TASK_ID='transform_weather_data' AIRFLOW_CTX_EXECUTION_DATE='2026-02-02T18:28:42.481398+00:00' AIRFLOW_CTX_TRY_NUMBER='1' AIRFLOW_CTX_DAG_RUN_ID='manual__2026-02-02T18:28:42.481398+00:00'
[2026-02-02T18:28:51.538+0000] {taskinstance.py:430} INFO - ::endgroup::
[2026-02-02T18:28:51.684+0000] {logging_mixin.py:188} INFO - Колонки в датасете: ['id', 'room_id/id', 'noted_date', 'temp', 'out/in']
[2026-02-02T18:28:51.691+0000] {logging_mixin.py:188} INFO - После фильтрации 'in': 0 записей
[2026-02-02T18:28:51.709+0000] {logging_mixin.py:188} INFO - Трансформация завершена успешно!
[2026-02-02T18:28:51.711+0000] {logging_mixin.py:188} INFO - 5 самых жарких дней:
Empty DataFrame
Columns: [noted_date, temp]
Index: []
[2026-02-02T18:28:51.712+0000] {logging_mixin.py:188} INFO - 
5 самых холодных дней:
Empty DataFrame
Columns: [noted_date, temp]
Index: []
[2026-02-02T18:28:51.713+0000] {logging_mixin.py:188} INFO - 
Сохранено 0 записей
[2026-02-02T18:28:51.713+0000] {python.py:237} INFO - Done. Returned value was: None
[2026-02-02T18:28:51.714+0000] {taskinstance.py:441} INFO - ::group::Post task execution logs
[2026-02-02T18:28:51.725+0000] {taskinstance.py:1206} INFO - Marking task as SUCCESS. dag_id=weather_data_transformation, task_id=transform_weather_data, run_id=manual__2026-02-02T18:28:42.481398+00:00, execution_date=20260202T182842, start_date=20260202T182851, end_date=20260202T182851
[2026-02-02T18:28:51.771+0000] {local_task_job_runner.py:243} INFO - Task exited with return code 0
[2026-02-02T18:28:51.787+0000] {taskinstance.py:3503} INFO - 0 downstream tasks scheduled from follow-on schedule check
[2026-02-02T18:28:51.790+0000] {local_task_job_runner.py:222} INFO - ::endgroup::
