[2026-01-27T08:45:14.253+0000] {processor.py:161} INFO - Started process (PID=34) to work on /opt/airflow/dags/etl_project/json_etl_dag.py
[2026-01-27T08:45:14.255+0000] {processor.py:830} INFO - Processing file /opt/airflow/dags/etl_project/json_etl_dag.py for tasks to queue
[2026-01-27T08:45:14.272+0000] {logging_mixin.py:188} INFO - [2026-01-27T08:45:14.269+0000] {dagbag.py:545} INFO - Filling up the DagBag from /opt/airflow/dags/etl_project/json_etl_dag.py
[2026-01-27T08:45:14.386+0000] {processor.py:840} INFO - DAG(s) 'json_etl_pipeline' retrieved from /opt/airflow/dags/etl_project/json_etl_dag.py
[2026-01-27T08:45:14.831+0000] {logging_mixin.py:188} INFO - [2026-01-27T08:45:14.830+0000] {override.py:1858} INFO - Created Permission View: can read on DAG:json_etl_pipeline
[2026-01-27T08:45:14.842+0000] {logging_mixin.py:188} INFO - [2026-01-27T08:45:14.842+0000] {override.py:1858} INFO - Created Permission View: can delete on DAG:json_etl_pipeline
[2026-01-27T08:45:14.848+0000] {logging_mixin.py:188} INFO - [2026-01-27T08:45:14.848+0000] {override.py:1858} INFO - Created Permission View: can edit on DAG:json_etl_pipeline
[2026-01-27T08:45:14.848+0000] {logging_mixin.py:188} INFO - [2026-01-27T08:45:14.848+0000] {dag.py:3089} INFO - Sync 1 DAGs
[2026-01-27T08:45:14.864+0000] {logging_mixin.py:188} INFO - [2026-01-27T08:45:14.863+0000] {dag.py:3111} INFO - Creating ORM DAG for json_etl_pipeline
[2026-01-27T08:45:14.884+0000] {logging_mixin.py:188} INFO - [2026-01-27T08:45:14.884+0000] {dag.py:3947} INFO - Setting next_dagrun for json_etl_pipeline to 2026-01-26 00:00:00+00:00, run_after=2026-01-27 00:00:00+00:00
[2026-01-27T08:45:14.916+0000] {processor.py:183} INFO - Processing /opt/airflow/dags/etl_project/json_etl_dag.py took 0.692 seconds
[2026-01-27T08:45:45.760+0000] {processor.py:161} INFO - Started process (PID=38) to work on /opt/airflow/dags/etl_project/json_etl_dag.py
[2026-01-27T08:45:45.762+0000] {processor.py:830} INFO - Processing file /opt/airflow/dags/etl_project/json_etl_dag.py for tasks to queue
[2026-01-27T08:45:45.765+0000] {logging_mixin.py:188} INFO - [2026-01-27T08:45:45.765+0000] {dagbag.py:545} INFO - Filling up the DagBag from /opt/airflow/dags/etl_project/json_etl_dag.py
[2026-01-27T08:45:45.802+0000] {processor.py:840} INFO - DAG(s) 'json_etl_pipeline' retrieved from /opt/airflow/dags/etl_project/json_etl_dag.py
[2026-01-27T08:45:45.842+0000] {logging_mixin.py:188} INFO - [2026-01-27T08:45:45.841+0000] {dag.py:3089} INFO - Sync 1 DAGs
[2026-01-27T08:45:45.870+0000] {logging_mixin.py:188} INFO - [2026-01-27T08:45:45.869+0000] {dag.py:3947} INFO - Setting next_dagrun for json_etl_pipeline to 2026-01-26 00:00:00+00:00, run_after=2026-01-27 00:00:00+00:00
[2026-01-27T08:45:45.893+0000] {processor.py:183} INFO - Processing /opt/airflow/dags/etl_project/json_etl_dag.py took 0.145 seconds
[2026-01-27T08:46:16.165+0000] {processor.py:161} INFO - Started process (PID=40) to work on /opt/airflow/dags/etl_project/json_etl_dag.py
[2026-01-27T08:46:16.167+0000] {processor.py:830} INFO - Processing file /opt/airflow/dags/etl_project/json_etl_dag.py for tasks to queue
[2026-01-27T08:46:16.169+0000] {logging_mixin.py:188} INFO - [2026-01-27T08:46:16.168+0000] {dagbag.py:545} INFO - Filling up the DagBag from /opt/airflow/dags/etl_project/json_etl_dag.py
[2026-01-27T08:46:16.206+0000] {processor.py:840} INFO - DAG(s) 'json_etl_pipeline' retrieved from /opt/airflow/dags/etl_project/json_etl_dag.py
[2026-01-27T08:46:16.232+0000] {logging_mixin.py:188} INFO - [2026-01-27T08:46:16.232+0000] {dag.py:3089} INFO - Sync 1 DAGs
[2026-01-27T08:46:16.256+0000] {logging_mixin.py:188} INFO - [2026-01-27T08:46:16.256+0000] {dag.py:3947} INFO - Setting next_dagrun for json_etl_pipeline to 2026-01-26 00:00:00+00:00, run_after=2026-01-27 00:00:00+00:00
[2026-01-27T08:46:16.277+0000] {processor.py:183} INFO - Processing /opt/airflow/dags/etl_project/json_etl_dag.py took 0.119 seconds
[2026-01-27T08:46:46.544+0000] {processor.py:161} INFO - Started process (PID=42) to work on /opt/airflow/dags/etl_project/json_etl_dag.py
[2026-01-27T08:46:46.545+0000] {processor.py:830} INFO - Processing file /opt/airflow/dags/etl_project/json_etl_dag.py for tasks to queue
[2026-01-27T08:46:46.548+0000] {logging_mixin.py:188} INFO - [2026-01-27T08:46:46.547+0000] {dagbag.py:545} INFO - Filling up the DagBag from /opt/airflow/dags/etl_project/json_etl_dag.py
[2026-01-27T08:46:46.572+0000] {processor.py:840} INFO - DAG(s) 'json_etl_pipeline' retrieved from /opt/airflow/dags/etl_project/json_etl_dag.py
[2026-01-27T08:46:46.601+0000] {logging_mixin.py:188} INFO - [2026-01-27T08:46:46.601+0000] {dag.py:3089} INFO - Sync 1 DAGs
[2026-01-27T08:46:46.623+0000] {logging_mixin.py:188} INFO - [2026-01-27T08:46:46.623+0000] {dag.py:3947} INFO - Setting next_dagrun for json_etl_pipeline to 2026-01-26 00:00:00+00:00, run_after=2026-01-27 00:00:00+00:00
[2026-01-27T08:46:46.642+0000] {processor.py:183} INFO - Processing /opt/airflow/dags/etl_project/json_etl_dag.py took 0.106 seconds
[2026-01-27T08:47:16.901+0000] {processor.py:161} INFO - Started process (PID=44) to work on /opt/airflow/dags/etl_project/json_etl_dag.py
[2026-01-27T08:47:16.902+0000] {processor.py:830} INFO - Processing file /opt/airflow/dags/etl_project/json_etl_dag.py for tasks to queue
[2026-01-27T08:47:16.904+0000] {logging_mixin.py:188} INFO - [2026-01-27T08:47:16.904+0000] {dagbag.py:545} INFO - Filling up the DagBag from /opt/airflow/dags/etl_project/json_etl_dag.py
[2026-01-27T08:47:16.928+0000] {processor.py:840} INFO - DAG(s) 'json_etl_pipeline' retrieved from /opt/airflow/dags/etl_project/json_etl_dag.py
[2026-01-27T08:47:16.961+0000] {logging_mixin.py:188} INFO - [2026-01-27T08:47:16.961+0000] {dag.py:3089} INFO - Sync 1 DAGs
[2026-01-27T08:47:16.983+0000] {logging_mixin.py:188} INFO - [2026-01-27T08:47:16.983+0000] {dag.py:3947} INFO - Setting next_dagrun for json_etl_pipeline to 2026-01-26 00:00:00+00:00, run_after=2026-01-27 00:00:00+00:00
[2026-01-27T08:47:16.999+0000] {processor.py:183} INFO - Processing /opt/airflow/dags/etl_project/json_etl_dag.py took 0.105 seconds
[2026-01-27T08:47:47.274+0000] {processor.py:161} INFO - Started process (PID=46) to work on /opt/airflow/dags/etl_project/json_etl_dag.py
[2026-01-27T08:47:47.275+0000] {processor.py:830} INFO - Processing file /opt/airflow/dags/etl_project/json_etl_dag.py for tasks to queue
[2026-01-27T08:47:47.278+0000] {logging_mixin.py:188} INFO - [2026-01-27T08:47:47.277+0000] {dagbag.py:545} INFO - Filling up the DagBag from /opt/airflow/dags/etl_project/json_etl_dag.py
[2026-01-27T08:47:47.307+0000] {processor.py:840} INFO - DAG(s) 'json_etl_pipeline' retrieved from /opt/airflow/dags/etl_project/json_etl_dag.py
[2026-01-27T08:47:47.340+0000] {logging_mixin.py:188} INFO - [2026-01-27T08:47:47.340+0000] {dag.py:3089} INFO - Sync 1 DAGs
[2026-01-27T08:47:47.377+0000] {logging_mixin.py:188} INFO - [2026-01-27T08:47:47.376+0000] {dag.py:3947} INFO - Setting next_dagrun for json_etl_pipeline to 2026-01-26 00:00:00+00:00, run_after=2026-01-27 00:00:00+00:00
[2026-01-27T08:47:47.396+0000] {processor.py:183} INFO - Processing /opt/airflow/dags/etl_project/json_etl_dag.py took 0.131 seconds
[2026-01-27T08:48:17.688+0000] {processor.py:161} INFO - Started process (PID=48) to work on /opt/airflow/dags/etl_project/json_etl_dag.py
[2026-01-27T08:48:17.690+0000] {processor.py:830} INFO - Processing file /opt/airflow/dags/etl_project/json_etl_dag.py for tasks to queue
[2026-01-27T08:48:17.693+0000] {logging_mixin.py:188} INFO - [2026-01-27T08:48:17.692+0000] {dagbag.py:545} INFO - Filling up the DagBag from /opt/airflow/dags/etl_project/json_etl_dag.py
[2026-01-27T08:48:17.726+0000] {processor.py:840} INFO - DAG(s) 'json_etl_pipeline' retrieved from /opt/airflow/dags/etl_project/json_etl_dag.py
[2026-01-27T08:48:17.762+0000] {logging_mixin.py:188} INFO - [2026-01-27T08:48:17.761+0000] {dag.py:3089} INFO - Sync 1 DAGs
[2026-01-27T08:48:17.788+0000] {logging_mixin.py:188} INFO - [2026-01-27T08:48:17.787+0000] {dag.py:3947} INFO - Setting next_dagrun for json_etl_pipeline to 2026-01-26 00:00:00+00:00, run_after=2026-01-27 00:00:00+00:00
[2026-01-27T08:48:17.808+0000] {processor.py:183} INFO - Processing /opt/airflow/dags/etl_project/json_etl_dag.py took 0.129 seconds
[2026-01-27T08:48:48.092+0000] {processor.py:161} INFO - Started process (PID=101) to work on /opt/airflow/dags/etl_project/json_etl_dag.py
[2026-01-27T08:48:48.095+0000] {processor.py:830} INFO - Processing file /opt/airflow/dags/etl_project/json_etl_dag.py for tasks to queue
[2026-01-27T08:48:48.101+0000] {logging_mixin.py:188} INFO - [2026-01-27T08:48:48.098+0000] {dagbag.py:545} INFO - Filling up the DagBag from /opt/airflow/dags/etl_project/json_etl_dag.py
[2026-01-27T08:48:48.154+0000] {processor.py:840} INFO - DAG(s) 'json_etl_pipeline' retrieved from /opt/airflow/dags/etl_project/json_etl_dag.py
[2026-01-27T08:48:48.218+0000] {logging_mixin.py:188} INFO - [2026-01-27T08:48:48.218+0000] {dag.py:3089} INFO - Sync 1 DAGs
[2026-01-27T08:48:48.268+0000] {logging_mixin.py:188} INFO - [2026-01-27T08:48:48.268+0000] {dag.py:3947} INFO - Setting next_dagrun for json_etl_pipeline to 2026-01-27 00:00:00+00:00, run_after=2026-01-28 00:00:00+00:00
[2026-01-27T08:48:48.301+0000] {processor.py:183} INFO - Processing /opt/airflow/dags/etl_project/json_etl_dag.py took 0.236 seconds
[2026-01-27T08:49:18.450+0000] {processor.py:161} INFO - Started process (PID=120) to work on /opt/airflow/dags/etl_project/json_etl_dag.py
[2026-01-27T08:49:18.451+0000] {processor.py:830} INFO - Processing file /opt/airflow/dags/etl_project/json_etl_dag.py for tasks to queue
[2026-01-27T08:49:18.453+0000] {logging_mixin.py:188} INFO - [2026-01-27T08:49:18.453+0000] {dagbag.py:545} INFO - Filling up the DagBag from /opt/airflow/dags/etl_project/json_etl_dag.py
[2026-01-27T08:49:18.474+0000] {processor.py:840} INFO - DAG(s) 'json_etl_pipeline' retrieved from /opt/airflow/dags/etl_project/json_etl_dag.py
[2026-01-27T08:49:18.503+0000] {logging_mixin.py:188} INFO - [2026-01-27T08:49:18.503+0000] {dag.py:3089} INFO - Sync 1 DAGs
[2026-01-27T08:49:18.523+0000] {logging_mixin.py:188} INFO - [2026-01-27T08:49:18.522+0000] {dag.py:3947} INFO - Setting next_dagrun for json_etl_pipeline to 2026-01-27 00:00:00+00:00, run_after=2026-01-28 00:00:00+00:00
[2026-01-27T08:49:18.541+0000] {processor.py:183} INFO - Processing /opt/airflow/dags/etl_project/json_etl_dag.py took 0.096 seconds
[2026-01-27T08:49:48.794+0000] {processor.py:161} INFO - Started process (PID=122) to work on /opt/airflow/dags/etl_project/json_etl_dag.py
[2026-01-27T08:49:48.796+0000] {processor.py:830} INFO - Processing file /opt/airflow/dags/etl_project/json_etl_dag.py for tasks to queue
[2026-01-27T08:49:48.798+0000] {logging_mixin.py:188} INFO - [2026-01-27T08:49:48.797+0000] {dagbag.py:545} INFO - Filling up the DagBag from /opt/airflow/dags/etl_project/json_etl_dag.py
[2026-01-27T08:49:48.820+0000] {processor.py:840} INFO - DAG(s) 'json_etl_pipeline' retrieved from /opt/airflow/dags/etl_project/json_etl_dag.py
[2026-01-27T08:49:48.851+0000] {logging_mixin.py:188} INFO - [2026-01-27T08:49:48.850+0000] {dag.py:3089} INFO - Sync 1 DAGs
[2026-01-27T08:49:48.874+0000] {logging_mixin.py:188} INFO - [2026-01-27T08:49:48.874+0000] {dag.py:3947} INFO - Setting next_dagrun for json_etl_pipeline to 2026-01-27 00:00:00+00:00, run_after=2026-01-28 00:00:00+00:00
[2026-01-27T08:49:48.896+0000] {processor.py:183} INFO - Processing /opt/airflow/dags/etl_project/json_etl_dag.py took 0.107 seconds
[2026-01-27T08:50:19.214+0000] {processor.py:161} INFO - Started process (PID=141) to work on /opt/airflow/dags/etl_project/json_etl_dag.py
[2026-01-27T08:50:19.216+0000] {processor.py:830} INFO - Processing file /opt/airflow/dags/etl_project/json_etl_dag.py for tasks to queue
[2026-01-27T08:50:19.218+0000] {logging_mixin.py:188} INFO - [2026-01-27T08:50:19.217+0000] {dagbag.py:545} INFO - Filling up the DagBag from /opt/airflow/dags/etl_project/json_etl_dag.py
[2026-01-27T08:50:19.242+0000] {processor.py:840} INFO - DAG(s) 'json_etl_pipeline' retrieved from /opt/airflow/dags/etl_project/json_etl_dag.py
[2026-01-27T08:50:19.275+0000] {logging_mixin.py:188} INFO - [2026-01-27T08:50:19.275+0000] {dag.py:3089} INFO - Sync 1 DAGs
[2026-01-27T08:50:19.300+0000] {logging_mixin.py:188} INFO - [2026-01-27T08:50:19.300+0000] {dag.py:3947} INFO - Setting next_dagrun for json_etl_pipeline to 2026-01-27 00:00:00+00:00, run_after=2026-01-28 00:00:00+00:00
[2026-01-27T08:50:19.321+0000] {processor.py:183} INFO - Processing /opt/airflow/dags/etl_project/json_etl_dag.py took 0.112 seconds
[2026-01-27T08:50:49.581+0000] {processor.py:161} INFO - Started process (PID=160) to work on /opt/airflow/dags/etl_project/json_etl_dag.py
[2026-01-27T08:50:49.583+0000] {processor.py:830} INFO - Processing file /opt/airflow/dags/etl_project/json_etl_dag.py for tasks to queue
[2026-01-27T08:50:49.585+0000] {logging_mixin.py:188} INFO - [2026-01-27T08:50:49.585+0000] {dagbag.py:545} INFO - Filling up the DagBag from /opt/airflow/dags/etl_project/json_etl_dag.py
[2026-01-27T08:50:49.609+0000] {processor.py:840} INFO - DAG(s) 'json_etl_pipeline' retrieved from /opt/airflow/dags/etl_project/json_etl_dag.py
[2026-01-27T08:50:49.634+0000] {logging_mixin.py:188} INFO - [2026-01-27T08:50:49.633+0000] {dag.py:3089} INFO - Sync 1 DAGs
[2026-01-27T08:50:49.652+0000] {logging_mixin.py:188} INFO - [2026-01-27T08:50:49.651+0000] {dag.py:3947} INFO - Setting next_dagrun for json_etl_pipeline to 2026-01-27 00:00:00+00:00, run_after=2026-01-28 00:00:00+00:00
[2026-01-27T08:50:49.668+0000] {processor.py:183} INFO - Processing /opt/airflow/dags/etl_project/json_etl_dag.py took 0.095 seconds
[2026-01-27T08:51:19.934+0000] {processor.py:161} INFO - Started process (PID=162) to work on /opt/airflow/dags/etl_project/json_etl_dag.py
[2026-01-27T08:51:19.935+0000] {processor.py:830} INFO - Processing file /opt/airflow/dags/etl_project/json_etl_dag.py for tasks to queue
[2026-01-27T08:51:19.937+0000] {logging_mixin.py:188} INFO - [2026-01-27T08:51:19.937+0000] {dagbag.py:545} INFO - Filling up the DagBag from /opt/airflow/dags/etl_project/json_etl_dag.py
[2026-01-27T08:51:19.959+0000] {processor.py:840} INFO - DAG(s) 'json_etl_pipeline' retrieved from /opt/airflow/dags/etl_project/json_etl_dag.py
[2026-01-27T08:51:19.990+0000] {logging_mixin.py:188} INFO - [2026-01-27T08:51:19.990+0000] {dag.py:3089} INFO - Sync 1 DAGs
[2026-01-27T08:51:20.010+0000] {logging_mixin.py:188} INFO - [2026-01-27T08:51:20.009+0000] {dag.py:3947} INFO - Setting next_dagrun for json_etl_pipeline to 2026-01-27 00:00:00+00:00, run_after=2026-01-28 00:00:00+00:00
[2026-01-27T08:51:20.028+0000] {processor.py:183} INFO - Processing /opt/airflow/dags/etl_project/json_etl_dag.py took 0.101 seconds
[2026-01-27T08:51:50.304+0000] {processor.py:161} INFO - Started process (PID=164) to work on /opt/airflow/dags/etl_project/json_etl_dag.py
[2026-01-27T08:51:50.305+0000] {processor.py:830} INFO - Processing file /opt/airflow/dags/etl_project/json_etl_dag.py for tasks to queue
[2026-01-27T08:51:50.307+0000] {logging_mixin.py:188} INFO - [2026-01-27T08:51:50.307+0000] {dagbag.py:545} INFO - Filling up the DagBag from /opt/airflow/dags/etl_project/json_etl_dag.py
[2026-01-27T08:51:50.332+0000] {processor.py:840} INFO - DAG(s) 'json_etl_pipeline' retrieved from /opt/airflow/dags/etl_project/json_etl_dag.py
[2026-01-27T08:51:50.364+0000] {logging_mixin.py:188} INFO - [2026-01-27T08:51:50.364+0000] {dag.py:3089} INFO - Sync 1 DAGs
[2026-01-27T08:51:50.387+0000] {logging_mixin.py:188} INFO - [2026-01-27T08:51:50.387+0000] {dag.py:3947} INFO - Setting next_dagrun for json_etl_pipeline to 2026-01-27 00:00:00+00:00, run_after=2026-01-28 00:00:00+00:00
[2026-01-27T08:51:50.405+0000] {processor.py:183} INFO - Processing /opt/airflow/dags/etl_project/json_etl_dag.py took 0.107 seconds
[2026-01-27T08:52:20.671+0000] {processor.py:161} INFO - Started process (PID=166) to work on /opt/airflow/dags/etl_project/json_etl_dag.py
[2026-01-27T08:52:20.672+0000] {processor.py:830} INFO - Processing file /opt/airflow/dags/etl_project/json_etl_dag.py for tasks to queue
[2026-01-27T08:52:20.674+0000] {logging_mixin.py:188} INFO - [2026-01-27T08:52:20.673+0000] {dagbag.py:545} INFO - Filling up the DagBag from /opt/airflow/dags/etl_project/json_etl_dag.py
[2026-01-27T08:52:20.695+0000] {processor.py:840} INFO - DAG(s) 'json_etl_pipeline' retrieved from /opt/airflow/dags/etl_project/json_etl_dag.py
[2026-01-27T08:52:20.722+0000] {logging_mixin.py:188} INFO - [2026-01-27T08:52:20.721+0000] {dag.py:3089} INFO - Sync 1 DAGs
[2026-01-27T08:52:20.743+0000] {logging_mixin.py:188} INFO - [2026-01-27T08:52:20.743+0000] {dag.py:3947} INFO - Setting next_dagrun for json_etl_pipeline to 2026-01-27 00:00:00+00:00, run_after=2026-01-28 00:00:00+00:00
[2026-01-27T08:52:20.760+0000] {processor.py:183} INFO - Processing /opt/airflow/dags/etl_project/json_etl_dag.py took 0.095 seconds
[2026-01-27T08:52:51.023+0000] {processor.py:161} INFO - Started process (PID=168) to work on /opt/airflow/dags/etl_project/json_etl_dag.py
[2026-01-27T08:52:51.024+0000] {processor.py:830} INFO - Processing file /opt/airflow/dags/etl_project/json_etl_dag.py for tasks to queue
[2026-01-27T08:52:51.026+0000] {logging_mixin.py:188} INFO - [2026-01-27T08:52:51.025+0000] {dagbag.py:545} INFO - Filling up the DagBag from /opt/airflow/dags/etl_project/json_etl_dag.py
[2026-01-27T08:52:51.045+0000] {processor.py:840} INFO - DAG(s) 'json_etl_pipeline' retrieved from /opt/airflow/dags/etl_project/json_etl_dag.py
[2026-01-27T08:52:51.070+0000] {logging_mixin.py:188} INFO - [2026-01-27T08:52:51.070+0000] {dag.py:3089} INFO - Sync 1 DAGs
[2026-01-27T08:52:51.089+0000] {logging_mixin.py:188} INFO - [2026-01-27T08:52:51.089+0000] {dag.py:3947} INFO - Setting next_dagrun for json_etl_pipeline to 2026-01-27 00:00:00+00:00, run_after=2026-01-28 00:00:00+00:00
[2026-01-27T08:52:51.107+0000] {processor.py:183} INFO - Processing /opt/airflow/dags/etl_project/json_etl_dag.py took 0.089 seconds
[2026-01-27T08:53:21.361+0000] {processor.py:161} INFO - Started process (PID=170) to work on /opt/airflow/dags/etl_project/json_etl_dag.py
[2026-01-27T08:53:21.363+0000] {processor.py:830} INFO - Processing file /opt/airflow/dags/etl_project/json_etl_dag.py for tasks to queue
[2026-01-27T08:53:21.365+0000] {logging_mixin.py:188} INFO - [2026-01-27T08:53:21.364+0000] {dagbag.py:545} INFO - Filling up the DagBag from /opt/airflow/dags/etl_project/json_etl_dag.py
[2026-01-27T08:53:21.385+0000] {processor.py:840} INFO - DAG(s) 'json_etl_pipeline' retrieved from /opt/airflow/dags/etl_project/json_etl_dag.py
[2026-01-27T08:53:21.410+0000] {logging_mixin.py:188} INFO - [2026-01-27T08:53:21.410+0000] {dag.py:3089} INFO - Sync 1 DAGs
[2026-01-27T08:53:21.428+0000] {logging_mixin.py:188} INFO - [2026-01-27T08:53:21.428+0000] {dag.py:3947} INFO - Setting next_dagrun for json_etl_pipeline to 2026-01-27 00:00:00+00:00, run_after=2026-01-28 00:00:00+00:00
[2026-01-27T08:53:21.444+0000] {processor.py:183} INFO - Processing /opt/airflow/dags/etl_project/json_etl_dag.py took 0.088 seconds
[2026-01-27T08:53:51.705+0000] {processor.py:161} INFO - Started process (PID=223) to work on /opt/airflow/dags/etl_project/json_etl_dag.py
[2026-01-27T08:53:51.707+0000] {processor.py:830} INFO - Processing file /opt/airflow/dags/etl_project/json_etl_dag.py for tasks to queue
[2026-01-27T08:53:51.709+0000] {logging_mixin.py:188} INFO - [2026-01-27T08:53:51.709+0000] {dagbag.py:545} INFO - Filling up the DagBag from /opt/airflow/dags/etl_project/json_etl_dag.py
[2026-01-27T08:53:51.735+0000] {processor.py:840} INFO - DAG(s) 'json_etl_pipeline' retrieved from /opt/airflow/dags/etl_project/json_etl_dag.py
[2026-01-27T08:53:51.766+0000] {logging_mixin.py:188} INFO - [2026-01-27T08:53:51.765+0000] {dag.py:3089} INFO - Sync 1 DAGs
[2026-01-27T08:53:51.786+0000] {logging_mixin.py:188} INFO - [2026-01-27T08:53:51.786+0000] {dag.py:3947} INFO - Setting next_dagrun for json_etl_pipeline to 2026-01-27 00:00:00+00:00, run_after=2026-01-28 00:00:00+00:00
[2026-01-27T08:53:51.805+0000] {processor.py:183} INFO - Processing /opt/airflow/dags/etl_project/json_etl_dag.py took 0.107 seconds
[2026-01-27T08:54:22.063+0000] {processor.py:161} INFO - Started process (PID=242) to work on /opt/airflow/dags/etl_project/json_etl_dag.py
[2026-01-27T08:54:22.064+0000] {processor.py:830} INFO - Processing file /opt/airflow/dags/etl_project/json_etl_dag.py for tasks to queue
[2026-01-27T08:54:22.066+0000] {logging_mixin.py:188} INFO - [2026-01-27T08:54:22.066+0000] {dagbag.py:545} INFO - Filling up the DagBag from /opt/airflow/dags/etl_project/json_etl_dag.py
[2026-01-27T08:54:22.089+0000] {processor.py:840} INFO - DAG(s) 'json_etl_pipeline' retrieved from /opt/airflow/dags/etl_project/json_etl_dag.py
[2026-01-27T08:54:22.115+0000] {logging_mixin.py:188} INFO - [2026-01-27T08:54:22.115+0000] {dag.py:3089} INFO - Sync 1 DAGs
[2026-01-27T08:54:22.135+0000] {logging_mixin.py:188} INFO - [2026-01-27T08:54:22.134+0000] {dag.py:3947} INFO - Setting next_dagrun for json_etl_pipeline to 2026-01-27 00:00:00+00:00, run_after=2026-01-28 00:00:00+00:00
[2026-01-27T08:54:22.154+0000] {processor.py:183} INFO - Processing /opt/airflow/dags/etl_project/json_etl_dag.py took 0.096 seconds
[2026-01-27T08:54:52.433+0000] {processor.py:161} INFO - Started process (PID=244) to work on /opt/airflow/dags/etl_project/json_etl_dag.py
[2026-01-27T08:54:52.435+0000] {processor.py:830} INFO - Processing file /opt/airflow/dags/etl_project/json_etl_dag.py for tasks to queue
[2026-01-27T08:54:52.437+0000] {logging_mixin.py:188} INFO - [2026-01-27T08:54:52.437+0000] {dagbag.py:545} INFO - Filling up the DagBag from /opt/airflow/dags/etl_project/json_etl_dag.py
[2026-01-27T08:54:52.463+0000] {processor.py:840} INFO - DAG(s) 'json_etl_pipeline' retrieved from /opt/airflow/dags/etl_project/json_etl_dag.py
[2026-01-27T08:54:52.490+0000] {logging_mixin.py:188} INFO - [2026-01-27T08:54:52.490+0000] {dag.py:3089} INFO - Sync 1 DAGs
[2026-01-27T08:54:52.510+0000] {logging_mixin.py:188} INFO - [2026-01-27T08:54:52.510+0000] {dag.py:3947} INFO - Setting next_dagrun for json_etl_pipeline to 2026-01-27 00:00:00+00:00, run_after=2026-01-28 00:00:00+00:00
[2026-01-27T08:54:52.532+0000] {processor.py:183} INFO - Processing /opt/airflow/dags/etl_project/json_etl_dag.py took 0.107 seconds
[2026-01-27T08:55:22.843+0000] {processor.py:161} INFO - Started process (PID=247) to work on /opt/airflow/dags/etl_project/json_etl_dag.py
[2026-01-27T08:55:22.844+0000] {processor.py:830} INFO - Processing file /opt/airflow/dags/etl_project/json_etl_dag.py for tasks to queue
[2026-01-27T08:55:22.846+0000] {logging_mixin.py:188} INFO - [2026-01-27T08:55:22.846+0000] {dagbag.py:545} INFO - Filling up the DagBag from /opt/airflow/dags/etl_project/json_etl_dag.py
[2026-01-27T08:55:22.870+0000] {processor.py:840} INFO - DAG(s) 'json_etl_pipeline' retrieved from /opt/airflow/dags/etl_project/json_etl_dag.py
[2026-01-27T08:55:22.895+0000] {logging_mixin.py:188} INFO - [2026-01-27T08:55:22.895+0000] {dag.py:3089} INFO - Sync 1 DAGs
[2026-01-27T08:55:22.917+0000] {logging_mixin.py:188} INFO - [2026-01-27T08:55:22.916+0000] {dag.py:3947} INFO - Setting next_dagrun for json_etl_pipeline to 2026-01-27 00:00:00+00:00, run_after=2026-01-28 00:00:00+00:00
[2026-01-27T08:55:22.941+0000] {processor.py:183} INFO - Processing /opt/airflow/dags/etl_project/json_etl_dag.py took 0.104 seconds
[2026-01-27T08:55:53.207+0000] {processor.py:161} INFO - Started process (PID=282) to work on /opt/airflow/dags/etl_project/json_etl_dag.py
[2026-01-27T08:55:53.208+0000] {processor.py:830} INFO - Processing file /opt/airflow/dags/etl_project/json_etl_dag.py for tasks to queue
[2026-01-27T08:55:53.210+0000] {logging_mixin.py:188} INFO - [2026-01-27T08:55:53.210+0000] {dagbag.py:545} INFO - Filling up the DagBag from /opt/airflow/dags/etl_project/json_etl_dag.py
[2026-01-27T08:55:53.232+0000] {processor.py:840} INFO - DAG(s) 'json_etl_pipeline' retrieved from /opt/airflow/dags/etl_project/json_etl_dag.py
[2026-01-27T08:55:53.261+0000] {logging_mixin.py:188} INFO - [2026-01-27T08:55:53.261+0000] {dag.py:3089} INFO - Sync 1 DAGs
[2026-01-27T08:55:53.279+0000] {logging_mixin.py:188} INFO - [2026-01-27T08:55:53.279+0000] {dag.py:3947} INFO - Setting next_dagrun for json_etl_pipeline to 2026-01-27 00:00:00+00:00, run_after=2026-01-28 00:00:00+00:00
[2026-01-27T08:55:53.296+0000] {processor.py:183} INFO - Processing /opt/airflow/dags/etl_project/json_etl_dag.py took 0.094 seconds
