[2026-01-27T08:45:14.253+0000] {processor.py:161} INFO - Started process (PID=33) to work on /opt/airflow/dags/etl_project/xml_etl_dag.py
[2026-01-27T08:45:14.255+0000] {processor.py:830} INFO - Processing file /opt/airflow/dags/etl_project/xml_etl_dag.py for tasks to queue
[2026-01-27T08:45:14.272+0000] {logging_mixin.py:188} INFO - [2026-01-27T08:45:14.269+0000] {dagbag.py:545} INFO - Filling up the DagBag from /opt/airflow/dags/etl_project/xml_etl_dag.py
[2026-01-27T08:45:14.386+0000] {processor.py:840} INFO - DAG(s) 'xml_etl_pipeline' retrieved from /opt/airflow/dags/etl_project/xml_etl_dag.py
[2026-01-27T08:45:14.832+0000] {logging_mixin.py:188} INFO - [2026-01-27T08:45:14.831+0000] {override.py:1858} INFO - Created Permission View: can read on DAG:xml_etl_pipeline
[2026-01-27T08:45:14.842+0000] {logging_mixin.py:188} INFO - [2026-01-27T08:45:14.841+0000] {override.py:1858} INFO - Created Permission View: can delete on DAG:xml_etl_pipeline
[2026-01-27T08:45:14.847+0000] {logging_mixin.py:188} INFO - [2026-01-27T08:45:14.847+0000] {override.py:1858} INFO - Created Permission View: can edit on DAG:xml_etl_pipeline
[2026-01-27T08:45:14.847+0000] {logging_mixin.py:188} INFO - [2026-01-27T08:45:14.847+0000] {dag.py:3089} INFO - Sync 1 DAGs
[2026-01-27T08:45:14.864+0000] {logging_mixin.py:188} INFO - [2026-01-27T08:45:14.863+0000] {dag.py:3111} INFO - Creating ORM DAG for xml_etl_pipeline
[2026-01-27T08:45:14.884+0000] {logging_mixin.py:188} INFO - [2026-01-27T08:45:14.884+0000] {dag.py:3947} INFO - Setting next_dagrun for xml_etl_pipeline to 2026-01-26 00:00:00+00:00, run_after=2026-01-27 00:00:00+00:00
[2026-01-27T08:45:14.916+0000] {processor.py:183} INFO - Processing /opt/airflow/dags/etl_project/xml_etl_dag.py took 0.692 seconds
[2026-01-27T08:45:15.288+0000] {processor.py:161} INFO - Started process (PID=35) to work on /opt/airflow/dags/etl_project/xml_etl_dag.py
[2026-01-27T08:45:15.289+0000] {processor.py:830} INFO - Processing file /opt/airflow/dags/etl_project/xml_etl_dag.py for tasks to queue
[2026-01-27T08:45:15.292+0000] {logging_mixin.py:188} INFO - [2026-01-27T08:45:15.292+0000] {dagbag.py:545} INFO - Filling up the DagBag from /opt/airflow/dags/etl_project/xml_etl_dag.py
[2026-01-27T08:45:15.331+0000] {processor.py:840} INFO - DAG(s) 'xml_etl_pipeline' retrieved from /opt/airflow/dags/etl_project/xml_etl_dag.py
[2026-01-27T08:45:15.346+0000] {logging_mixin.py:188} INFO - [2026-01-27T08:45:15.346+0000] {dag.py:3089} INFO - Sync 1 DAGs
[2026-01-27T08:45:15.368+0000] {logging_mixin.py:188} INFO - [2026-01-27T08:45:15.368+0000] {dag.py:3947} INFO - Setting next_dagrun for xml_etl_pipeline to 2026-01-26 00:00:00+00:00, run_after=2026-01-27 00:00:00+00:00
[2026-01-27T08:45:15.394+0000] {processor.py:183} INFO - Processing /opt/airflow/dags/etl_project/xml_etl_dag.py took 0.112 seconds
[2026-01-27T08:45:18.354+0000] {processor.py:161} INFO - Started process (PID=36) to work on /opt/airflow/dags/etl_project/xml_etl_dag.py
[2026-01-27T08:45:18.355+0000] {processor.py:830} INFO - Processing file /opt/airflow/dags/etl_project/xml_etl_dag.py for tasks to queue
[2026-01-27T08:45:18.357+0000] {logging_mixin.py:188} INFO - [2026-01-27T08:45:18.357+0000] {dagbag.py:545} INFO - Filling up the DagBag from /opt/airflow/dags/etl_project/xml_etl_dag.py
[2026-01-27T08:45:18.417+0000] {processor.py:840} INFO - DAG(s) 'xml_etl_pipeline' retrieved from /opt/airflow/dags/etl_project/xml_etl_dag.py
[2026-01-27T08:45:18.443+0000] {logging_mixin.py:188} INFO - [2026-01-27T08:45:18.443+0000] {dag.py:3089} INFO - Sync 1 DAGs
[2026-01-27T08:45:18.477+0000] {logging_mixin.py:188} INFO - [2026-01-27T08:45:18.477+0000] {dag.py:3947} INFO - Setting next_dagrun for xml_etl_pipeline to 2026-01-26 00:00:00+00:00, run_after=2026-01-27 00:00:00+00:00
[2026-01-27T08:45:18.499+0000] {processor.py:183} INFO - Processing /opt/airflow/dags/etl_project/xml_etl_dag.py took 0.154 seconds
[2026-01-27T08:45:22.539+0000] {processor.py:161} INFO - Started process (PID=37) to work on /opt/airflow/dags/etl_project/xml_etl_dag.py
[2026-01-27T08:45:22.540+0000] {processor.py:830} INFO - Processing file /opt/airflow/dags/etl_project/xml_etl_dag.py for tasks to queue
[2026-01-27T08:45:22.543+0000] {logging_mixin.py:188} INFO - [2026-01-27T08:45:22.543+0000] {dagbag.py:545} INFO - Filling up the DagBag from /opt/airflow/dags/etl_project/xml_etl_dag.py
[2026-01-27T08:45:22.583+0000] {processor.py:840} INFO - DAG(s) 'xml_etl_pipeline' retrieved from /opt/airflow/dags/etl_project/xml_etl_dag.py
[2026-01-27T08:45:22.600+0000] {logging_mixin.py:188} INFO - [2026-01-27T08:45:22.599+0000] {dag.py:3089} INFO - Sync 1 DAGs
[2026-01-27T08:45:22.627+0000] {logging_mixin.py:188} INFO - [2026-01-27T08:45:22.626+0000] {dag.py:3947} INFO - Setting next_dagrun for xml_etl_pipeline to 2026-01-26 00:00:00+00:00, run_after=2026-01-27 00:00:00+00:00
[2026-01-27T08:45:22.651+0000] {processor.py:183} INFO - Processing /opt/airflow/dags/etl_project/xml_etl_dag.py took 0.120 seconds
[2026-01-27T08:45:52.903+0000] {processor.py:161} INFO - Started process (PID=39) to work on /opt/airflow/dags/etl_project/xml_etl_dag.py
[2026-01-27T08:45:52.904+0000] {processor.py:830} INFO - Processing file /opt/airflow/dags/etl_project/xml_etl_dag.py for tasks to queue
[2026-01-27T08:45:52.907+0000] {logging_mixin.py:188} INFO - [2026-01-27T08:45:52.907+0000] {dagbag.py:545} INFO - Filling up the DagBag from /opt/airflow/dags/etl_project/xml_etl_dag.py
[2026-01-27T08:45:52.947+0000] {processor.py:840} INFO - DAG(s) 'xml_etl_pipeline' retrieved from /opt/airflow/dags/etl_project/xml_etl_dag.py
[2026-01-27T08:45:52.976+0000] {logging_mixin.py:188} INFO - [2026-01-27T08:45:52.976+0000] {dag.py:3089} INFO - Sync 1 DAGs
[2026-01-27T08:45:53.002+0000] {logging_mixin.py:188} INFO - [2026-01-27T08:45:53.002+0000] {dag.py:3947} INFO - Setting next_dagrun for xml_etl_pipeline to 2026-01-26 00:00:00+00:00, run_after=2026-01-27 00:00:00+00:00
[2026-01-27T08:45:53.033+0000] {processor.py:183} INFO - Processing /opt/airflow/dags/etl_project/xml_etl_dag.py took 0.136 seconds
[2026-01-27T08:46:23.276+0000] {processor.py:161} INFO - Started process (PID=41) to work on /opt/airflow/dags/etl_project/xml_etl_dag.py
[2026-01-27T08:46:23.278+0000] {processor.py:830} INFO - Processing file /opt/airflow/dags/etl_project/xml_etl_dag.py for tasks to queue
[2026-01-27T08:46:23.280+0000] {logging_mixin.py:188} INFO - [2026-01-27T08:46:23.279+0000] {dagbag.py:545} INFO - Filling up the DagBag from /opt/airflow/dags/etl_project/xml_etl_dag.py
[2026-01-27T08:46:23.316+0000] {processor.py:840} INFO - DAG(s) 'xml_etl_pipeline' retrieved from /opt/airflow/dags/etl_project/xml_etl_dag.py
[2026-01-27T08:46:23.346+0000] {logging_mixin.py:188} INFO - [2026-01-27T08:46:23.346+0000] {dag.py:3089} INFO - Sync 1 DAGs
[2026-01-27T08:46:23.368+0000] {logging_mixin.py:188} INFO - [2026-01-27T08:46:23.368+0000] {dag.py:3947} INFO - Setting next_dagrun for xml_etl_pipeline to 2026-01-26 00:00:00+00:00, run_after=2026-01-27 00:00:00+00:00
[2026-01-27T08:46:23.390+0000] {processor.py:183} INFO - Processing /opt/airflow/dags/etl_project/xml_etl_dag.py took 0.121 seconds
[2026-01-27T08:46:53.641+0000] {processor.py:161} INFO - Started process (PID=43) to work on /opt/airflow/dags/etl_project/xml_etl_dag.py
[2026-01-27T08:46:53.643+0000] {processor.py:830} INFO - Processing file /opt/airflow/dags/etl_project/xml_etl_dag.py for tasks to queue
[2026-01-27T08:46:53.646+0000] {logging_mixin.py:188} INFO - [2026-01-27T08:46:53.645+0000] {dagbag.py:545} INFO - Filling up the DagBag from /opt/airflow/dags/etl_project/xml_etl_dag.py
[2026-01-27T08:46:53.682+0000] {processor.py:840} INFO - DAG(s) 'xml_etl_pipeline' retrieved from /opt/airflow/dags/etl_project/xml_etl_dag.py
[2026-01-27T08:46:53.716+0000] {logging_mixin.py:188} INFO - [2026-01-27T08:46:53.716+0000] {dag.py:3089} INFO - Sync 1 DAGs
[2026-01-27T08:46:53.738+0000] {logging_mixin.py:188} INFO - [2026-01-27T08:46:53.738+0000] {dag.py:3947} INFO - Setting next_dagrun for xml_etl_pipeline to 2026-01-26 00:00:00+00:00, run_after=2026-01-27 00:00:00+00:00
[2026-01-27T08:46:53.760+0000] {processor.py:183} INFO - Processing /opt/airflow/dags/etl_project/xml_etl_dag.py took 0.127 seconds
[2026-01-27T08:47:23.989+0000] {processor.py:161} INFO - Started process (PID=45) to work on /opt/airflow/dags/etl_project/xml_etl_dag.py
[2026-01-27T08:47:23.990+0000] {processor.py:830} INFO - Processing file /opt/airflow/dags/etl_project/xml_etl_dag.py for tasks to queue
[2026-01-27T08:47:23.992+0000] {logging_mixin.py:188} INFO - [2026-01-27T08:47:23.992+0000] {dagbag.py:545} INFO - Filling up the DagBag from /opt/airflow/dags/etl_project/xml_etl_dag.py
[2026-01-27T08:47:24.013+0000] {processor.py:840} INFO - DAG(s) 'xml_etl_pipeline' retrieved from /opt/airflow/dags/etl_project/xml_etl_dag.py
[2026-01-27T08:47:24.038+0000] {logging_mixin.py:188} INFO - [2026-01-27T08:47:24.038+0000] {dag.py:3089} INFO - Sync 1 DAGs
[2026-01-27T08:47:24.057+0000] {logging_mixin.py:188} INFO - [2026-01-27T08:47:24.056+0000] {dag.py:3947} INFO - Setting next_dagrun for xml_etl_pipeline to 2026-01-26 00:00:00+00:00, run_after=2026-01-27 00:00:00+00:00
[2026-01-27T08:47:24.073+0000] {processor.py:183} INFO - Processing /opt/airflow/dags/etl_project/xml_etl_dag.py took 0.089 seconds
[2026-01-27T08:47:54.348+0000] {processor.py:161} INFO - Started process (PID=47) to work on /opt/airflow/dags/etl_project/xml_etl_dag.py
[2026-01-27T08:47:54.349+0000] {processor.py:830} INFO - Processing file /opt/airflow/dags/etl_project/xml_etl_dag.py for tasks to queue
[2026-01-27T08:47:54.351+0000] {logging_mixin.py:188} INFO - [2026-01-27T08:47:54.351+0000] {dagbag.py:545} INFO - Filling up the DagBag from /opt/airflow/dags/etl_project/xml_etl_dag.py
[2026-01-27T08:47:54.386+0000] {processor.py:840} INFO - DAG(s) 'xml_etl_pipeline' retrieved from /opt/airflow/dags/etl_project/xml_etl_dag.py
[2026-01-27T08:47:54.422+0000] {logging_mixin.py:188} INFO - [2026-01-27T08:47:54.422+0000] {dag.py:3089} INFO - Sync 1 DAGs
[2026-01-27T08:47:54.446+0000] {logging_mixin.py:188} INFO - [2026-01-27T08:47:54.446+0000] {dag.py:3947} INFO - Setting next_dagrun for xml_etl_pipeline to 2026-01-26 00:00:00+00:00, run_after=2026-01-27 00:00:00+00:00
[2026-01-27T08:47:54.468+0000] {processor.py:183} INFO - Processing /opt/airflow/dags/etl_project/xml_etl_dag.py took 0.126 seconds
[2026-01-27T08:48:24.757+0000] {processor.py:161} INFO - Started process (PID=49) to work on /opt/airflow/dags/etl_project/xml_etl_dag.py
[2026-01-27T08:48:24.759+0000] {processor.py:830} INFO - Processing file /opt/airflow/dags/etl_project/xml_etl_dag.py for tasks to queue
[2026-01-27T08:48:24.764+0000] {logging_mixin.py:188} INFO - [2026-01-27T08:48:24.761+0000] {dagbag.py:545} INFO - Filling up the DagBag from /opt/airflow/dags/etl_project/xml_etl_dag.py
[2026-01-27T08:48:24.810+0000] {processor.py:840} INFO - DAG(s) 'xml_etl_pipeline' retrieved from /opt/airflow/dags/etl_project/xml_etl_dag.py
[2026-01-27T08:48:24.860+0000] {logging_mixin.py:188} INFO - [2026-01-27T08:48:24.859+0000] {dag.py:3089} INFO - Sync 1 DAGs
[2026-01-27T08:48:24.884+0000] {logging_mixin.py:188} INFO - [2026-01-27T08:48:24.883+0000] {dag.py:3947} INFO - Setting next_dagrun for xml_etl_pipeline to 2026-01-26 00:00:00+00:00, run_after=2026-01-27 00:00:00+00:00
[2026-01-27T08:48:24.903+0000] {processor.py:183} INFO - Processing /opt/airflow/dags/etl_project/xml_etl_dag.py took 0.153 seconds
[2026-01-27T08:48:55.151+0000] {processor.py:161} INFO - Started process (PID=119) to work on /opt/airflow/dags/etl_project/xml_etl_dag.py
[2026-01-27T08:48:55.153+0000] {processor.py:830} INFO - Processing file /opt/airflow/dags/etl_project/xml_etl_dag.py for tasks to queue
[2026-01-27T08:48:55.155+0000] {logging_mixin.py:188} INFO - [2026-01-27T08:48:55.155+0000] {dagbag.py:545} INFO - Filling up the DagBag from /opt/airflow/dags/etl_project/xml_etl_dag.py
[2026-01-27T08:48:55.181+0000] {processor.py:840} INFO - DAG(s) 'xml_etl_pipeline' retrieved from /opt/airflow/dags/etl_project/xml_etl_dag.py
[2026-01-27T08:48:55.210+0000] {logging_mixin.py:188} INFO - [2026-01-27T08:48:55.209+0000] {dag.py:3089} INFO - Sync 1 DAGs
[2026-01-27T08:48:55.230+0000] {logging_mixin.py:188} INFO - [2026-01-27T08:48:55.230+0000] {dag.py:3947} INFO - Setting next_dagrun for xml_etl_pipeline to 2026-01-27 00:00:00+00:00, run_after=2026-01-28 00:00:00+00:00
[2026-01-27T08:48:55.254+0000] {processor.py:183} INFO - Processing /opt/airflow/dags/etl_project/xml_etl_dag.py took 0.113 seconds
[2026-01-27T08:49:25.525+0000] {processor.py:161} INFO - Started process (PID=121) to work on /opt/airflow/dags/etl_project/xml_etl_dag.py
[2026-01-27T08:49:25.527+0000] {processor.py:830} INFO - Processing file /opt/airflow/dags/etl_project/xml_etl_dag.py for tasks to queue
[2026-01-27T08:49:25.529+0000] {logging_mixin.py:188} INFO - [2026-01-27T08:49:25.529+0000] {dagbag.py:545} INFO - Filling up the DagBag from /opt/airflow/dags/etl_project/xml_etl_dag.py
[2026-01-27T08:49:25.556+0000] {processor.py:840} INFO - DAG(s) 'xml_etl_pipeline' retrieved from /opt/airflow/dags/etl_project/xml_etl_dag.py
[2026-01-27T08:49:25.590+0000] {logging_mixin.py:188} INFO - [2026-01-27T08:49:25.589+0000] {dag.py:3089} INFO - Sync 1 DAGs
[2026-01-27T08:49:25.611+0000] {logging_mixin.py:188} INFO - [2026-01-27T08:49:25.611+0000] {dag.py:3947} INFO - Setting next_dagrun for xml_etl_pipeline to 2026-01-27 00:00:00+00:00, run_after=2026-01-28 00:00:00+00:00
[2026-01-27T08:49:25.632+0000] {processor.py:183} INFO - Processing /opt/airflow/dags/etl_project/xml_etl_dag.py took 0.116 seconds
[2026-01-27T08:49:55.864+0000] {processor.py:161} INFO - Started process (PID=123) to work on /opt/airflow/dags/etl_project/xml_etl_dag.py
[2026-01-27T08:49:55.865+0000] {processor.py:830} INFO - Processing file /opt/airflow/dags/etl_project/xml_etl_dag.py for tasks to queue
[2026-01-27T08:49:55.867+0000] {logging_mixin.py:188} INFO - [2026-01-27T08:49:55.867+0000] {dagbag.py:545} INFO - Filling up the DagBag from /opt/airflow/dags/etl_project/xml_etl_dag.py
[2026-01-27T08:49:55.889+0000] {processor.py:840} INFO - DAG(s) 'xml_etl_pipeline' retrieved from /opt/airflow/dags/etl_project/xml_etl_dag.py
[2026-01-27T08:49:55.917+0000] {logging_mixin.py:188} INFO - [2026-01-27T08:49:55.916+0000] {dag.py:3089} INFO - Sync 1 DAGs
[2026-01-27T08:49:55.938+0000] {logging_mixin.py:188} INFO - [2026-01-27T08:49:55.938+0000] {dag.py:3947} INFO - Setting next_dagrun for xml_etl_pipeline to 2026-01-27 00:00:00+00:00, run_after=2026-01-28 00:00:00+00:00
[2026-01-27T08:49:55.954+0000] {processor.py:183} INFO - Processing /opt/airflow/dags/etl_project/xml_etl_dag.py took 0.095 seconds
[2026-01-27T08:50:26.289+0000] {processor.py:161} INFO - Started process (PID=159) to work on /opt/airflow/dags/etl_project/xml_etl_dag.py
[2026-01-27T08:50:26.290+0000] {processor.py:830} INFO - Processing file /opt/airflow/dags/etl_project/xml_etl_dag.py for tasks to queue
[2026-01-27T08:50:26.293+0000] {logging_mixin.py:188} INFO - [2026-01-27T08:50:26.292+0000] {dagbag.py:545} INFO - Filling up the DagBag from /opt/airflow/dags/etl_project/xml_etl_dag.py
[2026-01-27T08:50:26.319+0000] {processor.py:840} INFO - DAG(s) 'xml_etl_pipeline' retrieved from /opt/airflow/dags/etl_project/xml_etl_dag.py
[2026-01-27T08:50:26.356+0000] {logging_mixin.py:188} INFO - [2026-01-27T08:50:26.356+0000] {dag.py:3089} INFO - Sync 1 DAGs
[2026-01-27T08:50:26.380+0000] {logging_mixin.py:188} INFO - [2026-01-27T08:50:26.380+0000] {dag.py:3947} INFO - Setting next_dagrun for xml_etl_pipeline to 2026-01-27 00:00:00+00:00, run_after=2026-01-28 00:00:00+00:00
[2026-01-27T08:50:26.399+0000] {processor.py:183} INFO - Processing /opt/airflow/dags/etl_project/xml_etl_dag.py took 0.118 seconds
[2026-01-27T08:50:56.646+0000] {processor.py:161} INFO - Started process (PID=161) to work on /opt/airflow/dags/etl_project/xml_etl_dag.py
[2026-01-27T08:50:56.647+0000] {processor.py:830} INFO - Processing file /opt/airflow/dags/etl_project/xml_etl_dag.py for tasks to queue
[2026-01-27T08:50:56.649+0000] {logging_mixin.py:188} INFO - [2026-01-27T08:50:56.649+0000] {dagbag.py:545} INFO - Filling up the DagBag from /opt/airflow/dags/etl_project/xml_etl_dag.py
[2026-01-27T08:50:56.674+0000] {processor.py:840} INFO - DAG(s) 'xml_etl_pipeline' retrieved from /opt/airflow/dags/etl_project/xml_etl_dag.py
[2026-01-27T08:50:56.710+0000] {logging_mixin.py:188} INFO - [2026-01-27T08:50:56.709+0000] {dag.py:3089} INFO - Sync 1 DAGs
[2026-01-27T08:50:56.728+0000] {logging_mixin.py:188} INFO - [2026-01-27T08:50:56.728+0000] {dag.py:3947} INFO - Setting next_dagrun for xml_etl_pipeline to 2026-01-27 00:00:00+00:00, run_after=2026-01-28 00:00:00+00:00
[2026-01-27T08:50:56.743+0000] {processor.py:183} INFO - Processing /opt/airflow/dags/etl_project/xml_etl_dag.py took 0.102 seconds
[2026-01-27T08:51:27.002+0000] {processor.py:161} INFO - Started process (PID=163) to work on /opt/airflow/dags/etl_project/xml_etl_dag.py
[2026-01-27T08:51:27.004+0000] {processor.py:830} INFO - Processing file /opt/airflow/dags/etl_project/xml_etl_dag.py for tasks to queue
[2026-01-27T08:51:27.005+0000] {logging_mixin.py:188} INFO - [2026-01-27T08:51:27.005+0000] {dagbag.py:545} INFO - Filling up the DagBag from /opt/airflow/dags/etl_project/xml_etl_dag.py
[2026-01-27T08:51:27.027+0000] {processor.py:840} INFO - DAG(s) 'xml_etl_pipeline' retrieved from /opt/airflow/dags/etl_project/xml_etl_dag.py
[2026-01-27T08:51:27.053+0000] {logging_mixin.py:188} INFO - [2026-01-27T08:51:27.053+0000] {dag.py:3089} INFO - Sync 1 DAGs
[2026-01-27T08:51:27.079+0000] {logging_mixin.py:188} INFO - [2026-01-27T08:51:27.078+0000] {dag.py:3947} INFO - Setting next_dagrun for xml_etl_pipeline to 2026-01-27 00:00:00+00:00, run_after=2026-01-28 00:00:00+00:00
[2026-01-27T08:51:27.097+0000] {processor.py:183} INFO - Processing /opt/airflow/dags/etl_project/xml_etl_dag.py took 0.104 seconds
[2026-01-27T08:51:57.371+0000] {processor.py:161} INFO - Started process (PID=165) to work on /opt/airflow/dags/etl_project/xml_etl_dag.py
[2026-01-27T08:51:57.372+0000] {processor.py:830} INFO - Processing file /opt/airflow/dags/etl_project/xml_etl_dag.py for tasks to queue
[2026-01-27T08:51:57.374+0000] {logging_mixin.py:188} INFO - [2026-01-27T08:51:57.374+0000] {dagbag.py:545} INFO - Filling up the DagBag from /opt/airflow/dags/etl_project/xml_etl_dag.py
[2026-01-27T08:51:57.394+0000] {processor.py:840} INFO - DAG(s) 'xml_etl_pipeline' retrieved from /opt/airflow/dags/etl_project/xml_etl_dag.py
[2026-01-27T08:51:57.429+0000] {logging_mixin.py:188} INFO - [2026-01-27T08:51:57.429+0000] {dag.py:3089} INFO - Sync 1 DAGs
[2026-01-27T08:51:57.450+0000] {logging_mixin.py:188} INFO - [2026-01-27T08:51:57.449+0000] {dag.py:3947} INFO - Setting next_dagrun for xml_etl_pipeline to 2026-01-27 00:00:00+00:00, run_after=2026-01-28 00:00:00+00:00
[2026-01-27T08:51:57.475+0000] {processor.py:183} INFO - Processing /opt/airflow/dags/etl_project/xml_etl_dag.py took 0.110 seconds
[2026-01-27T08:52:27.739+0000] {processor.py:161} INFO - Started process (PID=167) to work on /opt/airflow/dags/etl_project/xml_etl_dag.py
[2026-01-27T08:52:27.740+0000] {processor.py:830} INFO - Processing file /opt/airflow/dags/etl_project/xml_etl_dag.py for tasks to queue
[2026-01-27T08:52:27.742+0000] {logging_mixin.py:188} INFO - [2026-01-27T08:52:27.742+0000] {dagbag.py:545} INFO - Filling up the DagBag from /opt/airflow/dags/etl_project/xml_etl_dag.py
[2026-01-27T08:52:27.763+0000] {processor.py:840} INFO - DAG(s) 'xml_etl_pipeline' retrieved from /opt/airflow/dags/etl_project/xml_etl_dag.py
[2026-01-27T08:52:27.789+0000] {logging_mixin.py:188} INFO - [2026-01-27T08:52:27.788+0000] {dag.py:3089} INFO - Sync 1 DAGs
[2026-01-27T08:52:27.810+0000] {logging_mixin.py:188} INFO - [2026-01-27T08:52:27.809+0000] {dag.py:3947} INFO - Setting next_dagrun for xml_etl_pipeline to 2026-01-27 00:00:00+00:00, run_after=2026-01-28 00:00:00+00:00
[2026-01-27T08:52:27.827+0000] {processor.py:183} INFO - Processing /opt/airflow/dags/etl_project/xml_etl_dag.py took 0.094 seconds
[2026-01-27T08:52:58.092+0000] {processor.py:161} INFO - Started process (PID=169) to work on /opt/airflow/dags/etl_project/xml_etl_dag.py
[2026-01-27T08:52:58.093+0000] {processor.py:830} INFO - Processing file /opt/airflow/dags/etl_project/xml_etl_dag.py for tasks to queue
[2026-01-27T08:52:58.095+0000] {logging_mixin.py:188} INFO - [2026-01-27T08:52:58.094+0000] {dagbag.py:545} INFO - Filling up the DagBag from /opt/airflow/dags/etl_project/xml_etl_dag.py
[2026-01-27T08:52:58.114+0000] {processor.py:840} INFO - DAG(s) 'xml_etl_pipeline' retrieved from /opt/airflow/dags/etl_project/xml_etl_dag.py
[2026-01-27T08:52:58.139+0000] {logging_mixin.py:188} INFO - [2026-01-27T08:52:58.139+0000] {dag.py:3089} INFO - Sync 1 DAGs
[2026-01-27T08:52:58.157+0000] {logging_mixin.py:188} INFO - [2026-01-27T08:52:58.157+0000] {dag.py:3947} INFO - Setting next_dagrun for xml_etl_pipeline to 2026-01-27 00:00:00+00:00, run_after=2026-01-28 00:00:00+00:00
[2026-01-27T08:52:58.175+0000] {processor.py:183} INFO - Processing /opt/airflow/dags/etl_project/xml_etl_dag.py took 0.089 seconds
[2026-01-27T08:53:28.425+0000] {processor.py:161} INFO - Started process (PID=171) to work on /opt/airflow/dags/etl_project/xml_etl_dag.py
[2026-01-27T08:53:28.426+0000] {processor.py:830} INFO - Processing file /opt/airflow/dags/etl_project/xml_etl_dag.py for tasks to queue
[2026-01-27T08:53:28.428+0000] {logging_mixin.py:188} INFO - [2026-01-27T08:53:28.427+0000] {dagbag.py:545} INFO - Filling up the DagBag from /opt/airflow/dags/etl_project/xml_etl_dag.py
[2026-01-27T08:53:28.449+0000] {processor.py:840} INFO - DAG(s) 'xml_etl_pipeline' retrieved from /opt/airflow/dags/etl_project/xml_etl_dag.py
[2026-01-27T08:53:28.473+0000] {logging_mixin.py:188} INFO - [2026-01-27T08:53:28.473+0000] {dag.py:3089} INFO - Sync 1 DAGs
[2026-01-27T08:53:28.494+0000] {logging_mixin.py:188} INFO - [2026-01-27T08:53:28.494+0000] {dag.py:3947} INFO - Setting next_dagrun for xml_etl_pipeline to 2026-01-27 00:00:00+00:00, run_after=2026-01-28 00:00:00+00:00
[2026-01-27T08:53:28.512+0000] {processor.py:183} INFO - Processing /opt/airflow/dags/etl_project/xml_etl_dag.py took 0.092 seconds
[2026-01-27T08:53:58.770+0000] {processor.py:161} INFO - Started process (PID=241) to work on /opt/airflow/dags/etl_project/xml_etl_dag.py
[2026-01-27T08:53:58.771+0000] {processor.py:830} INFO - Processing file /opt/airflow/dags/etl_project/xml_etl_dag.py for tasks to queue
[2026-01-27T08:53:58.773+0000] {logging_mixin.py:188} INFO - [2026-01-27T08:53:58.773+0000] {dagbag.py:545} INFO - Filling up the DagBag from /opt/airflow/dags/etl_project/xml_etl_dag.py
[2026-01-27T08:53:58.798+0000] {processor.py:840} INFO - DAG(s) 'xml_etl_pipeline' retrieved from /opt/airflow/dags/etl_project/xml_etl_dag.py
[2026-01-27T08:53:58.825+0000] {logging_mixin.py:188} INFO - [2026-01-27T08:53:58.825+0000] {dag.py:3089} INFO - Sync 1 DAGs
[2026-01-27T08:53:58.845+0000] {logging_mixin.py:188} INFO - [2026-01-27T08:53:58.845+0000] {dag.py:3947} INFO - Setting next_dagrun for xml_etl_pipeline to 2026-01-27 00:00:00+00:00, run_after=2026-01-28 00:00:00+00:00
[2026-01-27T08:53:58.862+0000] {processor.py:183} INFO - Processing /opt/airflow/dags/etl_project/xml_etl_dag.py took 0.097 seconds
[2026-01-27T08:54:29.133+0000] {processor.py:161} INFO - Started process (PID=243) to work on /opt/airflow/dags/etl_project/xml_etl_dag.py
[2026-01-27T08:54:29.134+0000] {processor.py:830} INFO - Processing file /opt/airflow/dags/etl_project/xml_etl_dag.py for tasks to queue
[2026-01-27T08:54:29.136+0000] {logging_mixin.py:188} INFO - [2026-01-27T08:54:29.136+0000] {dagbag.py:545} INFO - Filling up the DagBag from /opt/airflow/dags/etl_project/xml_etl_dag.py
[2026-01-27T08:54:29.159+0000] {processor.py:840} INFO - DAG(s) 'xml_etl_pipeline' retrieved from /opt/airflow/dags/etl_project/xml_etl_dag.py
[2026-01-27T08:54:29.187+0000] {logging_mixin.py:188} INFO - [2026-01-27T08:54:29.187+0000] {dag.py:3089} INFO - Sync 1 DAGs
[2026-01-27T08:54:29.209+0000] {logging_mixin.py:188} INFO - [2026-01-27T08:54:29.209+0000] {dag.py:3947} INFO - Setting next_dagrun for xml_etl_pipeline to 2026-01-27 00:00:00+00:00, run_after=2026-01-28 00:00:00+00:00
[2026-01-27T08:54:29.225+0000] {processor.py:183} INFO - Processing /opt/airflow/dags/etl_project/xml_etl_dag.py took 0.099 seconds
[2026-01-27T08:54:59.509+0000] {processor.py:161} INFO - Started process (PID=245) to work on /opt/airflow/dags/etl_project/xml_etl_dag.py
[2026-01-27T08:54:59.511+0000] {processor.py:830} INFO - Processing file /opt/airflow/dags/etl_project/xml_etl_dag.py for tasks to queue
[2026-01-27T08:54:59.513+0000] {logging_mixin.py:188} INFO - [2026-01-27T08:54:59.512+0000] {dagbag.py:545} INFO - Filling up the DagBag from /opt/airflow/dags/etl_project/xml_etl_dag.py
[2026-01-27T08:54:59.536+0000] {processor.py:840} INFO - DAG(s) 'xml_etl_pipeline' retrieved from /opt/airflow/dags/etl_project/xml_etl_dag.py
[2026-01-27T08:54:59.571+0000] {logging_mixin.py:188} INFO - [2026-01-27T08:54:59.571+0000] {dag.py:3089} INFO - Sync 1 DAGs
[2026-01-27T08:54:59.590+0000] {logging_mixin.py:188} INFO - [2026-01-27T08:54:59.590+0000] {dag.py:3947} INFO - Setting next_dagrun for xml_etl_pipeline to 2026-01-27 00:00:00+00:00, run_after=2026-01-28 00:00:00+00:00
[2026-01-27T08:54:59.607+0000] {processor.py:183} INFO - Processing /opt/airflow/dags/etl_project/xml_etl_dag.py took 0.106 seconds
[2026-01-27T08:55:29.906+0000] {processor.py:161} INFO - Started process (PID=265) to work on /opt/airflow/dags/etl_project/xml_etl_dag.py
[2026-01-27T08:55:29.907+0000] {processor.py:830} INFO - Processing file /opt/airflow/dags/etl_project/xml_etl_dag.py for tasks to queue
[2026-01-27T08:55:29.909+0000] {logging_mixin.py:188} INFO - [2026-01-27T08:55:29.908+0000] {dagbag.py:545} INFO - Filling up the DagBag from /opt/airflow/dags/etl_project/xml_etl_dag.py
[2026-01-27T08:55:29.933+0000] {processor.py:840} INFO - DAG(s) 'xml_etl_pipeline' retrieved from /opt/airflow/dags/etl_project/xml_etl_dag.py
[2026-01-27T08:55:29.960+0000] {logging_mixin.py:188} INFO - [2026-01-27T08:55:29.960+0000] {dag.py:3089} INFO - Sync 1 DAGs
[2026-01-27T08:55:29.983+0000] {logging_mixin.py:188} INFO - [2026-01-27T08:55:29.982+0000] {dag.py:3947} INFO - Setting next_dagrun for xml_etl_pipeline to 2026-01-27 00:00:00+00:00, run_after=2026-01-28 00:00:00+00:00
[2026-01-27T08:55:30.009+0000] {processor.py:183} INFO - Processing /opt/airflow/dags/etl_project/xml_etl_dag.py took 0.109 seconds
[2026-01-27T08:56:00.278+0000] {processor.py:161} INFO - Started process (PID=283) to work on /opt/airflow/dags/etl_project/xml_etl_dag.py
[2026-01-27T08:56:00.280+0000] {processor.py:830} INFO - Processing file /opt/airflow/dags/etl_project/xml_etl_dag.py for tasks to queue
[2026-01-27T08:56:00.282+0000] {logging_mixin.py:188} INFO - [2026-01-27T08:56:00.282+0000] {dagbag.py:545} INFO - Filling up the DagBag from /opt/airflow/dags/etl_project/xml_etl_dag.py
[2026-01-27T08:56:00.302+0000] {processor.py:840} INFO - DAG(s) 'xml_etl_pipeline' retrieved from /opt/airflow/dags/etl_project/xml_etl_dag.py
[2026-01-27T08:56:00.335+0000] {logging_mixin.py:188} INFO - [2026-01-27T08:56:00.335+0000] {dag.py:3089} INFO - Sync 1 DAGs
[2026-01-27T08:56:00.357+0000] {logging_mixin.py:188} INFO - [2026-01-27T08:56:00.356+0000] {dag.py:3947} INFO - Setting next_dagrun for xml_etl_pipeline to 2026-01-27 00:00:00+00:00, run_after=2026-01-28 00:00:00+00:00
[2026-01-27T08:56:00.374+0000] {processor.py:183} INFO - Processing /opt/airflow/dags/etl_project/xml_etl_dag.py took 0.106 seconds
