[2026-02-02T18:13:27.600+0000] {manager.py:470} INFO - Processing files using up to 2 processes at a time 
[2026-02-02T18:13:27.602+0000] {manager.py:471} INFO - Process each file at most once every 30 seconds
[2026-02-02T18:13:27.603+0000] {manager.py:472} INFO - Checking for new files in /opt/airflow/dags every 300 seconds
[2026-02-02T18:13:27.604+0000] {manager.py:737} INFO - Searching for files in /opt/airflow/dags
[2026-02-02T18:13:27.611+0000] {manager.py:740} INFO - There are 0 files in /opt/airflow/dags
[2026-02-02T18:18:28.016+0000] {manager.py:737} INFO - Searching for files in /opt/airflow/dags
[2026-02-02T18:18:28.043+0000] {manager.py:740} INFO - There are 1 files in /opt/airflow/dags
[2026-02-02T18:18:29.223+0000] {manager.py:878} INFO - 
================================================================================
DAG File Processing Stats

File Path                                    PID  Runtime      # DAGs    # Errors  Last Runtime    Last Run
-----------------------------------------  -----  ---------  --------  ----------  --------------  ----------
/opt/airflow/dags/temperature_analysis.py     33  1.02s             0           0
================================================================================
[2026-02-02T18:18:59.821+0000] {manager.py:878} INFO - 
================================================================================
DAG File Processing Stats

File Path                                  PID    Runtime      # DAGs    # Errors  Last Runtime    Last Run
-----------------------------------------  -----  ---------  --------  ----------  --------------  -------------------
/opt/airflow/dags/temperature_analysis.py                           1           0  0.39s           2026-02-02T18:18:51
================================================================================
[2026-02-02T18:19:30.001+0000] {manager.py:878} INFO - 
================================================================================
DAG File Processing Stats

File Path                                  PID    Runtime      # DAGs    # Errors  Last Runtime    Last Run
-----------------------------------------  -----  ---------  --------  ----------  --------------  -------------------
/opt/airflow/dags/temperature_analysis.py                           1           0  0.66s           2026-02-02T18:19:21
================================================================================
[2026-02-02T18:20:00.187+0000] {manager.py:878} INFO - 
================================================================================
DAG File Processing Stats

File Path                                  PID    Runtime      # DAGs    # Errors  Last Runtime    Last Run
-----------------------------------------  -----  ---------  --------  ----------  --------------  -------------------
/opt/airflow/dags/temperature_analysis.py                           1           0  0.38s           2026-02-02T18:19:52
================================================================================
[2026-02-02T18:20:30.321+0000] {manager.py:878} INFO - 
================================================================================
DAG File Processing Stats

File Path                                  PID    Runtime      # DAGs    # Errors  Last Runtime    Last Run
-----------------------------------------  -----  ---------  --------  ----------  --------------  -------------------
/opt/airflow/dags/temperature_analysis.py                           1           0  0.59s           2026-02-02T18:20:23
================================================================================
[2026-02-02T18:21:00.886+0000] {manager.py:878} INFO - 
================================================================================
DAG File Processing Stats

File Path                                  PID    Runtime      # DAGs    # Errors  Last Runtime    Last Run
-----------------------------------------  -----  ---------  --------  ----------  --------------  -------------------
/opt/airflow/dags/temperature_analysis.py                           1           0  0.48s           2026-02-02T18:20:53
================================================================================
[2026-02-02T18:21:31.134+0000] {manager.py:878} INFO - 
================================================================================
DAG File Processing Stats

File Path                                  PID    Runtime      # DAGs    # Errors  Last Runtime    Last Run
-----------------------------------------  -----  ---------  --------  ----------  --------------  -------------------
/opt/airflow/dags/temperature_analysis.py                           1           0  0.46s           2026-02-02T18:21:24
================================================================================
[2026-02-02T18:22:01.711+0000] {manager.py:878} INFO - 
================================================================================
DAG File Processing Stats

File Path                                  PID    Runtime      # DAGs    # Errors  Last Runtime    Last Run
-----------------------------------------  -----  ---------  --------  ----------  --------------  -------------------
/opt/airflow/dags/temperature_analysis.py                           1           0  0.37s           2026-02-02T18:21:55
================================================================================
[2026-02-02T18:22:32.249+0000] {manager.py:878} INFO - 
================================================================================
DAG File Processing Stats

File Path                                  PID    Runtime      # DAGs    # Errors  Last Runtime    Last Run
-----------------------------------------  -----  ---------  --------  ----------  --------------  -------------------
/opt/airflow/dags/temperature_analysis.py                           1           0  0.41s           2026-02-02T18:22:25
================================================================================
[2026-02-02T18:23:02.827+0000] {manager.py:878} INFO - 
================================================================================
DAG File Processing Stats

File Path                                  PID    Runtime      # DAGs    # Errors  Last Runtime    Last Run
-----------------------------------------  -----  ---------  --------  ----------  --------------  -------------------
/opt/airflow/dags/temperature_analysis.py                           1           0  0.33s           2026-02-02T18:22:56
================================================================================
[2026-02-02T18:23:28.278+0000] {manager.py:737} INFO - Searching for files in /opt/airflow/dags
[2026-02-02T18:23:28.295+0000] {manager.py:740} INFO - There are 1 files in /opt/airflow/dags
[2026-02-02T18:23:33.332+0000] {manager.py:878} INFO - 
================================================================================
DAG File Processing Stats

File Path                                  PID    Runtime      # DAGs    # Errors  Last Runtime    Last Run
-----------------------------------------  -----  ---------  --------  ----------  --------------  -------------------
/opt/airflow/dags/temperature_analysis.py                           1           0  0.51s           2026-02-02T18:23:26
================================================================================
[2026-02-02T18:24:03.994+0000] {manager.py:878} INFO - 
================================================================================
DAG File Processing Stats

File Path                                  PID    Runtime      # DAGs    # Errors  Last Runtime    Last Run
-----------------------------------------  -----  ---------  --------  ----------  --------------  -------------------
/opt/airflow/dags/temperature_analysis.py                           1           0  0.32s           2026-02-02T18:23:57
================================================================================
[2026-02-02T18:24:34.104+0000] {manager.py:878} INFO - 
================================================================================
DAG File Processing Stats

File Path                                  PID    Runtime      # DAGs    # Errors  Last Runtime    Last Run
-----------------------------------------  -----  ---------  --------  ----------  --------------  -------------------
/opt/airflow/dags/temperature_analysis.py                           1           0  0.62s           2026-02-02T18:24:28
================================================================================
[2026-02-02T18:25:04.118+0000] {manager.py:878} INFO - 
================================================================================
DAG File Processing Stats

File Path                                  PID    Runtime      # DAGs    # Errors  Last Runtime    Last Run
-----------------------------------------  -----  ---------  --------  ----------  --------------  -------------------
/opt/airflow/dags/temperature_analysis.py                           1           0  0.41s           2026-02-02T18:24:45
================================================================================
[2026-02-02T18:25:34.366+0000] {manager.py:878} INFO - 
================================================================================
DAG File Processing Stats

File Path                                  PID    Runtime      # DAGs    # Errors  Last Runtime    Last Run
-----------------------------------------  -----  ---------  --------  ----------  --------------  -------------------
/opt/airflow/dags/temperature_analysis.py                           1           0  0.37s           2026-02-02T18:25:15
================================================================================
[2026-02-02T18:26:04.460+0000] {manager.py:878} INFO - 
================================================================================
DAG File Processing Stats

File Path                                    PID  Runtime      # DAGs    # Errors  Last Runtime    Last Run
-----------------------------------------  -----  ---------  --------  ----------  --------------  -------------------
/opt/airflow/dags/temperature_analysis.py    169  2.27s             1           0  0.37s           2026-02-02T18:25:46
================================================================================
[2026-02-02T18:26:34.630+0000] {manager.py:878} INFO - 
================================================================================
DAG File Processing Stats

File Path                                  PID    Runtime      # DAGs    # Errors  Last Runtime    Last Run
-----------------------------------------  -----  ---------  --------  ----------  --------------  -------------------
/opt/airflow/dags/temperature_analysis.py                           1           0  0.36s           2026-02-02T18:26:25
================================================================================
[2026-02-02T18:27:04.811+0000] {manager.py:878} INFO - 
================================================================================
DAG File Processing Stats

File Path                                  PID    Runtime      # DAGs    # Errors  Last Runtime    Last Run
-----------------------------------------  -----  ---------  --------  ----------  --------------  -------------------
/opt/airflow/dags/temperature_analysis.py                           1           0  0.47s           2026-02-02T18:26:56
================================================================================
[2026-02-02T18:27:05.269+0000] {manager.py:1128} WARNING - Skipping processing of missing file: /opt/airflow/dags/temperature_analysis.py
[2026-02-02T18:28:28.590+0000] {manager.py:737} INFO - Searching for files in /opt/airflow/dags
[2026-02-02T18:28:28.651+0000] {manager.py:740} INFO - There are 1 files in /opt/airflow/dags
[2026-02-02T18:28:35.204+0000] {manager.py:878} INFO - 
================================================================================
DAG File Processing Stats

File Path                               PID    Runtime      # DAGs    # Errors  Last Runtime    Last Run
--------------------------------------  -----  ---------  --------  ----------  --------------  -------------------
/opt/airflow/dags/weather_transform.py                           1           0  1.50s           2026-02-02T18:28:30
================================================================================
[2026-02-02T18:29:05.384+0000] {manager.py:878} INFO - 
================================================================================
DAG File Processing Stats

File Path                               PID    Runtime      # DAGs    # Errors  Last Runtime    Last Run
--------------------------------------  -----  ---------  --------  ----------  --------------  -------------------
/opt/airflow/dags/weather_transform.py                           1           0  0.77s           2026-02-02T18:29:01
================================================================================
[2026-02-02T18:29:35.530+0000] {manager.py:878} INFO - 
================================================================================
DAG File Processing Stats

File Path                               PID    Runtime      # DAGs    # Errors  Last Runtime    Last Run
--------------------------------------  -----  ---------  --------  ----------  --------------  -------------------
/opt/airflow/dags/weather_transform.py                           1           0  0.35s           2026-02-02T18:29:31
================================================================================
[2026-02-02T18:30:05.802+0000] {manager.py:878} INFO - 
================================================================================
DAG File Processing Stats

File Path                               PID    Runtime      # DAGs    # Errors  Last Runtime    Last Run
--------------------------------------  -----  ---------  --------  ----------  --------------  -------------------
/opt/airflow/dags/weather_transform.py                           1           0  0.68s           2026-02-02T18:30:02
================================================================================
[2026-02-02T18:30:35.956+0000] {manager.py:878} INFO - 
================================================================================
DAG File Processing Stats

File Path                               PID    Runtime      # DAGs    # Errors  Last Runtime    Last Run
--------------------------------------  -----  ---------  --------  ----------  --------------  -------------------
/opt/airflow/dags/weather_transform.py                           1           0  0.47s           2026-02-02T18:30:33
================================================================================
[2026-02-02T18:31:06.180+0000] {manager.py:878} INFO - 
================================================================================
DAG File Processing Stats

File Path                               PID    Runtime      # DAGs    # Errors  Last Runtime    Last Run
--------------------------------------  -----  ---------  --------  ----------  --------------  -------------------
/opt/airflow/dags/weather_transform.py                           1           0  0.56s           2026-02-02T18:31:03
================================================================================
[2026-02-02T18:31:36.289+0000] {manager.py:878} INFO - 
================================================================================
DAG File Processing Stats

File Path                               PID    Runtime      # DAGs    # Errors  Last Runtime    Last Run
--------------------------------------  -----  ---------  --------  ----------  --------------  -------------------
/opt/airflow/dags/weather_transform.py                           1           0  0.40s           2026-02-02T18:31:34
================================================================================
[2026-02-02T18:31:52.451+0000] {manager.py:452} INFO - Exiting gracefully upon receiving signal 15
