[2026-02-10T00:00:20.070+0000] {processor.py:161} INFO - Started process (PID=168) to work on /opt/airflow/dags/temperature_etl_incremental.py
[2026-02-10T00:00:20.071+0000] {processor.py:830} INFO - Processing file /opt/airflow/dags/temperature_etl_incremental.py for tasks to queue
[2026-02-10T00:00:20.073+0000] {logging_mixin.py:188} INFO - [2026-02-10T00:00:20.073+0000] {dagbag.py:545} INFO - Filling up the DagBag from /opt/airflow/dags/temperature_etl_incremental.py
[2026-02-10T00:00:20.301+0000] {processor.py:840} INFO - DAG(s) 'temperature_etl_incremental' retrieved from /opt/airflow/dags/temperature_etl_incremental.py
[2026-02-10T00:00:20.327+0000] {logging_mixin.py:188} INFO - [2026-02-10T00:00:20.327+0000] {dag.py:3089} INFO - Sync 1 DAGs
[2026-02-10T00:00:20.341+0000] {logging_mixin.py:188} INFO - [2026-02-10T00:00:20.341+0000] {dag.py:3947} INFO - Setting next_dagrun for temperature_etl_incremental to None, run_after=None
[2026-02-10T00:00:20.358+0000] {processor.py:183} INFO - Processing /opt/airflow/dags/temperature_etl_incremental.py took 0.293 seconds
[2026-02-10T00:00:50.873+0000] {processor.py:161} INFO - Started process (PID=174) to work on /opt/airflow/dags/temperature_etl_incremental.py
[2026-02-10T00:00:50.874+0000] {processor.py:830} INFO - Processing file /opt/airflow/dags/temperature_etl_incremental.py for tasks to queue
[2026-02-10T00:00:50.876+0000] {logging_mixin.py:188} INFO - [2026-02-10T00:00:50.876+0000] {dagbag.py:545} INFO - Filling up the DagBag from /opt/airflow/dags/temperature_etl_incremental.py
[2026-02-10T00:00:51.131+0000] {processor.py:840} INFO - DAG(s) 'temperature_etl_incremental' retrieved from /opt/airflow/dags/temperature_etl_incremental.py
[2026-02-10T00:00:51.154+0000] {logging_mixin.py:188} INFO - [2026-02-10T00:00:51.154+0000] {dag.py:3089} INFO - Sync 1 DAGs
[2026-02-10T00:00:51.172+0000] {logging_mixin.py:188} INFO - [2026-02-10T00:00:51.172+0000] {dag.py:3947} INFO - Setting next_dagrun for temperature_etl_incremental to None, run_after=None
[2026-02-10T00:00:51.353+0000] {processor.py:183} INFO - Processing /opt/airflow/dags/temperature_etl_incremental.py took 0.486 seconds
[2026-02-10T00:01:21.817+0000] {processor.py:161} INFO - Started process (PID=180) to work on /opt/airflow/dags/temperature_etl_incremental.py
[2026-02-10T00:01:21.819+0000] {processor.py:830} INFO - Processing file /opt/airflow/dags/temperature_etl_incremental.py for tasks to queue
[2026-02-10T00:01:21.821+0000] {logging_mixin.py:188} INFO - [2026-02-10T00:01:21.821+0000] {dagbag.py:545} INFO - Filling up the DagBag from /opt/airflow/dags/temperature_etl_incremental.py
[2026-02-10T00:01:22.081+0000] {processor.py:840} INFO - DAG(s) 'temperature_etl_incremental' retrieved from /opt/airflow/dags/temperature_etl_incremental.py
[2026-02-10T00:01:22.108+0000] {logging_mixin.py:188} INFO - [2026-02-10T00:01:22.108+0000] {dag.py:3089} INFO - Sync 1 DAGs
[2026-02-10T00:01:22.131+0000] {logging_mixin.py:188} INFO - [2026-02-10T00:01:22.131+0000] {dag.py:3947} INFO - Setting next_dagrun for temperature_etl_incremental to None, run_after=None
[2026-02-10T00:01:22.146+0000] {processor.py:183} INFO - Processing /opt/airflow/dags/temperature_etl_incremental.py took 0.337 seconds
[2026-02-10T00:01:52.724+0000] {processor.py:161} INFO - Started process (PID=186) to work on /opt/airflow/dags/temperature_etl_incremental.py
[2026-02-10T00:01:52.726+0000] {processor.py:830} INFO - Processing file /opt/airflow/dags/temperature_etl_incremental.py for tasks to queue
[2026-02-10T00:01:52.728+0000] {logging_mixin.py:188} INFO - [2026-02-10T00:01:52.727+0000] {dagbag.py:545} INFO - Filling up the DagBag from /opt/airflow/dags/temperature_etl_incremental.py
[2026-02-10T00:01:52.970+0000] {processor.py:840} INFO - DAG(s) 'temperature_etl_incremental' retrieved from /opt/airflow/dags/temperature_etl_incremental.py
[2026-02-10T00:01:53.002+0000] {logging_mixin.py:188} INFO - [2026-02-10T00:01:53.001+0000] {dag.py:3089} INFO - Sync 1 DAGs
[2026-02-10T00:01:53.023+0000] {logging_mixin.py:188} INFO - [2026-02-10T00:01:53.022+0000] {dag.py:3947} INFO - Setting next_dagrun for temperature_etl_incremental to None, run_after=None
[2026-02-10T00:01:53.041+0000] {processor.py:183} INFO - Processing /opt/airflow/dags/temperature_etl_incremental.py took 0.323 seconds
