[2026-02-10T00:07:03.193+0000] {processor.py:161} INFO - Started process (PID=208) to work on /opt/airflow/dags/two_process.py
[2026-02-10T00:07:03.195+0000] {processor.py:830} INFO - Processing file /opt/airflow/dags/two_process.py for tasks to queue
[2026-02-10T00:07:03.197+0000] {logging_mixin.py:188} INFO - [2026-02-10T00:07:03.196+0000] {dagbag.py:545} INFO - Filling up the DagBag from /opt/airflow/dags/two_process.py
[2026-02-10T00:07:03.476+0000] {processor.py:840} INFO - DAG(s) 'two_process_simple' retrieved from /opt/airflow/dags/two_process.py
[2026-02-10T00:07:03.575+0000] {logging_mixin.py:188} INFO - [2026-02-10T00:07:03.574+0000] {override.py:1858} INFO - Created Permission View: can read on DAG:two_process_simple
[2026-02-10T00:07:03.585+0000] {logging_mixin.py:188} INFO - [2026-02-10T00:07:03.585+0000] {override.py:1858} INFO - Created Permission View: can delete on DAG:two_process_simple
[2026-02-10T00:07:03.592+0000] {logging_mixin.py:188} INFO - [2026-02-10T00:07:03.591+0000] {override.py:1858} INFO - Created Permission View: can edit on DAG:two_process_simple
[2026-02-10T00:07:03.592+0000] {logging_mixin.py:188} INFO - [2026-02-10T00:07:03.592+0000] {dag.py:3089} INFO - Sync 1 DAGs
[2026-02-10T00:07:03.781+0000] {logging_mixin.py:188} INFO - [2026-02-10T00:07:03.780+0000] {dag.py:3111} INFO - Creating ORM DAG for two_process_simple
[2026-02-10T00:07:03.787+0000] {logging_mixin.py:188} INFO - [2026-02-10T00:07:03.786+0000] {dag.py:3947} INFO - Setting next_dagrun for two_process_simple to 2023-01-01 00:00:00+00:00, run_after=2023-01-01 00:00:00+00:00
[2026-02-10T00:07:03.802+0000] {processor.py:183} INFO - Processing /opt/airflow/dags/two_process.py took 0.616 seconds
[2026-02-10T00:07:34.057+0000] {processor.py:161} INFO - Started process (PID=212) to work on /opt/airflow/dags/two_process.py
[2026-02-10T00:07:34.059+0000] {processor.py:830} INFO - Processing file /opt/airflow/dags/two_process.py for tasks to queue
[2026-02-10T00:07:34.060+0000] {logging_mixin.py:188} INFO - [2026-02-10T00:07:34.060+0000] {dagbag.py:545} INFO - Filling up the DagBag from /opt/airflow/dags/two_process.py
[2026-02-10T00:07:34.366+0000] {processor.py:840} INFO - DAG(s) 'two_process_simple' retrieved from /opt/airflow/dags/two_process.py
[2026-02-10T00:07:34.395+0000] {logging_mixin.py:188} INFO - [2026-02-10T00:07:34.395+0000] {dag.py:3089} INFO - Sync 1 DAGs
[2026-02-10T00:07:34.417+0000] {logging_mixin.py:188} INFO - [2026-02-10T00:07:34.417+0000] {dag.py:3947} INFO - Setting next_dagrun for two_process_simple to 2023-01-01 00:00:00+00:00, run_after=2023-01-01 00:00:00+00:00
[2026-02-10T00:07:34.439+0000] {processor.py:183} INFO - Processing /opt/airflow/dags/two_process.py took 0.390 seconds
[2026-02-10T00:07:36.261+0000] {processor.py:161} INFO - Started process (PID=214) to work on /opt/airflow/dags/two_process.py
[2026-02-10T00:07:36.263+0000] {processor.py:830} INFO - Processing file /opt/airflow/dags/two_process.py for tasks to queue
[2026-02-10T00:07:36.264+0000] {logging_mixin.py:188} INFO - [2026-02-10T00:07:36.264+0000] {dagbag.py:545} INFO - Filling up the DagBag from /opt/airflow/dags/two_process.py
[2026-02-10T00:07:36.596+0000] {processor.py:840} INFO - DAG(s) 'two_process_simple' retrieved from /opt/airflow/dags/two_process.py
[2026-02-10T00:07:36.631+0000] {logging_mixin.py:188} INFO - [2026-02-10T00:07:36.630+0000] {dag.py:3089} INFO - Sync 1 DAGs
[2026-02-10T00:07:36.652+0000] {logging_mixin.py:188} INFO - [2026-02-10T00:07:36.652+0000] {dag.py:3947} INFO - Setting next_dagrun for two_process_simple to 2023-01-01 00:00:00+00:00, run_after=2023-01-01 00:00:00+00:00
[2026-02-10T00:07:36.675+0000] {processor.py:183} INFO - Processing /opt/airflow/dags/two_process.py took 0.420 seconds
[2026-02-10T00:08:06.925+0000] {processor.py:161} INFO - Started process (PID=272) to work on /opt/airflow/dags/two_process.py
[2026-02-10T00:08:06.927+0000] {processor.py:830} INFO - Processing file /opt/airflow/dags/two_process.py for tasks to queue
[2026-02-10T00:08:06.928+0000] {logging_mixin.py:188} INFO - [2026-02-10T00:08:06.927+0000] {dagbag.py:545} INFO - Filling up the DagBag from /opt/airflow/dags/two_process.py
[2026-02-10T00:08:07.212+0000] {processor.py:840} INFO - DAG(s) 'two_process_simple' retrieved from /opt/airflow/dags/two_process.py
[2026-02-10T00:08:07.238+0000] {logging_mixin.py:188} INFO - [2026-02-10T00:08:07.237+0000] {dag.py:3089} INFO - Sync 1 DAGs
[2026-02-10T00:08:07.256+0000] {logging_mixin.py:188} INFO - [2026-02-10T00:08:07.255+0000] {dag.py:3947} INFO - Setting next_dagrun for two_process_simple to None, run_after=None
[2026-02-10T00:08:07.271+0000] {processor.py:183} INFO - Processing /opt/airflow/dags/two_process.py took 0.351 seconds
[2026-02-10T00:08:37.518+0000] {processor.py:161} INFO - Started process (PID=294) to work on /opt/airflow/dags/two_process.py
[2026-02-10T00:08:37.519+0000] {processor.py:830} INFO - Processing file /opt/airflow/dags/two_process.py for tasks to queue
[2026-02-10T00:08:37.521+0000] {logging_mixin.py:188} INFO - [2026-02-10T00:08:37.520+0000] {dagbag.py:545} INFO - Filling up the DagBag from /opt/airflow/dags/two_process.py
[2026-02-10T00:08:37.802+0000] {processor.py:840} INFO - DAG(s) 'two_process_simple' retrieved from /opt/airflow/dags/two_process.py
[2026-02-10T00:08:37.824+0000] {logging_mixin.py:188} INFO - [2026-02-10T00:08:37.824+0000] {dag.py:3089} INFO - Sync 1 DAGs
[2026-02-10T00:08:37.841+0000] {logging_mixin.py:188} INFO - [2026-02-10T00:08:37.841+0000] {dag.py:3947} INFO - Setting next_dagrun for two_process_simple to None, run_after=None
[2026-02-10T00:08:37.873+0000] {processor.py:183} INFO - Processing /opt/airflow/dags/two_process.py took 0.362 seconds
[2026-02-10T00:09:08.106+0000] {processor.py:161} INFO - Started process (PID=316) to work on /opt/airflow/dags/two_process.py
[2026-02-10T00:09:08.107+0000] {processor.py:830} INFO - Processing file /opt/airflow/dags/two_process.py for tasks to queue
[2026-02-10T00:09:08.109+0000] {logging_mixin.py:188} INFO - [2026-02-10T00:09:08.108+0000] {dagbag.py:545} INFO - Filling up the DagBag from /opt/airflow/dags/two_process.py
[2026-02-10T00:09:08.380+0000] {processor.py:840} INFO - DAG(s) 'two_process_simple' retrieved from /opt/airflow/dags/two_process.py
[2026-02-10T00:09:08.411+0000] {logging_mixin.py:188} INFO - [2026-02-10T00:09:08.411+0000] {dag.py:3089} INFO - Sync 1 DAGs
[2026-02-10T00:09:08.623+0000] {logging_mixin.py:188} INFO - [2026-02-10T00:09:08.623+0000] {dag.py:3947} INFO - Setting next_dagrun for two_process_simple to None, run_after=None
[2026-02-10T00:09:08.643+0000] {processor.py:183} INFO - Processing /opt/airflow/dags/two_process.py took 0.543 seconds
[2026-02-10T00:09:38.819+0000] {processor.py:161} INFO - Started process (PID=320) to work on /opt/airflow/dags/two_process.py
[2026-02-10T00:09:38.820+0000] {processor.py:830} INFO - Processing file /opt/airflow/dags/two_process.py for tasks to queue
[2026-02-10T00:09:38.821+0000] {logging_mixin.py:188} INFO - [2026-02-10T00:09:38.821+0000] {dagbag.py:545} INFO - Filling up the DagBag from /opt/airflow/dags/two_process.py
[2026-02-10T00:09:39.092+0000] {processor.py:840} INFO - DAG(s) 'two_process_simple' retrieved from /opt/airflow/dags/two_process.py
[2026-02-10T00:09:39.125+0000] {logging_mixin.py:188} INFO - [2026-02-10T00:09:39.124+0000] {dag.py:3089} INFO - Sync 1 DAGs
[2026-02-10T00:09:39.144+0000] {logging_mixin.py:188} INFO - [2026-02-10T00:09:39.144+0000] {dag.py:3947} INFO - Setting next_dagrun for two_process_simple to None, run_after=None
[2026-02-10T00:09:39.161+0000] {processor.py:183} INFO - Processing /opt/airflow/dags/two_process.py took 0.347 seconds
[2026-02-10T00:09:47.931+0000] {processor.py:161} INFO - Started process (PID=322) to work on /opt/airflow/dags/two_process.py
[2026-02-10T00:09:47.932+0000] {processor.py:830} INFO - Processing file /opt/airflow/dags/two_process.py for tasks to queue
[2026-02-10T00:09:47.934+0000] {logging_mixin.py:188} INFO - [2026-02-10T00:09:47.933+0000] {dagbag.py:545} INFO - Filling up the DagBag from /opt/airflow/dags/two_process.py
[2026-02-10T00:09:48.396+0000] {processor.py:840} INFO - DAG(s) 'two_process_simple' retrieved from /opt/airflow/dags/two_process.py
[2026-02-10T00:09:48.433+0000] {logging_mixin.py:188} INFO - [2026-02-10T00:09:48.432+0000] {dag.py:3089} INFO - Sync 1 DAGs
[2026-02-10T00:09:48.460+0000] {logging_mixin.py:188} INFO - [2026-02-10T00:09:48.459+0000] {dag.py:3947} INFO - Setting next_dagrun for two_process_simple to None, run_after=None
[2026-02-10T00:09:48.496+0000] {processor.py:183} INFO - Processing /opt/airflow/dags/two_process.py took 0.574 seconds
[2026-02-10T00:09:51.602+0000] {processor.py:161} INFO - Started process (PID=326) to work on /opt/airflow/dags/two_process.py
[2026-02-10T00:09:51.603+0000] {processor.py:830} INFO - Processing file /opt/airflow/dags/two_process.py for tasks to queue
[2026-02-10T00:09:51.604+0000] {logging_mixin.py:188} INFO - [2026-02-10T00:09:51.604+0000] {dagbag.py:545} INFO - Filling up the DagBag from /opt/airflow/dags/two_process.py
[2026-02-10T00:09:51.868+0000] {processor.py:840} INFO - DAG(s) 'two_process_simple' retrieved from /opt/airflow/dags/two_process.py
[2026-02-10T00:09:51.896+0000] {logging_mixin.py:188} INFO - [2026-02-10T00:09:51.896+0000] {dag.py:3089} INFO - Sync 1 DAGs
[2026-02-10T00:09:51.913+0000] {logging_mixin.py:188} INFO - [2026-02-10T00:09:51.913+0000] {dag.py:3947} INFO - Setting next_dagrun for two_process_simple to None, run_after=None
[2026-02-10T00:09:51.933+0000] {processor.py:183} INFO - Processing /opt/airflow/dags/two_process.py took 0.337 seconds
[2026-02-10T00:10:22.149+0000] {processor.py:161} INFO - Started process (PID=366) to work on /opt/airflow/dags/two_process.py
[2026-02-10T00:10:22.151+0000] {processor.py:830} INFO - Processing file /opt/airflow/dags/two_process.py for tasks to queue
[2026-02-10T00:10:22.152+0000] {logging_mixin.py:188} INFO - [2026-02-10T00:10:22.151+0000] {dagbag.py:545} INFO - Filling up the DagBag from /opt/airflow/dags/two_process.py
[2026-02-10T00:10:22.416+0000] {processor.py:840} INFO - DAG(s) 'two_process_simple' retrieved from /opt/airflow/dags/two_process.py
[2026-02-10T00:10:22.439+0000] {logging_mixin.py:188} INFO - [2026-02-10T00:10:22.439+0000] {dag.py:3089} INFO - Sync 1 DAGs
[2026-02-10T00:10:22.456+0000] {logging_mixin.py:188} INFO - [2026-02-10T00:10:22.456+0000] {dag.py:3947} INFO - Setting next_dagrun for two_process_simple to None, run_after=None
[2026-02-10T00:10:22.471+0000] {processor.py:183} INFO - Processing /opt/airflow/dags/two_process.py took 0.328 seconds
[2026-02-10T00:10:52.713+0000] {processor.py:161} INFO - Started process (PID=370) to work on /opt/airflow/dags/two_process.py
[2026-02-10T00:10:52.714+0000] {processor.py:830} INFO - Processing file /opt/airflow/dags/two_process.py for tasks to queue
[2026-02-10T00:10:52.715+0000] {logging_mixin.py:188} INFO - [2026-02-10T00:10:52.715+0000] {dagbag.py:545} INFO - Filling up the DagBag from /opt/airflow/dags/two_process.py
[2026-02-10T00:10:53.010+0000] {processor.py:840} INFO - DAG(s) 'two_process_simple' retrieved from /opt/airflow/dags/two_process.py
[2026-02-10T00:10:53.038+0000] {logging_mixin.py:188} INFO - [2026-02-10T00:10:53.037+0000] {dag.py:3089} INFO - Sync 1 DAGs
[2026-02-10T00:10:53.054+0000] {logging_mixin.py:188} INFO - [2026-02-10T00:10:53.054+0000] {dag.py:3947} INFO - Setting next_dagrun for two_process_simple to None, run_after=None
[2026-02-10T00:10:53.067+0000] {processor.py:183} INFO - Processing /opt/airflow/dags/two_process.py took 0.363 seconds
[2026-02-10T00:11:23.301+0000] {processor.py:161} INFO - Started process (PID=374) to work on /opt/airflow/dags/two_process.py
[2026-02-10T00:11:23.302+0000] {processor.py:830} INFO - Processing file /opt/airflow/dags/two_process.py for tasks to queue
[2026-02-10T00:11:23.303+0000] {logging_mixin.py:188} INFO - [2026-02-10T00:11:23.303+0000] {dagbag.py:545} INFO - Filling up the DagBag from /opt/airflow/dags/two_process.py
[2026-02-10T00:11:23.581+0000] {processor.py:840} INFO - DAG(s) 'two_process_simple' retrieved from /opt/airflow/dags/two_process.py
[2026-02-10T00:11:23.610+0000] {logging_mixin.py:188} INFO - [2026-02-10T00:11:23.610+0000] {dag.py:3089} INFO - Sync 1 DAGs
[2026-02-10T00:11:23.631+0000] {logging_mixin.py:188} INFO - [2026-02-10T00:11:23.631+0000] {dag.py:3947} INFO - Setting next_dagrun for two_process_simple to None, run_after=None
[2026-02-10T00:11:23.850+0000] {processor.py:183} INFO - Processing /opt/airflow/dags/two_process.py took 0.556 seconds
[2026-02-10T00:11:54.097+0000] {processor.py:161} INFO - Started process (PID=378) to work on /opt/airflow/dags/two_process.py
[2026-02-10T00:11:54.098+0000] {processor.py:830} INFO - Processing file /opt/airflow/dags/two_process.py for tasks to queue
[2026-02-10T00:11:54.098+0000] {logging_mixin.py:188} INFO - [2026-02-10T00:11:54.098+0000] {dagbag.py:545} INFO - Filling up the DagBag from /opt/airflow/dags/two_process.py
[2026-02-10T00:11:54.324+0000] {processor.py:840} INFO - DAG(s) 'two_process_simple' retrieved from /opt/airflow/dags/two_process.py
[2026-02-10T00:11:54.348+0000] {logging_mixin.py:188} INFO - [2026-02-10T00:11:54.347+0000] {dag.py:3089} INFO - Sync 1 DAGs
[2026-02-10T00:11:54.525+0000] {logging_mixin.py:188} INFO - [2026-02-10T00:11:54.525+0000] {dag.py:3947} INFO - Setting next_dagrun for two_process_simple to None, run_after=None
[2026-02-10T00:11:54.539+0000] {processor.py:183} INFO - Processing /opt/airflow/dags/two_process.py took 0.448 seconds
[2026-02-10T00:12:24.771+0000] {processor.py:161} INFO - Started process (PID=382) to work on /opt/airflow/dags/two_process.py
[2026-02-10T00:12:24.772+0000] {processor.py:830} INFO - Processing file /opt/airflow/dags/two_process.py for tasks to queue
[2026-02-10T00:12:24.773+0000] {logging_mixin.py:188} INFO - [2026-02-10T00:12:24.772+0000] {dagbag.py:545} INFO - Filling up the DagBag from /opt/airflow/dags/two_process.py
[2026-02-10T00:12:25.017+0000] {processor.py:840} INFO - DAG(s) 'two_process_simple' retrieved from /opt/airflow/dags/two_process.py
[2026-02-10T00:12:25.039+0000] {logging_mixin.py:188} INFO - [2026-02-10T00:12:25.039+0000] {dag.py:3089} INFO - Sync 1 DAGs
[2026-02-10T00:12:25.056+0000] {logging_mixin.py:188} INFO - [2026-02-10T00:12:25.055+0000] {dag.py:3947} INFO - Setting next_dagrun for two_process_simple to None, run_after=None
[2026-02-10T00:12:25.070+0000] {processor.py:183} INFO - Processing /opt/airflow/dags/two_process.py took 0.304 seconds
[2026-02-10T00:12:55.286+0000] {processor.py:161} INFO - Started process (PID=386) to work on /opt/airflow/dags/two_process.py
[2026-02-10T00:12:55.288+0000] {processor.py:830} INFO - Processing file /opt/airflow/dags/two_process.py for tasks to queue
[2026-02-10T00:12:55.291+0000] {logging_mixin.py:188} INFO - [2026-02-10T00:12:55.289+0000] {dagbag.py:545} INFO - Filling up the DagBag from /opt/airflow/dags/two_process.py
[2026-02-10T00:12:55.550+0000] {processor.py:840} INFO - DAG(s) 'two_process_simple' retrieved from /opt/airflow/dags/two_process.py
[2026-02-10T00:12:55.573+0000] {logging_mixin.py:188} INFO - [2026-02-10T00:12:55.573+0000] {dag.py:3089} INFO - Sync 1 DAGs
[2026-02-10T00:12:55.587+0000] {logging_mixin.py:188} INFO - [2026-02-10T00:12:55.587+0000] {dag.py:3947} INFO - Setting next_dagrun for two_process_simple to None, run_after=None
[2026-02-10T00:12:55.601+0000] {processor.py:183} INFO - Processing /opt/airflow/dags/two_process.py took 0.322 seconds
[2026-02-10T00:13:25.826+0000] {processor.py:161} INFO - Started process (PID=426) to work on /opt/airflow/dags/two_process.py
[2026-02-10T00:13:25.827+0000] {processor.py:830} INFO - Processing file /opt/airflow/dags/two_process.py for tasks to queue
[2026-02-10T00:13:25.829+0000] {logging_mixin.py:188} INFO - [2026-02-10T00:13:25.828+0000] {dagbag.py:545} INFO - Filling up the DagBag from /opt/airflow/dags/two_process.py
[2026-02-10T00:13:26.107+0000] {processor.py:840} INFO - DAG(s) 'two_process_simple' retrieved from /opt/airflow/dags/two_process.py
[2026-02-10T00:13:26.130+0000] {logging_mixin.py:188} INFO - [2026-02-10T00:13:26.129+0000] {dag.py:3089} INFO - Sync 1 DAGs
[2026-02-10T00:13:26.147+0000] {logging_mixin.py:188} INFO - [2026-02-10T00:13:26.147+0000] {dag.py:3947} INFO - Setting next_dagrun for two_process_simple to None, run_after=None
[2026-02-10T00:13:26.162+0000] {processor.py:183} INFO - Processing /opt/airflow/dags/two_process.py took 0.342 seconds
[2026-02-10T00:13:56.388+0000] {processor.py:161} INFO - Started process (PID=430) to work on /opt/airflow/dags/two_process.py
[2026-02-10T00:13:56.389+0000] {processor.py:830} INFO - Processing file /opt/airflow/dags/two_process.py for tasks to queue
[2026-02-10T00:13:56.391+0000] {logging_mixin.py:188} INFO - [2026-02-10T00:13:56.390+0000] {dagbag.py:545} INFO - Filling up the DagBag from /opt/airflow/dags/two_process.py
[2026-02-10T00:13:56.675+0000] {processor.py:840} INFO - DAG(s) 'two_process_simple' retrieved from /opt/airflow/dags/two_process.py
[2026-02-10T00:13:56.704+0000] {logging_mixin.py:188} INFO - [2026-02-10T00:13:56.703+0000] {dag.py:3089} INFO - Sync 1 DAGs
[2026-02-10T00:13:56.722+0000] {logging_mixin.py:188} INFO - [2026-02-10T00:13:56.722+0000] {dag.py:3947} INFO - Setting next_dagrun for two_process_simple to None, run_after=None
[2026-02-10T00:13:56.741+0000] {processor.py:183} INFO - Processing /opt/airflow/dags/two_process.py took 0.358 seconds
[2026-02-10T00:14:26.968+0000] {processor.py:161} INFO - Started process (PID=434) to work on /opt/airflow/dags/two_process.py
[2026-02-10T00:14:26.969+0000] {processor.py:830} INFO - Processing file /opt/airflow/dags/two_process.py for tasks to queue
[2026-02-10T00:14:26.970+0000] {logging_mixin.py:188} INFO - [2026-02-10T00:14:26.970+0000] {dagbag.py:545} INFO - Filling up the DagBag from /opt/airflow/dags/two_process.py
[2026-02-10T00:14:27.210+0000] {processor.py:840} INFO - DAG(s) 'two_process_simple' retrieved from /opt/airflow/dags/two_process.py
[2026-02-10T00:14:27.235+0000] {logging_mixin.py:188} INFO - [2026-02-10T00:14:27.235+0000] {dag.py:3089} INFO - Sync 1 DAGs
[2026-02-10T00:14:27.423+0000] {logging_mixin.py:188} INFO - [2026-02-10T00:14:27.422+0000] {dag.py:3947} INFO - Setting next_dagrun for two_process_simple to None, run_after=None
[2026-02-10T00:14:27.444+0000] {processor.py:183} INFO - Processing /opt/airflow/dags/two_process.py took 0.481 seconds
[2026-02-10T00:14:57.677+0000] {processor.py:161} INFO - Started process (PID=438) to work on /opt/airflow/dags/two_process.py
[2026-02-10T00:14:57.678+0000] {processor.py:830} INFO - Processing file /opt/airflow/dags/two_process.py for tasks to queue
[2026-02-10T00:14:57.679+0000] {logging_mixin.py:188} INFO - [2026-02-10T00:14:57.679+0000] {dagbag.py:545} INFO - Filling up the DagBag from /opt/airflow/dags/two_process.py
[2026-02-10T00:14:57.952+0000] {processor.py:840} INFO - DAG(s) 'two_process_simple' retrieved from /opt/airflow/dags/two_process.py
[2026-02-10T00:14:57.978+0000] {logging_mixin.py:188} INFO - [2026-02-10T00:14:57.977+0000] {dag.py:3089} INFO - Sync 1 DAGs
[2026-02-10T00:14:58.165+0000] {logging_mixin.py:188} INFO - [2026-02-10T00:14:58.165+0000] {dag.py:3947} INFO - Setting next_dagrun for two_process_simple to None, run_after=None
[2026-02-10T00:14:58.180+0000] {processor.py:183} INFO - Processing /opt/airflow/dags/two_process.py took 0.508 seconds
[2026-02-10T00:15:28.412+0000] {processor.py:161} INFO - Started process (PID=442) to work on /opt/airflow/dags/two_process.py
[2026-02-10T00:15:28.413+0000] {processor.py:830} INFO - Processing file /opt/airflow/dags/two_process.py for tasks to queue
[2026-02-10T00:15:28.414+0000] {logging_mixin.py:188} INFO - [2026-02-10T00:15:28.414+0000] {dagbag.py:545} INFO - Filling up the DagBag from /opt/airflow/dags/two_process.py
[2026-02-10T00:15:28.665+0000] {processor.py:840} INFO - DAG(s) 'two_process_simple' retrieved from /opt/airflow/dags/two_process.py
[2026-02-10T00:15:28.690+0000] {logging_mixin.py:188} INFO - [2026-02-10T00:15:28.689+0000] {dag.py:3089} INFO - Sync 1 DAGs
[2026-02-10T00:15:28.704+0000] {logging_mixin.py:188} INFO - [2026-02-10T00:15:28.704+0000] {dag.py:3947} INFO - Setting next_dagrun for two_process_simple to None, run_after=None
[2026-02-10T00:15:28.718+0000] {processor.py:183} INFO - Processing /opt/airflow/dags/two_process.py took 0.314 seconds
[2026-02-10T00:15:58.993+0000] {processor.py:161} INFO - Started process (PID=446) to work on /opt/airflow/dags/two_process.py
[2026-02-10T00:15:58.995+0000] {processor.py:830} INFO - Processing file /opt/airflow/dags/two_process.py for tasks to queue
[2026-02-10T00:15:58.996+0000] {logging_mixin.py:188} INFO - [2026-02-10T00:15:58.996+0000] {dagbag.py:545} INFO - Filling up the DagBag from /opt/airflow/dags/two_process.py
[2026-02-10T00:15:59.281+0000] {processor.py:840} INFO - DAG(s) 'two_process_simple' retrieved from /opt/airflow/dags/two_process.py
[2026-02-10T00:15:59.313+0000] {logging_mixin.py:188} INFO - [2026-02-10T00:15:59.313+0000] {dag.py:3089} INFO - Sync 1 DAGs
[2026-02-10T00:15:59.335+0000] {logging_mixin.py:188} INFO - [2026-02-10T00:15:59.335+0000] {dag.py:3947} INFO - Setting next_dagrun for two_process_simple to None, run_after=None
[2026-02-10T00:15:59.353+0000] {processor.py:183} INFO - Processing /opt/airflow/dags/two_process.py took 0.368 seconds
[2026-02-10T00:16:29.600+0000] {processor.py:161} INFO - Started process (PID=450) to work on /opt/airflow/dags/two_process.py
[2026-02-10T00:16:29.601+0000] {processor.py:830} INFO - Processing file /opt/airflow/dags/two_process.py for tasks to queue
[2026-02-10T00:16:29.602+0000] {logging_mixin.py:188} INFO - [2026-02-10T00:16:29.602+0000] {dagbag.py:545} INFO - Filling up the DagBag from /opt/airflow/dags/two_process.py
[2026-02-10T00:16:29.884+0000] {processor.py:840} INFO - DAG(s) 'two_process_simple' retrieved from /opt/airflow/dags/two_process.py
[2026-02-10T00:16:29.919+0000] {logging_mixin.py:188} INFO - [2026-02-10T00:16:29.918+0000] {dag.py:3089} INFO - Sync 1 DAGs
[2026-02-10T00:16:29.940+0000] {logging_mixin.py:188} INFO - [2026-02-10T00:16:29.939+0000] {dag.py:3947} INFO - Setting next_dagrun for two_process_simple to None, run_after=None
[2026-02-10T00:16:29.959+0000] {processor.py:183} INFO - Processing /opt/airflow/dags/two_process.py took 0.367 seconds
