[2026-02-09T23:52:26.645+0000] {local_task_job_runner.py:120} INFO - ::group::Pre task execution logs
[2026-02-09T23:52:26.667+0000] {taskinstance.py:2076} INFO - Dependencies all met for dep_context=non-requeueable deps ti=<TaskInstance: temperature_etl_full_load.full_historical_load scheduled__2023-01-01T00:00:00+00:00 [queued]>
[2026-02-09T23:52:26.673+0000] {taskinstance.py:2076} INFO - Dependencies all met for dep_context=requeueable deps ti=<TaskInstance: temperature_etl_full_load.full_historical_load scheduled__2023-01-01T00:00:00+00:00 [queued]>
[2026-02-09T23:52:26.674+0000] {taskinstance.py:2306} INFO - Starting attempt 1 of 2
[2026-02-09T23:52:26.685+0000] {taskinstance.py:2330} INFO - Executing <Task(PythonOperator): full_historical_load> on 2023-01-01 00:00:00+00:00
[2026-02-09T23:52:26.694+0000] {standard_task_runner.py:90} INFO - Running: ['***', 'tasks', 'run', 'temperature_etl_full_load', 'full_historical_load', 'scheduled__2023-01-01T00:00:00+00:00', '--job-id', '9', '--raw', '--subdir', 'DAGS_FOLDER/temperature_etl_full.py', '--cfg-path', '/tmp/tmpwfb47om7']
[2026-02-09T23:52:26.696+0000] {logging_mixin.py:188} WARNING - /home/***/.local/lib/python3.12/site-packages/***/task/task_runner/standard_task_runner.py:62 DeprecationWarning: This process (pid=213) is multi-threaded, use of fork() may lead to deadlocks in the child.
[2026-02-09T23:52:26.697+0000] {standard_task_runner.py:91} INFO - Job 9: Subtask full_historical_load
[2026-02-09T23:52:26.697+0000] {standard_task_runner.py:64} INFO - Started process 230 to run task
[2026-02-09T23:52:26.765+0000] {task_command.py:426} INFO - Running <TaskInstance: temperature_etl_full_load.full_historical_load scheduled__2023-01-01T00:00:00+00:00 [running]> on host ffb9487abbe3
[2026-02-09T23:52:26.838+0000] {taskinstance.py:2648} INFO - Exporting env vars: AIRFLOW_CTX_DAG_OWNER='***' AIRFLOW_CTX_DAG_ID='temperature_etl_full_load' AIRFLOW_CTX_TASK_ID='full_historical_load' AIRFLOW_CTX_EXECUTION_DATE='2023-01-01T00:00:00+00:00' AIRFLOW_CTX_TRY_NUMBER='1' AIRFLOW_CTX_DAG_RUN_ID='scheduled__2023-01-01T00:00:00+00:00'
[2026-02-09T23:52:26.840+0000] {taskinstance.py:430} INFO - ::endgroup::
[2026-02-09T23:52:27.913+0000] {python.py:237} INFO - Done. Returned value was: None
[2026-02-09T23:52:27.914+0000] {taskinstance.py:441} INFO - ::group::Post task execution logs
[2026-02-09T23:52:27.923+0000] {taskinstance.py:1206} INFO - Marking task as SUCCESS. dag_id=temperature_etl_full_load, task_id=full_historical_load, run_id=scheduled__2023-01-01T00:00:00+00:00, execution_date=20230101T000000, start_date=20260209T235226, end_date=20260209T235227
[2026-02-09T23:52:27.956+0000] {local_task_job_runner.py:243} INFO - Task exited with return code 0
[2026-02-09T23:52:27.971+0000] {taskinstance.py:3503} INFO - 0 downstream tasks scheduled from follow-on schedule check
[2026-02-09T23:52:27.974+0000] {local_task_job_runner.py:222} INFO - ::endgroup::
[2026-02-09T23:59:15.388+0000] {local_task_job_runner.py:120} INFO - ::group::Pre task execution logs
[2026-02-09T23:59:15.414+0000] {taskinstance.py:2076} INFO - Dependencies all met for dep_context=non-requeueable deps ti=<TaskInstance: temperature_etl_full_load.full_historical_load scheduled__2023-01-01T00:00:00+00:00 [queued]>
[2026-02-09T23:59:15.420+0000] {taskinstance.py:2076} INFO - Dependencies all met for dep_context=requeueable deps ti=<TaskInstance: temperature_etl_full_load.full_historical_load scheduled__2023-01-01T00:00:00+00:00 [queued]>
[2026-02-09T23:59:15.420+0000] {taskinstance.py:2306} INFO - Starting attempt 1 of 2
[2026-02-09T23:59:15.435+0000] {taskinstance.py:2330} INFO - Executing <Task(PythonOperator): full_historical_load> on 2023-01-01 00:00:00+00:00
[2026-02-09T23:59:15.446+0000] {standard_task_runner.py:90} INFO - Running: ['***', 'tasks', 'run', 'temperature_etl_full_load', 'full_historical_load', 'scheduled__2023-01-01T00:00:00+00:00', '--job-id', '51', '--raw', '--subdir', 'DAGS_FOLDER/temperature_etl_full.py', '--cfg-path', '/tmp/tmpchouec6q']
[2026-02-09T23:59:15.450+0000] {standard_task_runner.py:91} INFO - Job 51: Subtask full_historical_load
[2026-02-09T23:59:15.449+0000] {logging_mixin.py:188} WARNING - /home/***/.local/lib/python3.12/site-packages/***/task/task_runner/standard_task_runner.py:62 DeprecationWarning: This process (pid=84) is multi-threaded, use of fork() may lead to deadlocks in the child.
[2026-02-09T23:59:15.451+0000] {standard_task_runner.py:64} INFO - Started process 101 to run task
[2026-02-09T23:59:15.519+0000] {task_command.py:426} INFO - Running <TaskInstance: temperature_etl_full_load.full_historical_load scheduled__2023-01-01T00:00:00+00:00 [running]> on host ffb9487abbe3
[2026-02-09T23:59:15.596+0000] {taskinstance.py:2648} INFO - Exporting env vars: AIRFLOW_CTX_DAG_OWNER='***' AIRFLOW_CTX_DAG_ID='temperature_etl_full_load' AIRFLOW_CTX_TASK_ID='full_historical_load' AIRFLOW_CTX_EXECUTION_DATE='2023-01-01T00:00:00+00:00' AIRFLOW_CTX_TRY_NUMBER='1' AIRFLOW_CTX_DAG_RUN_ID='scheduled__2023-01-01T00:00:00+00:00'
[2026-02-09T23:59:15.598+0000] {taskinstance.py:430} INFO - ::endgroup::
[2026-02-09T23:59:16.334+0000] {python.py:237} INFO - Done. Returned value was: None
[2026-02-09T23:59:16.335+0000] {taskinstance.py:441} INFO - ::group::Post task execution logs
[2026-02-09T23:59:16.345+0000] {taskinstance.py:1206} INFO - Marking task as SUCCESS. dag_id=temperature_etl_full_load, task_id=full_historical_load, run_id=scheduled__2023-01-01T00:00:00+00:00, execution_date=20230101T000000, start_date=20260209T235915, end_date=20260209T235916
[2026-02-09T23:59:16.390+0000] {local_task_job_runner.py:243} INFO - Task exited with return code 0
[2026-02-09T23:59:16.411+0000] {taskinstance.py:3503} INFO - 0 downstream tasks scheduled from follow-on schedule check
[2026-02-09T23:59:16.414+0000] {local_task_job_runner.py:222} INFO - ::endgroup::
