[2026-02-09T23:37:13.365+0000] {processor.py:161} INFO - Started process (PID=33) to work on /opt/airflow/dags/temperature_etl.py
[2026-02-09T23:37:13.367+0000] {processor.py:830} INFO - Processing file /opt/airflow/dags/temperature_etl.py for tasks to queue
[2026-02-09T23:37:13.371+0000] {logging_mixin.py:188} INFO - [2026-02-09T23:37:13.370+0000] {dagbag.py:545} INFO - Filling up the DagBag from /opt/airflow/dags/temperature_etl.py
[2026-02-09T23:37:14.606+0000] {processor.py:840} INFO - DAG(s) 'temperature_etl_to_postgres' retrieved from /opt/airflow/dags/temperature_etl.py
[2026-02-09T23:37:15.201+0000] {logging_mixin.py:188} INFO - [2026-02-09T23:37:15.200+0000] {override.py:1858} INFO - Created Permission View: can edit on DAG:temperature_etl_to_postgres
[2026-02-09T23:37:15.211+0000] {logging_mixin.py:188} INFO - [2026-02-09T23:37:15.210+0000] {override.py:1858} INFO - Created Permission View: can read on DAG:temperature_etl_to_postgres
[2026-02-09T23:37:15.217+0000] {logging_mixin.py:188} INFO - [2026-02-09T23:37:15.217+0000] {override.py:1858} INFO - Created Permission View: can delete on DAG:temperature_etl_to_postgres
[2026-02-09T23:37:15.218+0000] {logging_mixin.py:188} INFO - [2026-02-09T23:37:15.218+0000] {dag.py:3089} INFO - Sync 1 DAGs
[2026-02-09T23:37:15.227+0000] {logging_mixin.py:188} INFO - [2026-02-09T23:37:15.227+0000] {dag.py:3111} INFO - Creating ORM DAG for temperature_etl_to_postgres
[2026-02-09T23:37:15.234+0000] {logging_mixin.py:188} INFO - [2026-02-09T23:37:15.234+0000] {dag.py:3947} INFO - Setting next_dagrun for temperature_etl_to_postgres to 2023-01-01 00:00:00+00:00, run_after=2023-01-01 00:00:00+00:00
[2026-02-09T23:37:15.250+0000] {processor.py:183} INFO - Processing /opt/airflow/dags/temperature_etl.py took 1.893 seconds
[2026-02-09T23:37:45.477+0000] {processor.py:161} INFO - Started process (PID=54) to work on /opt/airflow/dags/temperature_etl.py
[2026-02-09T23:37:45.478+0000] {processor.py:830} INFO - Processing file /opt/airflow/dags/temperature_etl.py for tasks to queue
[2026-02-09T23:37:45.481+0000] {logging_mixin.py:188} INFO - [2026-02-09T23:37:45.480+0000] {dagbag.py:545} INFO - Filling up the DagBag from /opt/airflow/dags/temperature_etl.py
[2026-02-09T23:37:45.749+0000] {processor.py:840} INFO - DAG(s) 'temperature_etl_to_postgres' retrieved from /opt/airflow/dags/temperature_etl.py
[2026-02-09T23:37:45.777+0000] {logging_mixin.py:188} INFO - [2026-02-09T23:37:45.776+0000] {dag.py:3089} INFO - Sync 1 DAGs
[2026-02-09T23:37:45.797+0000] {logging_mixin.py:188} INFO - [2026-02-09T23:37:45.797+0000] {dag.py:3947} INFO - Setting next_dagrun for temperature_etl_to_postgres to None, run_after=None
[2026-02-09T23:37:45.814+0000] {processor.py:183} INFO - Processing /opt/airflow/dags/temperature_etl.py took 0.344 seconds
[2026-02-09T23:38:16.023+0000] {processor.py:161} INFO - Started process (PID=73) to work on /opt/airflow/dags/temperature_etl.py
[2026-02-09T23:38:16.024+0000] {processor.py:830} INFO - Processing file /opt/airflow/dags/temperature_etl.py for tasks to queue
[2026-02-09T23:38:16.026+0000] {logging_mixin.py:188} INFO - [2026-02-09T23:38:16.026+0000] {dagbag.py:545} INFO - Filling up the DagBag from /opt/airflow/dags/temperature_etl.py
[2026-02-09T23:38:16.258+0000] {processor.py:840} INFO - DAG(s) 'temperature_etl_to_postgres' retrieved from /opt/airflow/dags/temperature_etl.py
[2026-02-09T23:38:16.284+0000] {logging_mixin.py:188} INFO - [2026-02-09T23:38:16.283+0000] {dag.py:3089} INFO - Sync 1 DAGs
[2026-02-09T23:38:16.299+0000] {logging_mixin.py:188} INFO - [2026-02-09T23:38:16.299+0000] {dag.py:3947} INFO - Setting next_dagrun for temperature_etl_to_postgres to None, run_after=None
[2026-02-09T23:38:16.314+0000] {processor.py:183} INFO - Processing /opt/airflow/dags/temperature_etl.py took 0.297 seconds
[2026-02-09T23:38:46.543+0000] {processor.py:161} INFO - Started process (PID=75) to work on /opt/airflow/dags/temperature_etl.py
[2026-02-09T23:38:46.544+0000] {processor.py:830} INFO - Processing file /opt/airflow/dags/temperature_etl.py for tasks to queue
[2026-02-09T23:38:46.548+0000] {logging_mixin.py:188} INFO - [2026-02-09T23:38:46.547+0000] {dagbag.py:545} INFO - Filling up the DagBag from /opt/airflow/dags/temperature_etl.py
[2026-02-09T23:38:46.840+0000] {processor.py:840} INFO - DAG(s) 'temperature_etl_to_postgres' retrieved from /opt/airflow/dags/temperature_etl.py
[2026-02-09T23:38:46.867+0000] {logging_mixin.py:188} INFO - [2026-02-09T23:38:46.867+0000] {dag.py:3089} INFO - Sync 1 DAGs
[2026-02-09T23:38:46.888+0000] {logging_mixin.py:188} INFO - [2026-02-09T23:38:46.887+0000] {dag.py:3947} INFO - Setting next_dagrun for temperature_etl_to_postgres to None, run_after=None
[2026-02-09T23:38:46.911+0000] {processor.py:183} INFO - Processing /opt/airflow/dags/temperature_etl.py took 0.376 seconds
[2026-02-09T23:42:13.481+0000] {processor.py:161} INFO - Started process (PID=77) to work on /opt/airflow/dags/temperature_etl.py
[2026-02-09T23:42:13.482+0000] {processor.py:830} INFO - Processing file /opt/airflow/dags/temperature_etl.py for tasks to queue
[2026-02-09T23:42:13.483+0000] {logging_mixin.py:188} INFO - [2026-02-09T23:42:13.483+0000] {dagbag.py:545} INFO - Filling up the DagBag from /opt/airflow/dags/temperature_etl.py
[2026-02-09T23:42:13.804+0000] {processor.py:840} INFO - DAG(s) 'temperature_etl_to_postgres' retrieved from /opt/airflow/dags/temperature_etl.py
[2026-02-09T23:42:14.219+0000] {logging_mixin.py:188} INFO - [2026-02-09T23:42:14.218+0000] {dag.py:3089} INFO - Sync 1 DAGs
[2026-02-09T23:42:14.226+0000] {logging_mixin.py:188} INFO - [2026-02-09T23:42:14.226+0000] {dag.py:3111} INFO - Creating ORM DAG for temperature_etl_to_postgres
[2026-02-09T23:42:14.235+0000] {logging_mixin.py:188} INFO - [2026-02-09T23:42:14.234+0000] {dag.py:3947} INFO - Setting next_dagrun for temperature_etl_to_postgres to 2023-01-01 00:00:00+00:00, run_after=2023-01-01 00:00:00+00:00
[2026-02-09T23:42:14.258+0000] {processor.py:183} INFO - Processing /opt/airflow/dags/temperature_etl.py took 0.783 seconds
[2026-02-09T23:42:44.472+0000] {processor.py:161} INFO - Started process (PID=115) to work on /opt/airflow/dags/temperature_etl.py
[2026-02-09T23:42:44.473+0000] {processor.py:830} INFO - Processing file /opt/airflow/dags/temperature_etl.py for tasks to queue
[2026-02-09T23:42:44.474+0000] {logging_mixin.py:188} INFO - [2026-02-09T23:42:44.474+0000] {dagbag.py:545} INFO - Filling up the DagBag from /opt/airflow/dags/temperature_etl.py
[2026-02-09T23:42:44.795+0000] {processor.py:840} INFO - DAG(s) 'temperature_etl_to_postgres' retrieved from /opt/airflow/dags/temperature_etl.py
[2026-02-09T23:42:44.822+0000] {logging_mixin.py:188} INFO - [2026-02-09T23:42:44.822+0000] {dag.py:3089} INFO - Sync 1 DAGs
[2026-02-09T23:42:44.868+0000] {logging_mixin.py:188} INFO - [2026-02-09T23:42:44.868+0000] {dag.py:3947} INFO - Setting next_dagrun for temperature_etl_to_postgres to None, run_after=None
[2026-02-09T23:42:44.908+0000] {processor.py:183} INFO - Processing /opt/airflow/dags/temperature_etl.py took 0.441 seconds
[2026-02-09T23:43:15.110+0000] {processor.py:161} INFO - Started process (PID=117) to work on /opt/airflow/dags/temperature_etl.py
[2026-02-09T23:43:15.111+0000] {processor.py:830} INFO - Processing file /opt/airflow/dags/temperature_etl.py for tasks to queue
[2026-02-09T23:43:15.112+0000] {logging_mixin.py:188} INFO - [2026-02-09T23:43:15.112+0000] {dagbag.py:545} INFO - Filling up the DagBag from /opt/airflow/dags/temperature_etl.py
[2026-02-09T23:43:15.429+0000] {processor.py:840} INFO - DAG(s) 'temperature_etl_to_postgres' retrieved from /opt/airflow/dags/temperature_etl.py
[2026-02-09T23:43:15.460+0000] {logging_mixin.py:188} INFO - [2026-02-09T23:43:15.459+0000] {dag.py:3089} INFO - Sync 1 DAGs
[2026-02-09T23:43:15.496+0000] {logging_mixin.py:188} INFO - [2026-02-09T23:43:15.495+0000] {dag.py:3947} INFO - Setting next_dagrun for temperature_etl_to_postgres to None, run_after=None
[2026-02-09T23:43:15.530+0000] {processor.py:183} INFO - Processing /opt/airflow/dags/temperature_etl.py took 0.426 seconds
[2026-02-09T23:43:45.728+0000] {processor.py:161} INFO - Started process (PID=137) to work on /opt/airflow/dags/temperature_etl.py
[2026-02-09T23:43:45.729+0000] {processor.py:830} INFO - Processing file /opt/airflow/dags/temperature_etl.py for tasks to queue
[2026-02-09T23:43:45.730+0000] {logging_mixin.py:188} INFO - [2026-02-09T23:43:45.730+0000] {dagbag.py:545} INFO - Filling up the DagBag from /opt/airflow/dags/temperature_etl.py
[2026-02-09T23:43:46.014+0000] {processor.py:840} INFO - DAG(s) 'temperature_etl_to_postgres' retrieved from /opt/airflow/dags/temperature_etl.py
[2026-02-09T23:43:46.044+0000] {logging_mixin.py:188} INFO - [2026-02-09T23:43:46.044+0000] {dag.py:3089} INFO - Sync 1 DAGs
[2026-02-09T23:43:46.066+0000] {logging_mixin.py:188} INFO - [2026-02-09T23:43:46.066+0000] {dag.py:3947} INFO - Setting next_dagrun for temperature_etl_to_postgres to None, run_after=None
[2026-02-09T23:43:46.085+0000] {processor.py:183} INFO - Processing /opt/airflow/dags/temperature_etl.py took 0.363 seconds
[2026-02-09T23:44:16.301+0000] {processor.py:161} INFO - Started process (PID=139) to work on /opt/airflow/dags/temperature_etl.py
[2026-02-09T23:44:16.302+0000] {processor.py:830} INFO - Processing file /opt/airflow/dags/temperature_etl.py for tasks to queue
[2026-02-09T23:44:16.303+0000] {logging_mixin.py:188} INFO - [2026-02-09T23:44:16.303+0000] {dagbag.py:545} INFO - Filling up the DagBag from /opt/airflow/dags/temperature_etl.py
[2026-02-09T23:44:16.541+0000] {processor.py:840} INFO - DAG(s) 'temperature_etl_to_postgres' retrieved from /opt/airflow/dags/temperature_etl.py
[2026-02-09T23:44:16.566+0000] {logging_mixin.py:188} INFO - [2026-02-09T23:44:16.565+0000] {dag.py:3089} INFO - Sync 1 DAGs
[2026-02-09T23:44:16.581+0000] {logging_mixin.py:188} INFO - [2026-02-09T23:44:16.581+0000] {dag.py:3947} INFO - Setting next_dagrun for temperature_etl_to_postgres to None, run_after=None
[2026-02-09T23:44:16.599+0000] {processor.py:183} INFO - Processing /opt/airflow/dags/temperature_etl.py took 0.304 seconds
[2026-02-09T23:44:46.813+0000] {processor.py:161} INFO - Started process (PID=141) to work on /opt/airflow/dags/temperature_etl.py
[2026-02-09T23:44:46.814+0000] {processor.py:830} INFO - Processing file /opt/airflow/dags/temperature_etl.py for tasks to queue
[2026-02-09T23:44:46.816+0000] {logging_mixin.py:188} INFO - [2026-02-09T23:44:46.815+0000] {dagbag.py:545} INFO - Filling up the DagBag from /opt/airflow/dags/temperature_etl.py
[2026-02-09T23:44:47.094+0000] {processor.py:840} INFO - DAG(s) 'temperature_etl_to_postgres' retrieved from /opt/airflow/dags/temperature_etl.py
[2026-02-09T23:44:47.121+0000] {logging_mixin.py:188} INFO - [2026-02-09T23:44:47.121+0000] {dag.py:3089} INFO - Sync 1 DAGs
[2026-02-09T23:44:47.140+0000] {logging_mixin.py:188} INFO - [2026-02-09T23:44:47.139+0000] {dag.py:3947} INFO - Setting next_dagrun for temperature_etl_to_postgres to None, run_after=None
[2026-02-09T23:44:47.156+0000] {processor.py:183} INFO - Processing /opt/airflow/dags/temperature_etl.py took 0.348 seconds
[2026-02-09T23:45:17.384+0000] {processor.py:161} INFO - Started process (PID=143) to work on /opt/airflow/dags/temperature_etl.py
[2026-02-09T23:45:17.386+0000] {processor.py:830} INFO - Processing file /opt/airflow/dags/temperature_etl.py for tasks to queue
[2026-02-09T23:45:17.388+0000] {logging_mixin.py:188} INFO - [2026-02-09T23:45:17.387+0000] {dagbag.py:545} INFO - Filling up the DagBag from /opt/airflow/dags/temperature_etl.py
[2026-02-09T23:45:17.739+0000] {processor.py:840} INFO - DAG(s) 'temperature_etl_to_postgres' retrieved from /opt/airflow/dags/temperature_etl.py
[2026-02-09T23:45:18.816+0000] {logging_mixin.py:188} INFO - [2026-02-09T23:45:18.815+0000] {dag.py:3089} INFO - Sync 1 DAGs
[2026-02-09T23:45:18.831+0000] {logging_mixin.py:188} INFO - [2026-02-09T23:45:18.830+0000] {dag.py:3111} INFO - Creating ORM DAG for temperature_etl_to_postgres
[2026-02-09T23:45:18.845+0000] {logging_mixin.py:188} INFO - [2026-02-09T23:45:18.845+0000] {dag.py:3947} INFO - Setting next_dagrun for temperature_etl_to_postgres to 2023-01-01 00:00:00+00:00, run_after=2023-01-01 00:00:00+00:00
[2026-02-09T23:45:18.873+0000] {processor.py:183} INFO - Processing /opt/airflow/dags/temperature_etl.py took 1.497 seconds
[2026-02-09T23:45:49.111+0000] {processor.py:161} INFO - Started process (PID=181) to work on /opt/airflow/dags/temperature_etl.py
[2026-02-09T23:45:49.113+0000] {processor.py:830} INFO - Processing file /opt/airflow/dags/temperature_etl.py for tasks to queue
[2026-02-09T23:45:49.114+0000] {logging_mixin.py:188} INFO - [2026-02-09T23:45:49.114+0000] {dagbag.py:545} INFO - Filling up the DagBag from /opt/airflow/dags/temperature_etl.py
[2026-02-09T23:45:49.422+0000] {processor.py:840} INFO - DAG(s) 'temperature_etl_to_postgres' retrieved from /opt/airflow/dags/temperature_etl.py
[2026-02-09T23:45:49.450+0000] {logging_mixin.py:188} INFO - [2026-02-09T23:45:49.449+0000] {dag.py:3089} INFO - Sync 1 DAGs
[2026-02-09T23:45:49.657+0000] {logging_mixin.py:188} INFO - [2026-02-09T23:45:49.657+0000] {dag.py:3947} INFO - Setting next_dagrun for temperature_etl_to_postgres to None, run_after=None
[2026-02-09T23:45:49.673+0000] {processor.py:183} INFO - Processing /opt/airflow/dags/temperature_etl.py took 0.570 seconds
[2026-02-09T23:46:19.738+0000] {processor.py:161} INFO - Started process (PID=183) to work on /opt/airflow/dags/temperature_etl.py
[2026-02-09T23:46:19.739+0000] {processor.py:830} INFO - Processing file /opt/airflow/dags/temperature_etl.py for tasks to queue
[2026-02-09T23:46:19.740+0000] {logging_mixin.py:188} INFO - [2026-02-09T23:46:19.739+0000] {dagbag.py:545} INFO - Filling up the DagBag from /opt/airflow/dags/temperature_etl.py
[2026-02-09T23:46:20.040+0000] {processor.py:840} INFO - DAG(s) 'temperature_etl_to_postgres' retrieved from /opt/airflow/dags/temperature_etl.py
[2026-02-09T23:46:20.066+0000] {logging_mixin.py:188} INFO - [2026-02-09T23:46:20.066+0000] {dag.py:3089} INFO - Sync 1 DAGs
[2026-02-09T23:46:20.084+0000] {logging_mixin.py:188} INFO - [2026-02-09T23:46:20.084+0000] {dag.py:3947} INFO - Setting next_dagrun for temperature_etl_to_postgres to None, run_after=None
[2026-02-09T23:46:20.099+0000] {processor.py:183} INFO - Processing /opt/airflow/dags/temperature_etl.py took 0.366 seconds
[2026-02-09T23:46:50.311+0000] {processor.py:161} INFO - Started process (PID=185) to work on /opt/airflow/dags/temperature_etl.py
[2026-02-09T23:46:50.312+0000] {processor.py:830} INFO - Processing file /opt/airflow/dags/temperature_etl.py for tasks to queue
[2026-02-09T23:46:50.313+0000] {logging_mixin.py:188} INFO - [2026-02-09T23:46:50.313+0000] {dagbag.py:545} INFO - Filling up the DagBag from /opt/airflow/dags/temperature_etl.py
[2026-02-09T23:46:50.564+0000] {processor.py:840} INFO - DAG(s) 'temperature_etl_to_postgres' retrieved from /opt/airflow/dags/temperature_etl.py
[2026-02-09T23:46:50.591+0000] {logging_mixin.py:188} INFO - [2026-02-09T23:46:50.591+0000] {dag.py:3089} INFO - Sync 1 DAGs
[2026-02-09T23:46:50.607+0000] {logging_mixin.py:188} INFO - [2026-02-09T23:46:50.607+0000] {dag.py:3947} INFO - Setting next_dagrun for temperature_etl_to_postgres to None, run_after=None
[2026-02-09T23:46:50.624+0000] {processor.py:183} INFO - Processing /opt/airflow/dags/temperature_etl.py took 0.319 seconds
[2026-02-09T23:47:20.838+0000] {processor.py:161} INFO - Started process (PID=187) to work on /opt/airflow/dags/temperature_etl.py
[2026-02-09T23:47:20.840+0000] {processor.py:830} INFO - Processing file /opt/airflow/dags/temperature_etl.py for tasks to queue
[2026-02-09T23:47:20.840+0000] {logging_mixin.py:188} INFO - [2026-02-09T23:47:20.840+0000] {dagbag.py:545} INFO - Filling up the DagBag from /opt/airflow/dags/temperature_etl.py
[2026-02-09T23:47:21.131+0000] {processor.py:840} INFO - DAG(s) 'temperature_etl_to_postgres' retrieved from /opt/airflow/dags/temperature_etl.py
[2026-02-09T23:47:21.166+0000] {logging_mixin.py:188} INFO - [2026-02-09T23:47:21.165+0000] {dag.py:3089} INFO - Sync 1 DAGs
[2026-02-09T23:47:21.187+0000] {logging_mixin.py:188} INFO - [2026-02-09T23:47:21.187+0000] {dag.py:3947} INFO - Setting next_dagrun for temperature_etl_to_postgres to None, run_after=None
[2026-02-09T23:47:21.206+0000] {processor.py:183} INFO - Processing /opt/airflow/dags/temperature_etl.py took 0.374 seconds
[2026-02-09T23:47:51.431+0000] {processor.py:161} INFO - Started process (PID=189) to work on /opt/airflow/dags/temperature_etl.py
[2026-02-09T23:47:51.432+0000] {processor.py:830} INFO - Processing file /opt/airflow/dags/temperature_etl.py for tasks to queue
[2026-02-09T23:47:51.433+0000] {logging_mixin.py:188} INFO - [2026-02-09T23:47:51.433+0000] {dagbag.py:545} INFO - Filling up the DagBag from /opt/airflow/dags/temperature_etl.py
[2026-02-09T23:47:51.758+0000] {processor.py:840} INFO - DAG(s) 'temperature_etl_to_postgres' retrieved from /opt/airflow/dags/temperature_etl.py
[2026-02-09T23:47:51.788+0000] {logging_mixin.py:188} INFO - [2026-02-09T23:47:51.787+0000] {dag.py:3089} INFO - Sync 1 DAGs
[2026-02-09T23:47:51.811+0000] {logging_mixin.py:188} INFO - [2026-02-09T23:47:51.811+0000] {dag.py:3947} INFO - Setting next_dagrun for temperature_etl_to_postgres to None, run_after=None
[2026-02-09T23:47:51.834+0000] {processor.py:183} INFO - Processing /opt/airflow/dags/temperature_etl.py took 0.410 seconds
[2026-02-09T23:48:22.064+0000] {processor.py:161} INFO - Started process (PID=191) to work on /opt/airflow/dags/temperature_etl.py
[2026-02-09T23:48:22.065+0000] {processor.py:830} INFO - Processing file /opt/airflow/dags/temperature_etl.py for tasks to queue
[2026-02-09T23:48:22.067+0000] {logging_mixin.py:188} INFO - [2026-02-09T23:48:22.066+0000] {dagbag.py:545} INFO - Filling up the DagBag from /opt/airflow/dags/temperature_etl.py
[2026-02-09T23:48:22.417+0000] {processor.py:840} INFO - DAG(s) 'temperature_etl_to_postgres' retrieved from /opt/airflow/dags/temperature_etl.py
[2026-02-09T23:48:22.458+0000] {logging_mixin.py:188} INFO - [2026-02-09T23:48:22.458+0000] {dag.py:3089} INFO - Sync 1 DAGs
[2026-02-09T23:48:22.718+0000] {logging_mixin.py:188} INFO - [2026-02-09T23:48:22.718+0000] {dag.py:3947} INFO - Setting next_dagrun for temperature_etl_to_postgres to None, run_after=None
[2026-02-09T23:48:22.739+0000] {processor.py:183} INFO - Processing /opt/airflow/dags/temperature_etl.py took 0.683 seconds
[2026-02-09T23:48:43.769+0000] {processor.py:161} INFO - Started process (PID=193) to work on /opt/airflow/dags/temperature_etl.py
[2026-02-09T23:48:43.771+0000] {processor.py:830} INFO - Processing file /opt/airflow/dags/temperature_etl.py for tasks to queue
[2026-02-09T23:48:43.772+0000] {logging_mixin.py:188} INFO - [2026-02-09T23:48:43.772+0000] {dagbag.py:545} INFO - Filling up the DagBag from /opt/airflow/dags/temperature_etl.py
[2026-02-09T23:48:44.108+0000] {processor.py:840} INFO - DAG(s) 'temperature_etl_to_postgres' retrieved from /opt/airflow/dags/temperature_etl.py
[2026-02-09T23:48:44.277+0000] {logging_mixin.py:188} INFO - [2026-02-09T23:48:44.276+0000] {dag.py:3089} INFO - Sync 1 DAGs
[2026-02-09T23:48:44.604+0000] {logging_mixin.py:188} INFO - [2026-02-09T23:48:44.604+0000] {dag.py:3947} INFO - Setting next_dagrun for temperature_etl_to_postgres to None, run_after=None
[2026-02-09T23:48:44.645+0000] {processor.py:183} INFO - Processing /opt/airflow/dags/temperature_etl.py took 0.884 seconds
[2026-02-09T23:49:14.915+0000] {processor.py:161} INFO - Started process (PID=195) to work on /opt/airflow/dags/temperature_etl.py
[2026-02-09T23:49:14.917+0000] {processor.py:830} INFO - Processing file /opt/airflow/dags/temperature_etl.py for tasks to queue
[2026-02-09T23:49:14.919+0000] {logging_mixin.py:188} INFO - [2026-02-09T23:49:14.918+0000] {dagbag.py:545} INFO - Filling up the DagBag from /opt/airflow/dags/temperature_etl.py
[2026-02-09T23:49:15.264+0000] {processor.py:840} INFO - DAG(s) 'temperature_etl_to_postgres' retrieved from /opt/airflow/dags/temperature_etl.py
[2026-02-09T23:49:15.297+0000] {logging_mixin.py:188} INFO - [2026-02-09T23:49:15.297+0000] {dag.py:3089} INFO - Sync 1 DAGs
[2026-02-09T23:49:15.321+0000] {logging_mixin.py:188} INFO - [2026-02-09T23:49:15.320+0000] {dag.py:3947} INFO - Setting next_dagrun for temperature_etl_to_postgres to None, run_after=None
[2026-02-09T23:49:15.343+0000] {processor.py:183} INFO - Processing /opt/airflow/dags/temperature_etl.py took 0.438 seconds
[2026-02-09T23:49:45.560+0000] {processor.py:161} INFO - Started process (PID=197) to work on /opt/airflow/dags/temperature_etl.py
[2026-02-09T23:49:45.562+0000] {processor.py:830} INFO - Processing file /opt/airflow/dags/temperature_etl.py for tasks to queue
[2026-02-09T23:49:45.563+0000] {logging_mixin.py:188} INFO - [2026-02-09T23:49:45.563+0000] {dagbag.py:545} INFO - Filling up the DagBag from /opt/airflow/dags/temperature_etl.py
[2026-02-09T23:49:45.911+0000] {processor.py:840} INFO - DAG(s) 'temperature_etl_to_postgres' retrieved from /opt/airflow/dags/temperature_etl.py
[2026-02-09T23:49:45.968+0000] {logging_mixin.py:188} INFO - [2026-02-09T23:49:45.967+0000] {dag.py:3089} INFO - Sync 1 DAGs
[2026-02-09T23:49:45.999+0000] {logging_mixin.py:188} INFO - [2026-02-09T23:49:45.999+0000] {dag.py:3947} INFO - Setting next_dagrun for temperature_etl_to_postgres to None, run_after=None
[2026-02-09T23:49:46.031+0000] {processor.py:183} INFO - Processing /opt/airflow/dags/temperature_etl.py took 0.478 seconds
[2026-02-09T23:50:16.272+0000] {processor.py:161} INFO - Started process (PID=199) to work on /opt/airflow/dags/temperature_etl.py
[2026-02-09T23:50:16.274+0000] {processor.py:830} INFO - Processing file /opt/airflow/dags/temperature_etl.py for tasks to queue
[2026-02-09T23:50:16.277+0000] {logging_mixin.py:188} INFO - [2026-02-09T23:50:16.276+0000] {dagbag.py:545} INFO - Filling up the DagBag from /opt/airflow/dags/temperature_etl.py
[2026-02-09T23:50:16.704+0000] {processor.py:840} INFO - DAG(s) 'temperature_etl_to_postgres' retrieved from /opt/airflow/dags/temperature_etl.py
[2026-02-09T23:50:16.739+0000] {logging_mixin.py:188} INFO - [2026-02-09T23:50:16.739+0000] {dag.py:3089} INFO - Sync 1 DAGs
[2026-02-09T23:50:16.763+0000] {logging_mixin.py:188} INFO - [2026-02-09T23:50:16.763+0000] {dag.py:3947} INFO - Setting next_dagrun for temperature_etl_to_postgres to None, run_after=None
[2026-02-09T23:50:16.789+0000] {processor.py:183} INFO - Processing /opt/airflow/dags/temperature_etl.py took 0.527 seconds
[2026-02-09T23:50:46.895+0000] {processor.py:161} INFO - Started process (PID=201) to work on /opt/airflow/dags/temperature_etl.py
[2026-02-09T23:50:46.897+0000] {processor.py:830} INFO - Processing file /opt/airflow/dags/temperature_etl.py for tasks to queue
[2026-02-09T23:50:46.898+0000] {logging_mixin.py:188} INFO - [2026-02-09T23:50:46.898+0000] {dagbag.py:545} INFO - Filling up the DagBag from /opt/airflow/dags/temperature_etl.py
[2026-02-09T23:50:47.167+0000] {processor.py:840} INFO - DAG(s) 'temperature_etl_to_postgres' retrieved from /opt/airflow/dags/temperature_etl.py
[2026-02-09T23:50:47.192+0000] {logging_mixin.py:188} INFO - [2026-02-09T23:50:47.192+0000] {dag.py:3089} INFO - Sync 1 DAGs
[2026-02-09T23:50:47.210+0000] {logging_mixin.py:188} INFO - [2026-02-09T23:50:47.210+0000] {dag.py:3947} INFO - Setting next_dagrun for temperature_etl_to_postgres to None, run_after=None
[2026-02-09T23:50:47.227+0000] {processor.py:183} INFO - Processing /opt/airflow/dags/temperature_etl.py took 0.340 seconds
[2026-02-09T23:51:17.434+0000] {processor.py:161} INFO - Started process (PID=203) to work on /opt/airflow/dags/temperature_etl.py
[2026-02-09T23:51:17.436+0000] {processor.py:830} INFO - Processing file /opt/airflow/dags/temperature_etl.py for tasks to queue
[2026-02-09T23:51:17.438+0000] {logging_mixin.py:188} INFO - [2026-02-09T23:51:17.437+0000] {dagbag.py:545} INFO - Filling up the DagBag from /opt/airflow/dags/temperature_etl.py
[2026-02-09T23:51:17.742+0000] {processor.py:840} INFO - DAG(s) 'temperature_etl_to_postgres' retrieved from /opt/airflow/dags/temperature_etl.py
[2026-02-09T23:51:17.774+0000] {logging_mixin.py:188} INFO - [2026-02-09T23:51:17.773+0000] {dag.py:3089} INFO - Sync 1 DAGs
[2026-02-09T23:51:18.008+0000] {logging_mixin.py:188} INFO - [2026-02-09T23:51:18.008+0000] {dag.py:3947} INFO - Setting next_dagrun for temperature_etl_to_postgres to None, run_after=None
[2026-02-09T23:51:18.029+0000] {processor.py:183} INFO - Processing /opt/airflow/dags/temperature_etl.py took 0.602 seconds
[2026-02-09T23:51:48.253+0000] {processor.py:161} INFO - Started process (PID=205) to work on /opt/airflow/dags/temperature_etl.py
[2026-02-09T23:51:48.255+0000] {processor.py:830} INFO - Processing file /opt/airflow/dags/temperature_etl.py for tasks to queue
[2026-02-09T23:51:48.256+0000] {logging_mixin.py:188} INFO - [2026-02-09T23:51:48.255+0000] {dagbag.py:545} INFO - Filling up the DagBag from /opt/airflow/dags/temperature_etl.py
[2026-02-09T23:51:48.527+0000] {processor.py:840} INFO - DAG(s) 'temperature_etl_to_postgres' retrieved from /opt/airflow/dags/temperature_etl.py
[2026-02-09T23:51:48.555+0000] {logging_mixin.py:188} INFO - [2026-02-09T23:51:48.554+0000] {dag.py:3089} INFO - Sync 1 DAGs
[2026-02-09T23:51:48.752+0000] {logging_mixin.py:188} INFO - [2026-02-09T23:51:48.752+0000] {dag.py:3947} INFO - Setting next_dagrun for temperature_etl_to_postgres to None, run_after=None
[2026-02-09T23:51:48.769+0000] {processor.py:183} INFO - Processing /opt/airflow/dags/temperature_etl.py took 0.522 seconds
[2026-02-09T23:52:19.698+0000] {processor.py:161} INFO - Started process (PID=211) to work on /opt/airflow/dags/temperature_etl.py
[2026-02-09T23:52:19.699+0000] {processor.py:830} INFO - Processing file /opt/airflow/dags/temperature_etl.py for tasks to queue
[2026-02-09T23:52:19.700+0000] {logging_mixin.py:188} INFO - [2026-02-09T23:52:19.699+0000] {dagbag.py:545} INFO - Filling up the DagBag from /opt/airflow/dags/temperature_etl.py
[2026-02-09T23:52:20.088+0000] {processor.py:840} INFO - DAG(s) 'temperature_etl_to_postgres' retrieved from /opt/airflow/dags/temperature_etl.py
[2026-02-09T23:52:20.130+0000] {logging_mixin.py:188} INFO - [2026-02-09T23:52:20.130+0000] {dag.py:3089} INFO - Sync 1 DAGs
[2026-02-09T23:52:20.172+0000] {logging_mixin.py:188} INFO - [2026-02-09T23:52:20.172+0000] {dag.py:3947} INFO - Setting next_dagrun for temperature_etl_to_postgres to None, run_after=None
[2026-02-09T23:52:20.206+0000] {processor.py:183} INFO - Processing /opt/airflow/dags/temperature_etl.py took 0.514 seconds
[2026-02-09T23:52:50.510+0000] {processor.py:161} INFO - Started process (PID=325) to work on /opt/airflow/dags/temperature_etl.py
[2026-02-09T23:52:50.511+0000] {processor.py:830} INFO - Processing file /opt/airflow/dags/temperature_etl.py for tasks to queue
[2026-02-09T23:52:50.512+0000] {logging_mixin.py:188} INFO - [2026-02-09T23:52:50.512+0000] {dagbag.py:545} INFO - Filling up the DagBag from /opt/airflow/dags/temperature_etl.py
[2026-02-09T23:52:50.816+0000] {processor.py:840} INFO - DAG(s) 'temperature_etl_to_postgres' retrieved from /opt/airflow/dags/temperature_etl.py
[2026-02-09T23:52:50.846+0000] {logging_mixin.py:188} INFO - [2026-02-09T23:52:50.846+0000] {dag.py:3089} INFO - Sync 1 DAGs
[2026-02-09T23:52:50.867+0000] {logging_mixin.py:188} INFO - [2026-02-09T23:52:50.867+0000] {dag.py:3947} INFO - Setting next_dagrun for temperature_etl_to_postgres to None, run_after=None
[2026-02-09T23:52:50.888+0000] {processor.py:183} INFO - Processing /opt/airflow/dags/temperature_etl.py took 0.384 seconds
[2026-02-09T23:53:21.111+0000] {processor.py:161} INFO - Started process (PID=457) to work on /opt/airflow/dags/temperature_etl.py
[2026-02-09T23:53:21.113+0000] {processor.py:830} INFO - Processing file /opt/airflow/dags/temperature_etl.py for tasks to queue
[2026-02-09T23:53:21.113+0000] {logging_mixin.py:188} INFO - [2026-02-09T23:53:21.113+0000] {dagbag.py:545} INFO - Filling up the DagBag from /opt/airflow/dags/temperature_etl.py
[2026-02-09T23:53:21.364+0000] {processor.py:840} INFO - DAG(s) 'temperature_etl_to_postgres' retrieved from /opt/airflow/dags/temperature_etl.py
[2026-02-09T23:53:21.388+0000] {logging_mixin.py:188} INFO - [2026-02-09T23:53:21.387+0000] {dag.py:3089} INFO - Sync 1 DAGs
[2026-02-09T23:53:21.406+0000] {logging_mixin.py:188} INFO - [2026-02-09T23:53:21.406+0000] {dag.py:3947} INFO - Setting next_dagrun for temperature_etl_to_postgres to None, run_after=None
[2026-02-09T23:53:21.424+0000] {processor.py:183} INFO - Processing /opt/airflow/dags/temperature_etl.py took 0.317 seconds
[2026-02-09T23:53:51.690+0000] {processor.py:161} INFO - Started process (PID=572) to work on /opt/airflow/dags/temperature_etl.py
[2026-02-09T23:53:51.691+0000] {processor.py:830} INFO - Processing file /opt/airflow/dags/temperature_etl.py for tasks to queue
[2026-02-09T23:53:51.694+0000] {logging_mixin.py:188} INFO - [2026-02-09T23:53:51.693+0000] {dagbag.py:545} INFO - Filling up the DagBag from /opt/airflow/dags/temperature_etl.py
[2026-02-09T23:53:52.056+0000] {processor.py:840} INFO - DAG(s) 'temperature_etl_to_postgres' retrieved from /opt/airflow/dags/temperature_etl.py
[2026-02-09T23:53:52.084+0000] {logging_mixin.py:188} INFO - [2026-02-09T23:53:52.084+0000] {dag.py:3089} INFO - Sync 1 DAGs
[2026-02-09T23:53:52.109+0000] {logging_mixin.py:188} INFO - [2026-02-09T23:53:52.109+0000] {dag.py:3947} INFO - Setting next_dagrun for temperature_etl_to_postgres to None, run_after=None
[2026-02-09T23:53:52.352+0000] {processor.py:183} INFO - Processing /opt/airflow/dags/temperature_etl.py took 0.672 seconds
[2026-02-09T23:54:22.539+0000] {processor.py:161} INFO - Started process (PID=667) to work on /opt/airflow/dags/temperature_etl.py
[2026-02-09T23:54:22.541+0000] {processor.py:830} INFO - Processing file /opt/airflow/dags/temperature_etl.py for tasks to queue
[2026-02-09T23:54:22.541+0000] {logging_mixin.py:188} INFO - [2026-02-09T23:54:22.541+0000] {dagbag.py:545} INFO - Filling up the DagBag from /opt/airflow/dags/temperature_etl.py
[2026-02-09T23:54:22.775+0000] {processor.py:840} INFO - DAG(s) 'temperature_etl_to_postgres' retrieved from /opt/airflow/dags/temperature_etl.py
[2026-02-09T23:54:22.798+0000] {logging_mixin.py:188} INFO - [2026-02-09T23:54:22.798+0000] {dag.py:3089} INFO - Sync 1 DAGs
[2026-02-09T23:54:22.956+0000] {logging_mixin.py:188} INFO - [2026-02-09T23:54:22.956+0000] {dag.py:3947} INFO - Setting next_dagrun for temperature_etl_to_postgres to None, run_after=None
[2026-02-09T23:54:22.968+0000] {processor.py:183} INFO - Processing /opt/airflow/dags/temperature_etl.py took 0.433 seconds
[2026-02-09T23:54:53.372+0000] {processor.py:161} INFO - Started process (PID=673) to work on /opt/airflow/dags/temperature_etl.py
[2026-02-09T23:54:53.373+0000] {processor.py:830} INFO - Processing file /opt/airflow/dags/temperature_etl.py for tasks to queue
[2026-02-09T23:54:53.374+0000] {logging_mixin.py:188} INFO - [2026-02-09T23:54:53.373+0000] {dagbag.py:545} INFO - Filling up the DagBag from /opt/airflow/dags/temperature_etl.py
[2026-02-09T23:54:53.648+0000] {processor.py:840} INFO - DAG(s) 'temperature_etl_to_postgres' retrieved from /opt/airflow/dags/temperature_etl.py
[2026-02-09T23:54:53.671+0000] {logging_mixin.py:188} INFO - [2026-02-09T23:54:53.671+0000] {dag.py:3089} INFO - Sync 1 DAGs
[2026-02-09T23:54:53.686+0000] {logging_mixin.py:188} INFO - [2026-02-09T23:54:53.686+0000] {dag.py:3947} INFO - Setting next_dagrun for temperature_etl_to_postgres to None, run_after=None
[2026-02-09T23:54:53.701+0000] {processor.py:183} INFO - Processing /opt/airflow/dags/temperature_etl.py took 0.334 seconds
[2026-02-09T23:55:23.952+0000] {processor.py:161} INFO - Started process (PID=786) to work on /opt/airflow/dags/temperature_etl.py
[2026-02-09T23:55:23.953+0000] {processor.py:830} INFO - Processing file /opt/airflow/dags/temperature_etl.py for tasks to queue
[2026-02-09T23:55:23.954+0000] {logging_mixin.py:188} INFO - [2026-02-09T23:55:23.954+0000] {dagbag.py:545} INFO - Filling up the DagBag from /opt/airflow/dags/temperature_etl.py
[2026-02-09T23:55:24.245+0000] {processor.py:840} INFO - DAG(s) 'temperature_etl_to_postgres' retrieved from /opt/airflow/dags/temperature_etl.py
[2026-02-09T23:55:24.274+0000] {logging_mixin.py:188} INFO - [2026-02-09T23:55:24.274+0000] {dag.py:3089} INFO - Sync 1 DAGs
[2026-02-09T23:55:24.292+0000] {logging_mixin.py:188} INFO - [2026-02-09T23:55:24.292+0000] {dag.py:3947} INFO - Setting next_dagrun for temperature_etl_to_postgres to None, run_after=None
[2026-02-09T23:55:24.309+0000] {processor.py:183} INFO - Processing /opt/airflow/dags/temperature_etl.py took 0.362 seconds
[2026-02-09T23:55:54.546+0000] {processor.py:161} INFO - Started process (PID=902) to work on /opt/airflow/dags/temperature_etl.py
[2026-02-09T23:55:54.547+0000] {processor.py:830} INFO - Processing file /opt/airflow/dags/temperature_etl.py for tasks to queue
[2026-02-09T23:55:54.548+0000] {logging_mixin.py:188} INFO - [2026-02-09T23:55:54.548+0000] {dagbag.py:545} INFO - Filling up the DagBag from /opt/airflow/dags/temperature_etl.py
[2026-02-09T23:55:54.836+0000] {processor.py:840} INFO - DAG(s) 'temperature_etl_to_postgres' retrieved from /opt/airflow/dags/temperature_etl.py
[2026-02-09T23:55:54.862+0000] {logging_mixin.py:188} INFO - [2026-02-09T23:55:54.862+0000] {dag.py:3089} INFO - Sync 1 DAGs
[2026-02-09T23:55:54.882+0000] {logging_mixin.py:188} INFO - [2026-02-09T23:55:54.881+0000] {dag.py:3947} INFO - Setting next_dagrun for temperature_etl_to_postgres to None, run_after=None
[2026-02-09T23:55:54.899+0000] {processor.py:183} INFO - Processing /opt/airflow/dags/temperature_etl.py took 0.359 seconds
[2026-02-09T23:56:25.138+0000] {processor.py:161} INFO - Started process (PID=997) to work on /opt/airflow/dags/temperature_etl.py
[2026-02-09T23:56:25.139+0000] {processor.py:830} INFO - Processing file /opt/airflow/dags/temperature_etl.py for tasks to queue
[2026-02-09T23:56:25.140+0000] {logging_mixin.py:188} INFO - [2026-02-09T23:56:25.140+0000] {dagbag.py:545} INFO - Filling up the DagBag from /opt/airflow/dags/temperature_etl.py
[2026-02-09T23:56:25.431+0000] {processor.py:840} INFO - DAG(s) 'temperature_etl_to_postgres' retrieved from /opt/airflow/dags/temperature_etl.py
[2026-02-09T23:56:25.456+0000] {logging_mixin.py:188} INFO - [2026-02-09T23:56:25.455+0000] {dag.py:3089} INFO - Sync 1 DAGs
[2026-02-09T23:56:25.472+0000] {logging_mixin.py:188} INFO - [2026-02-09T23:56:25.472+0000] {dag.py:3947} INFO - Setting next_dagrun for temperature_etl_to_postgres to None, run_after=None
[2026-02-09T23:56:25.491+0000] {processor.py:183} INFO - Processing /opt/airflow/dags/temperature_etl.py took 0.359 seconds
[2026-02-09T23:57:03.394+0000] {processor.py:161} INFO - Started process (PID=37) to work on /opt/airflow/dags/temperature_etl.py
[2026-02-09T23:57:03.395+0000] {processor.py:830} INFO - Processing file /opt/airflow/dags/temperature_etl.py for tasks to queue
[2026-02-09T23:57:03.397+0000] {logging_mixin.py:188} INFO - [2026-02-09T23:57:03.396+0000] {dagbag.py:545} INFO - Filling up the DagBag from /opt/airflow/dags/temperature_etl.py
[2026-02-09T23:57:03.706+0000] {processor.py:840} INFO - DAG(s) 'temperature_etl_to_postgres' retrieved from /opt/airflow/dags/temperature_etl.py
[2026-02-09T23:57:03.741+0000] {logging_mixin.py:188} INFO - [2026-02-09T23:57:03.740+0000] {dag.py:3089} INFO - Sync 1 DAGs
[2026-02-09T23:57:03.768+0000] {logging_mixin.py:188} INFO - [2026-02-09T23:57:03.768+0000] {dag.py:3947} INFO - Setting next_dagrun for temperature_etl_to_postgres to None, run_after=None
[2026-02-09T23:57:03.793+0000] {processor.py:183} INFO - Processing /opt/airflow/dags/temperature_etl.py took 0.404 seconds
[2026-02-09T23:57:34.109+0000] {processor.py:161} INFO - Started process (PID=50) to work on /opt/airflow/dags/temperature_etl.py
[2026-02-09T23:57:34.110+0000] {processor.py:830} INFO - Processing file /opt/airflow/dags/temperature_etl.py for tasks to queue
[2026-02-09T23:57:34.112+0000] {logging_mixin.py:188} INFO - [2026-02-09T23:57:34.111+0000] {dagbag.py:545} INFO - Filling up the DagBag from /opt/airflow/dags/temperature_etl.py
[2026-02-09T23:57:34.355+0000] {processor.py:840} INFO - DAG(s) 'temperature_etl_to_postgres' retrieved from /opt/airflow/dags/temperature_etl.py
[2026-02-09T23:57:34.382+0000] {logging_mixin.py:188} INFO - [2026-02-09T23:57:34.381+0000] {dag.py:3089} INFO - Sync 1 DAGs
[2026-02-09T23:57:34.401+0000] {logging_mixin.py:188} INFO - [2026-02-09T23:57:34.400+0000] {dag.py:3947} INFO - Setting next_dagrun for temperature_etl_to_postgres to None, run_after=None
[2026-02-09T23:57:34.421+0000] {processor.py:183} INFO - Processing /opt/airflow/dags/temperature_etl.py took 0.317 seconds
[2026-02-09T23:58:05.088+0000] {processor.py:161} INFO - Started process (PID=64) to work on /opt/airflow/dags/temperature_etl.py
[2026-02-09T23:58:05.089+0000] {processor.py:830} INFO - Processing file /opt/airflow/dags/temperature_etl.py for tasks to queue
[2026-02-09T23:58:05.091+0000] {logging_mixin.py:188} INFO - [2026-02-09T23:58:05.091+0000] {dagbag.py:545} INFO - Filling up the DagBag from /opt/airflow/dags/temperature_etl.py
[2026-02-09T23:58:05.394+0000] {processor.py:840} INFO - DAG(s) 'temperature_etl_to_postgres' retrieved from /opt/airflow/dags/temperature_etl.py
[2026-02-09T23:58:05.421+0000] {logging_mixin.py:188} INFO - [2026-02-09T23:58:05.420+0000] {dag.py:3089} INFO - Sync 1 DAGs
[2026-02-09T23:58:05.441+0000] {logging_mixin.py:188} INFO - [2026-02-09T23:58:05.440+0000] {dag.py:3947} INFO - Setting next_dagrun for temperature_etl_to_postgres to None, run_after=None
[2026-02-09T23:58:05.461+0000] {processor.py:183} INFO - Processing /opt/airflow/dags/temperature_etl.py took 0.378 seconds
[2026-02-09T23:58:35.672+0000] {processor.py:161} INFO - Started process (PID=72) to work on /opt/airflow/dags/temperature_etl.py
[2026-02-09T23:58:35.673+0000] {processor.py:830} INFO - Processing file /opt/airflow/dags/temperature_etl.py for tasks to queue
[2026-02-09T23:58:35.676+0000] {logging_mixin.py:188} INFO - [2026-02-09T23:58:35.676+0000] {dagbag.py:545} INFO - Filling up the DagBag from /opt/airflow/dags/temperature_etl.py
[2026-02-09T23:58:35.967+0000] {processor.py:840} INFO - DAG(s) 'temperature_etl_to_postgres' retrieved from /opt/airflow/dags/temperature_etl.py
[2026-02-09T23:58:35.993+0000] {logging_mixin.py:188} INFO - [2026-02-09T23:58:35.992+0000] {dag.py:3089} INFO - Sync 1 DAGs
[2026-02-09T23:58:36.009+0000] {logging_mixin.py:188} INFO - [2026-02-09T23:58:36.009+0000] {dag.py:3947} INFO - Setting next_dagrun for temperature_etl_to_postgres to None, run_after=None
[2026-02-09T23:58:36.028+0000] {processor.py:183} INFO - Processing /opt/airflow/dags/temperature_etl.py took 0.365 seconds
[2026-02-09T23:59:06.224+0000] {processor.py:161} INFO - Started process (PID=82) to work on /opt/airflow/dags/temperature_etl.py
[2026-02-09T23:59:06.225+0000] {processor.py:830} INFO - Processing file /opt/airflow/dags/temperature_etl.py for tasks to queue
[2026-02-09T23:59:06.227+0000] {logging_mixin.py:188} INFO - [2026-02-09T23:59:06.227+0000] {dagbag.py:545} INFO - Filling up the DagBag from /opt/airflow/dags/temperature_etl.py
[2026-02-09T23:59:06.490+0000] {processor.py:840} INFO - DAG(s) 'temperature_etl_to_postgres' retrieved from /opt/airflow/dags/temperature_etl.py
[2026-02-09T23:59:06.515+0000] {logging_mixin.py:188} INFO - [2026-02-09T23:59:06.515+0000] {dag.py:3089} INFO - Sync 1 DAGs
[2026-02-09T23:59:06.534+0000] {logging_mixin.py:188} INFO - [2026-02-09T23:59:06.534+0000] {dag.py:3947} INFO - Setting next_dagrun for temperature_etl_to_postgres to None, run_after=None
[2026-02-09T23:59:06.550+0000] {processor.py:183} INFO - Processing /opt/airflow/dags/temperature_etl.py took 0.332 seconds
[2026-02-09T23:59:37.040+0000] {processor.py:161} INFO - Started process (PID=160) to work on /opt/airflow/dags/temperature_etl.py
[2026-02-09T23:59:37.041+0000] {processor.py:830} INFO - Processing file /opt/airflow/dags/temperature_etl.py for tasks to queue
[2026-02-09T23:59:37.042+0000] {logging_mixin.py:188} INFO - [2026-02-09T23:59:37.042+0000] {dagbag.py:545} INFO - Filling up the DagBag from /opt/airflow/dags/temperature_etl.py
[2026-02-09T23:59:37.274+0000] {processor.py:840} INFO - DAG(s) 'temperature_etl_to_postgres' retrieved from /opt/airflow/dags/temperature_etl.py
[2026-02-09T23:59:37.297+0000] {logging_mixin.py:188} INFO - [2026-02-09T23:59:37.296+0000] {dag.py:3089} INFO - Sync 1 DAGs
[2026-02-09T23:59:37.313+0000] {logging_mixin.py:188} INFO - [2026-02-09T23:59:37.312+0000] {dag.py:3947} INFO - Setting next_dagrun for temperature_etl_to_postgres to None, run_after=None
[2026-02-09T23:59:37.326+0000] {processor.py:183} INFO - Processing /opt/airflow/dags/temperature_etl.py took 0.292 seconds
