[2026-02-09T23:52:13.831+0000] {processor.py:161} INFO - Started process (PID=207) to work on /opt/airflow/dags/temperature_etl_incremental.py
[2026-02-09T23:52:13.832+0000] {processor.py:830} INFO - Processing file /opt/airflow/dags/temperature_etl_incremental.py for tasks to queue
[2026-02-09T23:52:13.832+0000] {logging_mixin.py:188} INFO - [2026-02-09T23:52:13.832+0000] {dagbag.py:545} INFO - Filling up the DagBag from /opt/airflow/dags/temperature_etl_incremental.py
[2026-02-09T23:52:14.089+0000] {processor.py:840} INFO - DAG(s) 'temperature_etl_incremental' retrieved from /opt/airflow/dags/temperature_etl_incremental.py
[2026-02-09T23:52:14.508+0000] {logging_mixin.py:188} INFO - [2026-02-09T23:52:14.507+0000] {override.py:1858} INFO - Created Permission View: can edit on DAG:temperature_etl_incremental
[2026-02-09T23:52:14.522+0000] {logging_mixin.py:188} INFO - [2026-02-09T23:52:14.522+0000] {override.py:1858} INFO - Created Permission View: can read on DAG:temperature_etl_incremental
[2026-02-09T23:52:14.528+0000] {logging_mixin.py:188} INFO - [2026-02-09T23:52:14.528+0000] {override.py:1858} INFO - Created Permission View: can delete on DAG:temperature_etl_incremental
[2026-02-09T23:52:14.529+0000] {logging_mixin.py:188} INFO - [2026-02-09T23:52:14.529+0000] {dag.py:3089} INFO - Sync 1 DAGs
[2026-02-09T23:52:14.553+0000] {logging_mixin.py:188} INFO - [2026-02-09T23:52:14.552+0000] {dag.py:3111} INFO - Creating ORM DAG for temperature_etl_incremental
[2026-02-09T23:52:14.571+0000] {logging_mixin.py:188} INFO - [2026-02-09T23:52:14.571+0000] {dag.py:3947} INFO - Setting next_dagrun for temperature_etl_incremental to 2026-02-08 00:00:00+00:00, run_after=2026-02-09 00:00:00+00:00
[2026-02-09T23:52:14.596+0000] {processor.py:183} INFO - Processing /opt/airflow/dags/temperature_etl_incremental.py took 0.770 seconds
[2026-02-09T23:52:44.886+0000] {processor.py:161} INFO - Started process (PID=303) to work on /opt/airflow/dags/temperature_etl_incremental.py
[2026-02-09T23:52:44.888+0000] {processor.py:830} INFO - Processing file /opt/airflow/dags/temperature_etl_incremental.py for tasks to queue
[2026-02-09T23:52:44.890+0000] {logging_mixin.py:188} INFO - [2026-02-09T23:52:44.889+0000] {dagbag.py:545} INFO - Filling up the DagBag from /opt/airflow/dags/temperature_etl_incremental.py
[2026-02-09T23:52:45.330+0000] {processor.py:840} INFO - DAG(s) 'temperature_etl_incremental' retrieved from /opt/airflow/dags/temperature_etl_incremental.py
[2026-02-09T23:52:45.362+0000] {logging_mixin.py:188} INFO - [2026-02-09T23:52:45.362+0000] {dag.py:3089} INFO - Sync 1 DAGs
[2026-02-09T23:52:45.385+0000] {logging_mixin.py:188} INFO - [2026-02-09T23:52:45.385+0000] {dag.py:3947} INFO - Setting next_dagrun for temperature_etl_incremental to 2026-02-08 00:00:00+00:00, run_after=2026-02-09 00:00:00+00:00
[2026-02-09T23:52:45.416+0000] {processor.py:183} INFO - Processing /opt/airflow/dags/temperature_etl_incremental.py took 0.535 seconds
[2026-02-09T23:53:15.702+0000] {processor.py:161} INFO - Started process (PID=433) to work on /opt/airflow/dags/temperature_etl_incremental.py
[2026-02-09T23:53:15.703+0000] {processor.py:830} INFO - Processing file /opt/airflow/dags/temperature_etl_incremental.py for tasks to queue
[2026-02-09T23:53:15.704+0000] {logging_mixin.py:188} INFO - [2026-02-09T23:53:15.704+0000] {dagbag.py:545} INFO - Filling up the DagBag from /opt/airflow/dags/temperature_etl_incremental.py
[2026-02-09T23:53:15.958+0000] {processor.py:840} INFO - DAG(s) 'temperature_etl_incremental' retrieved from /opt/airflow/dags/temperature_etl_incremental.py
[2026-02-09T23:53:15.984+0000] {logging_mixin.py:188} INFO - [2026-02-09T23:53:15.984+0000] {dag.py:3089} INFO - Sync 1 DAGs
[2026-02-09T23:53:16.004+0000] {logging_mixin.py:188} INFO - [2026-02-09T23:53:16.004+0000] {dag.py:3947} INFO - Setting next_dagrun for temperature_etl_incremental to 2026-02-08 00:00:00+00:00, run_after=2026-02-09 00:00:00+00:00
[2026-02-09T23:53:16.028+0000] {processor.py:183} INFO - Processing /opt/airflow/dags/temperature_etl_incremental.py took 0.331 seconds
[2026-02-09T23:53:46.306+0000] {processor.py:161} INFO - Started process (PID=550) to work on /opt/airflow/dags/temperature_etl_incremental.py
[2026-02-09T23:53:46.307+0000] {processor.py:830} INFO - Processing file /opt/airflow/dags/temperature_etl_incremental.py for tasks to queue
[2026-02-09T23:53:46.309+0000] {logging_mixin.py:188} INFO - [2026-02-09T23:53:46.308+0000] {dagbag.py:545} INFO - Filling up the DagBag from /opt/airflow/dags/temperature_etl_incremental.py
[2026-02-09T23:53:46.629+0000] {processor.py:840} INFO - DAG(s) 'temperature_etl_incremental' retrieved from /opt/airflow/dags/temperature_etl_incremental.py
[2026-02-09T23:53:46.659+0000] {logging_mixin.py:188} INFO - [2026-02-09T23:53:46.658+0000] {dag.py:3089} INFO - Sync 1 DAGs
[2026-02-09T23:53:46.681+0000] {logging_mixin.py:188} INFO - [2026-02-09T23:53:46.681+0000] {dag.py:3947} INFO - Setting next_dagrun for temperature_etl_incremental to 2026-02-08 00:00:00+00:00, run_after=2026-02-09 00:00:00+00:00
[2026-02-09T23:53:46.705+0000] {processor.py:183} INFO - Processing /opt/airflow/dags/temperature_etl_incremental.py took 0.406 seconds
[2026-02-09T23:54:16.957+0000] {processor.py:161} INFO - Started process (PID=663) to work on /opt/airflow/dags/temperature_etl_incremental.py
[2026-02-09T23:54:16.958+0000] {processor.py:830} INFO - Processing file /opt/airflow/dags/temperature_etl_incremental.py for tasks to queue
[2026-02-09T23:54:16.959+0000] {logging_mixin.py:188} INFO - [2026-02-09T23:54:16.958+0000] {dagbag.py:545} INFO - Filling up the DagBag from /opt/airflow/dags/temperature_etl_incremental.py
[2026-02-09T23:54:17.228+0000] {processor.py:840} INFO - DAG(s) 'temperature_etl_incremental' retrieved from /opt/airflow/dags/temperature_etl_incremental.py
[2026-02-09T23:54:17.251+0000] {logging_mixin.py:188} INFO - [2026-02-09T23:54:17.250+0000] {dag.py:3089} INFO - Sync 1 DAGs
[2026-02-09T23:54:17.426+0000] {logging_mixin.py:188} INFO - [2026-02-09T23:54:17.426+0000] {dag.py:3947} INFO - Setting next_dagrun for temperature_etl_incremental to 2026-02-09 00:00:00+00:00, run_after=2026-02-10 00:00:00+00:00
[2026-02-09T23:54:17.440+0000] {processor.py:183} INFO - Processing /opt/airflow/dags/temperature_etl_incremental.py took 0.489 seconds
[2026-02-09T23:54:47.749+0000] {processor.py:161} INFO - Started process (PID=669) to work on /opt/airflow/dags/temperature_etl_incremental.py
[2026-02-09T23:54:47.750+0000] {processor.py:830} INFO - Processing file /opt/airflow/dags/temperature_etl_incremental.py for tasks to queue
[2026-02-09T23:54:47.751+0000] {logging_mixin.py:188} INFO - [2026-02-09T23:54:47.750+0000] {dagbag.py:545} INFO - Filling up the DagBag from /opt/airflow/dags/temperature_etl_incremental.py
[2026-02-09T23:54:48.028+0000] {processor.py:840} INFO - DAG(s) 'temperature_etl_incremental' retrieved from /opt/airflow/dags/temperature_etl_incremental.py
[2026-02-09T23:54:48.055+0000] {logging_mixin.py:188} INFO - [2026-02-09T23:54:48.054+0000] {dag.py:3089} INFO - Sync 1 DAGs
[2026-02-09T23:54:48.249+0000] {logging_mixin.py:188} INFO - [2026-02-09T23:54:48.249+0000] {dag.py:3947} INFO - Setting next_dagrun for temperature_etl_incremental to 2026-02-09 00:00:00+00:00, run_after=2026-02-10 00:00:00+00:00
[2026-02-09T23:54:48.270+0000] {processor.py:183} INFO - Processing /opt/airflow/dags/temperature_etl_incremental.py took 0.527 seconds
[2026-02-09T23:55:18.557+0000] {processor.py:161} INFO - Started process (PID=748) to work on /opt/airflow/dags/temperature_etl_incremental.py
[2026-02-09T23:55:18.558+0000] {processor.py:830} INFO - Processing file /opt/airflow/dags/temperature_etl_incremental.py for tasks to queue
[2026-02-09T23:55:18.559+0000] {logging_mixin.py:188} INFO - [2026-02-09T23:55:18.559+0000] {dagbag.py:545} INFO - Filling up the DagBag from /opt/airflow/dags/temperature_etl_incremental.py
[2026-02-09T23:55:18.828+0000] {processor.py:840} INFO - DAG(s) 'temperature_etl_incremental' retrieved from /opt/airflow/dags/temperature_etl_incremental.py
[2026-02-09T23:55:18.856+0000] {logging_mixin.py:188} INFO - [2026-02-09T23:55:18.855+0000] {dag.py:3089} INFO - Sync 1 DAGs
[2026-02-09T23:55:18.875+0000] {logging_mixin.py:188} INFO - [2026-02-09T23:55:18.875+0000] {dag.py:3947} INFO - Setting next_dagrun for temperature_etl_incremental to 2026-02-09 00:00:00+00:00, run_after=2026-02-10 00:00:00+00:00
[2026-02-09T23:55:18.891+0000] {processor.py:183} INFO - Processing /opt/airflow/dags/temperature_etl_incremental.py took 0.340 seconds
[2026-02-09T23:55:49.144+0000] {processor.py:161} INFO - Started process (PID=880) to work on /opt/airflow/dags/temperature_etl_incremental.py
[2026-02-09T23:55:49.145+0000] {processor.py:830} INFO - Processing file /opt/airflow/dags/temperature_etl_incremental.py for tasks to queue
[2026-02-09T23:55:49.146+0000] {logging_mixin.py:188} INFO - [2026-02-09T23:55:49.146+0000] {dagbag.py:545} INFO - Filling up the DagBag from /opt/airflow/dags/temperature_etl_incremental.py
[2026-02-09T23:55:49.417+0000] {processor.py:840} INFO - DAG(s) 'temperature_etl_incremental' retrieved from /opt/airflow/dags/temperature_etl_incremental.py
[2026-02-09T23:55:49.441+0000] {logging_mixin.py:188} INFO - [2026-02-09T23:55:49.441+0000] {dag.py:3089} INFO - Sync 1 DAGs
[2026-02-09T23:55:49.464+0000] {logging_mixin.py:188} INFO - [2026-02-09T23:55:49.464+0000] {dag.py:3947} INFO - Setting next_dagrun for temperature_etl_incremental to 2026-02-09 00:00:00+00:00, run_after=2026-02-10 00:00:00+00:00
[2026-02-09T23:55:49.482+0000] {processor.py:183} INFO - Processing /opt/airflow/dags/temperature_etl_incremental.py took 0.343 seconds
[2026-02-09T23:56:19.719+0000] {processor.py:161} INFO - Started process (PID=993) to work on /opt/airflow/dags/temperature_etl_incremental.py
[2026-02-09T23:56:19.720+0000] {processor.py:830} INFO - Processing file /opt/airflow/dags/temperature_etl_incremental.py for tasks to queue
[2026-02-09T23:56:19.721+0000] {logging_mixin.py:188} INFO - [2026-02-09T23:56:19.720+0000] {dagbag.py:545} INFO - Filling up the DagBag from /opt/airflow/dags/temperature_etl_incremental.py
[2026-02-09T23:56:19.989+0000] {processor.py:840} INFO - DAG(s) 'temperature_etl_incremental' retrieved from /opt/airflow/dags/temperature_etl_incremental.py
[2026-02-09T23:56:20.014+0000] {logging_mixin.py:188} INFO - [2026-02-09T23:56:20.013+0000] {dag.py:3089} INFO - Sync 1 DAGs
[2026-02-09T23:56:20.031+0000] {logging_mixin.py:188} INFO - [2026-02-09T23:56:20.031+0000] {dag.py:3947} INFO - Setting next_dagrun for temperature_etl_incremental to 2026-02-09 00:00:00+00:00, run_after=2026-02-10 00:00:00+00:00
[2026-02-09T23:56:20.047+0000] {processor.py:183} INFO - Processing /opt/airflow/dags/temperature_etl_incremental.py took 0.334 seconds
[2026-02-09T23:56:50.325+0000] {processor.py:161} INFO - Started process (PID=999) to work on /opt/airflow/dags/temperature_etl_incremental.py
[2026-02-09T23:56:50.326+0000] {processor.py:830} INFO - Processing file /opt/airflow/dags/temperature_etl_incremental.py for tasks to queue
[2026-02-09T23:56:50.328+0000] {logging_mixin.py:188} INFO - [2026-02-09T23:56:50.327+0000] {dagbag.py:545} INFO - Filling up the DagBag from /opt/airflow/dags/temperature_etl_incremental.py
[2026-02-09T23:56:50.661+0000] {processor.py:840} INFO - DAG(s) 'temperature_etl_incremental' retrieved from /opt/airflow/dags/temperature_etl_incremental.py
[2026-02-09T23:56:50.689+0000] {logging_mixin.py:188} INFO - [2026-02-09T23:56:50.688+0000] {dag.py:3089} INFO - Sync 1 DAGs
[2026-02-09T23:56:50.707+0000] {logging_mixin.py:188} INFO - [2026-02-09T23:56:50.707+0000] {dag.py:3947} INFO - Setting next_dagrun for temperature_etl_incremental to 2026-02-09 00:00:00+00:00, run_after=2026-02-10 00:00:00+00:00
[2026-02-09T23:56:50.907+0000] {processor.py:183} INFO - Processing /opt/airflow/dags/temperature_etl_incremental.py took 0.588 seconds
[2026-02-09T23:57:02.889+0000] {processor.py:161} INFO - Started process (PID=33) to work on /opt/airflow/dags/temperature_etl_incremental.py
[2026-02-09T23:57:02.891+0000] {processor.py:830} INFO - Processing file /opt/airflow/dags/temperature_etl_incremental.py for tasks to queue
[2026-02-09T23:57:02.894+0000] {logging_mixin.py:188} INFO - [2026-02-09T23:57:02.893+0000] {dagbag.py:545} INFO - Filling up the DagBag from /opt/airflow/dags/temperature_etl_incremental.py
[2026-02-09T23:57:03.268+0000] {processor.py:840} INFO - DAG(s) 'temperature_etl_incremental' retrieved from /opt/airflow/dags/temperature_etl_incremental.py
[2026-02-09T23:57:03.315+0000] {logging_mixin.py:188} INFO - [2026-02-09T23:57:03.314+0000] {dag.py:3089} INFO - Sync 1 DAGs
[2026-02-09T23:57:03.332+0000] {logging_mixin.py:188} INFO - [2026-02-09T23:57:03.332+0000] {dag.py:3947} INFO - Setting next_dagrun for temperature_etl_incremental to 2026-02-09 00:00:00+00:00, run_after=2026-02-10 00:00:00+00:00
[2026-02-09T23:57:03.348+0000] {processor.py:183} INFO - Processing /opt/airflow/dags/temperature_etl_incremental.py took 0.466 seconds
[2026-02-09T23:57:33.728+0000] {processor.py:161} INFO - Started process (PID=48) to work on /opt/airflow/dags/temperature_etl_incremental.py
[2026-02-09T23:57:33.729+0000] {processor.py:830} INFO - Processing file /opt/airflow/dags/temperature_etl_incremental.py for tasks to queue
[2026-02-09T23:57:33.731+0000] {logging_mixin.py:188} INFO - [2026-02-09T23:57:33.730+0000] {dagbag.py:545} INFO - Filling up the DagBag from /opt/airflow/dags/temperature_etl_incremental.py
[2026-02-09T23:57:33.991+0000] {processor.py:840} INFO - DAG(s) 'temperature_etl_incremental' retrieved from /opt/airflow/dags/temperature_etl_incremental.py
[2026-02-09T23:57:34.016+0000] {logging_mixin.py:188} INFO - [2026-02-09T23:57:34.015+0000] {dag.py:3089} INFO - Sync 1 DAGs
[2026-02-09T23:57:34.037+0000] {logging_mixin.py:188} INFO - [2026-02-09T23:57:34.037+0000] {dag.py:3947} INFO - Setting next_dagrun for temperature_etl_incremental to 2026-02-09 00:00:00+00:00, run_after=2026-02-10 00:00:00+00:00
[2026-02-09T23:57:34.061+0000] {processor.py:183} INFO - Processing /opt/airflow/dags/temperature_etl_incremental.py took 0.339 seconds
[2026-02-09T23:57:56.738+0000] {processor.py:161} INFO - Started process (PID=56) to work on /opt/airflow/dags/temperature_etl_incremental.py
[2026-02-09T23:57:56.741+0000] {processor.py:830} INFO - Processing file /opt/airflow/dags/temperature_etl_incremental.py for tasks to queue
[2026-02-09T23:57:56.745+0000] {logging_mixin.py:188} INFO - [2026-02-09T23:57:56.744+0000] {dagbag.py:545} INFO - Filling up the DagBag from /opt/airflow/dags/temperature_etl_incremental.py
[2026-02-09T23:57:57.117+0000] {processor.py:840} INFO - DAG(s) 'temperature_etl_incremental_fixed' retrieved from /opt/airflow/dags/temperature_etl_incremental.py
[2026-02-09T23:57:57.436+0000] {logging_mixin.py:188} INFO - [2026-02-09T23:57:57.435+0000] {override.py:1858} INFO - Created Permission View: can read on DAG:temperature_etl_incremental_fixed
[2026-02-09T23:57:57.447+0000] {logging_mixin.py:188} INFO - [2026-02-09T23:57:57.447+0000] {override.py:1858} INFO - Created Permission View: can delete on DAG:temperature_etl_incremental_fixed
[2026-02-09T23:57:57.454+0000] {logging_mixin.py:188} INFO - [2026-02-09T23:57:57.454+0000] {override.py:1858} INFO - Created Permission View: can edit on DAG:temperature_etl_incremental_fixed
[2026-02-09T23:57:57.455+0000] {logging_mixin.py:188} INFO - [2026-02-09T23:57:57.455+0000] {dag.py:3089} INFO - Sync 1 DAGs
[2026-02-09T23:57:57.466+0000] {logging_mixin.py:188} INFO - [2026-02-09T23:57:57.465+0000] {dag.py:3111} INFO - Creating ORM DAG for temperature_etl_incremental_fixed
[2026-02-09T23:57:57.473+0000] {logging_mixin.py:188} INFO - [2026-02-09T23:57:57.473+0000] {dag.py:3947} INFO - Setting next_dagrun for temperature_etl_incremental_fixed to 2023-01-01 00:00:00+00:00, run_after=2023-01-01 00:00:00+00:00
[2026-02-09T23:57:57.492+0000] {processor.py:183} INFO - Processing /opt/airflow/dags/temperature_etl_incremental.py took 0.762 seconds
[2026-02-09T23:57:58.591+0000] {processor.py:161} INFO - Started process (PID=58) to work on /opt/airflow/dags/temperature_etl_incremental.py
[2026-02-09T23:57:58.593+0000] {processor.py:830} INFO - Processing file /opt/airflow/dags/temperature_etl_incremental.py for tasks to queue
[2026-02-09T23:57:58.595+0000] {logging_mixin.py:188} INFO - [2026-02-09T23:57:58.595+0000] {dagbag.py:545} INFO - Filling up the DagBag from /opt/airflow/dags/temperature_etl_incremental.py
[2026-02-09T23:57:58.923+0000] {processor.py:840} INFO - DAG(s) 'temperature_etl_incremental_fixed' retrieved from /opt/airflow/dags/temperature_etl_incremental.py
[2026-02-09T23:57:58.937+0000] {logging_mixin.py:188} INFO - [2026-02-09T23:57:58.937+0000] {dag.py:3089} INFO - Sync 1 DAGs
[2026-02-09T23:57:58.958+0000] {logging_mixin.py:188} INFO - [2026-02-09T23:57:58.957+0000] {dag.py:3947} INFO - Setting next_dagrun for temperature_etl_incremental_fixed to 2023-01-01 00:00:00+00:00, run_after=2023-01-01 00:00:00+00:00
[2026-02-09T23:57:58.984+0000] {processor.py:183} INFO - Processing /opt/airflow/dags/temperature_etl_incremental.py took 0.399 seconds
[2026-02-09T23:58:00.624+0000] {processor.py:161} INFO - Started process (PID=60) to work on /opt/airflow/dags/temperature_etl_incremental.py
[2026-02-09T23:58:00.625+0000] {processor.py:830} INFO - Processing file /opt/airflow/dags/temperature_etl_incremental.py for tasks to queue
[2026-02-09T23:58:00.627+0000] {logging_mixin.py:188} INFO - [2026-02-09T23:58:00.627+0000] {dagbag.py:545} INFO - Filling up the DagBag from /opt/airflow/dags/temperature_etl_incremental.py
[2026-02-09T23:58:00.920+0000] {processor.py:840} INFO - DAG(s) 'temperature_etl_incremental_fixed' retrieved from /opt/airflow/dags/temperature_etl_incremental.py
[2026-02-09T23:58:00.933+0000] {logging_mixin.py:188} INFO - [2026-02-09T23:58:00.933+0000] {dag.py:3089} INFO - Sync 1 DAGs
[2026-02-09T23:58:00.953+0000] {logging_mixin.py:188} INFO - [2026-02-09T23:58:00.952+0000] {dag.py:3947} INFO - Setting next_dagrun for temperature_etl_incremental_fixed to 2023-01-01 00:00:00+00:00, run_after=2023-01-01 00:00:00+00:00
[2026-02-09T23:58:00.973+0000] {processor.py:183} INFO - Processing /opt/airflow/dags/temperature_etl_incremental.py took 0.353 seconds
[2026-02-09T23:58:03.062+0000] {processor.py:161} INFO - Started process (PID=62) to work on /opt/airflow/dags/temperature_etl_incremental.py
[2026-02-09T23:58:03.063+0000] {processor.py:830} INFO - Processing file /opt/airflow/dags/temperature_etl_incremental.py for tasks to queue
[2026-02-09T23:58:03.065+0000] {logging_mixin.py:188} INFO - [2026-02-09T23:58:03.064+0000] {dagbag.py:545} INFO - Filling up the DagBag from /opt/airflow/dags/temperature_etl_incremental.py
[2026-02-09T23:58:03.304+0000] {processor.py:840} INFO - DAG(s) 'temperature_etl_incremental_fixed' retrieved from /opt/airflow/dags/temperature_etl_incremental.py
[2026-02-09T23:58:03.320+0000] {logging_mixin.py:188} INFO - [2026-02-09T23:58:03.319+0000] {dag.py:3089} INFO - Sync 1 DAGs
[2026-02-09T23:58:03.336+0000] {logging_mixin.py:188} INFO - [2026-02-09T23:58:03.336+0000] {dag.py:3947} INFO - Setting next_dagrun for temperature_etl_incremental_fixed to 2023-01-01 00:00:00+00:00, run_after=2023-01-01 00:00:00+00:00
[2026-02-09T23:58:03.354+0000] {processor.py:183} INFO - Processing /opt/airflow/dags/temperature_etl_incremental.py took 0.297 seconds
[2026-02-09T23:58:05.437+0000] {processor.py:161} INFO - Started process (PID=66) to work on /opt/airflow/dags/temperature_etl_incremental.py
[2026-02-09T23:58:05.439+0000] {processor.py:830} INFO - Processing file /opt/airflow/dags/temperature_etl_incremental.py for tasks to queue
[2026-02-09T23:58:05.441+0000] {logging_mixin.py:188} INFO - [2026-02-09T23:58:05.441+0000] {dagbag.py:545} INFO - Filling up the DagBag from /opt/airflow/dags/temperature_etl_incremental.py
[2026-02-09T23:58:05.719+0000] {processor.py:840} INFO - DAG(s) 'temperature_etl_incremental_fixed' retrieved from /opt/airflow/dags/temperature_etl_incremental.py
[2026-02-09T23:58:05.733+0000] {logging_mixin.py:188} INFO - [2026-02-09T23:58:05.732+0000] {dag.py:3089} INFO - Sync 1 DAGs
[2026-02-09T23:58:05.750+0000] {logging_mixin.py:188} INFO - [2026-02-09T23:58:05.750+0000] {dag.py:3947} INFO - Setting next_dagrun for temperature_etl_incremental_fixed to 2023-01-01 00:00:00+00:00, run_after=2023-01-01 00:00:00+00:00
[2026-02-09T23:58:05.768+0000] {processor.py:183} INFO - Processing /opt/airflow/dags/temperature_etl_incremental.py took 0.337 seconds
[2026-02-09T23:58:06.547+0000] {processor.py:161} INFO - Started process (PID=68) to work on /opt/airflow/dags/temperature_etl_incremental.py
[2026-02-09T23:58:06.549+0000] {processor.py:830} INFO - Processing file /opt/airflow/dags/temperature_etl_incremental.py for tasks to queue
[2026-02-09T23:58:06.552+0000] {logging_mixin.py:188} INFO - [2026-02-09T23:58:06.551+0000] {dagbag.py:545} INFO - Filling up the DagBag from /opt/airflow/dags/temperature_etl_incremental.py
[2026-02-09T23:58:06.788+0000] {processor.py:840} INFO - DAG(s) 'temperature_etl_incremental_fixed' retrieved from /opt/airflow/dags/temperature_etl_incremental.py
[2026-02-09T23:58:06.801+0000] {logging_mixin.py:188} INFO - [2026-02-09T23:58:06.801+0000] {dag.py:3089} INFO - Sync 1 DAGs
[2026-02-09T23:58:06.818+0000] {logging_mixin.py:188} INFO - [2026-02-09T23:58:06.818+0000] {dag.py:3947} INFO - Setting next_dagrun for temperature_etl_incremental_fixed to 2023-01-01 00:00:00+00:00, run_after=2023-01-01 00:00:00+00:00
[2026-02-09T23:58:06.836+0000] {processor.py:183} INFO - Processing /opt/airflow/dags/temperature_etl_incremental.py took 0.295 seconds
[2026-02-09T23:58:37.108+0000] {processor.py:161} INFO - Started process (PID=74) to work on /opt/airflow/dags/temperature_etl_incremental.py
[2026-02-09T23:58:37.109+0000] {processor.py:830} INFO - Processing file /opt/airflow/dags/temperature_etl_incremental.py for tasks to queue
[2026-02-09T23:58:37.111+0000] {logging_mixin.py:188} INFO - [2026-02-09T23:58:37.110+0000] {dagbag.py:545} INFO - Filling up the DagBag from /opt/airflow/dags/temperature_etl_incremental.py
[2026-02-09T23:58:37.389+0000] {processor.py:840} INFO - DAG(s) 'temperature_etl_incremental_fixed' retrieved from /opt/airflow/dags/temperature_etl_incremental.py
[2026-02-09T23:58:37.476+0000] {logging_mixin.py:188} INFO - [2026-02-09T23:58:37.475+0000] {dag.py:3089} INFO - Sync 1 DAGs
[2026-02-09T23:58:37.494+0000] {logging_mixin.py:188} INFO - [2026-02-09T23:58:37.493+0000] {dag.py:3947} INFO - Setting next_dagrun for temperature_etl_incremental_fixed to 2023-01-01 00:00:00+00:00, run_after=2023-01-01 00:00:00+00:00
[2026-02-09T23:58:37.695+0000] {processor.py:183} INFO - Processing /opt/airflow/dags/temperature_etl_incremental.py took 0.594 seconds
[2026-02-09T23:58:47.840+0000] {processor.py:161} INFO - Started process (PID=78) to work on /opt/airflow/dags/temperature_etl_incremental.py
[2026-02-09T23:58:47.842+0000] {processor.py:830} INFO - Processing file /opt/airflow/dags/temperature_etl_incremental.py for tasks to queue
[2026-02-09T23:58:47.843+0000] {logging_mixin.py:188} INFO - [2026-02-09T23:58:47.843+0000] {dagbag.py:545} INFO - Filling up the DagBag from /opt/airflow/dags/temperature_etl_incremental.py
[2026-02-09T23:58:48.104+0000] {processor.py:840} INFO - DAG(s) 'temperature_etl_incremental' retrieved from /opt/airflow/dags/temperature_etl_incremental.py
[2026-02-09T23:58:48.241+0000] {logging_mixin.py:188} INFO - [2026-02-09T23:58:48.240+0000] {dag.py:3089} INFO - Sync 1 DAGs
[2026-02-09T23:58:48.255+0000] {logging_mixin.py:188} INFO - [2026-02-09T23:58:48.255+0000] {dag.py:3111} INFO - Creating ORM DAG for temperature_etl_incremental
[2026-02-09T23:58:48.474+0000] {logging_mixin.py:188} INFO - [2026-02-09T23:58:48.474+0000] {dag.py:3947} INFO - Setting next_dagrun for temperature_etl_incremental to 2023-01-01 00:00:00+00:00, run_after=2023-01-01 00:00:00+00:00
[2026-02-09T23:58:48.498+0000] {processor.py:183} INFO - Processing /opt/airflow/dags/temperature_etl_incremental.py took 0.663 seconds
[2026-02-09T23:59:18.564+0000] {processor.py:161} INFO - Started process (PID=103) to work on /opt/airflow/dags/temperature_etl_incremental.py
[2026-02-09T23:59:18.565+0000] {processor.py:830} INFO - Processing file /opt/airflow/dags/temperature_etl_incremental.py for tasks to queue
[2026-02-09T23:59:18.567+0000] {logging_mixin.py:188} INFO - [2026-02-09T23:59:18.566+0000] {dagbag.py:545} INFO - Filling up the DagBag from /opt/airflow/dags/temperature_etl_incremental.py
[2026-02-09T23:59:18.800+0000] {processor.py:840} INFO - DAG(s) 'temperature_etl_incremental' retrieved from /opt/airflow/dags/temperature_etl_incremental.py
[2026-02-09T23:59:18.823+0000] {logging_mixin.py:188} INFO - [2026-02-09T23:59:18.823+0000] {dag.py:3089} INFO - Sync 1 DAGs
[2026-02-09T23:59:18.846+0000] {logging_mixin.py:188} INFO - [2026-02-09T23:59:18.846+0000] {dag.py:3947} INFO - Setting next_dagrun for temperature_etl_incremental to None, run_after=None
[2026-02-09T23:59:18.862+0000] {processor.py:183} INFO - Processing /opt/airflow/dags/temperature_etl_incremental.py took 0.303 seconds
[2026-02-09T23:59:49.257+0000] {processor.py:161} INFO - Started process (PID=162) to work on /opt/airflow/dags/temperature_etl_incremental.py
[2026-02-09T23:59:49.259+0000] {processor.py:830} INFO - Processing file /opt/airflow/dags/temperature_etl_incremental.py for tasks to queue
[2026-02-09T23:59:49.262+0000] {logging_mixin.py:188} INFO - [2026-02-09T23:59:49.261+0000] {dagbag.py:545} INFO - Filling up the DagBag from /opt/airflow/dags/temperature_etl_incremental.py
[2026-02-09T23:59:49.523+0000] {processor.py:840} INFO - DAG(s) 'temperature_etl_incremental' retrieved from /opt/airflow/dags/temperature_etl_incremental.py
[2026-02-09T23:59:49.549+0000] {logging_mixin.py:188} INFO - [2026-02-09T23:59:49.549+0000] {dag.py:3089} INFO - Sync 1 DAGs
[2026-02-09T23:59:49.567+0000] {logging_mixin.py:188} INFO - [2026-02-09T23:59:49.567+0000] {dag.py:3947} INFO - Setting next_dagrun for temperature_etl_incremental to None, run_after=None
[2026-02-09T23:59:49.586+0000] {processor.py:183} INFO - Processing /opt/airflow/dags/temperature_etl_incremental.py took 0.335 seconds
