[2026-01-27T09:02:19.824+0000] {local_task_job_runner.py:120} INFO - ::group::Pre task execution logs
[2026-01-27T09:02:19.849+0000] {taskinstance.py:2076} INFO - Dependencies all met for dep_context=non-requeueable deps ti=<TaskInstance: xml_pipeline.process_xml manual__2026-01-27T09:02:14.478127+00:00 [queued]>
[2026-01-27T09:02:19.855+0000] {taskinstance.py:2076} INFO - Dependencies all met for dep_context=requeueable deps ti=<TaskInstance: xml_pipeline.process_xml manual__2026-01-27T09:02:14.478127+00:00 [queued]>
[2026-01-27T09:02:19.855+0000] {taskinstance.py:2306} INFO - Starting attempt 1 of 1
[2026-01-27T09:02:19.864+0000] {taskinstance.py:2330} INFO - Executing <Task(PythonOperator): process_xml> on 2026-01-27 09:02:14.478127+00:00
[2026-01-27T09:02:19.869+0000] {standard_task_runner.py:64} INFO - Started process 74 to run task
[2026-01-27T09:02:19.872+0000] {standard_task_runner.py:90} INFO - Running: ['***', 'tasks', 'run', 'xml_pipeline', 'process_xml', 'manual__2026-01-27T09:02:14.478127+00:00', '--job-id', '16', '--raw', '--subdir', 'DAGS_FOLDER/xml_pipeline.py', '--cfg-path', '/tmp/tmpffc2n01r']
[2026-01-27T09:02:19.874+0000] {standard_task_runner.py:91} INFO - Job 16: Subtask process_xml
[2026-01-27T09:02:19.931+0000] {task_command.py:426} INFO - Running <TaskInstance: xml_pipeline.process_xml manual__2026-01-27T09:02:14.478127+00:00 [running]> on host 61da2ce8f1c7
[2026-01-27T09:02:20.000+0000] {taskinstance.py:2648} INFO - Exporting env vars: AIRFLOW_CTX_DAG_OWNER='***' AIRFLOW_CTX_DAG_ID='xml_pipeline' AIRFLOW_CTX_TASK_ID='process_xml' AIRFLOW_CTX_EXECUTION_DATE='2026-01-27T09:02:14.478127+00:00' AIRFLOW_CTX_TRY_NUMBER='1' AIRFLOW_CTX_DAG_RUN_ID='manual__2026-01-27T09:02:14.478127+00:00'
[2026-01-27T09:02:20.002+0000] {taskinstance.py:430} INFO - ::endgroup::
[2026-01-27T09:02:20.161+0000] {base.py:84} INFO - Using connection ID 'postgres_default' for task execution.
[2026-01-27T09:02:24.106+0000] {taskinstance.py:441} INFO - ::group::Post task execution logs
[2026-01-27T09:02:24.107+0000] {taskinstance.py:2905} ERROR - Task failed with exception
Traceback (most recent call last):
  File "/home/airflow/.local/lib/python3.12/site-packages/airflow/models/taskinstance.py", line 465, in _execute_task
    result = _execute_callable(context=context, **execute_callable_kwargs)
             ^^^^^^^^^^^^^^^^^^^^^^^^^^^^^^^^^^^^^^^^^^^^^^^^^^^^^^^^^^^^^
  File "/home/airflow/.local/lib/python3.12/site-packages/airflow/models/taskinstance.py", line 432, in _execute_callable
    return execute_callable(context=context, **execute_callable_kwargs)
           ^^^^^^^^^^^^^^^^^^^^^^^^^^^^^^^^^^^^^^^^^^^^^^^^^^^^^^^^^^^^
  File "/home/airflow/.local/lib/python3.12/site-packages/airflow/models/baseoperator.py", line 401, in wrapper
    return func(self, *args, **kwargs)
           ^^^^^^^^^^^^^^^^^^^^^^^^^^^
  File "/home/airflow/.local/lib/python3.12/site-packages/airflow/operators/python.py", line 235, in execute
    return_value = self.execute_callable()
                   ^^^^^^^^^^^^^^^^^^^^^^^
  File "/home/airflow/.local/lib/python3.12/site-packages/airflow/operators/python.py", line 252, in execute_callable
    return self.python_callable(*self.op_args, **self.op_kwargs)
           ^^^^^^^^^^^^^^^^^^^^^^^^^^^^^^^^^^^^^^^^^^^^^^^^^^^^^
  File "/opt/airflow/dags/xml_pipeline.py", line 40, in process_xml_file
    conn = pg_hook.get_conn()
           ^^^^^^^^^^^^^^^^^^
  File "/home/airflow/.local/lib/python3.12/site-packages/airflow/providers/postgres/hooks/postgres.py", line 175, in get_conn
    self.conn = psycopg2.connect(**conn_args)
                ^^^^^^^^^^^^^^^^^^^^^^^^^^^^^
  File "/home/airflow/.local/lib/python3.12/site-packages/psycopg2/__init__.py", line 122, in connect
    conn = _connect(dsn, connection_factory=connection_factory, **kwasync)
           ^^^^^^^^^^^^^^^^^^^^^^^^^^^^^^^^^^^^^^^^^^^^^^^^^^^^^^^^^^^^^^^
psycopg2.OperationalError: could not translate host name "postgres" to address: Name or service not known

[2026-01-27T09:02:24.122+0000] {taskinstance.py:1206} INFO - Marking task as FAILED. dag_id=xml_pipeline, task_id=process_xml, run_id=manual__2026-01-27T09:02:14.478127+00:00, execution_date=20260127T090214, start_date=20260127T090219, end_date=20260127T090224
[2026-01-27T09:02:24.137+0000] {standard_task_runner.py:110} ERROR - Failed to execute job 16 for task process_xml (could not translate host name "postgres" to address: Name or service not known
; 74)
[2026-01-27T09:02:24.190+0000] {local_task_job_runner.py:243} INFO - Task exited with return code 1
[2026-01-27T09:02:24.210+0000] {taskinstance.py:3503} INFO - 0 downstream tasks scheduled from follow-on schedule check
[2026-01-27T09:02:24.213+0000] {local_task_job_runner.py:222} INFO - ::endgroup::
