[2026-02-09T23:37:46.632+0000] {local_task_job_runner.py:120} INFO - ::group::Pre task execution logs
[2026-02-09T23:37:46.654+0000] {taskinstance.py:2076} INFO - Dependencies all met for dep_context=non-requeueable deps ti=<TaskInstance: temperature_etl_to_postgres.transform_and_save_to_sql manual__2026-02-09T23:37:40.766978+00:00 [queued]>
[2026-02-09T23:37:46.659+0000] {taskinstance.py:2076} INFO - Dependencies all met for dep_context=requeueable deps ti=<TaskInstance: temperature_etl_to_postgres.transform_and_save_to_sql manual__2026-02-09T23:37:40.766978+00:00 [queued]>
[2026-02-09T23:37:46.660+0000] {taskinstance.py:2306} INFO - Starting attempt 1 of 2
[2026-02-09T23:37:46.669+0000] {taskinstance.py:2330} INFO - Executing <Task(PythonOperator): transform_and_save_to_sql> on 2026-02-09 23:37:40.766978+00:00
[2026-02-09T23:37:46.677+0000] {standard_task_runner.py:90} INFO - Running: ['***', 'tasks', 'run', 'temperature_etl_to_postgres', 'transform_and_save_to_sql', 'manual__2026-02-09T23:37:40.766978+00:00', '--job-id', '3', '--raw', '--subdir', 'DAGS_FOLDER/temperature_etl.py', '--cfg-path', '/tmp/tmprtp2uqco']
[2026-02-09T23:37:46.679+0000] {logging_mixin.py:188} WARNING - /home/***/.local/lib/python3.12/site-packages/***/task/task_runner/standard_task_runner.py:62 DeprecationWarning: This process (pid=53) is multi-threaded, use of fork() may lead to deadlocks in the child.
[2026-02-09T23:37:46.680+0000] {standard_task_runner.py:91} INFO - Job 3: Subtask transform_and_save_to_sql
[2026-02-09T23:37:46.680+0000] {standard_task_runner.py:64} INFO - Started process 72 to run task
[2026-02-09T23:37:46.738+0000] {task_command.py:426} INFO - Running <TaskInstance: temperature_etl_to_postgres.transform_and_save_to_sql manual__2026-02-09T23:37:40.766978+00:00 [running]> on host ffb9487abbe3
[2026-02-09T23:37:46.799+0000] {taskinstance.py:2648} INFO - Exporting env vars: AIRFLOW_CTX_DAG_OWNER='***' AIRFLOW_CTX_DAG_ID='temperature_etl_to_postgres' AIRFLOW_CTX_TASK_ID='transform_and_save_to_sql' AIRFLOW_CTX_EXECUTION_DATE='2026-02-09T23:37:40.766978+00:00' AIRFLOW_CTX_TRY_NUMBER='1' AIRFLOW_CTX_DAG_RUN_ID='manual__2026-02-09T23:37:40.766978+00:00'
[2026-02-09T23:37:46.801+0000] {taskinstance.py:430} INFO - ::endgroup::
[2026-02-09T23:37:46.963+0000] {taskinstance.py:441} INFO - ::group::Post task execution logs
[2026-02-09T23:37:46.964+0000] {taskinstance.py:2905} ERROR - Task failed with exception
Traceback (most recent call last):
  File "/home/airflow/.local/lib/python3.12/site-packages/pandas/core/indexes/base.py", line 3791, in get_loc
    return self._engine.get_loc(casted_key)
           ^^^^^^^^^^^^^^^^^^^^^^^^^^^^^^^^
  File "index.pyx", line 152, in pandas._libs.index.IndexEngine.get_loc
  File "index.pyx", line 181, in pandas._libs.index.IndexEngine.get_loc
  File "pandas/_libs/hashtable_class_helper.pxi", line 7080, in pandas._libs.hashtable.PyObjectHashTable.get_item
  File "pandas/_libs/hashtable_class_helper.pxi", line 7088, in pandas._libs.hashtable.PyObjectHashTable.get_item
KeyError: 'temperature'

The above exception was the direct cause of the following exception:

Traceback (most recent call last):
  File "/home/airflow/.local/lib/python3.12/site-packages/airflow/models/taskinstance.py", line 465, in _execute_task
    result = _execute_callable(context=context, **execute_callable_kwargs)
             ^^^^^^^^^^^^^^^^^^^^^^^^^^^^^^^^^^^^^^^^^^^^^^^^^^^^^^^^^^^^^
  File "/home/airflow/.local/lib/python3.12/site-packages/airflow/models/taskinstance.py", line 432, in _execute_callable
    return execute_callable(context=context, **execute_callable_kwargs)
           ^^^^^^^^^^^^^^^^^^^^^^^^^^^^^^^^^^^^^^^^^^^^^^^^^^^^^^^^^^^^
  File "/home/airflow/.local/lib/python3.12/site-packages/airflow/models/baseoperator.py", line 401, in wrapper
    return func(self, *args, **kwargs)
           ^^^^^^^^^^^^^^^^^^^^^^^^^^^
  File "/home/airflow/.local/lib/python3.12/site-packages/airflow/operators/python.py", line 235, in execute
    return_value = self.execute_callable()
                   ^^^^^^^^^^^^^^^^^^^^^^^
  File "/home/airflow/.local/lib/python3.12/site-packages/airflow/operators/python.py", line 252, in execute_callable
    return self.python_callable(*self.op_args, **self.op_kwargs)
           ^^^^^^^^^^^^^^^^^^^^^^^^^^^^^^^^^^^^^^^^^^^^^^^^^^^^^
  File "/opt/airflow/dags/temperature_etl.py", line 17, in transform_and_save_to_sql
    lower = df['temperature'].quantile(0.05)
            ~~^^^^^^^^^^^^^^^
  File "/home/airflow/.local/lib/python3.12/site-packages/pandas/core/frame.py", line 3893, in __getitem__
    indexer = self.columns.get_loc(key)
              ^^^^^^^^^^^^^^^^^^^^^^^^^
  File "/home/airflow/.local/lib/python3.12/site-packages/pandas/core/indexes/base.py", line 3798, in get_loc
    raise KeyError(key) from err
KeyError: 'temperature'
[2026-02-09T23:37:46.975+0000] {taskinstance.py:1206} INFO - Marking task as UP_FOR_RETRY. dag_id=temperature_etl_to_postgres, task_id=transform_and_save_to_sql, run_id=manual__2026-02-09T23:37:40.766978+00:00, execution_date=20260209T233740, start_date=20260209T233746, end_date=20260209T233746
[2026-02-09T23:37:46.983+0000] {standard_task_runner.py:110} ERROR - Failed to execute job 3 for task transform_and_save_to_sql ('temperature'; 72)
[2026-02-09T23:37:47.016+0000] {local_task_job_runner.py:243} INFO - Task exited with return code 1
[2026-02-09T23:37:47.032+0000] {taskinstance.py:3503} INFO - 0 downstream tasks scheduled from follow-on schedule check
[2026-02-09T23:37:47.034+0000] {local_task_job_runner.py:222} INFO - ::endgroup::
