[2026-02-09T23:54:08.443+0000] {local_task_job_runner.py:120} INFO - ::group::Pre task execution logs
[2026-02-09T23:54:08.467+0000] {taskinstance.py:2076} INFO - Dependencies all met for dep_context=non-requeueable deps ti=<TaskInstance: temperature_etl_incremental.incremental_load scheduled__2026-02-08T00:00:00+00:00 [queued]>
[2026-02-09T23:54:08.474+0000] {taskinstance.py:2076} INFO - Dependencies all met for dep_context=requeueable deps ti=<TaskInstance: temperature_etl_incremental.incremental_load scheduled__2026-02-08T00:00:00+00:00 [queued]>
[2026-02-09T23:54:08.474+0000] {taskinstance.py:2306} INFO - Starting attempt 1 of 2
[2026-02-09T23:54:08.484+0000] {taskinstance.py:2330} INFO - Executing <Task(PythonOperator): incremental_load> on 2026-02-08 00:00:00+00:00
[2026-02-09T23:54:08.494+0000] {standard_task_runner.py:90} INFO - Running: ['***', 'tasks', 'run', 'temperature_etl_incremental', 'incremental_load', 'scheduled__2026-02-08T00:00:00+00:00', '--job-id', '31', '--raw', '--subdir', 'DAGS_FOLDER/temperature_etl_incremental.py', '--cfg-path', '/tmp/tmpz275wnym']
[2026-02-09T23:54:08.496+0000] {logging_mixin.py:188} WARNING - /home/***/.local/lib/python3.12/site-packages/***/task/task_runner/standard_task_runner.py:62 DeprecationWarning: This process (pid=627) is multi-threaded, use of fork() may lead to deadlocks in the child.
[2026-02-09T23:54:08.497+0000] {standard_task_runner.py:91} INFO - Job 31: Subtask incremental_load
[2026-02-09T23:54:08.497+0000] {standard_task_runner.py:64} INFO - Started process 644 to run task
[2026-02-09T23:54:08.558+0000] {task_command.py:426} INFO - Running <TaskInstance: temperature_etl_incremental.incremental_load scheduled__2026-02-08T00:00:00+00:00 [running]> on host ffb9487abbe3
[2026-02-09T23:54:08.636+0000] {taskinstance.py:2648} INFO - Exporting env vars: AIRFLOW_CTX_DAG_OWNER='***' AIRFLOW_CTX_DAG_ID='temperature_etl_incremental' AIRFLOW_CTX_TASK_ID='incremental_load' AIRFLOW_CTX_EXECUTION_DATE='2026-02-08T00:00:00+00:00' AIRFLOW_CTX_TRY_NUMBER='1' AIRFLOW_CTX_DAG_RUN_ID='scheduled__2026-02-08T00:00:00+00:00'
[2026-02-09T23:54:08.637+0000] {taskinstance.py:430} INFO - ::endgroup::
[2026-02-09T23:54:08.855+0000] {logging_mixin.py:188} WARNING - /home/***/.local/lib/python3.12/site-packages/***/utils/context.py:320 AirflowContextDeprecationWarning: Accessing 'execution_date' from the template is deprecated and will be removed in a future version. Please use 'data_interval_start' or 'logical_date' instead.
[2026-02-09T23:54:08.857+0000] {logging_mixin.py:188} INFO - Нет новых данных с 2026-02-01
[2026-02-09T23:54:08.859+0000] {python.py:237} INFO - Done. Returned value was: None
[2026-02-09T23:54:08.859+0000] {taskinstance.py:441} INFO - ::group::Post task execution logs
[2026-02-09T23:54:08.868+0000] {taskinstance.py:1206} INFO - Marking task as SUCCESS. dag_id=temperature_etl_incremental, task_id=incremental_load, run_id=scheduled__2026-02-08T00:00:00+00:00, execution_date=20260208T000000, start_date=20260209T235408, end_date=20260209T235408
[2026-02-09T23:54:08.913+0000] {local_task_job_runner.py:243} INFO - Task exited with return code 0
[2026-02-09T23:54:08.926+0000] {taskinstance.py:3503} INFO - 0 downstream tasks scheduled from follow-on schedule check
[2026-02-09T23:54:08.929+0000] {local_task_job_runner.py:222} INFO - ::endgroup::
