[2026-01-27T08:00:54.290+0000] {manager.py:470} INFO - Processing files using up to 2 processes at a time 
[2026-01-27T08:00:54.291+0000] {manager.py:471} INFO - Process each file at most once every 30 seconds
[2026-01-27T08:00:54.292+0000] {manager.py:472} INFO - Checking for new files in /opt/airflow/dags every 300 seconds
[2026-01-27T08:00:54.293+0000] {manager.py:737} INFO - Searching for files in /opt/airflow/dags
[2026-01-27T08:00:54.297+0000] {manager.py:740} INFO - There are 0 files in /opt/airflow/dags
[2026-01-27T08:05:54.686+0000] {manager.py:737} INFO - Searching for files in /opt/airflow/dags
[2026-01-27T08:05:54.691+0000] {manager.py:740} INFO - There are 0 files in /opt/airflow/dags
[2026-01-27T08:10:55.040+0000] {manager.py:737} INFO - Searching for files in /opt/airflow/dags
[2026-01-27T08:10:55.045+0000] {manager.py:740} INFO - There are 0 files in /opt/airflow/dags
[2026-01-27T08:15:55.472+0000] {manager.py:737} INFO - Searching for files in /opt/airflow/dags
[2026-01-27T08:15:55.477+0000] {manager.py:740} INFO - There are 0 files in /opt/airflow/dags
[2026-01-27T08:25:11.685+0000] {manager.py:737} INFO - Searching for files in /opt/airflow/dags
[2026-01-27T08:25:11.688+0000] {manager.py:740} INFO - There are 0 files in /opt/airflow/dags
[2026-01-27T08:30:12.338+0000] {manager.py:737} INFO - Searching for files in /opt/airflow/dags
[2026-01-27T08:30:12.343+0000] {manager.py:740} INFO - There are 0 files in /opt/airflow/dags
[2026-01-27T08:35:12.695+0000] {manager.py:737} INFO - Searching for files in /opt/airflow/dags
[2026-01-27T08:35:12.702+0000] {manager.py:740} INFO - There are 0 files in /opt/airflow/dags
[2026-01-27T08:40:13.267+0000] {manager.py:737} INFO - Searching for files in /opt/airflow/dags
[2026-01-27T08:40:13.272+0000] {manager.py:740} INFO - There are 0 files in /opt/airflow/dags
[2026-01-27T08:45:13.623+0000] {manager.py:737} INFO - Searching for files in /opt/airflow/dags
[2026-01-27T08:45:13.698+0000] {manager.py:740} INFO - There are 2 files in /opt/airflow/dags
[2026-01-27T08:45:39.671+0000] {manager.py:878} INFO - 
================================================================================
DAG File Processing Stats

File Path                                      PID    Runtime      # DAGs    # Errors  Last Runtime    Last Run
---------------------------------------------  -----  ---------  --------  ----------  --------------  -------------------
/opt/airflow/dags/etl_project/json_etl_dag.py                           1           0  0.72s           2026-01-27T08:45:14
/opt/airflow/dags/etl_project/xml_etl_dag.py                            1           0  0.15s           2026-01-27T08:45:22
================================================================================
[2026-01-27T08:46:10.088+0000] {manager.py:878} INFO - 
================================================================================
DAG File Processing Stats

File Path                                      PID    Runtime      # DAGs    # Errors  Last Runtime    Last Run
---------------------------------------------  -----  ---------  --------  ----------  --------------  -------------------
/opt/airflow/dags/etl_project/json_etl_dag.py                           1           0  0.18s           2026-01-27T08:45:45
/opt/airflow/dags/etl_project/xml_etl_dag.py                            1           0  0.17s           2026-01-27T08:45:53
================================================================================
[2026-01-27T08:46:40.462+0000] {manager.py:878} INFO - 
================================================================================
DAG File Processing Stats

File Path                                      PID    Runtime      # DAGs    # Errors  Last Runtime    Last Run
---------------------------------------------  -----  ---------  --------  ----------  --------------  -------------------
/opt/airflow/dags/etl_project/xml_etl_dag.py                            1           0  0.15s           2026-01-27T08:46:23
/opt/airflow/dags/etl_project/json_etl_dag.py                           1           0  0.15s           2026-01-27T08:46:16
================================================================================
[2026-01-27T08:47:10.824+0000] {manager.py:878} INFO - 
================================================================================
DAG File Processing Stats

File Path                                      PID    Runtime      # DAGs    # Errors  Last Runtime    Last Run
---------------------------------------------  -----  ---------  --------  ----------  --------------  -------------------
/opt/airflow/dags/etl_project/xml_etl_dag.py                            1           0  0.16s           2026-01-27T08:46:53
/opt/airflow/dags/etl_project/json_etl_dag.py                           1           0  0.14s           2026-01-27T08:46:46
================================================================================
[2026-01-27T08:47:41.186+0000] {manager.py:878} INFO - 
================================================================================
DAG File Processing Stats

File Path                                      PID    Runtime      # DAGs    # Errors  Last Runtime    Last Run
---------------------------------------------  -----  ---------  --------  ----------  --------------  -------------------
/opt/airflow/dags/etl_project/json_etl_dag.py                           1           0  0.13s           2026-01-27T08:47:17
/opt/airflow/dags/etl_project/xml_etl_dag.py                            1           0  0.12s           2026-01-27T08:47:24
================================================================================
[2026-01-27T08:48:11.595+0000] {manager.py:878} INFO - 
================================================================================
DAG File Processing Stats

File Path                                      PID    Runtime      # DAGs    # Errors  Last Runtime    Last Run
---------------------------------------------  -----  ---------  --------  ----------  --------------  -------------------
/opt/airflow/dags/etl_project/json_etl_dag.py                           1           0  0.16s           2026-01-27T08:47:47
/opt/airflow/dags/etl_project/xml_etl_dag.py                            1           0  0.16s           2026-01-27T08:47:54
================================================================================
[2026-01-27T08:48:41.989+0000] {manager.py:878} INFO - 
================================================================================
DAG File Processing Stats

File Path                                      PID    Runtime      # DAGs    # Errors  Last Runtime    Last Run
---------------------------------------------  -----  ---------  --------  ----------  --------------  -------------------
/opt/airflow/dags/etl_project/xml_etl_dag.py                            1           0  0.18s           2026-01-27T08:48:24
/opt/airflow/dags/etl_project/json_etl_dag.py                           1           0  0.17s           2026-01-27T08:48:17
================================================================================
[2026-01-27T08:49:12.245+0000] {manager.py:878} INFO - 
================================================================================
DAG File Processing Stats

File Path                                      PID    Runtime      # DAGs    # Errors  Last Runtime    Last Run
---------------------------------------------  -----  ---------  --------  ----------  --------------  -------------------
/opt/airflow/dags/etl_project/json_etl_dag.py                           1           0  0.27s           2026-01-27T08:48:48
/opt/airflow/dags/etl_project/xml_etl_dag.py                            1           0  0.15s           2026-01-27T08:48:55
================================================================================
[2026-01-27T08:49:42.727+0000] {manager.py:878} INFO - 
================================================================================
DAG File Processing Stats

File Path                                      PID    Runtime      # DAGs    # Errors  Last Runtime    Last Run
---------------------------------------------  -----  ---------  --------  ----------  --------------  -------------------
/opt/airflow/dags/etl_project/xml_etl_dag.py                            1           0  0.15s           2026-01-27T08:49:25
/opt/airflow/dags/etl_project/json_etl_dag.py                           1           0  0.12s           2026-01-27T08:49:18
================================================================================
[2026-01-27T08:50:13.081+0000] {manager.py:878} INFO - 
================================================================================
DAG File Processing Stats

File Path                                      PID    Runtime      # DAGs    # Errors  Last Runtime    Last Run
---------------------------------------------  -----  ---------  --------  ----------  --------------  -------------------
/opt/airflow/dags/etl_project/json_etl_dag.py                           1           0  0.13s           2026-01-27T08:49:48
/opt/airflow/dags/etl_project/xml_etl_dag.py                            1           0  0.13s           2026-01-27T08:49:55
================================================================================
[2026-01-27T08:50:14.086+0000] {manager.py:737} INFO - Searching for files in /opt/airflow/dags
[2026-01-27T08:50:14.134+0000] {manager.py:740} INFO - There are 2 files in /opt/airflow/dags
[2026-01-27T08:50:43.504+0000] {manager.py:878} INFO - 
================================================================================
DAG File Processing Stats

File Path                                      PID    Runtime      # DAGs    # Errors  Last Runtime    Last Run
---------------------------------------------  -----  ---------  --------  ----------  --------------  -------------------
/opt/airflow/dags/etl_project/xml_etl_dag.py                            1           0  0.16s           2026-01-27T08:50:26
/opt/airflow/dags/etl_project/json_etl_dag.py                           1           0  0.14s           2026-01-27T08:50:19
================================================================================
[2026-01-27T08:51:13.851+0000] {manager.py:878} INFO - 
================================================================================
DAG File Processing Stats

File Path                                      PID    Runtime      # DAGs    # Errors  Last Runtime    Last Run
---------------------------------------------  -----  ---------  --------  ----------  --------------  -------------------
/opt/airflow/dags/etl_project/xml_etl_dag.py                            1           0  0.13s           2026-01-27T08:50:56
/opt/airflow/dags/etl_project/json_etl_dag.py                           1           0  0.12s           2026-01-27T08:50:49
================================================================================
[2026-01-27T08:51:44.231+0000] {manager.py:878} INFO - 
================================================================================
DAG File Processing Stats

File Path                                      PID    Runtime      # DAGs    # Errors  Last Runtime    Last Run
---------------------------------------------  -----  ---------  --------  ----------  --------------  -------------------
/opt/airflow/dags/etl_project/json_etl_dag.py                           1           0  0.13s           2026-01-27T08:51:20
/opt/airflow/dags/etl_project/xml_etl_dag.py                            1           0  0.13s           2026-01-27T08:51:27
================================================================================
[2026-01-27T08:52:14.597+0000] {manager.py:878} INFO - 
================================================================================
DAG File Processing Stats

File Path                                      PID    Runtime      # DAGs    # Errors  Last Runtime    Last Run
---------------------------------------------  -----  ---------  --------  ----------  --------------  -------------------
/opt/airflow/dags/etl_project/json_etl_dag.py                           1           0  0.14s           2026-01-27T08:51:50
/opt/airflow/dags/etl_project/xml_etl_dag.py                            1           0  0.14s           2026-01-27T08:51:57
================================================================================
[2026-01-27T08:52:44.951+0000] {manager.py:878} INFO - 
================================================================================
DAG File Processing Stats

File Path                                      PID    Runtime      # DAGs    # Errors  Last Runtime    Last Run
---------------------------------------------  -----  ---------  --------  ----------  --------------  -------------------
/opt/airflow/dags/etl_project/json_etl_dag.py                           1           0  0.12s           2026-01-27T08:52:20
/opt/airflow/dags/etl_project/xml_etl_dag.py                            1           0  0.12s           2026-01-27T08:52:27
================================================================================
[2026-01-27T08:53:15.288+0000] {manager.py:878} INFO - 
================================================================================
DAG File Processing Stats

File Path                                      PID    Runtime      # DAGs    # Errors  Last Runtime    Last Run
---------------------------------------------  -----  ---------  --------  ----------  --------------  -------------------
/opt/airflow/dags/etl_project/json_etl_dag.py                           1           0  0.12s           2026-01-27T08:52:51
/opt/airflow/dags/etl_project/xml_etl_dag.py                            1           0  0.11s           2026-01-27T08:52:58
================================================================================
[2026-01-27T08:53:45.628+0000] {manager.py:878} INFO - 
================================================================================
DAG File Processing Stats

File Path                                      PID    Runtime      # DAGs    # Errors  Last Runtime    Last Run
---------------------------------------------  -----  ---------  --------  ----------  --------------  -------------------
/opt/airflow/dags/etl_project/xml_etl_dag.py                            1           0  0.12s           2026-01-27T08:53:28
/opt/airflow/dags/etl_project/json_etl_dag.py                           1           0  0.11s           2026-01-27T08:53:21
================================================================================
[2026-01-27T08:54:15.989+0000] {manager.py:878} INFO - 
================================================================================
DAG File Processing Stats

File Path                                      PID    Runtime      # DAGs    # Errors  Last Runtime    Last Run
---------------------------------------------  -----  ---------  --------  ----------  --------------  -------------------
/opt/airflow/dags/etl_project/json_etl_dag.py                           1           0  0.14s           2026-01-27T08:53:51
/opt/airflow/dags/etl_project/xml_etl_dag.py                            1           0  0.12s           2026-01-27T08:53:58
================================================================================
[2026-01-27T08:54:46.342+0000] {manager.py:878} INFO - 
================================================================================
DAG File Processing Stats

File Path                                      PID    Runtime      # DAGs    # Errors  Last Runtime    Last Run
---------------------------------------------  -----  ---------  --------  ----------  --------------  -------------------
/opt/airflow/dags/etl_project/xml_etl_dag.py                            1           0  0.13s           2026-01-27T08:54:29
/opt/airflow/dags/etl_project/json_etl_dag.py                           1           0  0.12s           2026-01-27T08:54:22
================================================================================
[2026-01-27T08:55:14.693+0000] {manager.py:737} INFO - Searching for files in /opt/airflow/dags
[2026-01-27T08:55:14.741+0000] {manager.py:740} INFO - There are 2 files in /opt/airflow/dags
[2026-01-27T08:55:16.769+0000] {manager.py:878} INFO - 
================================================================================
DAG File Processing Stats

File Path                                      PID    Runtime      # DAGs    # Errors  Last Runtime    Last Run
---------------------------------------------  -----  ---------  --------  ----------  --------------  -------------------
/opt/airflow/dags/etl_project/xml_etl_dag.py                            1           0  0.14s           2026-01-27T08:54:59
/opt/airflow/dags/etl_project/json_etl_dag.py                           1           0  0.14s           2026-01-27T08:54:52
================================================================================
[2026-01-27T08:55:47.135+0000] {manager.py:878} INFO - 
================================================================================
DAG File Processing Stats

File Path                                      PID    Runtime      # DAGs    # Errors  Last Runtime    Last Run
---------------------------------------------  -----  ---------  --------  ----------  --------------  -------------------
/opt/airflow/dags/etl_project/json_etl_dag.py                           1           0  0.14s           2026-01-27T08:55:22
/opt/airflow/dags/etl_project/xml_etl_dag.py                            1           0  0.14s           2026-01-27T08:55:30
================================================================================
[2026-01-27T08:56:17.479+0000] {manager.py:878} INFO - 
================================================================================
DAG File Processing Stats

File Path                                      PID    Runtime      # DAGs    # Errors  Last Runtime    Last Run
---------------------------------------------  -----  ---------  --------  ----------  --------------  -------------------
/opt/airflow/dags/etl_project/xml_etl_dag.py                            1           0  0.14s           2026-01-27T08:56:00
/opt/airflow/dags/etl_project/json_etl_dag.py                           1           0  0.12s           2026-01-27T08:55:53
================================================================================
[2026-01-27T08:56:20.500+0000] {manager.py:1128} WARNING - Skipping processing of missing file: /opt/airflow/dags/etl_project/json_etl_dag.py
[2026-01-27T08:56:21.509+0000] {manager.py:1128} WARNING - Skipping processing of missing file: /opt/airflow/dags/etl_project/xml_etl_dag.py
[2026-01-27T09:00:15.601+0000] {manager.py:737} INFO - Searching for files in /opt/airflow/dags
[2026-01-27T09:00:15.625+0000] {manager.py:740} INFO - There are 2 files in /opt/airflow/dags
[2026-01-27T09:00:16.359+0000] {manager.py:452} INFO - Exiting gracefully upon receiving signal 15
[2026-01-27T09:00:23.914+0000] {manager.py:470} INFO - Processing files using up to 2 processes at a time 
[2026-01-27T09:00:23.915+0000] {manager.py:471} INFO - Process each file at most once every 30 seconds
[2026-01-27T09:00:23.916+0000] {manager.py:472} INFO - Checking for new files in /opt/airflow/dags every 300 seconds
[2026-01-27T09:00:23.917+0000] {manager.py:737} INFO - Searching for files in /opt/airflow/dags
[2026-01-27T09:00:23.949+0000] {manager.py:740} INFO - There are 2 files in /opt/airflow/dags
[2026-01-27T09:00:24.057+0000] {manager.py:878} INFO - 
================================================================================
DAG File Processing Stats

File Path                             PID  Runtime      # DAGs    # Errors  Last Runtime    Last Run
----------------------------------  -----  ---------  --------  ----------  --------------  ----------
/opt/airflow/dags/json_pipeline.py     34  0.05s             0           0
/opt/airflow/dags/xml_pipeline.py      33  0.06s             0           0
================================================================================
[2026-01-27T09:00:54.280+0000] {manager.py:878} INFO - 
================================================================================
DAG File Processing Stats

File Path                             PID  Runtime      # DAGs    # Errors  Last Runtime    Last Run
----------------------------------  -----  ---------  --------  ----------  --------------  -------------------
/opt/airflow/dags/xml_pipeline.py      35  0.02s             1           0  0.12s           2026-01-27T09:00:24
/opt/airflow/dags/json_pipeline.py     36  0.00s             1           0  0.12s           2026-01-27T09:00:24
================================================================================
[2026-01-27T09:01:24.507+0000] {manager.py:878} INFO - 
================================================================================
DAG File Processing Stats

File Path                             PID  Runtime      # DAGs    # Errors  Last Runtime    Last Run
----------------------------------  -----  ---------  --------  ----------  --------------  -------------------
/opt/airflow/dags/xml_pipeline.py      37  0.02s             1           0  0.11s           2026-01-27T09:00:54
/opt/airflow/dags/json_pipeline.py     38  0.00s             1           0  0.10s           2026-01-27T09:00:54
================================================================================
[2026-01-27T09:01:54.753+0000] {manager.py:878} INFO - 
================================================================================
DAG File Processing Stats

File Path                             PID  Runtime      # DAGs    # Errors  Last Runtime    Last Run
----------------------------------  -----  ---------  --------  ----------  --------------  -------------------
/opt/airflow/dags/xml_pipeline.py      39  0.02s             1           0  0.11s           2026-01-27T09:01:24
/opt/airflow/dags/json_pipeline.py     40  0.01s             1           0  0.10s           2026-01-27T09:01:24
================================================================================
[2026-01-27T09:02:25.090+0000] {manager.py:878} INFO - 
================================================================================
DAG File Processing Stats

File Path                             PID  Runtime      # DAGs    # Errors  Last Runtime    Last Run
----------------------------------  -----  ---------  --------  ----------  --------------  -------------------
/opt/airflow/dags/xml_pipeline.py      75  0.02s             1           0  0.13s           2026-01-27T09:01:54
/opt/airflow/dags/json_pipeline.py     76  0.01s             1           0  0.12s           2026-01-27T09:01:54
================================================================================
[2026-01-27T09:02:55.400+0000] {manager.py:878} INFO - 
================================================================================
DAG File Processing Stats

File Path                             PID  Runtime      # DAGs    # Errors  Last Runtime    Last Run
----------------------------------  -----  ---------  --------  ----------  --------------  -------------------
/opt/airflow/dags/xml_pipeline.py      77  0.02s             1           0  0.11s           2026-01-27T09:02:25
/opt/airflow/dags/json_pipeline.py     78  0.01s             1           0  0.10s           2026-01-27T09:02:25
================================================================================
[2026-01-27T09:03:25.623+0000] {manager.py:878} INFO - 
================================================================================
DAG File Processing Stats

File Path                             PID  Runtime      # DAGs    # Errors  Last Runtime    Last Run
----------------------------------  -----  ---------  --------  ----------  --------------  -------------------
/opt/airflow/dags/xml_pipeline.py      79  0.02s             1           0  0.12s           2026-01-27T09:02:55
/opt/airflow/dags/json_pipeline.py     80  0.00s             1           0  0.11s           2026-01-27T09:02:55
================================================================================
[2026-01-27T09:03:55.982+0000] {manager.py:878} INFO - 
================================================================================
DAG File Processing Stats

File Path                             PID  Runtime      # DAGs    # Errors  Last Runtime    Last Run
----------------------------------  -----  ---------  --------  ----------  --------------  -------------------
/opt/airflow/dags/xml_pipeline.py      81  0.02s             1           0  0.15s           2026-01-27T09:03:25
/opt/airflow/dags/json_pipeline.py     82  0.01s             1           0  0.14s           2026-01-27T09:03:25
================================================================================
[2026-01-27T09:04:26.391+0000] {manager.py:878} INFO - 
================================================================================
DAG File Processing Stats

File Path                             PID  Runtime      # DAGs    # Errors  Last Runtime    Last Run
----------------------------------  -----  ---------  --------  ----------  --------------  -------------------
/opt/airflow/dags/xml_pipeline.py      83  0.03s             1           0  0.18s           2026-01-27T09:03:56
/opt/airflow/dags/json_pipeline.py     84  0.01s             1           0  0.18s           2026-01-27T09:03:56
================================================================================
[2026-01-27T09:04:56.611+0000] {manager.py:878} INFO - 
================================================================================
DAG File Processing Stats

File Path                             PID  Runtime      # DAGs    # Errors  Last Runtime    Last Run
----------------------------------  -----  ---------  --------  ----------  --------------  -------------------
/opt/airflow/dags/xml_pipeline.py     119  0.02s             1           0  0.16s           2026-01-27T09:04:26
/opt/airflow/dags/json_pipeline.py    120  0.01s             1           0  0.14s           2026-01-27T09:04:26
================================================================================
[2026-01-27T09:05:24.870+0000] {manager.py:737} INFO - Searching for files in /opt/airflow/dags
[2026-01-27T09:05:24.913+0000] {manager.py:740} INFO - There are 2 files in /opt/airflow/dags
[2026-01-27T09:05:26.970+0000] {manager.py:878} INFO - 
================================================================================
DAG File Processing Stats

File Path                             PID  Runtime      # DAGs    # Errors  Last Runtime    Last Run
----------------------------------  -----  ---------  --------  ----------  --------------  -------------------
/opt/airflow/dags/xml_pipeline.py     121  0.02s             1           0  0.12s           2026-01-27T09:04:56
/opt/airflow/dags/json_pipeline.py    122  0.01s             1           0  0.11s           2026-01-27T09:04:56
================================================================================
[2026-01-27T09:05:57.207+0000] {manager.py:878} INFO - 
================================================================================
DAG File Processing Stats

File Path                             PID  Runtime      # DAGs    # Errors  Last Runtime    Last Run
----------------------------------  -----  ---------  --------  ----------  --------------  -------------------
/opt/airflow/dags/xml_pipeline.py     123  0.02s             1           0  0.13s           2026-01-27T09:05:27
/opt/airflow/dags/json_pipeline.py    124  0.01s             1           0  0.12s           2026-01-27T09:05:27
================================================================================
[2026-01-27T09:06:27.487+0000] {manager.py:878} INFO - 
================================================================================
DAG File Processing Stats

File Path                             PID  Runtime      # DAGs    # Errors  Last Runtime    Last Run
----------------------------------  -----  ---------  --------  ----------  --------------  -------------------
/opt/airflow/dags/xml_pipeline.py     125  0.02s             1           0  0.11s           2026-01-27T09:05:57
/opt/airflow/dags/json_pipeline.py    126  0.01s             1           0  0.10s           2026-01-27T09:05:57
================================================================================
[2026-01-27T09:06:57.812+0000] {manager.py:878} INFO - 
================================================================================
DAG File Processing Stats

File Path                             PID  Runtime      # DAGs    # Errors  Last Runtime    Last Run
----------------------------------  -----  ---------  --------  ----------  --------------  -------------------
/opt/airflow/dags/xml_pipeline.py     161  0.02s             1           0  0.13s           2026-01-27T09:06:27
/opt/airflow/dags/json_pipeline.py    162  0.01s             1           0  0.11s           2026-01-27T09:06:27
================================================================================
[2026-01-27T09:07:28.053+0000] {manager.py:878} INFO - 
================================================================================
DAG File Processing Stats

File Path                             PID  Runtime      # DAGs    # Errors  Last Runtime    Last Run
----------------------------------  -----  ---------  --------  ----------  --------------  -------------------
/opt/airflow/dags/xml_pipeline.py     163  0.02s             1           0  0.12s           2026-01-27T09:06:57
/opt/airflow/dags/json_pipeline.py    164  0.01s             1           0  0.11s           2026-01-27T09:06:57
================================================================================
[2026-01-27T09:07:58.374+0000] {manager.py:878} INFO - 
================================================================================
DAG File Processing Stats

File Path                             PID  Runtime      # DAGs    # Errors  Last Runtime    Last Run
----------------------------------  -----  ---------  --------  ----------  --------------  -------------------
/opt/airflow/dags/xml_pipeline.py     165  0.02s             1           0  0.11s           2026-01-27T09:07:28
/opt/airflow/dags/json_pipeline.py    166  0.00s             1           0  0.11s           2026-01-27T09:07:28
================================================================================
[2026-01-27T09:08:28.602+0000] {manager.py:878} INFO - 
================================================================================
DAG File Processing Stats

File Path                             PID  Runtime      # DAGs    # Errors  Last Runtime    Last Run
----------------------------------  -----  ---------  --------  ----------  --------------  -------------------
/opt/airflow/dags/xml_pipeline.py     167  0.02s             1           0  0.11s           2026-01-27T09:07:58
/opt/airflow/dags/json_pipeline.py    168  0.01s             1           0  0.10s           2026-01-27T09:07:58
================================================================================
[2026-01-27T09:08:58.845+0000] {manager.py:878} INFO - 
================================================================================
DAG File Processing Stats

File Path                             PID  Runtime      # DAGs    # Errors  Last Runtime    Last Run
----------------------------------  -----  ---------  --------  ----------  --------------  -------------------
/opt/airflow/dags/xml_pipeline.py     169  0.02s             1           0  0.13s           2026-01-27T09:08:28
/opt/airflow/dags/json_pipeline.py    170  0.00s             1           0  0.11s           2026-01-27T09:08:28
================================================================================
[2026-01-27T09:09:29.084+0000] {manager.py:878} INFO - 
================================================================================
DAG File Processing Stats

File Path                             PID  Runtime      # DAGs    # Errors  Last Runtime    Last Run
----------------------------------  -----  ---------  --------  ----------  --------------  -------------------
/opt/airflow/dags/xml_pipeline.py     171  0.02s             1           0  0.11s           2026-01-27T09:08:58
/opt/airflow/dags/json_pipeline.py    172  0.00s             1           0  0.10s           2026-01-27T09:08:58
================================================================================
[2026-01-27T09:09:59.313+0000] {manager.py:878} INFO - 
================================================================================
DAG File Processing Stats

File Path                             PID  Runtime      # DAGs    # Errors  Last Runtime    Last Run
----------------------------------  -----  ---------  --------  ----------  --------------  -------------------
/opt/airflow/dags/xml_pipeline.py     173  0.02s             1           0  0.11s           2026-01-27T09:09:29
/opt/airflow/dags/json_pipeline.py    174  0.00s             1           0  0.10s           2026-01-27T09:09:29
================================================================================
[2026-01-27T09:10:25.507+0000] {manager.py:737} INFO - Searching for files in /opt/airflow/dags
[2026-01-27T09:10:25.543+0000] {manager.py:740} INFO - There are 2 files in /opt/airflow/dags
[2026-01-27T09:10:29.604+0000] {manager.py:878} INFO - 
================================================================================
DAG File Processing Stats

File Path                             PID  Runtime      # DAGs    # Errors  Last Runtime    Last Run
----------------------------------  -----  ---------  --------  ----------  --------------  -------------------
/opt/airflow/dags/xml_pipeline.py     175  0.02s             1           0  0.11s           2026-01-27T09:09:59
/opt/airflow/dags/json_pipeline.py    176  0.01s             1           0  0.11s           2026-01-27T09:09:59
================================================================================
[2026-01-27T09:10:59.826+0000] {manager.py:878} INFO - 
================================================================================
DAG File Processing Stats

File Path                             PID  Runtime      # DAGs    # Errors  Last Runtime    Last Run
----------------------------------  -----  ---------  --------  ----------  --------------  -------------------
/opt/airflow/dags/xml_pipeline.py     177  0.02s             1           0  0.11s           2026-01-27T09:10:29
/opt/airflow/dags/json_pipeline.py    178  0.00s             1           0  0.11s           2026-01-27T09:10:29
================================================================================
[2026-01-27T09:11:30.137+0000] {manager.py:878} INFO - 
================================================================================
DAG File Processing Stats

File Path                             PID  Runtime      # DAGs    # Errors  Last Runtime    Last Run
----------------------------------  -----  ---------  --------  ----------  --------------  -------------------
/opt/airflow/dags/xml_pipeline.py     179  0.02s             1           0  0.11s           2026-01-27T09:10:59
/opt/airflow/dags/json_pipeline.py    180  0.00s             1           0  0.10s           2026-01-27T09:10:59
================================================================================
[2026-01-27T09:12:00.443+0000] {manager.py:878} INFO - 
================================================================================
DAG File Processing Stats

File Path                             PID  Runtime      # DAGs    # Errors  Last Runtime    Last Run
----------------------------------  -----  ---------  --------  ----------  --------------  -------------------
/opt/airflow/dags/xml_pipeline.py     181  0.02s             1           0  0.10s           2026-01-27T09:11:30
/opt/airflow/dags/json_pipeline.py    182  0.00s             1           0  0.10s           2026-01-27T09:11:30
================================================================================
[2026-01-27T09:12:30.684+0000] {manager.py:878} INFO - 
================================================================================
DAG File Processing Stats

File Path                             PID  Runtime      # DAGs    # Errors  Last Runtime    Last Run
----------------------------------  -----  ---------  --------  ----------  --------------  -------------------
/opt/airflow/dags/xml_pipeline.py     183  0.02s             1           0  0.11s           2026-01-27T09:12:00
/opt/airflow/dags/json_pipeline.py    184  0.01s             1           0  0.10s           2026-01-27T09:12:00
================================================================================
[2026-01-27T09:13:01.013+0000] {manager.py:878} INFO - 
================================================================================
DAG File Processing Stats

File Path                             PID  Runtime      # DAGs    # Errors  Last Runtime    Last Run
----------------------------------  -----  ---------  --------  ----------  --------------  -------------------
/opt/airflow/dags/xml_pipeline.py     185  0.02s             1           0  0.12s           2026-01-27T09:12:30
/opt/airflow/dags/json_pipeline.py    186  0.01s             1           0  0.11s           2026-01-27T09:12:30
================================================================================
[2026-01-27T09:13:31.363+0000] {manager.py:878} INFO - 
================================================================================
DAG File Processing Stats

File Path                             PID  Runtime      # DAGs    # Errors  Last Runtime    Last Run
----------------------------------  -----  ---------  --------  ----------  --------------  -------------------
/opt/airflow/dags/xml_pipeline.py     187  0.02s             1           0  0.15s           2026-01-27T09:13:01
/opt/airflow/dags/json_pipeline.py    188  0.00s             1           0  0.14s           2026-01-27T09:13:01
================================================================================
[2026-01-27T09:14:01.594+0000] {manager.py:878} INFO - 
================================================================================
DAG File Processing Stats

File Path                             PID  Runtime      # DAGs    # Errors  Last Runtime    Last Run
----------------------------------  -----  ---------  --------  ----------  --------------  -------------------
/opt/airflow/dags/xml_pipeline.py     189  0.02s             1           0  0.11s           2026-01-27T09:13:31
/opt/airflow/dags/json_pipeline.py    190  0.00s             1           0  0.10s           2026-01-27T09:13:31
================================================================================
[2026-01-27T09:14:31.857+0000] {manager.py:878} INFO - 
================================================================================
DAG File Processing Stats

File Path                             PID  Runtime      # DAGs    # Errors  Last Runtime    Last Run
----------------------------------  -----  ---------  --------  ----------  --------------  -------------------
/opt/airflow/dags/xml_pipeline.py     191  0.02s             1           0  0.15s           2026-01-27T09:14:01
/opt/airflow/dags/json_pipeline.py    192  0.01s             1           0  0.13s           2026-01-27T09:14:01
================================================================================
[2026-01-27T09:15:02.117+0000] {manager.py:878} INFO - 
================================================================================
DAG File Processing Stats

File Path                             PID  Runtime      # DAGs    # Errors  Last Runtime    Last Run
----------------------------------  -----  ---------  --------  ----------  --------------  -------------------
/opt/airflow/dags/xml_pipeline.py     193  0.02s             1           0  0.14s           2026-01-27T09:14:31
/opt/airflow/dags/json_pipeline.py    194  0.01s             1           0  0.12s           2026-01-27T09:14:31
================================================================================
[2026-01-27T09:15:26.286+0000] {manager.py:737} INFO - Searching for files in /opt/airflow/dags
[2026-01-27T09:15:26.330+0000] {manager.py:740} INFO - There are 2 files in /opt/airflow/dags
[2026-01-27T09:15:32.409+0000] {manager.py:878} INFO - 
================================================================================
DAG File Processing Stats

File Path                             PID  Runtime      # DAGs    # Errors  Last Runtime    Last Run
----------------------------------  -----  ---------  --------  ----------  --------------  -------------------
/opt/airflow/dags/xml_pipeline.py     195  0.02s             1           0  0.14s           2026-01-27T09:15:02
/opt/airflow/dags/json_pipeline.py    196  0.00s             1           0  0.13s           2026-01-27T09:15:02
================================================================================
[2026-01-27T09:16:02.628+0000] {manager.py:878} INFO - 
================================================================================
DAG File Processing Stats

File Path                             PID  Runtime      # DAGs    # Errors  Last Runtime    Last Run
----------------------------------  -----  ---------  --------  ----------  --------------  -------------------
/opt/airflow/dags/xml_pipeline.py     197  0.02s             1           0  0.12s           2026-01-27T09:15:32
/opt/airflow/dags/json_pipeline.py    198  0.01s             1           0  0.11s           2026-01-27T09:15:32
================================================================================
[2026-01-27T09:16:32.938+0000] {manager.py:878} INFO - 
================================================================================
DAG File Processing Stats

File Path                             PID  Runtime      # DAGs    # Errors  Last Runtime    Last Run
----------------------------------  -----  ---------  --------  ----------  --------------  -------------------
/opt/airflow/dags/xml_pipeline.py     199  0.02s             1           0  0.11s           2026-01-27T09:16:02
/opt/airflow/dags/json_pipeline.py    200  0.01s             1           0  0.11s           2026-01-27T09:16:02
================================================================================
[2026-01-27T09:17:03.160+0000] {manager.py:878} INFO - 
================================================================================
DAG File Processing Stats

File Path                             PID  Runtime      # DAGs    # Errors  Last Runtime    Last Run
----------------------------------  -----  ---------  --------  ----------  --------------  -------------------
/opt/airflow/dags/xml_pipeline.py     201  0.02s             1           0  0.12s           2026-01-27T09:16:33
/opt/airflow/dags/json_pipeline.py    202  0.00s             1           0  0.11s           2026-01-27T09:16:33
================================================================================
[2026-01-27T09:17:33.426+0000] {manager.py:878} INFO - 
================================================================================
DAG File Processing Stats

File Path                             PID  Runtime      # DAGs    # Errors  Last Runtime    Last Run
----------------------------------  -----  ---------  --------  ----------  --------------  -------------------
/opt/airflow/dags/xml_pipeline.py     203  0.02s             1           0  0.11s           2026-01-27T09:17:03
/opt/airflow/dags/json_pipeline.py    204  0.01s             1           0  0.11s           2026-01-27T09:17:03
================================================================================
[2026-01-27T09:18:03.776+0000] {manager.py:878} INFO - 
================================================================================
DAG File Processing Stats

File Path                             PID  Runtime      # DAGs    # Errors  Last Runtime    Last Run
----------------------------------  -----  ---------  --------  ----------  --------------  -------------------
/opt/airflow/dags/xml_pipeline.py     205  0.02s             1           0  0.13s           2026-01-27T09:17:33
/opt/airflow/dags/json_pipeline.py    206  0.01s             1           0  0.13s           2026-01-27T09:17:33
================================================================================
[2026-01-27T09:18:34.104+0000] {manager.py:878} INFO - 
================================================================================
DAG File Processing Stats

File Path                             PID  Runtime      # DAGs    # Errors  Last Runtime    Last Run
----------------------------------  -----  ---------  --------  ----------  --------------  -------------------
/opt/airflow/dags/json_pipeline.py    208  0.01s             1           0  0.13s           2026-01-27T09:18:03
/opt/airflow/dags/xml_pipeline.py     207  0.02s             1           0  0.13s           2026-01-27T09:18:03
================================================================================
[2026-01-27T09:19:04.335+0000] {manager.py:878} INFO - 
================================================================================
DAG File Processing Stats

File Path                             PID  Runtime      # DAGs    # Errors  Last Runtime    Last Run
----------------------------------  -----  ---------  --------  ----------  --------------  -------------------
/opt/airflow/dags/xml_pipeline.py     209  0.02s             1           0  0.11s           2026-01-27T09:18:34
/opt/airflow/dags/json_pipeline.py    210  0.00s             1           0  0.10s           2026-01-27T09:18:34
================================================================================
[2026-01-27T09:19:34.583+0000] {manager.py:878} INFO - 
================================================================================
DAG File Processing Stats

File Path                             PID  Runtime      # DAGs    # Errors  Last Runtime    Last Run
----------------------------------  -----  ---------  --------  ----------  --------------  -------------------
/opt/airflow/dags/xml_pipeline.py     211  0.02s             1           0  0.12s           2026-01-27T09:19:04
/opt/airflow/dags/json_pipeline.py    212  0.00s             1           0  0.11s           2026-01-27T09:19:04
================================================================================
[2026-01-27T09:20:04.816+0000] {manager.py:878} INFO - 
================================================================================
DAG File Processing Stats

File Path                             PID  Runtime      # DAGs    # Errors  Last Runtime    Last Run
----------------------------------  -----  ---------  --------  ----------  --------------  -------------------
/opt/airflow/dags/xml_pipeline.py     213  0.02s             1           0  0.11s           2026-01-27T09:19:34
/opt/airflow/dags/json_pipeline.py    214  0.00s             1           0  0.11s           2026-01-27T09:19:34
================================================================================
[2026-01-27T09:20:16.446+0000] {manager.py:452} INFO - Exiting gracefully upon receiving signal 15
