[2026-02-02T18:19:13.308+0000] {local_task_job_runner.py:120} INFO - ::group::Pre task execution logs
[2026-02-02T18:19:13.334+0000] {taskinstance.py:2076} INFO - Dependencies all met for dep_context=non-requeueable deps ti=<TaskInstance: weather_data_transformation.transform_weather_data scheduled__2026-02-01T00:00:00+00:00 [queued]>
[2026-02-02T18:19:13.342+0000] {taskinstance.py:2076} INFO - Dependencies all met for dep_context=requeueable deps ti=<TaskInstance: weather_data_transformation.transform_weather_data scheduled__2026-02-01T00:00:00+00:00 [queued]>
[2026-02-02T18:19:13.343+0000] {taskinstance.py:2306} INFO - Starting attempt 1 of 2
[2026-02-02T18:19:13.352+0000] {taskinstance.py:2330} INFO - Executing <Task(PythonOperator): transform_weather_data> on 2026-02-01 00:00:00+00:00
[2026-02-02T18:19:13.362+0000] {standard_task_runner.py:90} INFO - Running: ['***', 'tasks', 'run', 'weather_data_transformation', 'transform_weather_data', 'scheduled__2026-02-01T00:00:00+00:00', '--job-id', '2', '--raw', '--subdir', 'DAGS_FOLDER/temperature_analysis.py', '--cfg-path', '/tmp/tmpyqvcnzvb']
[2026-02-02T18:19:13.364+0000] {standard_task_runner.py:91} INFO - Job 2: Subtask transform_weather_data
[2026-02-02T18:19:13.364+0000] {logging_mixin.py:188} WARNING - /home/***/.local/lib/python3.12/site-packages/***/task/task_runner/standard_task_runner.py:62 DeprecationWarning: This process (pid=47) is multi-threaded, use of fork() may lead to deadlocks in the child.
[2026-02-02T18:19:13.365+0000] {standard_task_runner.py:64} INFO - Started process 64 to run task
[2026-02-02T18:19:13.431+0000] {task_command.py:426} INFO - Running <TaskInstance: weather_data_transformation.transform_weather_data scheduled__2026-02-01T00:00:00+00:00 [running]> on host ab444b18e7de
[2026-02-02T18:19:13.506+0000] {taskinstance.py:2648} INFO - Exporting env vars: AIRFLOW_CTX_DAG_OWNER='student_name' AIRFLOW_CTX_DAG_ID='weather_data_transformation' AIRFLOW_CTX_TASK_ID='transform_weather_data' AIRFLOW_CTX_EXECUTION_DATE='2026-02-01T00:00:00+00:00' AIRFLOW_CTX_TRY_NUMBER='1' AIRFLOW_CTX_DAG_RUN_ID='scheduled__2026-02-01T00:00:00+00:00'
[2026-02-02T18:19:13.508+0000] {taskinstance.py:430} INFO - ::endgroup::
[2026-02-02T18:19:13.723+0000] {taskinstance.py:441} INFO - ::group::Post task execution logs
[2026-02-02T18:19:13.724+0000] {taskinstance.py:2905} ERROR - Task failed with exception
Traceback (most recent call last):
  File "/home/airflow/.local/lib/python3.12/site-packages/pandas/core/indexes/base.py", line 3791, in get_loc
    return self._engine.get_loc(casted_key)
           ^^^^^^^^^^^^^^^^^^^^^^^^^^^^^^^^
  File "index.pyx", line 152, in pandas._libs.index.IndexEngine.get_loc
  File "index.pyx", line 181, in pandas._libs.index.IndexEngine.get_loc
  File "pandas/_libs/hashtable_class_helper.pxi", line 7080, in pandas._libs.hashtable.PyObjectHashTable.get_item
  File "pandas/_libs/hashtable_class_helper.pxi", line 7088, in pandas._libs.hashtable.PyObjectHashTable.get_item
KeyError: 'temperature'

The above exception was the direct cause of the following exception:

Traceback (most recent call last):
  File "/home/airflow/.local/lib/python3.12/site-packages/airflow/models/taskinstance.py", line 465, in _execute_task
    result = _execute_callable(context=context, **execute_callable_kwargs)
             ^^^^^^^^^^^^^^^^^^^^^^^^^^^^^^^^^^^^^^^^^^^^^^^^^^^^^^^^^^^^^
  File "/home/airflow/.local/lib/python3.12/site-packages/airflow/models/taskinstance.py", line 432, in _execute_callable
    return execute_callable(context=context, **execute_callable_kwargs)
           ^^^^^^^^^^^^^^^^^^^^^^^^^^^^^^^^^^^^^^^^^^^^^^^^^^^^^^^^^^^^
  File "/home/airflow/.local/lib/python3.12/site-packages/airflow/models/baseoperator.py", line 401, in wrapper
    return func(self, *args, **kwargs)
           ^^^^^^^^^^^^^^^^^^^^^^^^^^^
  File "/home/airflow/.local/lib/python3.12/site-packages/airflow/operators/python.py", line 235, in execute
    return_value = self.execute_callable()
                   ^^^^^^^^^^^^^^^^^^^^^^^
  File "/home/airflow/.local/lib/python3.12/site-packages/airflow/operators/python.py", line 252, in execute_callable
    return self.python_callable(*self.op_args, **self.op_kwargs)
           ^^^^^^^^^^^^^^^^^^^^^^^^^^^^^^^^^^^^^^^^^^^^^^^^^^^^^
  File "/opt/airflow/dags/temperature_analysis.py", line 25, in transform_weather_data
    lower_bound = df['temperature'].quantile(0.05)
                  ~~^^^^^^^^^^^^^^^
  File "/home/airflow/.local/lib/python3.12/site-packages/pandas/core/frame.py", line 3893, in __getitem__
    indexer = self.columns.get_loc(key)
              ^^^^^^^^^^^^^^^^^^^^^^^^^
  File "/home/airflow/.local/lib/python3.12/site-packages/pandas/core/indexes/base.py", line 3798, in get_loc
    raise KeyError(key) from err
KeyError: 'temperature'
[2026-02-02T18:19:13.743+0000] {taskinstance.py:1206} INFO - Marking task as UP_FOR_RETRY. dag_id=weather_data_transformation, task_id=transform_weather_data, run_id=scheduled__2026-02-01T00:00:00+00:00, execution_date=20260201T000000, start_date=20260202T181913, end_date=20260202T181913
[2026-02-02T18:19:13.754+0000] {standard_task_runner.py:110} ERROR - Failed to execute job 2 for task transform_weather_data ('temperature'; 64)
[2026-02-02T18:19:13.780+0000] {local_task_job_runner.py:243} INFO - Task exited with return code 1
[2026-02-02T18:19:13.799+0000] {taskinstance.py:3503} INFO - 0 downstream tasks scheduled from follow-on schedule check
[2026-02-02T18:19:13.802+0000] {local_task_job_runner.py:222} INFO - ::endgroup::
[2026-02-02T18:28:47.141+0000] {local_task_job_runner.py:120} INFO - ::group::Pre task execution logs
[2026-02-02T18:28:47.167+0000] {taskinstance.py:2076} INFO - Dependencies all met for dep_context=non-requeueable deps ti=<TaskInstance: weather_data_transformation.transform_weather_data scheduled__2026-02-01T00:00:00+00:00 [queued]>
[2026-02-02T18:28:47.173+0000] {taskinstance.py:2076} INFO - Dependencies all met for dep_context=requeueable deps ti=<TaskInstance: weather_data_transformation.transform_weather_data scheduled__2026-02-01T00:00:00+00:00 [queued]>
[2026-02-02T18:28:47.173+0000] {taskinstance.py:2306} INFO - Starting attempt 1 of 2
[2026-02-02T18:28:47.183+0000] {taskinstance.py:2330} INFO - Executing <Task(PythonOperator): transform_weather_data> on 2026-02-01 00:00:00+00:00
[2026-02-02T18:28:47.197+0000] {logging_mixin.py:188} WARNING - /home/***/.local/lib/python3.12/site-packages/***/task/task_runner/standard_task_runner.py:62 DeprecationWarning: This process (pid=211) is multi-threaded, use of fork() may lead to deadlocks in the child.
[2026-02-02T18:28:47.195+0000] {standard_task_runner.py:90} INFO - Running: ['***', 'tasks', 'run', 'weather_data_transformation', 'transform_weather_data', 'scheduled__2026-02-01T00:00:00+00:00', '--job-id', '8', '--raw', '--subdir', 'DAGS_FOLDER/weather_transform.py', '--cfg-path', '/tmp/tmp1sxezlzm']
[2026-02-02T18:28:47.198+0000] {standard_task_runner.py:64} INFO - Started process 228 to run task
[2026-02-02T18:28:47.198+0000] {standard_task_runner.py:91} INFO - Job 8: Subtask transform_weather_data
[2026-02-02T18:28:47.349+0000] {task_command.py:426} INFO - Running <TaskInstance: weather_data_transformation.transform_weather_data scheduled__2026-02-01T00:00:00+00:00 [running]> on host ab444b18e7de
[2026-02-02T18:28:47.512+0000] {taskinstance.py:2648} INFO - Exporting env vars: AIRFLOW_CTX_DAG_OWNER='student_name' AIRFLOW_CTX_DAG_ID='weather_data_transformation' AIRFLOW_CTX_TASK_ID='transform_weather_data' AIRFLOW_CTX_EXECUTION_DATE='2026-02-01T00:00:00+00:00' AIRFLOW_CTX_TRY_NUMBER='1' AIRFLOW_CTX_DAG_RUN_ID='scheduled__2026-02-01T00:00:00+00:00'
[2026-02-02T18:28:47.513+0000] {taskinstance.py:430} INFO - ::endgroup::
[2026-02-02T18:28:48.073+0000] {logging_mixin.py:188} INFO - Колонки в датасете: ['id', 'room_id/id', 'noted_date', 'temp', 'out/in']
[2026-02-02T18:28:48.083+0000] {logging_mixin.py:188} INFO - После фильтрации 'in': 0 записей
[2026-02-02T18:28:48.102+0000] {logging_mixin.py:188} INFO - Трансформация завершена успешно!
[2026-02-02T18:28:48.105+0000] {logging_mixin.py:188} INFO - 5 самых жарких дней:
Empty DataFrame
Columns: [noted_date, temp]
Index: []
[2026-02-02T18:28:48.105+0000] {logging_mixin.py:188} INFO - 
5 самых холодных дней:
Empty DataFrame
Columns: [noted_date, temp]
Index: []
[2026-02-02T18:28:48.105+0000] {logging_mixin.py:188} INFO - 
Сохранено 0 записей
[2026-02-02T18:28:48.106+0000] {python.py:237} INFO - Done. Returned value was: None
[2026-02-02T18:28:48.106+0000] {taskinstance.py:441} INFO - ::group::Post task execution logs
[2026-02-02T18:28:48.115+0000] {taskinstance.py:1206} INFO - Marking task as SUCCESS. dag_id=weather_data_transformation, task_id=transform_weather_data, run_id=scheduled__2026-02-01T00:00:00+00:00, execution_date=20260201T000000, start_date=20260202T182847, end_date=20260202T182848
[2026-02-02T18:28:48.175+0000] {local_task_job_runner.py:243} INFO - Task exited with return code 0
[2026-02-02T18:28:48.191+0000] {taskinstance.py:3503} INFO - 0 downstream tasks scheduled from follow-on schedule check
[2026-02-02T18:28:48.194+0000] {local_task_job_runner.py:222} INFO - ::endgroup::
