[2026-02-02T18:24:16.552+0000] {local_task_job_runner.py:120} INFO - ::group::Pre task execution logs
[2026-02-02T18:24:16.580+0000] {taskinstance.py:2076} INFO - Dependencies all met for dep_context=non-requeueable deps ti=<TaskInstance: weather_data_transformation.transform_weather_data scheduled__2026-02-01T00:00:00+00:00 [queued]>
[2026-02-02T18:24:16.586+0000] {taskinstance.py:2076} INFO - Dependencies all met for dep_context=requeueable deps ti=<TaskInstance: weather_data_transformation.transform_weather_data scheduled__2026-02-01T00:00:00+00:00 [queued]>
[2026-02-02T18:24:16.587+0000] {taskinstance.py:2306} INFO - Starting attempt 2 of 2
[2026-02-02T18:24:16.599+0000] {taskinstance.py:2330} INFO - Executing <Task(PythonOperator): transform_weather_data> on 2026-02-01 00:00:00+00:00
[2026-02-02T18:24:16.609+0000] {standard_task_runner.py:90} INFO - Running: ['***', 'tasks', 'run', 'weather_data_transformation', 'transform_weather_data', 'scheduled__2026-02-01T00:00:00+00:00', '--job-id', '4', '--raw', '--subdir', 'DAGS_FOLDER/temperature_analysis.py', '--cfg-path', '/tmp/tmp35blif1p']
[2026-02-02T18:24:16.612+0000] {standard_task_runner.py:91} INFO - Job 4: Subtask transform_weather_data
[2026-02-02T18:24:16.612+0000] {logging_mixin.py:188} WARNING - /home/***/.local/lib/python3.12/site-packages/***/task/task_runner/standard_task_runner.py:62 DeprecationWarning: This process (pid=103) is multi-threaded, use of fork() may lead to deadlocks in the child.
[2026-02-02T18:24:16.614+0000] {standard_task_runner.py:64} INFO - Started process 120 to run task
[2026-02-02T18:24:16.687+0000] {task_command.py:426} INFO - Running <TaskInstance: weather_data_transformation.transform_weather_data scheduled__2026-02-01T00:00:00+00:00 [running]> on host ab444b18e7de
[2026-02-02T18:24:16.813+0000] {taskinstance.py:2648} INFO - Exporting env vars: AIRFLOW_CTX_DAG_OWNER='student_name' AIRFLOW_CTX_DAG_ID='weather_data_transformation' AIRFLOW_CTX_TASK_ID='transform_weather_data' AIRFLOW_CTX_EXECUTION_DATE='2026-02-01T00:00:00+00:00' AIRFLOW_CTX_TRY_NUMBER='2' AIRFLOW_CTX_DAG_RUN_ID='scheduled__2026-02-01T00:00:00+00:00'
[2026-02-02T18:24:16.814+0000] {taskinstance.py:430} INFO - ::endgroup::
[2026-02-02T18:24:17.651+0000] {taskinstance.py:441} INFO - ::group::Post task execution logs
[2026-02-02T18:24:17.652+0000] {taskinstance.py:2905} ERROR - Task failed with exception
Traceback (most recent call last):
  File "/home/airflow/.local/lib/python3.12/site-packages/pandas/core/indexes/base.py", line 3791, in get_loc
    return self._engine.get_loc(casted_key)
           ^^^^^^^^^^^^^^^^^^^^^^^^^^^^^^^^
  File "index.pyx", line 152, in pandas._libs.index.IndexEngine.get_loc
  File "index.pyx", line 181, in pandas._libs.index.IndexEngine.get_loc
  File "pandas/_libs/hashtable_class_helper.pxi", line 7080, in pandas._libs.hashtable.PyObjectHashTable.get_item
  File "pandas/_libs/hashtable_class_helper.pxi", line 7088, in pandas._libs.hashtable.PyObjectHashTable.get_item
KeyError: 'temperature'

The above exception was the direct cause of the following exception:

Traceback (most recent call last):
  File "/home/airflow/.local/lib/python3.12/site-packages/airflow/models/taskinstance.py", line 465, in _execute_task
    result = _execute_callable(context=context, **execute_callable_kwargs)
             ^^^^^^^^^^^^^^^^^^^^^^^^^^^^^^^^^^^^^^^^^^^^^^^^^^^^^^^^^^^^^
  File "/home/airflow/.local/lib/python3.12/site-packages/airflow/models/taskinstance.py", line 432, in _execute_callable
    return execute_callable(context=context, **execute_callable_kwargs)
           ^^^^^^^^^^^^^^^^^^^^^^^^^^^^^^^^^^^^^^^^^^^^^^^^^^^^^^^^^^^^
  File "/home/airflow/.local/lib/python3.12/site-packages/airflow/models/baseoperator.py", line 401, in wrapper
    return func(self, *args, **kwargs)
           ^^^^^^^^^^^^^^^^^^^^^^^^^^^
  File "/home/airflow/.local/lib/python3.12/site-packages/airflow/operators/python.py", line 235, in execute
    return_value = self.execute_callable()
                   ^^^^^^^^^^^^^^^^^^^^^^^
  File "/home/airflow/.local/lib/python3.12/site-packages/airflow/operators/python.py", line 252, in execute_callable
    return self.python_callable(*self.op_args, **self.op_kwargs)
           ^^^^^^^^^^^^^^^^^^^^^^^^^^^^^^^^^^^^^^^^^^^^^^^^^^^^^
  File "/opt/airflow/dags/temperature_analysis.py", line 25, in transform_weather_data
    lower_bound = df['temperature'].quantile(0.05)
                  ~~^^^^^^^^^^^^^^^
  File "/home/airflow/.local/lib/python3.12/site-packages/pandas/core/frame.py", line 3893, in __getitem__
    indexer = self.columns.get_loc(key)
              ^^^^^^^^^^^^^^^^^^^^^^^^^
  File "/home/airflow/.local/lib/python3.12/site-packages/pandas/core/indexes/base.py", line 3798, in get_loc
    raise KeyError(key) from err
KeyError: 'temperature'
[2026-02-02T18:24:17.666+0000] {taskinstance.py:1206} INFO - Marking task as FAILED. dag_id=weather_data_transformation, task_id=transform_weather_data, run_id=scheduled__2026-02-01T00:00:00+00:00, execution_date=20260201T000000, start_date=20260202T182416, end_date=20260202T182417
[2026-02-02T18:24:17.677+0000] {standard_task_runner.py:110} ERROR - Failed to execute job 4 for task transform_weather_data ('temperature'; 120)
[2026-02-02T18:24:17.714+0000] {local_task_job_runner.py:243} INFO - Task exited with return code 1
[2026-02-02T18:24:17.740+0000] {taskinstance.py:3503} INFO - 0 downstream tasks scheduled from follow-on schedule check
[2026-02-02T18:24:17.745+0000] {local_task_job_runner.py:222} INFO - ::endgroup::
