[2026-02-10T00:08:10.197+0000] {local_task_job_runner.py:120} INFO - ::group::Pre task execution logs
[2026-02-10T00:08:10.221+0000] {taskinstance.py:2076} INFO - Dependencies all met for dep_context=non-requeueable deps ti=<TaskInstance: two_process_simple.process2_inc manual__2026-02-10T00:07:55.647559+00:00 [queued]>
[2026-02-10T00:08:10.229+0000] {taskinstance.py:2076} INFO - Dependencies all met for dep_context=requeueable deps ti=<TaskInstance: two_process_simple.process2_inc manual__2026-02-10T00:07:55.647559+00:00 [queued]>
[2026-02-10T00:08:10.230+0000] {taskinstance.py:2306} INFO - Starting attempt 1 of 2
[2026-02-10T00:08:10.240+0000] {taskinstance.py:2330} INFO - Executing <Task(PythonOperator): process2_inc> on 2026-02-10 00:07:55.647559+00:00
[2026-02-10T00:08:10.250+0000] {standard_task_runner.py:90} INFO - Running: ['***', 'tasks', 'run', 'two_process_simple', 'process2_inc', 'manual__2026-02-10T00:07:55.647559+00:00', '--job-id', '58', '--raw', '--subdir', 'DAGS_FOLDER/two_process.py', '--cfg-path', '/tmp/tmpj77f68xd']
[2026-02-10T00:08:10.252+0000] {logging_mixin.py:188} WARNING - /home/***/.local/lib/python3.12/site-packages/***/task/task_runner/standard_task_runner.py:62 DeprecationWarning: This process (pid=274) is multi-threaded, use of fork() may lead to deadlocks in the child.
[2026-02-10T00:08:10.252+0000] {standard_task_runner.py:91} INFO - Job 58: Subtask process2_inc
[2026-02-10T00:08:10.253+0000] {standard_task_runner.py:64} INFO - Started process 291 to run task
[2026-02-10T00:08:10.316+0000] {task_command.py:426} INFO - Running <TaskInstance: two_process_simple.process2_inc manual__2026-02-10T00:07:55.647559+00:00 [running]> on host ffb9487abbe3
[2026-02-10T00:08:10.388+0000] {taskinstance.py:2648} INFO - Exporting env vars: AIRFLOW_CTX_DAG_OWNER='***' AIRFLOW_CTX_DAG_ID='two_process_simple' AIRFLOW_CTX_TASK_ID='process2_inc' AIRFLOW_CTX_EXECUTION_DATE='2026-02-10T00:07:55.647559+00:00' AIRFLOW_CTX_TRY_NUMBER='1' AIRFLOW_CTX_DAG_RUN_ID='manual__2026-02-10T00:07:55.647559+00:00'
[2026-02-10T00:08:10.389+0000] {taskinstance.py:430} INFO - ::endgroup::
[2026-02-10T00:08:10.869+0000] {taskinstance.py:441} INFO - ::group::Post task execution logs
[2026-02-10T00:08:10.871+0000] {taskinstance.py:2905} ERROR - Task failed with exception
Traceback (most recent call last):
  File "/home/airflow/.local/lib/python3.12/site-packages/sqlalchemy/engine/base.py", line 1890, in _execute_context
    self.dialect.do_executemany(
  File "/home/airflow/.local/lib/python3.12/site-packages/sqlalchemy/dialects/postgresql/psycopg2.py", line 982, in do_executemany
    context._psycopg2_fetched_rows = xtras.execute_values(
                                     ^^^^^^^^^^^^^^^^^^^^^
  File "/home/airflow/.local/lib/python3.12/site-packages/psycopg2/extras.py", line 1299, in execute_values
    cur.execute(b''.join(parts))
psycopg2.errors.UndefinedColumn: column "room_id/id" of relation "filtered_temperature_inc" does not exist
LINE 1: INSERT INTO filtered_temperature_inc (id, "room_id/id", note...
                                                  ^


The above exception was the direct cause of the following exception:

Traceback (most recent call last):
  File "/home/airflow/.local/lib/python3.12/site-packages/airflow/models/taskinstance.py", line 465, in _execute_task
    result = _execute_callable(context=context, **execute_callable_kwargs)
             ^^^^^^^^^^^^^^^^^^^^^^^^^^^^^^^^^^^^^^^^^^^^^^^^^^^^^^^^^^^^^
  File "/home/airflow/.local/lib/python3.12/site-packages/airflow/models/taskinstance.py", line 432, in _execute_callable
    return execute_callable(context=context, **execute_callable_kwargs)
           ^^^^^^^^^^^^^^^^^^^^^^^^^^^^^^^^^^^^^^^^^^^^^^^^^^^^^^^^^^^^
  File "/home/airflow/.local/lib/python3.12/site-packages/airflow/models/baseoperator.py", line 401, in wrapper
    return func(self, *args, **kwargs)
           ^^^^^^^^^^^^^^^^^^^^^^^^^^^
  File "/home/airflow/.local/lib/python3.12/site-packages/airflow/operators/python.py", line 235, in execute
    return_value = self.execute_callable()
                   ^^^^^^^^^^^^^^^^^^^^^^^
  File "/home/airflow/.local/lib/python3.12/site-packages/airflow/operators/python.py", line 252, in execute_callable
    return self.python_callable(*self.op_args, **self.op_kwargs)
           ^^^^^^^^^^^^^^^^^^^^^^^^^^^^^^^^^^^^^^^^^^^^^^^^^^^^^
  File "/opt/airflow/dags/two_process.py", line 31, in process2_inc
    df.to_sql('filtered_temperature_inc', engine, if_exists='append', index=False)
  File "/home/airflow/.local/lib/python3.12/site-packages/pandas/util/_decorators.py", line 333, in wrapper
    return func(*args, **kwargs)
           ^^^^^^^^^^^^^^^^^^^^^
  File "/home/airflow/.local/lib/python3.12/site-packages/pandas/core/generic.py", line 3008, in to_sql
    return sql.to_sql(
           ^^^^^^^^^^^
  File "/home/airflow/.local/lib/python3.12/site-packages/pandas/io/sql.py", line 788, in to_sql
    return pandas_sql.to_sql(
           ^^^^^^^^^^^^^^^^^^
  File "/home/airflow/.local/lib/python3.12/site-packages/pandas/io/sql.py", line 1958, in to_sql
    total_inserted = sql_engine.insert_records(
                     ^^^^^^^^^^^^^^^^^^^^^^^^^^
  File "/home/airflow/.local/lib/python3.12/site-packages/pandas/io/sql.py", line 1507, in insert_records
    raise err
  File "/home/airflow/.local/lib/python3.12/site-packages/pandas/io/sql.py", line 1498, in insert_records
    return table.insert(chunksize=chunksize, method=method)
           ^^^^^^^^^^^^^^^^^^^^^^^^^^^^^^^^^^^^^^^^^^^^^^^^
  File "/home/airflow/.local/lib/python3.12/site-packages/pandas/io/sql.py", line 1059, in insert
    num_inserted = exec_insert(conn, keys, chunk_iter)
                   ^^^^^^^^^^^^^^^^^^^^^^^^^^^^^^^^^^^
  File "/home/airflow/.local/lib/python3.12/site-packages/pandas/io/sql.py", line 951, in _execute_insert
    result = conn.execute(self.table.insert(), data)
             ^^^^^^^^^^^^^^^^^^^^^^^^^^^^^^^^^^^^^^^
  File "/home/airflow/.local/lib/python3.12/site-packages/sqlalchemy/engine/base.py", line 1385, in execute
    return meth(self, multiparams, params, _EMPTY_EXECUTION_OPTS)
           ^^^^^^^^^^^^^^^^^^^^^^^^^^^^^^^^^^^^^^^^^^^^^^^^^^^^^^
  File "/home/airflow/.local/lib/python3.12/site-packages/sqlalchemy/sql/elements.py", line 334, in _execute_on_connection
    return connection._execute_clauseelement(
           ^^^^^^^^^^^^^^^^^^^^^^^^^^^^^^^^^^
  File "/home/airflow/.local/lib/python3.12/site-packages/sqlalchemy/engine/base.py", line 1577, in _execute_clauseelement
    ret = self._execute_context(
          ^^^^^^^^^^^^^^^^^^^^^^
  File "/home/airflow/.local/lib/python3.12/site-packages/sqlalchemy/engine/base.py", line 1953, in _execute_context
    self._handle_dbapi_exception(
  File "/home/airflow/.local/lib/python3.12/site-packages/sqlalchemy/engine/base.py", line 2134, in _handle_dbapi_exception
    util.raise_(
  File "/home/airflow/.local/lib/python3.12/site-packages/sqlalchemy/util/compat.py", line 211, in raise_
    raise exception
  File "/home/airflow/.local/lib/python3.12/site-packages/sqlalchemy/engine/base.py", line 1890, in _execute_context
    self.dialect.do_executemany(
  File "/home/airflow/.local/lib/python3.12/site-packages/sqlalchemy/dialects/postgresql/psycopg2.py", line 982, in do_executemany
    context._psycopg2_fetched_rows = xtras.execute_values(
                                     ^^^^^^^^^^^^^^^^^^^^^
  File "/home/airflow/.local/lib/python3.12/site-packages/psycopg2/extras.py", line 1299, in execute_values
    cur.execute(b''.join(parts))
sqlalchemy.exc.ProgrammingError: (psycopg2.errors.UndefinedColumn) column "room_id/id" of relation "filtered_temperature_inc" does not exist
LINE 1: INSERT INTO filtered_temperature_inc (id, "room_id/id", note...
                                                  ^

[SQL: INSERT INTO filtered_temperature_inc (id, "room_id/id", noted_date, temperature, out_in) VALUES (%(id)s, %(room_id/id)s, %(noted_date)s, %(temperature)s, %(out_in)s)]
[parameters: ({'id': '__export__.temp_log_196134_bd201015', 'room_id/id': 'Room Admin', 'noted_date': '2018-12-08', 'temperature': 29, 'out_in': 'In'}, {'id': '__export__.temp_log_196131_7bca51bc', 'room_id/id': 'Room Admin', 'noted_date': '2018-12-08', 'temperature': 29, 'out_in': 'In'}, {'id': '__export__.temp_log_196126_d30b72fb', 'room_id/id': 'Room Admin', 'noted_date': '2018-12-08', 'temperature': 31, 'out_in': 'In'}, {'id': '__export__.temp_log_196125_b0fa0b41', 'room_id/id': 'Room Admin', 'noted_date': '2018-12-08', 'temperature': 31, 'out_in': 'In'}, {'id': '__export__.temp_log_196121_01544d45', 'room_id/id': 'Room Admin', 'noted_date': '2018-12-08', 'temperature': 29, 'out_in': 'In'}, {'id': '__export__.temp_log_196122_f8b80a9f', 'room_id/id': 'Room Admin', 'noted_date': '2018-12-08', 'temperature': 29, 'out_in': 'In'}, {'id': '__export__.temp_log_196111_6b7a0848', 'room_id/id': 'Room Admin', 'noted_date': '2018-12-08', 'temperature': 29, 'out_in': 'In'}, {'id': '__export__.temp_log_196112_e134aebd', 'room_id/id': 'Room Admin', 'noted_date': '2018-12-08', 'temperature': 29, 'out_in': 'In'}  ... displaying 10 of 19000 total bound parameter sets ...  {'id': '__export__.temp_log_123297_4d8e690b', 'room_id/id': 'Room Admin', 'noted_date': '2018-07-28', 'temperature': 31, 'out_in': 'In'}, {'id': '__export__.temp_log_133741_32958703', 'room_id/id': 'Room Admin', 'noted_date': '2018-07-28', 'temperature': 31, 'out_in': 'In'})]
(Background on this error at: https://sqlalche.me/e/14/f405)
[2026-02-10T00:08:10.892+0000] {taskinstance.py:1206} INFO - Marking task as UP_FOR_RETRY. dag_id=two_process_simple, task_id=process2_inc, run_id=manual__2026-02-10T00:07:55.647559+00:00, execution_date=20260210T000755, start_date=20260210T000810, end_date=20260210T000810
[2026-02-10T00:08:10.907+0000] {standard_task_runner.py:110} ERROR - Failed to execute job 58 for task process2_inc ((psycopg2.errors.UndefinedColumn) column "room_id/id" of relation "filtered_temperature_inc" does not exist
LINE 1: INSERT INTO filtered_temperature_inc (id, "room_id/id", note...
                                                  ^

[SQL: INSERT INTO filtered_temperature_inc (id, "room_id/id", noted_date, temperature, out_in) VALUES (%(id)s, %(room_id/id)s, %(noted_date)s, %(temperature)s, %(out_in)s)]
[parameters: ({'id': '__export__.temp_log_196134_bd201015', 'room_id/id': 'Room Admin', 'noted_date': '2018-12-08', 'temperature': 29, 'out_in': 'In'}, {'id': '__export__.temp_log_196131_7bca51bc', 'room_id/id': 'Room Admin', 'noted_date': '2018-12-08', 'temperature': 29, 'out_in': 'In'}, {'id': '__export__.temp_log_196126_d30b72fb', 'room_id/id': 'Room Admin', 'noted_date': '2018-12-08', 'temperature': 31, 'out_in': 'In'}, {'id': '__export__.temp_log_196125_b0fa0b41', 'room_id/id': 'Room Admin', 'noted_date': '2018-12-08', 'temperature': 31, 'out_in': 'In'}, {'id': '__export__.temp_log_196121_01544d45', 'room_id/id': 'Room Admin', 'noted_date': '2018-12-08', 'temperature': 29, 'out_in': 'In'}, {'id': '__export__.temp_log_196122_f8b80a9f', 'room_id/id': 'Room Admin', 'noted_date': '2018-12-08', 'temperature': 29, 'out_in': 'In'}, {'id': '__export__.temp_log_196111_6b7a0848', 'room_id/id': 'Room Admin', 'noted_date': '2018-12-08', 'temperature': 29, 'out_in': 'In'}, {'id': '__export__.temp_log_196112_e134aebd', 'room_id/id': 'Room Admin', 'noted_date': '2018-12-08', 'temperature': 29, 'out_in': 'In'}  ... displaying 10 of 19000 total bound parameter sets ...  {'id': '__export__.temp_log_123297_4d8e690b', 'room_id/id': 'Room Admin', 'noted_date': '2018-07-28', 'temperature': 31, 'out_in': 'In'}, {'id': '__export__.temp_log_133741_32958703', 'room_id/id': 'Room Admin', 'noted_date': '2018-07-28', 'temperature': 31, 'out_in': 'In'})]
(Background on this error at: https://sqlalche.me/e/14/f405); 291)
[2026-02-10T00:08:10.949+0000] {local_task_job_runner.py:243} INFO - Task exited with return code 1
[2026-02-10T00:08:10.967+0000] {taskinstance.py:3503} INFO - 0 downstream tasks scheduled from follow-on schedule check
[2026-02-10T00:08:10.970+0000] {local_task_job_runner.py:222} INFO - ::endgroup::
