[2026-02-02T18:18:28.267+0000] {processor.py:161} INFO - Started process (PID=33) to work on /opt/airflow/dags/temperature_analysis.py
[2026-02-02T18:18:28.270+0000] {processor.py:830} INFO - Processing file /opt/airflow/dags/temperature_analysis.py for tasks to queue
[2026-02-02T18:18:28.285+0000] {logging_mixin.py:188} INFO - [2026-02-02T18:18:28.283+0000] {dagbag.py:545} INFO - Filling up the DagBag from /opt/airflow/dags/temperature_analysis.py
[2026-02-02T18:18:30.399+0000] {processor.py:840} INFO - DAG(s) 'weather_data_transformation' retrieved from /opt/airflow/dags/temperature_analysis.py
[2026-02-02T18:18:32.495+0000] {logging_mixin.py:188} INFO - [2026-02-02T18:18:32.494+0000] {override.py:1858} INFO - Created Permission View: can edit on DAG:weather_data_transformation
[2026-02-02T18:18:32.520+0000] {logging_mixin.py:188} INFO - [2026-02-02T18:18:32.520+0000] {override.py:1858} INFO - Created Permission View: can delete on DAG:weather_data_transformation
[2026-02-02T18:18:32.528+0000] {logging_mixin.py:188} INFO - [2026-02-02T18:18:32.527+0000] {override.py:1858} INFO - Created Permission View: can read on DAG:weather_data_transformation
[2026-02-02T18:18:32.529+0000] {logging_mixin.py:188} INFO - [2026-02-02T18:18:32.528+0000] {dag.py:3089} INFO - Sync 1 DAGs
[2026-02-02T18:18:32.557+0000] {logging_mixin.py:188} INFO - [2026-02-02T18:18:32.556+0000] {dag.py:3111} INFO - Creating ORM DAG for weather_data_transformation
[2026-02-02T18:18:32.579+0000] {logging_mixin.py:188} INFO - [2026-02-02T18:18:32.579+0000] {dag.py:3947} INFO - Setting next_dagrun for weather_data_transformation to 2026-02-01 00:00:00+00:00, run_after=2026-02-02 00:00:00+00:00
[2026-02-02T18:18:32.676+0000] {processor.py:183} INFO - Processing /opt/airflow/dags/temperature_analysis.py took 4.439 seconds
[2026-02-02T18:18:34.815+0000] {processor.py:161} INFO - Started process (PID=35) to work on /opt/airflow/dags/temperature_analysis.py
[2026-02-02T18:18:34.818+0000] {processor.py:830} INFO - Processing file /opt/airflow/dags/temperature_analysis.py for tasks to queue
[2026-02-02T18:18:34.823+0000] {logging_mixin.py:188} INFO - [2026-02-02T18:18:34.822+0000] {dagbag.py:545} INFO - Filling up the DagBag from /opt/airflow/dags/temperature_analysis.py
[2026-02-02T18:18:35.542+0000] {processor.py:840} INFO - DAG(s) 'weather_data_transformation' retrieved from /opt/airflow/dags/temperature_analysis.py
[2026-02-02T18:18:35.559+0000] {logging_mixin.py:188} INFO - [2026-02-02T18:18:35.558+0000] {dag.py:3089} INFO - Sync 1 DAGs
[2026-02-02T18:18:35.591+0000] {logging_mixin.py:188} INFO - [2026-02-02T18:18:35.591+0000] {dag.py:3947} INFO - Setting next_dagrun for weather_data_transformation to 2026-02-01 00:00:00+00:00, run_after=2026-02-02 00:00:00+00:00
[2026-02-02T18:18:35.622+0000] {processor.py:183} INFO - Processing /opt/airflow/dags/temperature_analysis.py took 0.821 seconds
[2026-02-02T18:18:38.388+0000] {processor.py:161} INFO - Started process (PID=37) to work on /opt/airflow/dags/temperature_analysis.py
[2026-02-02T18:18:38.389+0000] {processor.py:830} INFO - Processing file /opt/airflow/dags/temperature_analysis.py for tasks to queue
[2026-02-02T18:18:38.392+0000] {logging_mixin.py:188} INFO - [2026-02-02T18:18:38.391+0000] {dagbag.py:545} INFO - Filling up the DagBag from /opt/airflow/dags/temperature_analysis.py
[2026-02-02T18:18:38.689+0000] {processor.py:840} INFO - DAG(s) 'weather_data_transformation' retrieved from /opt/airflow/dags/temperature_analysis.py
[2026-02-02T18:18:38.704+0000] {logging_mixin.py:188} INFO - [2026-02-02T18:18:38.703+0000] {dag.py:3089} INFO - Sync 1 DAGs
[2026-02-02T18:18:38.726+0000] {logging_mixin.py:188} INFO - [2026-02-02T18:18:38.726+0000] {dag.py:3947} INFO - Setting next_dagrun for weather_data_transformation to 2026-02-01 00:00:00+00:00, run_after=2026-02-02 00:00:00+00:00
[2026-02-02T18:18:38.749+0000] {processor.py:183} INFO - Processing /opt/airflow/dags/temperature_analysis.py took 0.368 seconds
[2026-02-02T18:18:40.744+0000] {processor.py:161} INFO - Started process (PID=39) to work on /opt/airflow/dags/temperature_analysis.py
[2026-02-02T18:18:40.745+0000] {processor.py:830} INFO - Processing file /opt/airflow/dags/temperature_analysis.py for tasks to queue
[2026-02-02T18:18:40.747+0000] {logging_mixin.py:188} INFO - [2026-02-02T18:18:40.747+0000] {dagbag.py:545} INFO - Filling up the DagBag from /opt/airflow/dags/temperature_analysis.py
[2026-02-02T18:18:41.062+0000] {processor.py:840} INFO - DAG(s) 'weather_data_transformation' retrieved from /opt/airflow/dags/temperature_analysis.py
[2026-02-02T18:18:41.076+0000] {logging_mixin.py:188} INFO - [2026-02-02T18:18:41.076+0000] {dag.py:3089} INFO - Sync 1 DAGs
[2026-02-02T18:18:41.096+0000] {logging_mixin.py:188} INFO - [2026-02-02T18:18:41.096+0000] {dag.py:3947} INFO - Setting next_dagrun for weather_data_transformation to 2026-02-01 00:00:00+00:00, run_after=2026-02-02 00:00:00+00:00
[2026-02-02T18:18:41.117+0000] {processor.py:183} INFO - Processing /opt/airflow/dags/temperature_analysis.py took 0.379 seconds
[2026-02-02T18:18:41.845+0000] {processor.py:161} INFO - Started process (PID=41) to work on /opt/airflow/dags/temperature_analysis.py
[2026-02-02T18:18:41.846+0000] {processor.py:830} INFO - Processing file /opt/airflow/dags/temperature_analysis.py for tasks to queue
[2026-02-02T18:18:41.849+0000] {logging_mixin.py:188} INFO - [2026-02-02T18:18:41.848+0000] {dagbag.py:545} INFO - Filling up the DagBag from /opt/airflow/dags/temperature_analysis.py
[2026-02-02T18:18:42.129+0000] {processor.py:840} INFO - DAG(s) 'weather_data_transformation' retrieved from /opt/airflow/dags/temperature_analysis.py
[2026-02-02T18:18:42.142+0000] {logging_mixin.py:188} INFO - [2026-02-02T18:18:42.142+0000] {dag.py:3089} INFO - Sync 1 DAGs
[2026-02-02T18:18:42.161+0000] {logging_mixin.py:188} INFO - [2026-02-02T18:18:42.160+0000] {dag.py:3947} INFO - Setting next_dagrun for weather_data_transformation to 2026-02-01 00:00:00+00:00, run_after=2026-02-02 00:00:00+00:00
[2026-02-02T18:18:42.181+0000] {processor.py:183} INFO - Processing /opt/airflow/dags/temperature_analysis.py took 0.342 seconds
[2026-02-02T18:18:47.223+0000] {processor.py:161} INFO - Started process (PID=43) to work on /opt/airflow/dags/temperature_analysis.py
[2026-02-02T18:18:47.224+0000] {processor.py:830} INFO - Processing file /opt/airflow/dags/temperature_analysis.py for tasks to queue
[2026-02-02T18:18:47.226+0000] {logging_mixin.py:188} INFO - [2026-02-02T18:18:47.226+0000] {dagbag.py:545} INFO - Filling up the DagBag from /opt/airflow/dags/temperature_analysis.py
[2026-02-02T18:18:47.643+0000] {processor.py:840} INFO - DAG(s) 'weather_data_transformation' retrieved from /opt/airflow/dags/temperature_analysis.py
[2026-02-02T18:18:47.658+0000] {logging_mixin.py:188} INFO - [2026-02-02T18:18:47.658+0000] {dag.py:3089} INFO - Sync 1 DAGs
[2026-02-02T18:18:47.678+0000] {logging_mixin.py:188} INFO - [2026-02-02T18:18:47.678+0000] {dag.py:3947} INFO - Setting next_dagrun for weather_data_transformation to 2026-02-01 00:00:00+00:00, run_after=2026-02-02 00:00:00+00:00
[2026-02-02T18:18:47.700+0000] {processor.py:183} INFO - Processing /opt/airflow/dags/temperature_analysis.py took 0.482 seconds
[2026-02-02T18:18:50.792+0000] {processor.py:161} INFO - Started process (PID=45) to work on /opt/airflow/dags/temperature_analysis.py
[2026-02-02T18:18:50.793+0000] {processor.py:830} INFO - Processing file /opt/airflow/dags/temperature_analysis.py for tasks to queue
[2026-02-02T18:18:50.795+0000] {logging_mixin.py:188} INFO - [2026-02-02T18:18:50.795+0000] {dagbag.py:545} INFO - Filling up the DagBag from /opt/airflow/dags/temperature_analysis.py
[2026-02-02T18:18:51.077+0000] {processor.py:840} INFO - DAG(s) 'weather_data_transformation' retrieved from /opt/airflow/dags/temperature_analysis.py
[2026-02-02T18:18:51.091+0000] {logging_mixin.py:188} INFO - [2026-02-02T18:18:51.091+0000] {dag.py:3089} INFO - Sync 1 DAGs
[2026-02-02T18:18:51.112+0000] {logging_mixin.py:188} INFO - [2026-02-02T18:18:51.112+0000] {dag.py:3947} INFO - Setting next_dagrun for weather_data_transformation to 2026-02-01 00:00:00+00:00, run_after=2026-02-02 00:00:00+00:00
[2026-02-02T18:18:51.131+0000] {processor.py:183} INFO - Processing /opt/airflow/dags/temperature_analysis.py took 0.345 seconds
[2026-02-02T18:19:21.338+0000] {processor.py:161} INFO - Started process (PID=83) to work on /opt/airflow/dags/temperature_analysis.py
[2026-02-02T18:19:21.340+0000] {processor.py:830} INFO - Processing file /opt/airflow/dags/temperature_analysis.py for tasks to queue
[2026-02-02T18:19:21.343+0000] {logging_mixin.py:188} INFO - [2026-02-02T18:19:21.342+0000] {dagbag.py:545} INFO - Filling up the DagBag from /opt/airflow/dags/temperature_analysis.py
[2026-02-02T18:19:21.645+0000] {processor.py:840} INFO - DAG(s) 'weather_data_transformation' retrieved from /opt/airflow/dags/temperature_analysis.py
[2026-02-02T18:19:21.915+0000] {logging_mixin.py:188} INFO - [2026-02-02T18:19:21.914+0000] {dag.py:3089} INFO - Sync 1 DAGs
[2026-02-02T18:19:21.927+0000] {logging_mixin.py:188} INFO - [2026-02-02T18:19:21.927+0000] {dag.py:3947} INFO - Setting next_dagrun for weather_data_transformation to 2026-02-02 00:00:00+00:00, run_after=2026-02-03 00:00:00+00:00
[2026-02-02T18:19:21.944+0000] {processor.py:183} INFO - Processing /opt/airflow/dags/temperature_analysis.py took 0.613 seconds
[2026-02-02T18:19:52.164+0000] {processor.py:161} INFO - Started process (PID=85) to work on /opt/airflow/dags/temperature_analysis.py
[2026-02-02T18:19:52.165+0000] {processor.py:830} INFO - Processing file /opt/airflow/dags/temperature_analysis.py for tasks to queue
[2026-02-02T18:19:52.167+0000] {logging_mixin.py:188} INFO - [2026-02-02T18:19:52.167+0000] {dagbag.py:545} INFO - Filling up the DagBag from /opt/airflow/dags/temperature_analysis.py
[2026-02-02T18:19:52.439+0000] {processor.py:840} INFO - DAG(s) 'weather_data_transformation' retrieved from /opt/airflow/dags/temperature_analysis.py
[2026-02-02T18:19:52.465+0000] {logging_mixin.py:188} INFO - [2026-02-02T18:19:52.464+0000] {dag.py:3089} INFO - Sync 1 DAGs
[2026-02-02T18:19:52.483+0000] {logging_mixin.py:188} INFO - [2026-02-02T18:19:52.483+0000] {dag.py:3947} INFO - Setting next_dagrun for weather_data_transformation to 2026-02-02 00:00:00+00:00, run_after=2026-02-03 00:00:00+00:00
[2026-02-02T18:19:52.502+0000] {processor.py:183} INFO - Processing /opt/airflow/dags/temperature_analysis.py took 0.344 seconds
[2026-02-02T18:20:22.710+0000] {processor.py:161} INFO - Started process (PID=87) to work on /opt/airflow/dags/temperature_analysis.py
[2026-02-02T18:20:22.711+0000] {processor.py:830} INFO - Processing file /opt/airflow/dags/temperature_analysis.py for tasks to queue
[2026-02-02T18:20:22.713+0000] {logging_mixin.py:188} INFO - [2026-02-02T18:20:22.713+0000] {dagbag.py:545} INFO - Filling up the DagBag from /opt/airflow/dags/temperature_analysis.py
[2026-02-02T18:20:23.007+0000] {processor.py:840} INFO - DAG(s) 'weather_data_transformation' retrieved from /opt/airflow/dags/temperature_analysis.py
[2026-02-02T18:20:23.038+0000] {logging_mixin.py:188} INFO - [2026-02-02T18:20:23.037+0000] {dag.py:3089} INFO - Sync 1 DAGs
[2026-02-02T18:20:23.058+0000] {logging_mixin.py:188} INFO - [2026-02-02T18:20:23.057+0000] {dag.py:3947} INFO - Setting next_dagrun for weather_data_transformation to 2026-02-02 00:00:00+00:00, run_after=2026-02-03 00:00:00+00:00
[2026-02-02T18:20:23.246+0000] {processor.py:183} INFO - Processing /opt/airflow/dags/temperature_analysis.py took 0.543 seconds
[2026-02-02T18:20:53.489+0000] {processor.py:161} INFO - Started process (PID=89) to work on /opt/airflow/dags/temperature_analysis.py
[2026-02-02T18:20:53.490+0000] {processor.py:830} INFO - Processing file /opt/airflow/dags/temperature_analysis.py for tasks to queue
[2026-02-02T18:20:53.492+0000] {logging_mixin.py:188} INFO - [2026-02-02T18:20:53.492+0000] {dagbag.py:545} INFO - Filling up the DagBag from /opt/airflow/dags/temperature_analysis.py
[2026-02-02T18:20:53.843+0000] {processor.py:840} INFO - DAG(s) 'weather_data_transformation' retrieved from /opt/airflow/dags/temperature_analysis.py
[2026-02-02T18:20:53.874+0000] {logging_mixin.py:188} INFO - [2026-02-02T18:20:53.873+0000] {dag.py:3089} INFO - Sync 1 DAGs
[2026-02-02T18:20:53.898+0000] {logging_mixin.py:188} INFO - [2026-02-02T18:20:53.898+0000] {dag.py:3947} INFO - Setting next_dagrun for weather_data_transformation to 2026-02-02 00:00:00+00:00, run_after=2026-02-03 00:00:00+00:00
[2026-02-02T18:20:53.920+0000] {processor.py:183} INFO - Processing /opt/airflow/dags/temperature_analysis.py took 0.438 seconds
[2026-02-02T18:21:24.063+0000] {processor.py:161} INFO - Started process (PID=91) to work on /opt/airflow/dags/temperature_analysis.py
[2026-02-02T18:21:24.064+0000] {processor.py:830} INFO - Processing file /opt/airflow/dags/temperature_analysis.py for tasks to queue
[2026-02-02T18:21:24.067+0000] {logging_mixin.py:188} INFO - [2026-02-02T18:21:24.066+0000] {dagbag.py:545} INFO - Filling up the DagBag from /opt/airflow/dags/temperature_analysis.py
[2026-02-02T18:21:24.392+0000] {processor.py:840} INFO - DAG(s) 'weather_data_transformation' retrieved from /opt/airflow/dags/temperature_analysis.py
[2026-02-02T18:21:24.427+0000] {logging_mixin.py:188} INFO - [2026-02-02T18:21:24.427+0000] {dag.py:3089} INFO - Sync 1 DAGs
[2026-02-02T18:21:24.451+0000] {logging_mixin.py:188} INFO - [2026-02-02T18:21:24.451+0000] {dag.py:3947} INFO - Setting next_dagrun for weather_data_transformation to 2026-02-02 00:00:00+00:00, run_after=2026-02-03 00:00:00+00:00
[2026-02-02T18:21:24.473+0000] {processor.py:183} INFO - Processing /opt/airflow/dags/temperature_analysis.py took 0.417 seconds
[2026-02-02T18:21:54.697+0000] {processor.py:161} INFO - Started process (PID=93) to work on /opt/airflow/dags/temperature_analysis.py
[2026-02-02T18:21:54.698+0000] {processor.py:830} INFO - Processing file /opt/airflow/dags/temperature_analysis.py for tasks to queue
[2026-02-02T18:21:54.701+0000] {logging_mixin.py:188} INFO - [2026-02-02T18:21:54.700+0000] {dagbag.py:545} INFO - Filling up the DagBag from /opt/airflow/dags/temperature_analysis.py
[2026-02-02T18:21:54.963+0000] {processor.py:840} INFO - DAG(s) 'weather_data_transformation' retrieved from /opt/airflow/dags/temperature_analysis.py
[2026-02-02T18:21:54.991+0000] {logging_mixin.py:188} INFO - [2026-02-02T18:21:54.991+0000] {dag.py:3089} INFO - Sync 1 DAGs
[2026-02-02T18:21:55.009+0000] {logging_mixin.py:188} INFO - [2026-02-02T18:21:55.008+0000] {dag.py:3947} INFO - Setting next_dagrun for weather_data_transformation to 2026-02-02 00:00:00+00:00, run_after=2026-02-03 00:00:00+00:00
[2026-02-02T18:21:55.023+0000] {processor.py:183} INFO - Processing /opt/airflow/dags/temperature_analysis.py took 0.333 seconds
[2026-02-02T18:22:25.231+0000] {processor.py:161} INFO - Started process (PID=95) to work on /opt/airflow/dags/temperature_analysis.py
[2026-02-02T18:22:25.233+0000] {processor.py:830} INFO - Processing file /opt/airflow/dags/temperature_analysis.py for tasks to queue
[2026-02-02T18:22:25.236+0000] {logging_mixin.py:188} INFO - [2026-02-02T18:22:25.235+0000] {dagbag.py:545} INFO - Filling up the DagBag from /opt/airflow/dags/temperature_analysis.py
[2026-02-02T18:22:25.513+0000] {processor.py:840} INFO - DAG(s) 'weather_data_transformation' retrieved from /opt/airflow/dags/temperature_analysis.py
[2026-02-02T18:22:25.546+0000] {logging_mixin.py:188} INFO - [2026-02-02T18:22:25.545+0000] {dag.py:3089} INFO - Sync 1 DAGs
[2026-02-02T18:22:25.570+0000] {logging_mixin.py:188} INFO - [2026-02-02T18:22:25.570+0000] {dag.py:3947} INFO - Setting next_dagrun for weather_data_transformation to 2026-02-02 00:00:00+00:00, run_after=2026-02-03 00:00:00+00:00
[2026-02-02T18:22:25.591+0000] {processor.py:183} INFO - Processing /opt/airflow/dags/temperature_analysis.py took 0.368 seconds
[2026-02-02T18:22:55.810+0000] {processor.py:161} INFO - Started process (PID=97) to work on /opt/airflow/dags/temperature_analysis.py
[2026-02-02T18:22:55.811+0000] {processor.py:830} INFO - Processing file /opt/airflow/dags/temperature_analysis.py for tasks to queue
[2026-02-02T18:22:55.813+0000] {logging_mixin.py:188} INFO - [2026-02-02T18:22:55.812+0000] {dagbag.py:545} INFO - Filling up the DagBag from /opt/airflow/dags/temperature_analysis.py
[2026-02-02T18:22:56.040+0000] {processor.py:840} INFO - DAG(s) 'weather_data_transformation' retrieved from /opt/airflow/dags/temperature_analysis.py
[2026-02-02T18:22:56.068+0000] {logging_mixin.py:188} INFO - [2026-02-02T18:22:56.067+0000] {dag.py:3089} INFO - Sync 1 DAGs
[2026-02-02T18:22:56.084+0000] {logging_mixin.py:188} INFO - [2026-02-02T18:22:56.084+0000] {dag.py:3947} INFO - Setting next_dagrun for weather_data_transformation to 2026-02-02 00:00:00+00:00, run_after=2026-02-03 00:00:00+00:00
[2026-02-02T18:22:56.102+0000] {processor.py:183} INFO - Processing /opt/airflow/dags/temperature_analysis.py took 0.298 seconds
[2026-02-02T18:23:26.289+0000] {processor.py:161} INFO - Started process (PID=99) to work on /opt/airflow/dags/temperature_analysis.py
[2026-02-02T18:23:26.290+0000] {processor.py:830} INFO - Processing file /opt/airflow/dags/temperature_analysis.py for tasks to queue
[2026-02-02T18:23:26.293+0000] {logging_mixin.py:188} INFO - [2026-02-02T18:23:26.292+0000] {dagbag.py:545} INFO - Filling up the DagBag from /opt/airflow/dags/temperature_analysis.py
[2026-02-02T18:23:26.539+0000] {processor.py:840} INFO - DAG(s) 'weather_data_transformation' retrieved from /opt/airflow/dags/temperature_analysis.py
[2026-02-02T18:23:26.562+0000] {logging_mixin.py:188} INFO - [2026-02-02T18:23:26.562+0000] {dag.py:3089} INFO - Sync 1 DAGs
[2026-02-02T18:23:26.580+0000] {logging_mixin.py:188} INFO - [2026-02-02T18:23:26.579+0000] {dag.py:3947} INFO - Setting next_dagrun for weather_data_transformation to 2026-02-02 00:00:00+00:00, run_after=2026-02-03 00:00:00+00:00
[2026-02-02T18:23:26.755+0000] {processor.py:183} INFO - Processing /opt/airflow/dags/temperature_analysis.py took 0.472 seconds
[2026-02-02T18:23:56.970+0000] {processor.py:161} INFO - Started process (PID=101) to work on /opt/airflow/dags/temperature_analysis.py
[2026-02-02T18:23:56.971+0000] {processor.py:830} INFO - Processing file /opt/airflow/dags/temperature_analysis.py for tasks to queue
[2026-02-02T18:23:56.972+0000] {logging_mixin.py:188} INFO - [2026-02-02T18:23:56.972+0000] {dagbag.py:545} INFO - Filling up the DagBag from /opt/airflow/dags/temperature_analysis.py
[2026-02-02T18:23:57.198+0000] {processor.py:840} INFO - DAG(s) 'weather_data_transformation' retrieved from /opt/airflow/dags/temperature_analysis.py
[2026-02-02T18:23:57.222+0000] {logging_mixin.py:188} INFO - [2026-02-02T18:23:57.222+0000] {dag.py:3089} INFO - Sync 1 DAGs
[2026-02-02T18:23:57.240+0000] {logging_mixin.py:188} INFO - [2026-02-02T18:23:57.240+0000] {dag.py:3947} INFO - Setting next_dagrun for weather_data_transformation to 2026-02-02 00:00:00+00:00, run_after=2026-02-03 00:00:00+00:00
[2026-02-02T18:23:57.256+0000] {processor.py:183} INFO - Processing /opt/airflow/dags/temperature_analysis.py took 0.292 seconds
[2026-02-02T18:24:27.470+0000] {processor.py:161} INFO - Started process (PID=121) to work on /opt/airflow/dags/temperature_analysis.py
[2026-02-02T18:24:27.472+0000] {processor.py:830} INFO - Processing file /opt/airflow/dags/temperature_analysis.py for tasks to queue
[2026-02-02T18:24:27.475+0000] {logging_mixin.py:188} INFO - [2026-02-02T18:24:27.474+0000] {dagbag.py:545} INFO - Filling up the DagBag from /opt/airflow/dags/temperature_analysis.py
[2026-02-02T18:24:27.936+0000] {processor.py:840} INFO - DAG(s) 'weather_data_transformation' retrieved from /opt/airflow/dags/temperature_analysis.py
[2026-02-02T18:24:27.975+0000] {logging_mixin.py:188} INFO - [2026-02-02T18:24:27.974+0000] {dag.py:3089} INFO - Sync 1 DAGs
[2026-02-02T18:24:28.009+0000] {logging_mixin.py:188} INFO - [2026-02-02T18:24:28.008+0000] {dag.py:3947} INFO - Setting next_dagrun for weather_data_transformation to 2026-02-02 00:00:00+00:00, run_after=2026-02-03 00:00:00+00:00
[2026-02-02T18:24:28.038+0000] {processor.py:183} INFO - Processing /opt/airflow/dags/temperature_analysis.py took 0.580 seconds
[2026-02-02T18:24:38.213+0000] {processor.py:161} INFO - Started process (PID=123) to work on /opt/airflow/dags/temperature_analysis.py
[2026-02-02T18:24:38.215+0000] {processor.py:830} INFO - Processing file /opt/airflow/dags/temperature_analysis.py for tasks to queue
[2026-02-02T18:24:38.218+0000] {logging_mixin.py:188} INFO - [2026-02-02T18:24:38.218+0000] {dagbag.py:545} INFO - Filling up the DagBag from /opt/airflow/dags/temperature_analysis.py
[2026-02-02T18:24:38.571+0000] {processor.py:840} INFO - DAG(s) 'weather_data_transformation' retrieved from /opt/airflow/dags/temperature_analysis.py
[2026-02-02T18:24:38.600+0000] {logging_mixin.py:188} INFO - [2026-02-02T18:24:38.600+0000] {dag.py:3089} INFO - Sync 1 DAGs
[2026-02-02T18:24:38.618+0000] {logging_mixin.py:188} INFO - [2026-02-02T18:24:38.618+0000] {dag.py:3947} INFO - Setting next_dagrun for weather_data_transformation to 2026-02-02 00:00:00+00:00, run_after=2026-02-03 00:00:00+00:00
[2026-02-02T18:24:38.645+0000] {processor.py:183} INFO - Processing /opt/airflow/dags/temperature_analysis.py took 0.440 seconds
[2026-02-02T18:24:43.599+0000] {processor.py:161} INFO - Started process (PID=125) to work on /opt/airflow/dags/temperature_analysis.py
[2026-02-02T18:24:43.600+0000] {processor.py:830} INFO - Processing file /opt/airflow/dags/temperature_analysis.py for tasks to queue
[2026-02-02T18:24:43.603+0000] {logging_mixin.py:188} INFO - [2026-02-02T18:24:43.602+0000] {dagbag.py:545} INFO - Filling up the DagBag from /opt/airflow/dags/temperature_analysis.py
[2026-02-02T18:24:43.906+0000] {processor.py:840} INFO - DAG(s) 'weather_data_transformation' retrieved from /opt/airflow/dags/temperature_analysis.py
[2026-02-02T18:24:43.936+0000] {logging_mixin.py:188} INFO - [2026-02-02T18:24:43.935+0000] {dag.py:3089} INFO - Sync 1 DAGs
[2026-02-02T18:24:43.960+0000] {logging_mixin.py:188} INFO - [2026-02-02T18:24:43.960+0000] {dag.py:3947} INFO - Setting next_dagrun for weather_data_transformation to 2026-02-02 00:00:00+00:00, run_after=2026-02-03 00:00:00+00:00
[2026-02-02T18:24:43.983+0000] {processor.py:183} INFO - Processing /opt/airflow/dags/temperature_analysis.py took 0.391 seconds
[2026-02-02T18:24:44.750+0000] {processor.py:161} INFO - Started process (PID=127) to work on /opt/airflow/dags/temperature_analysis.py
[2026-02-02T18:24:44.752+0000] {processor.py:830} INFO - Processing file /opt/airflow/dags/temperature_analysis.py for tasks to queue
[2026-02-02T18:24:44.754+0000] {logging_mixin.py:188} INFO - [2026-02-02T18:24:44.754+0000] {dagbag.py:545} INFO - Filling up the DagBag from /opt/airflow/dags/temperature_analysis.py
[2026-02-02T18:24:45.041+0000] {processor.py:840} INFO - DAG(s) 'weather_data_transformation' retrieved from /opt/airflow/dags/temperature_analysis.py
[2026-02-02T18:24:45.067+0000] {logging_mixin.py:188} INFO - [2026-02-02T18:24:45.066+0000] {dag.py:3089} INFO - Sync 1 DAGs
[2026-02-02T18:24:45.090+0000] {logging_mixin.py:188} INFO - [2026-02-02T18:24:45.090+0000] {dag.py:3947} INFO - Setting next_dagrun for weather_data_transformation to 2026-02-02 00:00:00+00:00, run_after=2026-02-03 00:00:00+00:00
[2026-02-02T18:24:45.116+0000] {processor.py:183} INFO - Processing /opt/airflow/dags/temperature_analysis.py took 0.371 seconds
[2026-02-02T18:25:15.215+0000] {processor.py:161} INFO - Started process (PID=165) to work on /opt/airflow/dags/temperature_analysis.py
[2026-02-02T18:25:15.216+0000] {processor.py:830} INFO - Processing file /opt/airflow/dags/temperature_analysis.py for tasks to queue
[2026-02-02T18:25:15.218+0000] {logging_mixin.py:188} INFO - [2026-02-02T18:25:15.218+0000] {dagbag.py:545} INFO - Filling up the DagBag from /opt/airflow/dags/temperature_analysis.py
[2026-02-02T18:25:15.476+0000] {processor.py:840} INFO - DAG(s) 'weather_data_transformation' retrieved from /opt/airflow/dags/temperature_analysis.py
[2026-02-02T18:25:15.500+0000] {logging_mixin.py:188} INFO - [2026-02-02T18:25:15.500+0000] {dag.py:3089} INFO - Sync 1 DAGs
[2026-02-02T18:25:15.517+0000] {logging_mixin.py:188} INFO - [2026-02-02T18:25:15.517+0000] {dag.py:3947} INFO - Setting next_dagrun for weather_data_transformation to 2026-02-02 00:00:00+00:00, run_after=2026-02-03 00:00:00+00:00
[2026-02-02T18:25:15.533+0000] {processor.py:183} INFO - Processing /opt/airflow/dags/temperature_analysis.py took 0.325 seconds
[2026-02-02T18:25:45.726+0000] {processor.py:161} INFO - Started process (PID=167) to work on /opt/airflow/dags/temperature_analysis.py
[2026-02-02T18:25:45.727+0000] {processor.py:830} INFO - Processing file /opt/airflow/dags/temperature_analysis.py for tasks to queue
[2026-02-02T18:25:45.729+0000] {logging_mixin.py:188} INFO - [2026-02-02T18:25:45.728+0000] {dagbag.py:545} INFO - Filling up the DagBag from /opt/airflow/dags/temperature_analysis.py
[2026-02-02T18:25:45.988+0000] {processor.py:840} INFO - DAG(s) 'weather_data_transformation' retrieved from /opt/airflow/dags/temperature_analysis.py
[2026-02-02T18:25:46.013+0000] {logging_mixin.py:188} INFO - [2026-02-02T18:25:46.013+0000] {dag.py:3089} INFO - Sync 1 DAGs
[2026-02-02T18:25:46.036+0000] {logging_mixin.py:188} INFO - [2026-02-02T18:25:46.036+0000] {dag.py:3947} INFO - Setting next_dagrun for weather_data_transformation to 2026-02-02 00:00:00+00:00, run_after=2026-02-03 00:00:00+00:00
[2026-02-02T18:25:46.055+0000] {processor.py:183} INFO - Processing /opt/airflow/dags/temperature_analysis.py took 0.335 seconds
[2026-02-02T18:26:02.215+0000] {processor.py:161} INFO - Started process (PID=169) to work on /opt/airflow/dags/temperature_analysis.py
[2026-02-02T18:26:02.217+0000] {processor.py:830} INFO - Processing file /opt/airflow/dags/temperature_analysis.py for tasks to queue
[2026-02-02T18:26:02.220+0000] {logging_mixin.py:188} INFO - [2026-02-02T18:26:02.219+0000] {dagbag.py:545} INFO - Filling up the DagBag from /opt/airflow/dags/temperature_analysis.py
[2026-02-02T18:26:03.536+0000] {processor.py:840} INFO - DAG(s) 'weather_data_transformation' retrieved from /opt/airflow/dags/temperature_analysis.py
[2026-02-02T18:26:03.625+0000] {logging_mixin.py:188} INFO - [2026-02-02T18:26:03.625+0000] {dag.py:3089} INFO - Sync 1 DAGs
[2026-02-02T18:26:03.642+0000] {logging_mixin.py:188} INFO - [2026-02-02T18:26:03.642+0000] {dag.py:3947} INFO - Setting next_dagrun for weather_data_transformation to 2026-02-02 00:00:00+00:00, run_after=2026-02-03 00:00:00+00:00
[2026-02-02T18:26:04.945+0000] {processor.py:183} INFO - Processing /opt/airflow/dags/temperature_analysis.py took 2.736 seconds
[2026-02-02T18:26:11.070+0000] {processor.py:161} INFO - Started process (PID=171) to work on /opt/airflow/dags/temperature_analysis.py
[2026-02-02T18:26:11.072+0000] {processor.py:830} INFO - Processing file /opt/airflow/dags/temperature_analysis.py for tasks to queue
[2026-02-02T18:26:11.074+0000] {logging_mixin.py:188} INFO - [2026-02-02T18:26:11.074+0000] {dagbag.py:545} INFO - Filling up the DagBag from /opt/airflow/dags/temperature_analysis.py
[2026-02-02T18:26:11.378+0000] {processor.py:840} INFO - DAG(s) 'weather_data_transformation' retrieved from /opt/airflow/dags/temperature_analysis.py
[2026-02-02T18:26:11.395+0000] {logging_mixin.py:188} INFO - [2026-02-02T18:26:11.394+0000] {dag.py:3089} INFO - Sync 1 DAGs
[2026-02-02T18:26:11.418+0000] {logging_mixin.py:188} INFO - [2026-02-02T18:26:11.418+0000] {dag.py:3947} INFO - Setting next_dagrun for weather_data_transformation to 2026-02-02 00:00:00+00:00, run_after=2026-02-03 00:00:00+00:00
[2026-02-02T18:26:11.440+0000] {processor.py:183} INFO - Processing /opt/airflow/dags/temperature_analysis.py took 0.377 seconds
[2026-02-02T18:26:12.110+0000] {processor.py:161} INFO - Started process (PID=173) to work on /opt/airflow/dags/temperature_analysis.py
[2026-02-02T18:26:12.111+0000] {processor.py:830} INFO - Processing file /opt/airflow/dags/temperature_analysis.py for tasks to queue
[2026-02-02T18:26:12.113+0000] {logging_mixin.py:188} INFO - [2026-02-02T18:26:12.113+0000] {dagbag.py:545} INFO - Filling up the DagBag from /opt/airflow/dags/temperature_analysis.py
[2026-02-02T18:26:12.399+0000] {processor.py:840} INFO - DAG(s) 'weather_data_transformation' retrieved from /opt/airflow/dags/temperature_analysis.py
[2026-02-02T18:26:12.412+0000] {logging_mixin.py:188} INFO - [2026-02-02T18:26:12.412+0000] {dag.py:3089} INFO - Sync 1 DAGs
[2026-02-02T18:26:12.430+0000] {logging_mixin.py:188} INFO - [2026-02-02T18:26:12.430+0000] {dag.py:3947} INFO - Setting next_dagrun for weather_data_transformation to 2026-02-02 00:00:00+00:00, run_after=2026-02-03 00:00:00+00:00
[2026-02-02T18:26:12.453+0000] {processor.py:183} INFO - Processing /opt/airflow/dags/temperature_analysis.py took 0.349 seconds
[2026-02-02T18:26:13.526+0000] {processor.py:161} INFO - Started process (PID=175) to work on /opt/airflow/dags/temperature_analysis.py
[2026-02-02T18:26:13.527+0000] {processor.py:830} INFO - Processing file /opt/airflow/dags/temperature_analysis.py for tasks to queue
[2026-02-02T18:26:13.529+0000] {logging_mixin.py:188} INFO - [2026-02-02T18:26:13.529+0000] {dagbag.py:545} INFO - Filling up the DagBag from /opt/airflow/dags/temperature_analysis.py
[2026-02-02T18:26:13.787+0000] {processor.py:840} INFO - DAG(s) 'weather_data_transformation' retrieved from /opt/airflow/dags/temperature_analysis.py
[2026-02-02T18:26:13.803+0000] {logging_mixin.py:188} INFO - [2026-02-02T18:26:13.802+0000] {dag.py:3089} INFO - Sync 1 DAGs
[2026-02-02T18:26:13.825+0000] {logging_mixin.py:188} INFO - [2026-02-02T18:26:13.825+0000] {dag.py:3947} INFO - Setting next_dagrun for weather_data_transformation to 2026-02-02 00:00:00+00:00, run_after=2026-02-03 00:00:00+00:00
[2026-02-02T18:26:13.856+0000] {processor.py:183} INFO - Processing /opt/airflow/dags/temperature_analysis.py took 0.337 seconds
[2026-02-02T18:26:15.944+0000] {processor.py:161} INFO - Started process (PID=177) to work on /opt/airflow/dags/temperature_analysis.py
[2026-02-02T18:26:15.945+0000] {processor.py:830} INFO - Processing file /opt/airflow/dags/temperature_analysis.py for tasks to queue
[2026-02-02T18:26:15.948+0000] {logging_mixin.py:188} INFO - [2026-02-02T18:26:15.947+0000] {dagbag.py:545} INFO - Filling up the DagBag from /opt/airflow/dags/temperature_analysis.py
[2026-02-02T18:26:16.251+0000] {processor.py:840} INFO - DAG(s) 'weather_data_transformation' retrieved from /opt/airflow/dags/temperature_analysis.py
[2026-02-02T18:26:16.266+0000] {logging_mixin.py:188} INFO - [2026-02-02T18:26:16.266+0000] {dag.py:3089} INFO - Sync 1 DAGs
[2026-02-02T18:26:16.285+0000] {logging_mixin.py:188} INFO - [2026-02-02T18:26:16.285+0000] {dag.py:3947} INFO - Setting next_dagrun for weather_data_transformation to 2026-02-02 00:00:00+00:00, run_after=2026-02-03 00:00:00+00:00
[2026-02-02T18:26:16.309+0000] {processor.py:183} INFO - Processing /opt/airflow/dags/temperature_analysis.py took 0.372 seconds
[2026-02-02T18:26:17.390+0000] {processor.py:161} INFO - Started process (PID=179) to work on /opt/airflow/dags/temperature_analysis.py
[2026-02-02T18:26:17.391+0000] {processor.py:830} INFO - Processing file /opt/airflow/dags/temperature_analysis.py for tasks to queue
[2026-02-02T18:26:17.393+0000] {logging_mixin.py:188} INFO - [2026-02-02T18:26:17.393+0000] {dagbag.py:545} INFO - Filling up the DagBag from /opt/airflow/dags/temperature_analysis.py
[2026-02-02T18:26:17.682+0000] {processor.py:840} INFO - DAG(s) 'weather_data_transformation' retrieved from /opt/airflow/dags/temperature_analysis.py
[2026-02-02T18:26:17.695+0000] {logging_mixin.py:188} INFO - [2026-02-02T18:26:17.695+0000] {dag.py:3089} INFO - Sync 1 DAGs
[2026-02-02T18:26:17.713+0000] {logging_mixin.py:188} INFO - [2026-02-02T18:26:17.713+0000] {dag.py:3947} INFO - Setting next_dagrun for weather_data_transformation to 2026-02-02 00:00:00+00:00, run_after=2026-02-03 00:00:00+00:00
[2026-02-02T18:26:17.736+0000] {processor.py:183} INFO - Processing /opt/airflow/dags/temperature_analysis.py took 0.352 seconds
[2026-02-02T18:26:19.432+0000] {processor.py:161} INFO - Started process (PID=181) to work on /opt/airflow/dags/temperature_analysis.py
[2026-02-02T18:26:19.433+0000] {processor.py:830} INFO - Processing file /opt/airflow/dags/temperature_analysis.py for tasks to queue
[2026-02-02T18:26:19.435+0000] {logging_mixin.py:188} INFO - [2026-02-02T18:26:19.434+0000] {dagbag.py:545} INFO - Filling up the DagBag from /opt/airflow/dags/temperature_analysis.py
[2026-02-02T18:26:19.727+0000] {processor.py:840} INFO - DAG(s) 'weather_data_transformation' retrieved from /opt/airflow/dags/temperature_analysis.py
[2026-02-02T18:26:19.743+0000] {logging_mixin.py:188} INFO - [2026-02-02T18:26:19.742+0000] {dag.py:3089} INFO - Sync 1 DAGs
[2026-02-02T18:26:19.764+0000] {logging_mixin.py:188} INFO - [2026-02-02T18:26:19.764+0000] {dag.py:3947} INFO - Setting next_dagrun for weather_data_transformation to 2026-02-02 00:00:00+00:00, run_after=2026-02-03 00:00:00+00:00
[2026-02-02T18:26:19.790+0000] {processor.py:183} INFO - Processing /opt/airflow/dags/temperature_analysis.py took 0.365 seconds
[2026-02-02T18:26:20.820+0000] {processor.py:161} INFO - Started process (PID=183) to work on /opt/airflow/dags/temperature_analysis.py
[2026-02-02T18:26:20.821+0000] {processor.py:830} INFO - Processing file /opt/airflow/dags/temperature_analysis.py for tasks to queue
[2026-02-02T18:26:20.823+0000] {logging_mixin.py:188} INFO - [2026-02-02T18:26:20.822+0000] {dagbag.py:545} INFO - Filling up the DagBag from /opt/airflow/dags/temperature_analysis.py
[2026-02-02T18:26:21.102+0000] {processor.py:840} INFO - DAG(s) 'weather_data_transformation' retrieved from /opt/airflow/dags/temperature_analysis.py
[2026-02-02T18:26:21.115+0000] {logging_mixin.py:188} INFO - [2026-02-02T18:26:21.114+0000] {dag.py:3089} INFO - Sync 1 DAGs
[2026-02-02T18:26:21.136+0000] {logging_mixin.py:188} INFO - [2026-02-02T18:26:21.136+0000] {dag.py:3947} INFO - Setting next_dagrun for weather_data_transformation to 2026-02-02 00:00:00+00:00, run_after=2026-02-03 00:00:00+00:00
[2026-02-02T18:26:21.157+0000] {processor.py:183} INFO - Processing /opt/airflow/dags/temperature_analysis.py took 0.342 seconds
[2026-02-02T18:26:22.880+0000] {processor.py:161} INFO - Started process (PID=185) to work on /opt/airflow/dags/temperature_analysis.py
[2026-02-02T18:26:22.882+0000] {processor.py:830} INFO - Processing file /opt/airflow/dags/temperature_analysis.py for tasks to queue
[2026-02-02T18:26:22.884+0000] {logging_mixin.py:188} INFO - [2026-02-02T18:26:22.884+0000] {dagbag.py:545} INFO - Filling up the DagBag from /opt/airflow/dags/temperature_analysis.py
[2026-02-02T18:26:23.184+0000] {processor.py:840} INFO - DAG(s) 'weather_data_transformation' retrieved from /opt/airflow/dags/temperature_analysis.py
[2026-02-02T18:26:23.199+0000] {logging_mixin.py:188} INFO - [2026-02-02T18:26:23.198+0000] {dag.py:3089} INFO - Sync 1 DAGs
[2026-02-02T18:26:23.220+0000] {logging_mixin.py:188} INFO - [2026-02-02T18:26:23.220+0000] {dag.py:3947} INFO - Setting next_dagrun for weather_data_transformation to 2026-02-02 00:00:00+00:00, run_after=2026-02-03 00:00:00+00:00
[2026-02-02T18:26:23.247+0000] {processor.py:183} INFO - Processing /opt/airflow/dags/temperature_analysis.py took 0.373 seconds
[2026-02-02T18:26:25.243+0000] {processor.py:161} INFO - Started process (PID=187) to work on /opt/airflow/dags/temperature_analysis.py
[2026-02-02T18:26:25.245+0000] {processor.py:830} INFO - Processing file /opt/airflow/dags/temperature_analysis.py for tasks to queue
[2026-02-02T18:26:25.246+0000] {logging_mixin.py:188} INFO - [2026-02-02T18:26:25.246+0000] {dagbag.py:545} INFO - Filling up the DagBag from /opt/airflow/dags/temperature_analysis.py
[2026-02-02T18:26:25.508+0000] {processor.py:840} INFO - DAG(s) 'weather_data_transformation' retrieved from /opt/airflow/dags/temperature_analysis.py
[2026-02-02T18:26:25.521+0000] {logging_mixin.py:188} INFO - [2026-02-02T18:26:25.521+0000] {dag.py:3089} INFO - Sync 1 DAGs
[2026-02-02T18:26:25.542+0000] {logging_mixin.py:188} INFO - [2026-02-02T18:26:25.542+0000] {dag.py:3947} INFO - Setting next_dagrun for weather_data_transformation to 2026-02-02 00:00:00+00:00, run_after=2026-02-03 00:00:00+00:00
[2026-02-02T18:26:25.566+0000] {processor.py:183} INFO - Processing /opt/airflow/dags/temperature_analysis.py took 0.328 seconds
[2026-02-02T18:26:55.785+0000] {processor.py:161} INFO - Started process (PID=207) to work on /opt/airflow/dags/temperature_analysis.py
[2026-02-02T18:26:55.786+0000] {processor.py:830} INFO - Processing file /opt/airflow/dags/temperature_analysis.py for tasks to queue
[2026-02-02T18:26:55.789+0000] {logging_mixin.py:188} INFO - [2026-02-02T18:26:55.788+0000] {dagbag.py:545} INFO - Filling up the DagBag from /opt/airflow/dags/temperature_analysis.py
[2026-02-02T18:26:56.130+0000] {processor.py:840} INFO - DAG(s) 'weather_data_transformation' retrieved from /opt/airflow/dags/temperature_analysis.py
[2026-02-02T18:26:56.163+0000] {logging_mixin.py:188} INFO - [2026-02-02T18:26:56.163+0000] {dag.py:3089} INFO - Sync 1 DAGs
[2026-02-02T18:26:56.185+0000] {logging_mixin.py:188} INFO - [2026-02-02T18:26:56.185+0000] {dag.py:3947} INFO - Setting next_dagrun for weather_data_transformation to 2026-02-02 00:00:00+00:00, run_after=2026-02-03 00:00:00+00:00
[2026-02-02T18:26:56.206+0000] {processor.py:183} INFO - Processing /opt/airflow/dags/temperature_analysis.py took 0.432 seconds
