[2026-02-02T18:28:28.754+0000] {processor.py:161} INFO - Started process (PID=209) to work on /opt/airflow/dags/weather_transform.py
[2026-02-02T18:28:28.757+0000] {processor.py:830} INFO - Processing file /opt/airflow/dags/weather_transform.py for tasks to queue
[2026-02-02T18:28:28.759+0000] {logging_mixin.py:188} INFO - [2026-02-02T18:28:28.759+0000] {dagbag.py:545} INFO - Filling up the DagBag from /opt/airflow/dags/weather_transform.py
[2026-02-02T18:28:29.436+0000] {processor.py:840} INFO - DAG(s) 'weather_data_transformation' retrieved from /opt/airflow/dags/weather_transform.py
[2026-02-02T18:28:30.080+0000] {logging_mixin.py:188} INFO - [2026-02-02T18:28:30.080+0000] {dag.py:3089} INFO - Sync 1 DAGs
[2026-02-02T18:28:30.109+0000] {logging_mixin.py:188} INFO - [2026-02-02T18:28:30.107+0000] {dag.py:3111} INFO - Creating ORM DAG for weather_data_transformation
[2026-02-02T18:28:30.139+0000] {logging_mixin.py:188} INFO - [2026-02-02T18:28:30.139+0000] {dag.py:3947} INFO - Setting next_dagrun for weather_data_transformation to 2026-02-01 00:00:00+00:00, run_after=2026-02-02 00:00:00+00:00
[2026-02-02T18:28:30.172+0000] {processor.py:183} INFO - Processing /opt/airflow/dags/weather_transform.py took 1.436 seconds
[2026-02-02T18:29:00.374+0000] {processor.py:161} INFO - Started process (PID=247) to work on /opt/airflow/dags/weather_transform.py
[2026-02-02T18:29:00.379+0000] {processor.py:830} INFO - Processing file /opt/airflow/dags/weather_transform.py for tasks to queue
[2026-02-02T18:29:00.386+0000] {logging_mixin.py:188} INFO - [2026-02-02T18:29:00.383+0000] {dagbag.py:545} INFO - Filling up the DagBag from /opt/airflow/dags/weather_transform.py
[2026-02-02T18:29:00.730+0000] {processor.py:840} INFO - DAG(s) 'weather_data_transformation' retrieved from /opt/airflow/dags/weather_transform.py
[2026-02-02T18:29:00.759+0000] {logging_mixin.py:188} INFO - [2026-02-02T18:29:00.758+0000] {dag.py:3089} INFO - Sync 1 DAGs
[2026-02-02T18:29:00.781+0000] {logging_mixin.py:188} INFO - [2026-02-02T18:29:00.780+0000] {dag.py:3947} INFO - Setting next_dagrun for weather_data_transformation to 2026-02-02 00:00:00+00:00, run_after=2026-02-03 00:00:00+00:00
[2026-02-02T18:29:01.097+0000] {processor.py:183} INFO - Processing /opt/airflow/dags/weather_transform.py took 0.728 seconds
[2026-02-02T18:29:31.312+0000] {processor.py:161} INFO - Started process (PID=249) to work on /opt/airflow/dags/weather_transform.py
[2026-02-02T18:29:31.313+0000] {processor.py:830} INFO - Processing file /opt/airflow/dags/weather_transform.py for tasks to queue
[2026-02-02T18:29:31.314+0000] {logging_mixin.py:188} INFO - [2026-02-02T18:29:31.314+0000] {dagbag.py:545} INFO - Filling up the DagBag from /opt/airflow/dags/weather_transform.py
[2026-02-02T18:29:31.567+0000] {processor.py:840} INFO - DAG(s) 'weather_data_transformation' retrieved from /opt/airflow/dags/weather_transform.py
[2026-02-02T18:29:31.589+0000] {logging_mixin.py:188} INFO - [2026-02-02T18:29:31.589+0000] {dag.py:3089} INFO - Sync 1 DAGs
[2026-02-02T18:29:31.607+0000] {logging_mixin.py:188} INFO - [2026-02-02T18:29:31.607+0000] {dag.py:3947} INFO - Setting next_dagrun for weather_data_transformation to 2026-02-02 00:00:00+00:00, run_after=2026-02-03 00:00:00+00:00
[2026-02-02T18:29:31.623+0000] {processor.py:183} INFO - Processing /opt/airflow/dags/weather_transform.py took 0.318 seconds
[2026-02-02T18:30:01.747+0000] {processor.py:161} INFO - Started process (PID=251) to work on /opt/airflow/dags/weather_transform.py
[2026-02-02T18:30:01.749+0000] {processor.py:830} INFO - Processing file /opt/airflow/dags/weather_transform.py for tasks to queue
[2026-02-02T18:30:01.751+0000] {logging_mixin.py:188} INFO - [2026-02-02T18:30:01.750+0000] {dagbag.py:545} INFO - Filling up the DagBag from /opt/airflow/dags/weather_transform.py
[2026-02-02T18:30:02.173+0000] {processor.py:840} INFO - DAG(s) 'weather_data_transformation' retrieved from /opt/airflow/dags/weather_transform.py
[2026-02-02T18:30:02.238+0000] {logging_mixin.py:188} INFO - [2026-02-02T18:30:02.237+0000] {dag.py:3089} INFO - Sync 1 DAGs
[2026-02-02T18:30:02.323+0000] {logging_mixin.py:188} INFO - [2026-02-02T18:30:02.323+0000] {dag.py:3947} INFO - Setting next_dagrun for weather_data_transformation to 2026-02-02 00:00:00+00:00, run_after=2026-02-03 00:00:00+00:00
[2026-02-02T18:30:02.349+0000] {processor.py:183} INFO - Processing /opt/airflow/dags/weather_transform.py took 0.609 seconds
[2026-02-02T18:30:32.576+0000] {processor.py:161} INFO - Started process (PID=253) to work on /opt/airflow/dags/weather_transform.py
[2026-02-02T18:30:32.577+0000] {processor.py:830} INFO - Processing file /opt/airflow/dags/weather_transform.py for tasks to queue
[2026-02-02T18:30:32.578+0000] {logging_mixin.py:188} INFO - [2026-02-02T18:30:32.578+0000] {dagbag.py:545} INFO - Filling up the DagBag from /opt/airflow/dags/weather_transform.py
[2026-02-02T18:30:32.913+0000] {processor.py:840} INFO - DAG(s) 'weather_data_transformation' retrieved from /opt/airflow/dags/weather_transform.py
[2026-02-02T18:30:32.948+0000] {logging_mixin.py:188} INFO - [2026-02-02T18:30:32.947+0000] {dag.py:3089} INFO - Sync 1 DAGs
[2026-02-02T18:30:32.971+0000] {logging_mixin.py:188} INFO - [2026-02-02T18:30:32.971+0000] {dag.py:3947} INFO - Setting next_dagrun for weather_data_transformation to 2026-02-02 00:00:00+00:00, run_after=2026-02-03 00:00:00+00:00
[2026-02-02T18:30:32.994+0000] {processor.py:183} INFO - Processing /opt/airflow/dags/weather_transform.py took 0.425 seconds
[2026-02-02T18:31:03.155+0000] {processor.py:161} INFO - Started process (PID=255) to work on /opt/airflow/dags/weather_transform.py
[2026-02-02T18:31:03.156+0000] {processor.py:830} INFO - Processing file /opt/airflow/dags/weather_transform.py for tasks to queue
[2026-02-02T18:31:03.158+0000] {logging_mixin.py:188} INFO - [2026-02-02T18:31:03.157+0000] {dagbag.py:545} INFO - Filling up the DagBag from /opt/airflow/dags/weather_transform.py
[2026-02-02T18:31:03.613+0000] {processor.py:840} INFO - DAG(s) 'weather_data_transformation' retrieved from /opt/airflow/dags/weather_transform.py
[2026-02-02T18:31:03.634+0000] {logging_mixin.py:188} INFO - [2026-02-02T18:31:03.634+0000] {dag.py:3089} INFO - Sync 1 DAGs
[2026-02-02T18:31:03.650+0000] {logging_mixin.py:188} INFO - [2026-02-02T18:31:03.649+0000] {dag.py:3947} INFO - Setting next_dagrun for weather_data_transformation to 2026-02-02 00:00:00+00:00, run_after=2026-02-03 00:00:00+00:00
[2026-02-02T18:31:03.672+0000] {processor.py:183} INFO - Processing /opt/airflow/dags/weather_transform.py took 0.524 seconds
[2026-02-02T18:31:33.902+0000] {processor.py:161} INFO - Started process (PID=257) to work on /opt/airflow/dags/weather_transform.py
[2026-02-02T18:31:33.903+0000] {processor.py:830} INFO - Processing file /opt/airflow/dags/weather_transform.py for tasks to queue
[2026-02-02T18:31:33.904+0000] {logging_mixin.py:188} INFO - [2026-02-02T18:31:33.904+0000] {dagbag.py:545} INFO - Filling up the DagBag from /opt/airflow/dags/weather_transform.py
[2026-02-02T18:31:34.172+0000] {processor.py:840} INFO - DAG(s) 'weather_data_transformation' retrieved from /opt/airflow/dags/weather_transform.py
[2026-02-02T18:31:34.207+0000] {logging_mixin.py:188} INFO - [2026-02-02T18:31:34.206+0000] {dag.py:3089} INFO - Sync 1 DAGs
[2026-02-02T18:31:34.230+0000] {logging_mixin.py:188} INFO - [2026-02-02T18:31:34.230+0000] {dag.py:3947} INFO - Setting next_dagrun for weather_data_transformation to 2026-02-02 00:00:00+00:00, run_after=2026-02-03 00:00:00+00:00
[2026-02-02T18:31:34.253+0000] {processor.py:183} INFO - Processing /opt/airflow/dags/weather_transform.py took 0.359 seconds
